[2024-03-06T11:04:41.772-0300] {taskinstance.py:1979} INFO - Dependencies all met for dep_context=non-requeueable deps ti=<TaskInstance: get_stocks_dag.AAPL scheduled__2024-02-13T00:00:00+00:00 [queued]>
[2024-03-06T11:04:41.776-0300] {taskinstance.py:1979} INFO - Dependencies all met for dep_context=requeueable deps ti=<TaskInstance: get_stocks_dag.AAPL scheduled__2024-02-13T00:00:00+00:00 [queued]>
[2024-03-06T11:04:41.777-0300] {taskinstance.py:2193} INFO - Starting attempt 1 of 1
[2024-03-06T11:04:41.791-0300] {taskinstance.py:2214} INFO - Executing <Task(_PythonDecoratedOperator): AAPL> on 2024-02-13 00:00:00+00:00
[2024-03-06T11:04:41.795-0300] {standard_task_runner.py:60} INFO - Started process 21652 to run task
[2024-03-06T11:04:41.799-0300] {standard_task_runner.py:87} INFO - Running: ['airflow', 'tasks', 'run', 'get_stocks_dag', 'AAPL', 'scheduled__2024-02-13T00:00:00+00:00', '--job-id', '129', '--raw', '--subdir', 'DAGS_FOLDER/get_stoks.py', '--cfg-path', '/tmp/tmpgt1i9zc_']
[2024-03-06T11:04:41.800-0300] {standard_task_runner.py:88} INFO - Job 129: Subtask AAPL
[2024-03-06T11:04:41.832-0300] {task_command.py:423} INFO - Running <TaskInstance: get_stocks_dag.AAPL scheduled__2024-02-13T00:00:00+00:00 [running]> on host BITL0401.
[2024-03-06T11:04:41.893-0300] {taskinstance.py:2510} INFO - Exporting env vars: AIRFLOW_CTX_DAG_OWNER='airflow' AIRFLOW_CTX_DAG_ID='get_stocks_dag' AIRFLOW_CTX_TASK_ID='AAPL' AIRFLOW_CTX_EXECUTION_DATE='2024-02-13T00:00:00+00:00' AIRFLOW_CTX_TRY_NUMBER='1' AIRFLOW_CTX_DAG_RUN_ID='scheduled__2024-02-13T00:00:00+00:00'
[2024-03-06T11:04:42.514-0300] {python.py:202} INFO - Done. Returned value was: None
[2024-03-06T11:04:42.517-0300] {taskinstance.py:1149} INFO - Marking task as SUCCESS. dag_id=get_stocks_dag, task_id=AAPL, execution_date=20240213T000000, start_date=20240306T140441, end_date=20240306T140442
[2024-03-06T11:04:42.576-0300] {local_task_job_runner.py:234} INFO - Task exited with return code 0
[2024-03-06T11:04:42.589-0300] {taskinstance.py:3309} INFO - 0 downstream tasks scheduled from follow-on schedule check
[2024-03-06T12:04:58.981-0300] {taskinstance.py:1979} INFO - Dependencies all met for dep_context=non-requeueable deps ti=<TaskInstance: get_stocks_dag.AAPL scheduled__2024-02-13T00:00:00+00:00 [queued]>
[2024-03-06T12:04:59.023-0300] {taskinstance.py:1979} INFO - Dependencies all met for dep_context=requeueable deps ti=<TaskInstance: get_stocks_dag.AAPL scheduled__2024-02-13T00:00:00+00:00 [queued]>
[2024-03-06T12:04:59.024-0300] {taskinstance.py:2193} INFO - Starting attempt 1 of 1
[2024-03-06T12:04:59.064-0300] {taskinstance.py:2214} INFO - Executing <Task(_PythonDecoratedOperator): AAPL> on 2024-02-13 00:00:00+00:00
[2024-03-06T12:04:59.091-0300] {standard_task_runner.py:60} INFO - Started process 42511 to run task
[2024-03-06T12:04:59.096-0300] {standard_task_runner.py:87} INFO - Running: ['airflow', 'tasks', 'run', 'get_stocks_dag', 'AAPL', 'scheduled__2024-02-13T00:00:00+00:00', '--job-id', '123', '--raw', '--subdir', 'DAGS_FOLDER/get_stoks.py', '--cfg-path', '/tmp/tmp9_91a09f']
[2024-03-06T12:04:59.101-0300] {standard_task_runner.py:88} INFO - Job 123: Subtask AAPL
[2024-03-06T12:04:59.242-0300] {task_command.py:423} INFO - Running <TaskInstance: get_stocks_dag.AAPL scheduled__2024-02-13T00:00:00+00:00 [running]> on host BITL0401.
[2024-03-06T12:04:59.577-0300] {taskinstance.py:2510} INFO - Exporting env vars: AIRFLOW_CTX_DAG_OWNER='airflow' AIRFLOW_CTX_DAG_ID='get_stocks_dag' AIRFLOW_CTX_TASK_ID='AAPL' AIRFLOW_CTX_EXECUTION_DATE='2024-02-13T00:00:00+00:00' AIRFLOW_CTX_TRY_NUMBER='1' AIRFLOW_CTX_DAG_RUN_ID='scheduled__2024-02-13T00:00:00+00:00'
[2024-03-06T12:05:00.674-0300] {python.py:202} INFO - Done. Returned value was: None
[2024-03-06T12:05:00.688-0300] {taskinstance.py:1149} INFO - Marking task as SUCCESS. dag_id=get_stocks_dag, task_id=AAPL, execution_date=20240213T000000, start_date=20240306T150458, end_date=20240306T150500
[2024-03-06T12:05:00.726-0300] {local_task_job_runner.py:234} INFO - Task exited with return code 0
[2024-03-06T12:05:00.755-0300] {taskinstance.py:3309} INFO - 0 downstream tasks scheduled from follow-on schedule check
