[2024-03-06T11:00:41.733-0300] {taskinstance.py:1979} INFO - Dependencies all met for dep_context=non-requeueable deps ti=<TaskInstance: get_stocks_dag.MSFT scheduled__2024-01-13T00:00:00+00:00 [queued]>
[2024-03-06T11:00:41.738-0300] {taskinstance.py:1979} INFO - Dependencies all met for dep_context=requeueable deps ti=<TaskInstance: get_stocks_dag.MSFT scheduled__2024-01-13T00:00:00+00:00 [queued]>
[2024-03-06T11:00:41.739-0300] {taskinstance.py:2193} INFO - Starting attempt 1 of 1
[2024-03-06T11:00:41.752-0300] {taskinstance.py:2214} INFO - Executing <Task(_PythonDecoratedOperator): MSFT> on 2024-01-13 00:00:00+00:00
[2024-03-06T11:00:41.756-0300] {standard_task_runner.py:60} INFO - Started process 19718 to run task
[2024-03-06T11:00:41.760-0300] {standard_task_runner.py:87} INFO - Running: ['airflow', 'tasks', 'run', 'get_stocks_dag', 'MSFT', 'scheduled__2024-01-13T00:00:00+00:00', '--job-id', '46', '--raw', '--subdir', 'DAGS_FOLDER/get_stoks.py', '--cfg-path', '/tmp/tmpfnwqzec7']
[2024-03-06T11:00:41.762-0300] {standard_task_runner.py:88} INFO - Job 46: Subtask MSFT
[2024-03-06T11:00:41.799-0300] {task_command.py:423} INFO - Running <TaskInstance: get_stocks_dag.MSFT scheduled__2024-01-13T00:00:00+00:00 [running]> on host BITL0401.
[2024-03-06T11:00:41.855-0300] {taskinstance.py:2510} INFO - Exporting env vars: AIRFLOW_CTX_DAG_OWNER='airflow' AIRFLOW_CTX_DAG_ID='get_stocks_dag' AIRFLOW_CTX_TASK_ID='MSFT' AIRFLOW_CTX_EXECUTION_DATE='2024-01-13T00:00:00+00:00' AIRFLOW_CTX_TRY_NUMBER='1' AIRFLOW_CTX_DAG_RUN_ID='scheduled__2024-01-13T00:00:00+00:00'
[2024-03-06T11:00:42.492-0300] {python.py:202} INFO - Done. Returned value was: None
[2024-03-06T11:00:42.496-0300] {taskinstance.py:1149} INFO - Marking task as SUCCESS. dag_id=get_stocks_dag, task_id=MSFT, execution_date=20240113T000000, start_date=20240306T140041, end_date=20240306T140042
[2024-03-06T11:00:42.539-0300] {local_task_job_runner.py:234} INFO - Task exited with return code 0
[2024-03-06T11:00:42.550-0300] {taskinstance.py:3309} INFO - 0 downstream tasks scheduled from follow-on schedule check
[2024-03-06T12:04:28.568-0300] {taskinstance.py:1979} INFO - Dependencies all met for dep_context=non-requeueable deps ti=<TaskInstance: get_stocks_dag.MSFT scheduled__2024-01-13T00:00:00+00:00 [queued]>
[2024-03-06T12:04:28.628-0300] {taskinstance.py:1979} INFO - Dependencies all met for dep_context=requeueable deps ti=<TaskInstance: get_stocks_dag.MSFT scheduled__2024-01-13T00:00:00+00:00 [queued]>
[2024-03-06T12:04:28.628-0300] {taskinstance.py:2193} INFO - Starting attempt 1 of 1
[2024-03-06T12:04:28.678-0300] {taskinstance.py:2214} INFO - Executing <Task(_PythonDecoratedOperator): MSFT> on 2024-01-13 00:00:00+00:00
[2024-03-06T12:04:28.694-0300] {standard_task_runner.py:60} INFO - Started process 40088 to run task
[2024-03-06T12:04:28.717-0300] {standard_task_runner.py:87} INFO - Running: ['airflow', 'tasks', 'run', 'get_stocks_dag', 'MSFT', 'scheduled__2024-01-13T00:00:00+00:00', '--job-id', '44', '--raw', '--subdir', 'DAGS_FOLDER/get_stoks.py', '--cfg-path', '/tmp/tmpc9za5ds3']
[2024-03-06T12:04:28.724-0300] {standard_task_runner.py:88} INFO - Job 44: Subtask MSFT
[2024-03-06T12:04:28.956-0300] {task_command.py:423} INFO - Running <TaskInstance: get_stocks_dag.MSFT scheduled__2024-01-13T00:00:00+00:00 [running]> on host BITL0401.
[2024-03-06T12:04:29.318-0300] {taskinstance.py:2510} INFO - Exporting env vars: AIRFLOW_CTX_DAG_OWNER='airflow' AIRFLOW_CTX_DAG_ID='get_stocks_dag' AIRFLOW_CTX_TASK_ID='MSFT' AIRFLOW_CTX_EXECUTION_DATE='2024-01-13T00:00:00+00:00' AIRFLOW_CTX_TRY_NUMBER='1' AIRFLOW_CTX_DAG_RUN_ID='scheduled__2024-01-13T00:00:00+00:00'
[2024-03-06T12:04:30.196-0300] {python.py:202} INFO - Done. Returned value was: None
[2024-03-06T12:04:30.210-0300] {taskinstance.py:1149} INFO - Marking task as SUCCESS. dag_id=get_stocks_dag, task_id=MSFT, execution_date=20240113T000000, start_date=20240306T150428, end_date=20240306T150430
[2024-03-06T12:04:30.625-0300] {local_task_job_runner.py:234} INFO - Task exited with return code 0
[2024-03-06T12:04:30.665-0300] {taskinstance.py:3309} INFO - 0 downstream tasks scheduled from follow-on schedule check
[2024-03-06T12:15:51.332-0300] {taskinstance.py:1979} INFO - Dependencies all met for dep_context=non-requeueable deps ti=<TaskInstance: get_stocks_dag.MSFT scheduled__2024-01-13T00:00:00+00:00 [queued]>
[2024-03-06T12:15:51.414-0300] {taskinstance.py:1979} INFO - Dependencies all met for dep_context=requeueable deps ti=<TaskInstance: get_stocks_dag.MSFT scheduled__2024-01-13T00:00:00+00:00 [queued]>
[2024-03-06T12:15:51.416-0300] {taskinstance.py:2193} INFO - Starting attempt 1 of 1
[2024-03-06T12:15:51.517-0300] {taskinstance.py:2214} INFO - Executing <Task(_PythonDecoratedOperator): MSFT> on 2024-01-13 00:00:00+00:00
[2024-03-06T12:15:51.533-0300] {standard_task_runner.py:60} INFO - Started process 47611 to run task
[2024-03-06T12:15:51.556-0300] {standard_task_runner.py:87} INFO - Running: ['airflow', 'tasks', 'run', 'get_stocks_dag', 'MSFT', 'scheduled__2024-01-13T00:00:00+00:00', '--job-id', '188', '--raw', '--subdir', 'DAGS_FOLDER/get_stoks.py', '--cfg-path', '/tmp/tmp02atixv5']
[2024-03-06T12:15:51.567-0300] {standard_task_runner.py:88} INFO - Job 188: Subtask MSFT
[2024-03-06T12:15:51.823-0300] {task_command.py:423} INFO - Running <TaskInstance: get_stocks_dag.MSFT scheduled__2024-01-13T00:00:00+00:00 [running]> on host BITL0401.
[2024-03-06T12:15:52.313-0300] {taskinstance.py:2510} INFO - Exporting env vars: AIRFLOW_CTX_DAG_OWNER='airflow' AIRFLOW_CTX_DAG_ID='get_stocks_dag' AIRFLOW_CTX_TASK_ID='MSFT' AIRFLOW_CTX_EXECUTION_DATE='2024-01-13T00:00:00+00:00' AIRFLOW_CTX_TRY_NUMBER='1' AIRFLOW_CTX_DAG_RUN_ID='scheduled__2024-01-13T00:00:00+00:00'
[2024-03-06T12:15:53.604-0300] {python.py:202} INFO - Done. Returned value was: None
[2024-03-06T12:15:53.752-0300] {taskinstance.py:1149} INFO - Marking task as SUCCESS. dag_id=get_stocks_dag, task_id=MSFT, execution_date=20240113T000000, start_date=20240306T151551, end_date=20240306T151553
[2024-03-06T12:15:53.896-0300] {local_task_job_runner.py:234} INFO - Task exited with return code 0
[2024-03-06T12:15:53.947-0300] {taskinstance.py:3309} INFO - 0 downstream tasks scheduled from follow-on schedule check
[2024-03-06T12:17:38.793-0300] {taskinstance.py:1979} INFO - Dependencies all met for dep_context=non-requeueable deps ti=<TaskInstance: get_stocks_dag.MSFT scheduled__2024-01-13T00:00:00+00:00 [queued]>
[2024-03-06T12:17:38.805-0300] {taskinstance.py:1979} INFO - Dependencies all met for dep_context=requeueable deps ti=<TaskInstance: get_stocks_dag.MSFT scheduled__2024-01-13T00:00:00+00:00 [queued]>
[2024-03-06T12:17:38.806-0300] {taskinstance.py:2193} INFO - Starting attempt 1 of 1
[2024-03-06T12:17:38.822-0300] {taskinstance.py:2214} INFO - Executing <Task(_PythonDecoratedOperator): MSFT> on 2024-01-13 00:00:00+00:00
[2024-03-06T12:17:38.827-0300] {standard_task_runner.py:60} INFO - Started process 49749 to run task
[2024-03-06T12:17:38.830-0300] {standard_task_runner.py:87} INFO - Running: ['airflow', 'tasks', 'run', 'get_stocks_dag', 'MSFT', 'scheduled__2024-01-13T00:00:00+00:00', '--job-id', '238', '--raw', '--subdir', 'DAGS_FOLDER/get_stoks.py', '--cfg-path', '/tmp/tmpuqtapv92']
[2024-03-06T12:17:38.832-0300] {standard_task_runner.py:88} INFO - Job 238: Subtask MSFT
[2024-03-06T12:17:38.894-0300] {task_command.py:423} INFO - Running <TaskInstance: get_stocks_dag.MSFT scheduled__2024-01-13T00:00:00+00:00 [running]> on host BITL0401.
[2024-03-06T12:17:39.005-0300] {taskinstance.py:2510} INFO - Exporting env vars: AIRFLOW_CTX_DAG_OWNER='airflow' AIRFLOW_CTX_DAG_ID='get_stocks_dag' AIRFLOW_CTX_TASK_ID='MSFT' AIRFLOW_CTX_EXECUTION_DATE='2024-01-13T00:00:00+00:00' AIRFLOW_CTX_TRY_NUMBER='1' AIRFLOW_CTX_DAG_RUN_ID='scheduled__2024-01-13T00:00:00+00:00'
[2024-03-06T12:17:39.576-0300] {python.py:202} INFO - Done. Returned value was: None
[2024-03-06T12:17:39.592-0300] {taskinstance.py:1149} INFO - Marking task as SUCCESS. dag_id=get_stocks_dag, task_id=MSFT, execution_date=20240113T000000, start_date=20240306T151738, end_date=20240306T151739
[2024-03-06T12:17:39.647-0300] {local_task_job_runner.py:234} INFO - Task exited with return code 0
[2024-03-06T12:17:39.670-0300] {taskinstance.py:3309} INFO - 0 downstream tasks scheduled from follow-on schedule check
