[2024-03-06T11:02:22.993-0300] {taskinstance.py:1979} INFO - Dependencies all met for dep_context=non-requeueable deps ti=<TaskInstance: get_stocks_dag.MSFT scheduled__2024-01-26T00:00:00+00:00 [queued]>
[2024-03-06T11:02:22.999-0300] {taskinstance.py:1979} INFO - Dependencies all met for dep_context=requeueable deps ti=<TaskInstance: get_stocks_dag.MSFT scheduled__2024-01-26T00:00:00+00:00 [queued]>
[2024-03-06T11:02:22.999-0300] {taskinstance.py:2193} INFO - Starting attempt 1 of 1
[2024-03-06T11:02:23.014-0300] {taskinstance.py:2214} INFO - Executing <Task(_PythonDecoratedOperator): MSFT> on 2024-01-26 00:00:00+00:00
[2024-03-06T11:02:23.018-0300] {standard_task_runner.py:60} INFO - Started process 20512 to run task
[2024-03-06T11:02:23.020-0300] {standard_task_runner.py:87} INFO - Running: ['airflow', 'tasks', 'run', 'get_stocks_dag', 'MSFT', 'scheduled__2024-01-26T00:00:00+00:00', '--job-id', '82', '--raw', '--subdir', 'DAGS_FOLDER/get_stoks.py', '--cfg-path', '/tmp/tmpeqeauy88']
[2024-03-06T11:02:23.021-0300] {standard_task_runner.py:88} INFO - Job 82: Subtask MSFT
[2024-03-06T11:02:23.051-0300] {task_command.py:423} INFO - Running <TaskInstance: get_stocks_dag.MSFT scheduled__2024-01-26T00:00:00+00:00 [running]> on host BITL0401.
[2024-03-06T11:02:23.106-0300] {taskinstance.py:2510} INFO - Exporting env vars: AIRFLOW_CTX_DAG_OWNER='airflow' AIRFLOW_CTX_DAG_ID='get_stocks_dag' AIRFLOW_CTX_TASK_ID='MSFT' AIRFLOW_CTX_EXECUTION_DATE='2024-01-26T00:00:00+00:00' AIRFLOW_CTX_TRY_NUMBER='1' AIRFLOW_CTX_DAG_RUN_ID='scheduled__2024-01-26T00:00:00+00:00'
[2024-03-06T11:02:23.658-0300] {python.py:202} INFO - Done. Returned value was: None
[2024-03-06T11:02:23.662-0300] {taskinstance.py:1149} INFO - Marking task as SUCCESS. dag_id=get_stocks_dag, task_id=MSFT, execution_date=20240126T000000, start_date=20240306T140222, end_date=20240306T140223
[2024-03-06T11:02:23.719-0300] {local_task_job_runner.py:234} INFO - Task exited with return code 0
[2024-03-06T11:02:23.730-0300] {taskinstance.py:3309} INFO - 0 downstream tasks scheduled from follow-on schedule check
[2024-03-06T12:04:40.670-0300] {taskinstance.py:1979} INFO - Dependencies all met for dep_context=non-requeueable deps ti=<TaskInstance: get_stocks_dag.MSFT scheduled__2024-01-26T00:00:00+00:00 [queued]>
[2024-03-06T12:04:40.705-0300] {taskinstance.py:1979} INFO - Dependencies all met for dep_context=requeueable deps ti=<TaskInstance: get_stocks_dag.MSFT scheduled__2024-01-26T00:00:00+00:00 [queued]>
[2024-03-06T12:04:40.707-0300] {taskinstance.py:2193} INFO - Starting attempt 1 of 1
[2024-03-06T12:04:40.753-0300] {taskinstance.py:2214} INFO - Executing <Task(_PythonDecoratedOperator): MSFT> on 2024-01-26 00:00:00+00:00
[2024-03-06T12:04:40.767-0300] {standard_task_runner.py:60} INFO - Started process 41056 to run task
[2024-03-06T12:04:40.788-0300] {standard_task_runner.py:87} INFO - Running: ['airflow', 'tasks', 'run', 'get_stocks_dag', 'MSFT', 'scheduled__2024-01-26T00:00:00+00:00', '--job-id', '74', '--raw', '--subdir', 'DAGS_FOLDER/get_stoks.py', '--cfg-path', '/tmp/tmpeod0jth8']
[2024-03-06T12:04:40.792-0300] {standard_task_runner.py:88} INFO - Job 74: Subtask MSFT
[2024-03-06T12:04:40.988-0300] {task_command.py:423} INFO - Running <TaskInstance: get_stocks_dag.MSFT scheduled__2024-01-26T00:00:00+00:00 [running]> on host BITL0401.
[2024-03-06T12:04:41.205-0300] {taskinstance.py:2510} INFO - Exporting env vars: AIRFLOW_CTX_DAG_OWNER='airflow' AIRFLOW_CTX_DAG_ID='get_stocks_dag' AIRFLOW_CTX_TASK_ID='MSFT' AIRFLOW_CTX_EXECUTION_DATE='2024-01-26T00:00:00+00:00' AIRFLOW_CTX_TRY_NUMBER='1' AIRFLOW_CTX_DAG_RUN_ID='scheduled__2024-01-26T00:00:00+00:00'
[2024-03-06T12:04:41.865-0300] {python.py:202} INFO - Done. Returned value was: None
[2024-03-06T12:04:41.880-0300] {taskinstance.py:1149} INFO - Marking task as SUCCESS. dag_id=get_stocks_dag, task_id=MSFT, execution_date=20240126T000000, start_date=20240306T150440, end_date=20240306T150441
[2024-03-06T12:04:41.903-0300] {local_task_job_runner.py:234} INFO - Task exited with return code 0
[2024-03-06T12:04:41.934-0300] {taskinstance.py:3309} INFO - 0 downstream tasks scheduled from follow-on schedule check
