[2024-03-06T11:05:20.133-0300] {taskinstance.py:1979} INFO - Dependencies all met for dep_context=non-requeueable deps ti=<TaskInstance: get_stocks_dag.GOOG scheduled__2024-02-15T00:00:00+00:00 [queued]>
[2024-03-06T11:05:20.139-0300] {taskinstance.py:1979} INFO - Dependencies all met for dep_context=requeueable deps ti=<TaskInstance: get_stocks_dag.GOOG scheduled__2024-02-15T00:00:00+00:00 [queued]>
[2024-03-06T11:05:20.140-0300] {taskinstance.py:2193} INFO - Starting attempt 1 of 1
[2024-03-06T11:05:20.154-0300] {taskinstance.py:2214} INFO - Executing <Task(_PythonDecoratedOperator): GOOG> on 2024-02-15 00:00:00+00:00
[2024-03-06T11:05:20.158-0300] {standard_task_runner.py:60} INFO - Started process 21936 to run task
[2024-03-06T11:05:20.161-0300] {standard_task_runner.py:87} INFO - Running: ['airflow', 'tasks', 'run', 'get_stocks_dag', 'GOOG', 'scheduled__2024-02-15T00:00:00+00:00', '--job-id', '139', '--raw', '--subdir', 'DAGS_FOLDER/get_stoks.py', '--cfg-path', '/tmp/tmpvoccx3tn']
[2024-03-06T11:05:20.162-0300] {standard_task_runner.py:88} INFO - Job 139: Subtask GOOG
[2024-03-06T11:05:20.199-0300] {task_command.py:423} INFO - Running <TaskInstance: get_stocks_dag.GOOG scheduled__2024-02-15T00:00:00+00:00 [running]> on host BITL0401.
[2024-03-06T11:05:20.271-0300] {taskinstance.py:2510} INFO - Exporting env vars: AIRFLOW_CTX_DAG_OWNER='airflow' AIRFLOW_CTX_DAG_ID='get_stocks_dag' AIRFLOW_CTX_TASK_ID='GOOG' AIRFLOW_CTX_EXECUTION_DATE='2024-02-15T00:00:00+00:00' AIRFLOW_CTX_TRY_NUMBER='1' AIRFLOW_CTX_DAG_RUN_ID='scheduled__2024-02-15T00:00:00+00:00'
[2024-03-06T11:05:21.035-0300] {python.py:202} INFO - Done. Returned value was: None
[2024-03-06T11:05:21.039-0300] {taskinstance.py:1149} INFO - Marking task as SUCCESS. dag_id=get_stocks_dag, task_id=GOOG, execution_date=20240215T000000, start_date=20240306T140520, end_date=20240306T140521
[2024-03-06T11:05:21.058-0300] {local_task_job_runner.py:234} INFO - Task exited with return code 0
[2024-03-06T11:05:21.069-0300] {taskinstance.py:3309} INFO - 0 downstream tasks scheduled from follow-on schedule check
[2024-03-06T12:05:04.420-0300] {taskinstance.py:1979} INFO - Dependencies all met for dep_context=non-requeueable deps ti=<TaskInstance: get_stocks_dag.GOOG scheduled__2024-02-15T00:00:00+00:00 [queued]>
[2024-03-06T12:05:04.465-0300] {taskinstance.py:1979} INFO - Dependencies all met for dep_context=requeueable deps ti=<TaskInstance: get_stocks_dag.GOOG scheduled__2024-02-15T00:00:00+00:00 [queued]>
[2024-03-06T12:05:04.466-0300] {taskinstance.py:2193} INFO - Starting attempt 1 of 1
[2024-03-06T12:05:04.548-0300] {taskinstance.py:2214} INFO - Executing <Task(_PythonDecoratedOperator): GOOG> on 2024-02-15 00:00:00+00:00
[2024-03-06T12:05:04.563-0300] {standard_task_runner.py:60} INFO - Started process 42965 to run task
[2024-03-06T12:05:04.595-0300] {standard_task_runner.py:87} INFO - Running: ['airflow', 'tasks', 'run', 'get_stocks_dag', 'GOOG', 'scheduled__2024-02-15T00:00:00+00:00', '--job-id', '135', '--raw', '--subdir', 'DAGS_FOLDER/get_stoks.py', '--cfg-path', '/tmp/tmp76840uvw']
[2024-03-06T12:05:04.599-0300] {standard_task_runner.py:88} INFO - Job 135: Subtask GOOG
[2024-03-06T12:05:04.770-0300] {task_command.py:423} INFO - Running <TaskInstance: get_stocks_dag.GOOG scheduled__2024-02-15T00:00:00+00:00 [running]> on host BITL0401.
[2024-03-06T12:05:05.082-0300] {taskinstance.py:2510} INFO - Exporting env vars: AIRFLOW_CTX_DAG_OWNER='airflow' AIRFLOW_CTX_DAG_ID='get_stocks_dag' AIRFLOW_CTX_TASK_ID='GOOG' AIRFLOW_CTX_EXECUTION_DATE='2024-02-15T00:00:00+00:00' AIRFLOW_CTX_TRY_NUMBER='1' AIRFLOW_CTX_DAG_RUN_ID='scheduled__2024-02-15T00:00:00+00:00'
[2024-03-06T12:05:06.139-0300] {python.py:202} INFO - Done. Returned value was: None
[2024-03-06T12:05:06.157-0300] {taskinstance.py:1149} INFO - Marking task as SUCCESS. dag_id=get_stocks_dag, task_id=GOOG, execution_date=20240215T000000, start_date=20240306T150504, end_date=20240306T150506
[2024-03-06T12:05:06.217-0300] {local_task_job_runner.py:234} INFO - Task exited with return code 0
[2024-03-06T12:05:06.244-0300] {taskinstance.py:3309} INFO - 0 downstream tasks scheduled from follow-on schedule check
