[2024-03-06T11:03:39.773-0300] {taskinstance.py:1979} INFO - Dependencies all met for dep_context=non-requeueable deps ti=<TaskInstance: get_stocks_dag.GOOG scheduled__2024-02-03T00:00:00+00:00 [queued]>
[2024-03-06T11:03:39.778-0300] {taskinstance.py:1979} INFO - Dependencies all met for dep_context=requeueable deps ti=<TaskInstance: get_stocks_dag.GOOG scheduled__2024-02-03T00:00:00+00:00 [queued]>
[2024-03-06T11:03:39.779-0300] {taskinstance.py:2193} INFO - Starting attempt 1 of 1
[2024-03-06T11:03:39.793-0300] {taskinstance.py:2214} INFO - Executing <Task(_PythonDecoratedOperator): GOOG> on 2024-02-03 00:00:00+00:00
[2024-03-06T11:03:39.797-0300] {standard_task_runner.py:60} INFO - Started process 21164 to run task
[2024-03-06T11:03:39.799-0300] {standard_task_runner.py:87} INFO - Running: ['airflow', 'tasks', 'run', 'get_stocks_dag', 'GOOG', 'scheduled__2024-02-03T00:00:00+00:00', '--job-id', '107', '--raw', '--subdir', 'DAGS_FOLDER/get_stoks.py', '--cfg-path', '/tmp/tmptn_m4fzo']
[2024-03-06T11:03:39.800-0300] {standard_task_runner.py:88} INFO - Job 107: Subtask GOOG
[2024-03-06T11:03:39.835-0300] {task_command.py:423} INFO - Running <TaskInstance: get_stocks_dag.GOOG scheduled__2024-02-03T00:00:00+00:00 [running]> on host BITL0401.
[2024-03-06T11:03:39.890-0300] {taskinstance.py:2510} INFO - Exporting env vars: AIRFLOW_CTX_DAG_OWNER='airflow' AIRFLOW_CTX_DAG_ID='get_stocks_dag' AIRFLOW_CTX_TASK_ID='GOOG' AIRFLOW_CTX_EXECUTION_DATE='2024-02-03T00:00:00+00:00' AIRFLOW_CTX_TRY_NUMBER='1' AIRFLOW_CTX_DAG_RUN_ID='scheduled__2024-02-03T00:00:00+00:00'
[2024-03-06T11:03:40.383-0300] {python.py:202} INFO - Done. Returned value was: None
[2024-03-06T11:03:40.387-0300] {taskinstance.py:1149} INFO - Marking task as SUCCESS. dag_id=get_stocks_dag, task_id=GOOG, execution_date=20240203T000000, start_date=20240306T140339, end_date=20240306T140340
[2024-03-06T11:03:40.417-0300] {local_task_job_runner.py:234} INFO - Task exited with return code 0
[2024-03-06T11:03:40.426-0300] {taskinstance.py:3309} INFO - 0 downstream tasks scheduled from follow-on schedule check
[2024-03-06T12:04:52.773-0300] {taskinstance.py:1979} INFO - Dependencies all met for dep_context=non-requeueable deps ti=<TaskInstance: get_stocks_dag.GOOG scheduled__2024-02-03T00:00:00+00:00 [queued]>
[2024-03-06T12:04:52.850-0300] {taskinstance.py:1979} INFO - Dependencies all met for dep_context=requeueable deps ti=<TaskInstance: get_stocks_dag.GOOG scheduled__2024-02-03T00:00:00+00:00 [queued]>
[2024-03-06T12:04:52.851-0300] {taskinstance.py:2193} INFO - Starting attempt 1 of 1
[2024-03-06T12:04:53.460-0300] {taskinstance.py:2214} INFO - Executing <Task(_PythonDecoratedOperator): GOOG> on 2024-02-03 00:00:00+00:00
[2024-03-06T12:04:53.479-0300] {standard_task_runner.py:60} INFO - Started process 41967 to run task
[2024-03-06T12:04:53.487-0300] {standard_task_runner.py:87} INFO - Running: ['airflow', 'tasks', 'run', 'get_stocks_dag', 'GOOG', 'scheduled__2024-02-03T00:00:00+00:00', '--job-id', '102', '--raw', '--subdir', 'DAGS_FOLDER/get_stoks.py', '--cfg-path', '/tmp/tmpae4w0oob']
[2024-03-06T12:04:53.513-0300] {standard_task_runner.py:88} INFO - Job 102: Subtask GOOG
[2024-03-06T12:04:53.761-0300] {task_command.py:423} INFO - Running <TaskInstance: get_stocks_dag.GOOG scheduled__2024-02-03T00:00:00+00:00 [running]> on host BITL0401.
[2024-03-06T12:04:54.312-0300] {taskinstance.py:2510} INFO - Exporting env vars: AIRFLOW_CTX_DAG_OWNER='airflow' AIRFLOW_CTX_DAG_ID='get_stocks_dag' AIRFLOW_CTX_TASK_ID='GOOG' AIRFLOW_CTX_EXECUTION_DATE='2024-02-03T00:00:00+00:00' AIRFLOW_CTX_TRY_NUMBER='1' AIRFLOW_CTX_DAG_RUN_ID='scheduled__2024-02-03T00:00:00+00:00'
[2024-03-06T12:04:55.263-0300] {python.py:202} INFO - Done. Returned value was: None
[2024-03-06T12:04:55.286-0300] {taskinstance.py:1149} INFO - Marking task as SUCCESS. dag_id=get_stocks_dag, task_id=GOOG, execution_date=20240203T000000, start_date=20240306T150452, end_date=20240306T150455
[2024-03-06T12:04:55.369-0300] {local_task_job_runner.py:234} INFO - Task exited with return code 0
[2024-03-06T12:04:55.447-0300] {taskinstance.py:3309} INFO - 0 downstream tasks scheduled from follow-on schedule check
