[2024-03-06T10:59:49.566-0300] {taskinstance.py:1979} INFO - Dependencies all met for dep_context=non-requeueable deps ti=<TaskInstance: get_stocks_dag.AAPL scheduled__2024-01-09T00:00:00+00:00 [queued]>
[2024-03-06T10:59:49.571-0300] {taskinstance.py:1979} INFO - Dependencies all met for dep_context=requeueable deps ti=<TaskInstance: get_stocks_dag.AAPL scheduled__2024-01-09T00:00:00+00:00 [queued]>
[2024-03-06T10:59:49.571-0300] {taskinstance.py:2193} INFO - Starting attempt 1 of 1
[2024-03-06T10:59:49.587-0300] {taskinstance.py:2214} INFO - Executing <Task(_PythonDecoratedOperator): AAPL> on 2024-01-09 00:00:00+00:00
[2024-03-06T10:59:49.593-0300] {standard_task_runner.py:60} INFO - Started process 19301 to run task
[2024-03-06T10:59:49.596-0300] {standard_task_runner.py:87} INFO - Running: ['airflow', 'tasks', 'run', 'get_stocks_dag', 'AAPL', 'scheduled__2024-01-09T00:00:00+00:00', '--job-id', '29', '--raw', '--subdir', 'DAGS_FOLDER/get_stoks.py', '--cfg-path', '/tmp/tmpicvxlllk']
[2024-03-06T10:59:49.598-0300] {standard_task_runner.py:88} INFO - Job 29: Subtask AAPL
[2024-03-06T10:59:49.641-0300] {task_command.py:423} INFO - Running <TaskInstance: get_stocks_dag.AAPL scheduled__2024-01-09T00:00:00+00:00 [running]> on host BITL0401.
[2024-03-06T10:59:49.696-0300] {taskinstance.py:2510} INFO - Exporting env vars: AIRFLOW_CTX_DAG_OWNER='airflow' AIRFLOW_CTX_DAG_ID='get_stocks_dag' AIRFLOW_CTX_TASK_ID='AAPL' AIRFLOW_CTX_EXECUTION_DATE='2024-01-09T00:00:00+00:00' AIRFLOW_CTX_TRY_NUMBER='1' AIRFLOW_CTX_DAG_RUN_ID='scheduled__2024-01-09T00:00:00+00:00'
[2024-03-06T10:59:51.274-0300] {python.py:202} INFO - Done. Returned value was: None
[2024-03-06T10:59:51.278-0300] {taskinstance.py:1149} INFO - Marking task as SUCCESS. dag_id=get_stocks_dag, task_id=AAPL, execution_date=20240109T000000, start_date=20240306T135949, end_date=20240306T135951
[2024-03-06T10:59:51.299-0300] {local_task_job_runner.py:234} INFO - Task exited with return code 0
[2024-03-06T10:59:51.309-0300] {taskinstance.py:3309} INFO - 0 downstream tasks scheduled from follow-on schedule check
[2024-03-06T12:04:23.549-0300] {taskinstance.py:1979} INFO - Dependencies all met for dep_context=non-requeueable deps ti=<TaskInstance: get_stocks_dag.AAPL scheduled__2024-01-09T00:00:00+00:00 [queued]>
[2024-03-06T12:04:23.571-0300] {taskinstance.py:1979} INFO - Dependencies all met for dep_context=requeueable deps ti=<TaskInstance: get_stocks_dag.AAPL scheduled__2024-01-09T00:00:00+00:00 [queued]>
[2024-03-06T12:04:23.571-0300] {taskinstance.py:2193} INFO - Starting attempt 1 of 1
[2024-03-06T12:04:23.605-0300] {taskinstance.py:2214} INFO - Executing <Task(_PythonDecoratedOperator): AAPL> on 2024-01-09 00:00:00+00:00
[2024-03-06T12:04:23.620-0300] {standard_task_runner.py:60} INFO - Started process 39572 to run task
[2024-03-06T12:04:23.631-0300] {standard_task_runner.py:87} INFO - Running: ['airflow', 'tasks', 'run', 'get_stocks_dag', 'AAPL', 'scheduled__2024-01-09T00:00:00+00:00', '--job-id', '25', '--raw', '--subdir', 'DAGS_FOLDER/get_stoks.py', '--cfg-path', '/tmp/tmpgxjvat9m']
[2024-03-06T12:04:23.644-0300] {standard_task_runner.py:88} INFO - Job 25: Subtask AAPL
[2024-03-06T12:04:23.882-0300] {task_command.py:423} INFO - Running <TaskInstance: get_stocks_dag.AAPL scheduled__2024-01-09T00:00:00+00:00 [running]> on host BITL0401.
[2024-03-06T12:04:24.174-0300] {taskinstance.py:2510} INFO - Exporting env vars: AIRFLOW_CTX_DAG_OWNER='airflow' AIRFLOW_CTX_DAG_ID='get_stocks_dag' AIRFLOW_CTX_TASK_ID='AAPL' AIRFLOW_CTX_EXECUTION_DATE='2024-01-09T00:00:00+00:00' AIRFLOW_CTX_TRY_NUMBER='1' AIRFLOW_CTX_DAG_RUN_ID='scheduled__2024-01-09T00:00:00+00:00'
[2024-03-06T12:04:25.481-0300] {python.py:202} INFO - Done. Returned value was: None
[2024-03-06T12:04:25.502-0300] {taskinstance.py:1149} INFO - Marking task as SUCCESS. dag_id=get_stocks_dag, task_id=AAPL, execution_date=20240109T000000, start_date=20240306T150423, end_date=20240306T150425
[2024-03-06T12:04:25.578-0300] {local_task_job_runner.py:234} INFO - Task exited with return code 0
[2024-03-06T12:04:25.641-0300] {taskinstance.py:3309} INFO - 0 downstream tasks scheduled from follow-on schedule check
[2024-03-06T12:15:45.338-0300] {taskinstance.py:1979} INFO - Dependencies all met for dep_context=non-requeueable deps ti=<TaskInstance: get_stocks_dag.AAPL scheduled__2024-01-09T00:00:00+00:00 [queued]>
[2024-03-06T12:15:45.417-0300] {taskinstance.py:1979} INFO - Dependencies all met for dep_context=requeueable deps ti=<TaskInstance: get_stocks_dag.AAPL scheduled__2024-01-09T00:00:00+00:00 [queued]>
[2024-03-06T12:15:45.419-0300] {taskinstance.py:2193} INFO - Starting attempt 1 of 1
[2024-03-06T12:15:45.504-0300] {taskinstance.py:2214} INFO - Executing <Task(_PythonDecoratedOperator): AAPL> on 2024-01-09 00:00:00+00:00
[2024-03-06T12:15:45.544-0300] {standard_task_runner.py:60} INFO - Started process 47086 to run task
[2024-03-06T12:15:45.558-0300] {standard_task_runner.py:87} INFO - Running: ['airflow', 'tasks', 'run', 'get_stocks_dag', 'AAPL', 'scheduled__2024-01-09T00:00:00+00:00', '--job-id', '163', '--raw', '--subdir', 'DAGS_FOLDER/get_stoks.py', '--cfg-path', '/tmp/tmpbkca_pmy']
[2024-03-06T12:15:45.563-0300] {standard_task_runner.py:88} INFO - Job 163: Subtask AAPL
[2024-03-06T12:15:45.807-0300] {task_command.py:423} INFO - Running <TaskInstance: get_stocks_dag.AAPL scheduled__2024-01-09T00:00:00+00:00 [running]> on host BITL0401.
[2024-03-06T12:15:46.147-0300] {taskinstance.py:2510} INFO - Exporting env vars: AIRFLOW_CTX_DAG_OWNER='airflow' AIRFLOW_CTX_DAG_ID='get_stocks_dag' AIRFLOW_CTX_TASK_ID='AAPL' AIRFLOW_CTX_EXECUTION_DATE='2024-01-09T00:00:00+00:00' AIRFLOW_CTX_TRY_NUMBER='1' AIRFLOW_CTX_DAG_RUN_ID='scheduled__2024-01-09T00:00:00+00:00'
[2024-03-06T12:15:46.997-0300] {python.py:202} INFO - Done. Returned value was: None
[2024-03-06T12:15:47.023-0300] {taskinstance.py:1149} INFO - Marking task as SUCCESS. dag_id=get_stocks_dag, task_id=AAPL, execution_date=20240109T000000, start_date=20240306T151545, end_date=20240306T151547
[2024-03-06T12:15:47.087-0300] {local_task_job_runner.py:234} INFO - Task exited with return code 0
[2024-03-06T12:15:47.126-0300] {taskinstance.py:3309} INFO - 0 downstream tasks scheduled from follow-on schedule check
[2024-03-06T12:17:21.082-0300] {taskinstance.py:1979} INFO - Dependencies all met for dep_context=non-requeueable deps ti=<TaskInstance: get_stocks_dag.AAPL scheduled__2024-01-09T00:00:00+00:00 [queued]>
[2024-03-06T12:17:21.094-0300] {taskinstance.py:1979} INFO - Dependencies all met for dep_context=requeueable deps ti=<TaskInstance: get_stocks_dag.AAPL scheduled__2024-01-09T00:00:00+00:00 [queued]>
[2024-03-06T12:17:21.095-0300] {taskinstance.py:2193} INFO - Starting attempt 1 of 1
[2024-03-06T12:17:21.110-0300] {taskinstance.py:2214} INFO - Executing <Task(_PythonDecoratedOperator): AAPL> on 2024-01-09 00:00:00+00:00
[2024-03-06T12:17:21.115-0300] {standard_task_runner.py:60} INFO - Started process 49256 to run task
[2024-03-06T12:17:21.118-0300] {standard_task_runner.py:87} INFO - Running: ['airflow', 'tasks', 'run', 'get_stocks_dag', 'AAPL', 'scheduled__2024-01-09T00:00:00+00:00', '--job-id', '223', '--raw', '--subdir', 'DAGS_FOLDER/get_stoks.py', '--cfg-path', '/tmp/tmpi_4jc1wp']
[2024-03-06T12:17:21.119-0300] {standard_task_runner.py:88} INFO - Job 223: Subtask AAPL
[2024-03-06T12:17:21.183-0300] {task_command.py:423} INFO - Running <TaskInstance: get_stocks_dag.AAPL scheduled__2024-01-09T00:00:00+00:00 [running]> on host BITL0401.
[2024-03-06T12:17:21.289-0300] {taskinstance.py:2510} INFO - Exporting env vars: AIRFLOW_CTX_DAG_OWNER='airflow' AIRFLOW_CTX_DAG_ID='get_stocks_dag' AIRFLOW_CTX_TASK_ID='AAPL' AIRFLOW_CTX_EXECUTION_DATE='2024-01-09T00:00:00+00:00' AIRFLOW_CTX_TRY_NUMBER='1' AIRFLOW_CTX_DAG_RUN_ID='scheduled__2024-01-09T00:00:00+00:00'
[2024-03-06T12:17:21.948-0300] {python.py:202} INFO - Done. Returned value was: None
[2024-03-06T12:17:21.963-0300] {taskinstance.py:1149} INFO - Marking task as SUCCESS. dag_id=get_stocks_dag, task_id=AAPL, execution_date=20240109T000000, start_date=20240306T151721, end_date=20240306T151721
[2024-03-06T12:17:22.016-0300] {local_task_job_runner.py:234} INFO - Task exited with return code 0
[2024-03-06T12:17:22.038-0300] {taskinstance.py:3309} INFO - 0 downstream tasks scheduled from follow-on schedule check
[2024-03-06T14:39:06.865-0300] {taskinstance.py:1979} INFO - Dependencies all met for dep_context=non-requeueable deps ti=<TaskInstance: get_stocks_dag.AAPL scheduled__2024-01-09T00:00:00+00:00 [queued]>
[2024-03-06T14:39:06.879-0300] {taskinstance.py:1979} INFO - Dependencies all met for dep_context=requeueable deps ti=<TaskInstance: get_stocks_dag.AAPL scheduled__2024-01-09T00:00:00+00:00 [queued]>
[2024-03-06T14:39:06.880-0300] {taskinstance.py:2193} INFO - Starting attempt 1 of 1
[2024-03-06T14:39:06.897-0300] {taskinstance.py:2214} INFO - Executing <Task(_PythonDecoratedOperator): AAPL> on 2024-01-09 00:00:00+00:00
[2024-03-06T14:39:06.903-0300] {standard_task_runner.py:60} INFO - Started process 83292 to run task
[2024-03-06T14:39:06.907-0300] {standard_task_runner.py:87} INFO - Running: ['airflow', 'tasks', 'run', 'get_stocks_dag', 'AAPL', 'scheduled__2024-01-09T00:00:00+00:00', '--job-id', '273', '--raw', '--subdir', 'DAGS_FOLDER/get_stoks.py', '--cfg-path', '/tmp/tmppthd4aia']
[2024-03-06T14:39:06.909-0300] {standard_task_runner.py:88} INFO - Job 273: Subtask AAPL
[2024-03-06T14:39:06.982-0300] {task_command.py:423} INFO - Running <TaskInstance: get_stocks_dag.AAPL scheduled__2024-01-09T00:00:00+00:00 [running]> on host BITL0401.
[2024-03-06T14:39:07.105-0300] {taskinstance.py:2510} INFO - Exporting env vars: AIRFLOW_CTX_DAG_OWNER='airflow' AIRFLOW_CTX_DAG_ID='get_stocks_dag' AIRFLOW_CTX_TASK_ID='AAPL' AIRFLOW_CTX_EXECUTION_DATE='2024-01-09T00:00:00+00:00' AIRFLOW_CTX_TRY_NUMBER='1' AIRFLOW_CTX_DAG_RUN_ID='scheduled__2024-01-09T00:00:00+00:00'
[2024-03-06T14:39:07.623-0300] {python.py:202} INFO - Done. Returned value was: None
[2024-03-06T14:39:07.640-0300] {taskinstance.py:1149} INFO - Marking task as SUCCESS. dag_id=get_stocks_dag, task_id=AAPL, execution_date=20240109T000000, start_date=20240306T173906, end_date=20240306T173907
[2024-03-06T14:39:07.683-0300] {local_task_job_runner.py:234} INFO - Task exited with return code 0
[2024-03-06T14:39:07.708-0300] {taskinstance.py:3309} INFO - 0 downstream tasks scheduled from follow-on schedule check
[2024-03-06T14:49:25.189-0300] {taskinstance.py:1979} INFO - Dependencies all met for dep_context=non-requeueable deps ti=<TaskInstance: get_stocks_dag.AAPL scheduled__2024-01-09T00:00:00+00:00 [queued]>
[2024-03-06T14:49:25.203-0300] {taskinstance.py:1979} INFO - Dependencies all met for dep_context=requeueable deps ti=<TaskInstance: get_stocks_dag.AAPL scheduled__2024-01-09T00:00:00+00:00 [queued]>
[2024-03-06T14:49:25.203-0300] {taskinstance.py:2193} INFO - Starting attempt 1 of 1
[2024-03-06T14:49:25.218-0300] {taskinstance.py:2214} INFO - Executing <Task(_PythonDecoratedOperator): AAPL> on 2024-01-09 00:00:00+00:00
[2024-03-06T14:49:25.222-0300] {standard_task_runner.py:60} INFO - Started process 87020 to run task
[2024-03-06T14:49:25.224-0300] {standard_task_runner.py:87} INFO - Running: ['airflow', 'tasks', 'run', 'get_stocks_dag', 'AAPL', 'scheduled__2024-01-09T00:00:00+00:00', '--job-id', '300', '--raw', '--subdir', 'DAGS_FOLDER/get_stoks.py', '--cfg-path', '/tmp/tmpz94zamm7']
[2024-03-06T14:49:25.225-0300] {standard_task_runner.py:88} INFO - Job 300: Subtask AAPL
[2024-03-06T14:49:25.293-0300] {task_command.py:423} INFO - Running <TaskInstance: get_stocks_dag.AAPL scheduled__2024-01-09T00:00:00+00:00 [running]> on host BITL0401.
[2024-03-06T14:49:25.405-0300] {taskinstance.py:2510} INFO - Exporting env vars: AIRFLOW_CTX_DAG_OWNER='airflow' AIRFLOW_CTX_DAG_ID='get_stocks_dag' AIRFLOW_CTX_TASK_ID='AAPL' AIRFLOW_CTX_EXECUTION_DATE='2024-01-09T00:00:00+00:00' AIRFLOW_CTX_TRY_NUMBER='1' AIRFLOW_CTX_DAG_RUN_ID='scheduled__2024-01-09T00:00:00+00:00'
[2024-03-06T14:49:25.899-0300] {python.py:202} INFO - Done. Returned value was: None
[2024-03-06T14:49:25.913-0300] {taskinstance.py:1149} INFO - Marking task as SUCCESS. dag_id=get_stocks_dag, task_id=AAPL, execution_date=20240109T000000, start_date=20240306T174925, end_date=20240306T174925
[2024-03-06T14:49:25.960-0300] {local_task_job_runner.py:234} INFO - Task exited with return code 0
[2024-03-06T14:49:25.983-0300] {taskinstance.py:3309} INFO - 0 downstream tasks scheduled from follow-on schedule check
