[2024-03-06T11:02:12.502-0300] {taskinstance.py:1979} INFO - Dependencies all met for dep_context=non-requeueable deps ti=<TaskInstance: get_stocks_dag.MSFT scheduled__2024-01-25T00:00:00+00:00 [queued]>
[2024-03-06T11:02:12.508-0300] {taskinstance.py:1979} INFO - Dependencies all met for dep_context=requeueable deps ti=<TaskInstance: get_stocks_dag.MSFT scheduled__2024-01-25T00:00:00+00:00 [queued]>
[2024-03-06T11:02:12.508-0300] {taskinstance.py:2193} INFO - Starting attempt 1 of 1
[2024-03-06T11:02:12.522-0300] {taskinstance.py:2214} INFO - Executing <Task(_PythonDecoratedOperator): MSFT> on 2024-01-25 00:00:00+00:00
[2024-03-06T11:02:12.526-0300] {standard_task_runner.py:60} INFO - Started process 20430 to run task
[2024-03-06T11:02:12.529-0300] {standard_task_runner.py:87} INFO - Running: ['airflow', 'tasks', 'run', 'get_stocks_dag', 'MSFT', 'scheduled__2024-01-25T00:00:00+00:00', '--job-id', '78', '--raw', '--subdir', 'DAGS_FOLDER/get_stoks.py', '--cfg-path', '/tmp/tmp1eu13crw']
[2024-03-06T11:02:12.530-0300] {standard_task_runner.py:88} INFO - Job 78: Subtask MSFT
[2024-03-06T11:02:12.563-0300] {task_command.py:423} INFO - Running <TaskInstance: get_stocks_dag.MSFT scheduled__2024-01-25T00:00:00+00:00 [running]> on host BITL0401.
[2024-03-06T11:02:12.617-0300] {taskinstance.py:2510} INFO - Exporting env vars: AIRFLOW_CTX_DAG_OWNER='airflow' AIRFLOW_CTX_DAG_ID='get_stocks_dag' AIRFLOW_CTX_TASK_ID='MSFT' AIRFLOW_CTX_EXECUTION_DATE='2024-01-25T00:00:00+00:00' AIRFLOW_CTX_TRY_NUMBER='1' AIRFLOW_CTX_DAG_RUN_ID='scheduled__2024-01-25T00:00:00+00:00'
[2024-03-06T11:02:13.272-0300] {python.py:202} INFO - Done. Returned value was: None
[2024-03-06T11:02:13.276-0300] {taskinstance.py:1149} INFO - Marking task as SUCCESS. dag_id=get_stocks_dag, task_id=MSFT, execution_date=20240125T000000, start_date=20240306T140212, end_date=20240306T140213
[2024-03-06T11:02:13.308-0300] {local_task_job_runner.py:234} INFO - Task exited with return code 0
[2024-03-06T11:02:13.318-0300] {taskinstance.py:3309} INFO - 0 downstream tasks scheduled from follow-on schedule check
[2024-03-06T12:04:40.686-0300] {taskinstance.py:1979} INFO - Dependencies all met for dep_context=non-requeueable deps ti=<TaskInstance: get_stocks_dag.MSFT scheduled__2024-01-25T00:00:00+00:00 [queued]>
[2024-03-06T12:04:40.720-0300] {taskinstance.py:1979} INFO - Dependencies all met for dep_context=requeueable deps ti=<TaskInstance: get_stocks_dag.MSFT scheduled__2024-01-25T00:00:00+00:00 [queued]>
[2024-03-06T12:04:40.721-0300] {taskinstance.py:2193} INFO - Starting attempt 1 of 1
[2024-03-06T12:04:40.774-0300] {taskinstance.py:2214} INFO - Executing <Task(_PythonDecoratedOperator): MSFT> on 2024-01-25 00:00:00+00:00
[2024-03-06T12:04:40.817-0300] {standard_task_runner.py:87} INFO - Running: ['airflow', 'tasks', 'run', 'get_stocks_dag', 'MSFT', 'scheduled__2024-01-25T00:00:00+00:00', '--job-id', '73', '--raw', '--subdir', 'DAGS_FOLDER/get_stoks.py', '--cfg-path', '/tmp/tmpov7g2mou']
[2024-03-06T12:04:40.821-0300] {standard_task_runner.py:88} INFO - Job 73: Subtask MSFT
[2024-03-06T12:04:40.807-0300] {standard_task_runner.py:60} INFO - Started process 41058 to run task
[2024-03-06T12:04:40.984-0300] {task_command.py:423} INFO - Running <TaskInstance: get_stocks_dag.MSFT scheduled__2024-01-25T00:00:00+00:00 [running]> on host BITL0401.
[2024-03-06T12:04:41.187-0300] {taskinstance.py:2510} INFO - Exporting env vars: AIRFLOW_CTX_DAG_OWNER='airflow' AIRFLOW_CTX_DAG_ID='get_stocks_dag' AIRFLOW_CTX_TASK_ID='MSFT' AIRFLOW_CTX_EXECUTION_DATE='2024-01-25T00:00:00+00:00' AIRFLOW_CTX_TRY_NUMBER='1' AIRFLOW_CTX_DAG_RUN_ID='scheduled__2024-01-25T00:00:00+00:00'
[2024-03-06T12:04:41.812-0300] {python.py:202} INFO - Done. Returned value was: None
[2024-03-06T12:04:41.825-0300] {taskinstance.py:1149} INFO - Marking task as SUCCESS. dag_id=get_stocks_dag, task_id=MSFT, execution_date=20240125T000000, start_date=20240306T150440, end_date=20240306T150441
[2024-03-06T12:04:41.894-0300] {local_task_job_runner.py:234} INFO - Task exited with return code 0
[2024-03-06T12:04:41.916-0300] {taskinstance.py:3309} INFO - 0 downstream tasks scheduled from follow-on schedule check
