[2024-03-06T10:58:52.636-0300] {taskinstance.py:1979} INFO - Dependencies all met for dep_context=non-requeueable deps ti=<TaskInstance: get_stocks_dag.MSFT scheduled__2024-01-02T00:00:00+00:00 [queued]>
[2024-03-06T10:58:52.642-0300] {taskinstance.py:1979} INFO - Dependencies all met for dep_context=requeueable deps ti=<TaskInstance: get_stocks_dag.MSFT scheduled__2024-01-02T00:00:00+00:00 [queued]>
[2024-03-06T10:58:52.643-0300] {taskinstance.py:2193} INFO - Starting attempt 1 of 1
[2024-03-06T10:58:52.658-0300] {taskinstance.py:2214} INFO - Executing <Task(_PythonDecoratedOperator): MSFT> on 2024-01-02 00:00:00+00:00
[2024-03-06T10:58:52.662-0300] {standard_task_runner.py:60} INFO - Started process 18798 to run task
[2024-03-06T10:58:52.665-0300] {standard_task_runner.py:87} INFO - Running: ['airflow', 'tasks', 'run', 'get_stocks_dag', 'MSFT', 'scheduled__2024-01-02T00:00:00+00:00', '--job-id', '10', '--raw', '--subdir', 'DAGS_FOLDER/get_stoks.py', '--cfg-path', '/tmp/tmpc1dgggx1']
[2024-03-06T10:58:52.666-0300] {standard_task_runner.py:88} INFO - Job 10: Subtask MSFT
[2024-03-06T10:58:52.705-0300] {task_command.py:423} INFO - Running <TaskInstance: get_stocks_dag.MSFT scheduled__2024-01-02T00:00:00+00:00 [running]> on host BITL0401.
[2024-03-06T10:58:52.765-0300] {taskinstance.py:2510} INFO - Exporting env vars: AIRFLOW_CTX_DAG_OWNER='airflow' AIRFLOW_CTX_DAG_ID='get_stocks_dag' AIRFLOW_CTX_TASK_ID='MSFT' AIRFLOW_CTX_EXECUTION_DATE='2024-01-02T00:00:00+00:00' AIRFLOW_CTX_TRY_NUMBER='1' AIRFLOW_CTX_DAG_RUN_ID='scheduled__2024-01-02T00:00:00+00:00'
[2024-03-06T10:58:53.864-0300] {history.py:222} ERROR - MSFT: No price data found, symbol may be delisted (1h 2024-01-01 -> 2024-01-02)
[2024-03-06T10:58:53.867-0300] {python.py:202} INFO - Done. Returned value was: None
[2024-03-06T10:58:53.872-0300] {taskinstance.py:1149} INFO - Marking task as SUCCESS. dag_id=get_stocks_dag, task_id=MSFT, execution_date=20240102T000000, start_date=20240306T135852, end_date=20240306T135853
[2024-03-06T10:58:53.925-0300] {local_task_job_runner.py:234} INFO - Task exited with return code 0
[2024-03-06T10:58:53.937-0300] {taskinstance.py:3309} INFO - 0 downstream tasks scheduled from follow-on schedule check
[2024-03-06T12:04:08.429-0300] {taskinstance.py:1979} INFO - Dependencies all met for dep_context=non-requeueable deps ti=<TaskInstance: get_stocks_dag.MSFT scheduled__2024-01-02T00:00:00+00:00 [queued]>
[2024-03-06T12:04:08.470-0300] {taskinstance.py:1979} INFO - Dependencies all met for dep_context=requeueable deps ti=<TaskInstance: get_stocks_dag.MSFT scheduled__2024-01-02T00:00:00+00:00 [queued]>
[2024-03-06T12:04:08.471-0300] {taskinstance.py:2193} INFO - Starting attempt 1 of 1
[2024-03-06T12:04:08.518-0300] {taskinstance.py:2214} INFO - Executing <Task(_PythonDecoratedOperator): MSFT> on 2024-01-02 00:00:00+00:00
[2024-03-06T12:04:08.536-0300] {standard_task_runner.py:60} INFO - Started process 39017 to run task
[2024-03-06T12:04:08.616-0300] {standard_task_runner.py:87} INFO - Running: ['airflow', 'tasks', 'run', 'get_stocks_dag', 'MSFT', 'scheduled__2024-01-02T00:00:00+00:00', '--job-id', '6', '--raw', '--subdir', 'DAGS_FOLDER/get_stoks.py', '--cfg-path', '/tmp/tmp20mlunuu']
[2024-03-06T12:04:08.638-0300] {standard_task_runner.py:88} INFO - Job 6: Subtask MSFT
[2024-03-06T12:04:09.111-0300] {task_command.py:423} INFO - Running <TaskInstance: get_stocks_dag.MSFT scheduled__2024-01-02T00:00:00+00:00 [running]> on host BITL0401.
[2024-03-06T12:04:09.851-0300] {taskinstance.py:2510} INFO - Exporting env vars: AIRFLOW_CTX_DAG_OWNER='airflow' AIRFLOW_CTX_DAG_ID='get_stocks_dag' AIRFLOW_CTX_TASK_ID='MSFT' AIRFLOW_CTX_EXECUTION_DATE='2024-01-02T00:00:00+00:00' AIRFLOW_CTX_TRY_NUMBER='1' AIRFLOW_CTX_DAG_RUN_ID='scheduled__2024-01-02T00:00:00+00:00'
[2024-03-06T12:04:11.689-0300] {taskinstance.py:2728} ERROR - Task failed with exception
Traceback (most recent call last):
  File "/home/luan/Documents/airflow-executores-local-celery/venv/lib/python3.9/site-packages/airflow/models/taskinstance.py", line 444, in _execute_task
    result = _execute_callable(context=context, **execute_callable_kwargs)
  File "/home/luan/Documents/airflow-executores-local-celery/venv/lib/python3.9/site-packages/airflow/models/taskinstance.py", line 414, in _execute_callable
    return execute_callable(context=context, **execute_callable_kwargs)
  File "/home/luan/Documents/airflow-executores-local-celery/venv/lib/python3.9/site-packages/airflow/decorators/base.py", line 241, in execute
    return_value = super().execute(context)
  File "/home/luan/Documents/airflow-executores-local-celery/venv/lib/python3.9/site-packages/airflow/operators/python.py", line 200, in execute
    return_value = self.execute_callable()
  File "/home/luan/Documents/airflow-executores-local-celery/venv/lib/python3.9/site-packages/airflow/operators/python.py", line 217, in execute_callable
    return self.python_callable(*self.op_args, **self.op_kwargs)
  File "/home/luan/Documents/airflow-executores-local-celery/dags/get_stoks.py", line 19, in get_history
    yfinance.Ticker(ticker).history(
  File "/home/luan/Documents/airflow-executores-local-celery/venv/lib/python3.9/site-packages/yfinance/utils.py", line 103, in wrapper
    result = func(*args, **kwargs)
  File "/home/luan/Documents/airflow-executores-local-celery/venv/lib/python3.9/site-packages/yfinance/base.py", line 77, in history
    return self._lazy_load_price_history().history(*args, **kwargs)
  File "/home/luan/Documents/airflow-executores-local-celery/venv/lib/python3.9/site-packages/yfinance/utils.py", line 103, in wrapper
    result = func(*args, **kwargs)
  File "/home/luan/Documents/airflow-executores-local-celery/venv/lib/python3.9/site-packages/yfinance/scrapers/history.py", line 226, in history
    logger.debug(f'{self.ticker}: yfinance received OHLC data: {quotes.index[0]} -> {quotes.index[-1]}')
  File "/home/luan/Documents/airflow-executores-local-celery/venv/lib/python3.9/site-packages/pandas/core/indexes/base.py", line 5389, in __getitem__
    return getitem(key)
  File "/home/luan/Documents/airflow-executores-local-celery/venv/lib/python3.9/site-packages/pandas/core/arrays/datetimelike.py", line 379, in __getitem__
    result = cast("Union[Self, DTScalarOrNaT]", super().__getitem__(key))
  File "/home/luan/Documents/airflow-executores-local-celery/venv/lib/python3.9/site-packages/pandas/core/arrays/_mixins.py", line 284, in __getitem__
    result = self._ndarray[key]
IndexError: index 0 is out of bounds for axis 0 with size 0
[2024-03-06T12:04:11.969-0300] {taskinstance.py:1149} INFO - Marking task as FAILED. dag_id=get_stocks_dag, task_id=MSFT, execution_date=20240102T000000, start_date=20240306T150408, end_date=20240306T150411
[2024-03-06T12:04:15.428-0300] {standard_task_runner.py:107} ERROR - Failed to execute job 6 for task MSFT (index 0 is out of bounds for axis 0 with size 0; 39017)
[2024-03-06T12:04:15.471-0300] {local_task_job_runner.py:234} INFO - Task exited with return code 1
[2024-03-06T12:04:15.568-0300] {taskinstance.py:3309} INFO - 0 downstream tasks scheduled from follow-on schedule check
[2024-03-06T12:15:34.731-0300] {taskinstance.py:1979} INFO - Dependencies all met for dep_context=non-requeueable deps ti=<TaskInstance: get_stocks_dag.MSFT scheduled__2024-01-02T00:00:00+00:00 [queued]>
[2024-03-06T12:15:34.773-0300] {taskinstance.py:1979} INFO - Dependencies all met for dep_context=requeueable deps ti=<TaskInstance: get_stocks_dag.MSFT scheduled__2024-01-02T00:00:00+00:00 [queued]>
[2024-03-06T12:15:34.773-0300] {taskinstance.py:2193} INFO - Starting attempt 1 of 1
[2024-03-06T12:15:34.830-0300] {taskinstance.py:2214} INFO - Executing <Task(_PythonDecoratedOperator): MSFT> on 2024-01-02 00:00:00+00:00
[2024-03-06T12:15:34.840-0300] {standard_task_runner.py:60} INFO - Started process 46555 to run task
[2024-03-06T12:15:34.861-0300] {standard_task_runner.py:87} INFO - Running: ['airflow', 'tasks', 'run', 'get_stocks_dag', 'MSFT', 'scheduled__2024-01-02T00:00:00+00:00', '--job-id', '153', '--raw', '--subdir', 'DAGS_FOLDER/get_stoks.py', '--cfg-path', '/tmp/tmpia167_gt']
[2024-03-06T12:15:34.866-0300] {standard_task_runner.py:88} INFO - Job 153: Subtask MSFT
[2024-03-06T12:15:35.112-0300] {task_command.py:423} INFO - Running <TaskInstance: get_stocks_dag.MSFT scheduled__2024-01-02T00:00:00+00:00 [running]> on host BITL0401.
[2024-03-06T12:15:35.407-0300] {taskinstance.py:2510} INFO - Exporting env vars: AIRFLOW_CTX_DAG_OWNER='airflow' AIRFLOW_CTX_DAG_ID='get_stocks_dag' AIRFLOW_CTX_TASK_ID='MSFT' AIRFLOW_CTX_EXECUTION_DATE='2024-01-02T00:00:00+00:00' AIRFLOW_CTX_TRY_NUMBER='1' AIRFLOW_CTX_DAG_RUN_ID='scheduled__2024-01-02T00:00:00+00:00'
[2024-03-06T12:15:38.712-0300] {taskinstance.py:2728} ERROR - Task failed with exception
Traceback (most recent call last):
  File "/home/luan/Documents/airflow-executores-local-celery/venv/lib/python3.9/site-packages/airflow/models/taskinstance.py", line 444, in _execute_task
    result = _execute_callable(context=context, **execute_callable_kwargs)
  File "/home/luan/Documents/airflow-executores-local-celery/venv/lib/python3.9/site-packages/airflow/models/taskinstance.py", line 414, in _execute_callable
    return execute_callable(context=context, **execute_callable_kwargs)
  File "/home/luan/Documents/airflow-executores-local-celery/venv/lib/python3.9/site-packages/airflow/decorators/base.py", line 241, in execute
    return_value = super().execute(context)
  File "/home/luan/Documents/airflow-executores-local-celery/venv/lib/python3.9/site-packages/airflow/operators/python.py", line 200, in execute
    return_value = self.execute_callable()
  File "/home/luan/Documents/airflow-executores-local-celery/venv/lib/python3.9/site-packages/airflow/operators/python.py", line 217, in execute_callable
    return self.python_callable(*self.op_args, **self.op_kwargs)
  File "/home/luan/Documents/airflow-executores-local-celery/dags/get_stoks.py", line 19, in get_history
    yfinance.Ticker(ticker).history(
  File "/home/luan/Documents/airflow-executores-local-celery/venv/lib/python3.9/site-packages/yfinance/utils.py", line 103, in wrapper
    result = func(*args, **kwargs)
  File "/home/luan/Documents/airflow-executores-local-celery/venv/lib/python3.9/site-packages/yfinance/base.py", line 77, in history
    return self._lazy_load_price_history().history(*args, **kwargs)
  File "/home/luan/Documents/airflow-executores-local-celery/venv/lib/python3.9/site-packages/yfinance/utils.py", line 103, in wrapper
    result = func(*args, **kwargs)
  File "/home/luan/Documents/airflow-executores-local-celery/venv/lib/python3.9/site-packages/yfinance/scrapers/history.py", line 226, in history
    logger.debug(f'{self.ticker}: yfinance received OHLC data: {quotes.index[0]} -> {quotes.index[-1]}')
  File "/home/luan/Documents/airflow-executores-local-celery/venv/lib/python3.9/site-packages/pandas/core/indexes/base.py", line 5389, in __getitem__
    return getitem(key)
  File "/home/luan/Documents/airflow-executores-local-celery/venv/lib/python3.9/site-packages/pandas/core/arrays/datetimelike.py", line 379, in __getitem__
    result = cast("Union[Self, DTScalarOrNaT]", super().__getitem__(key))
  File "/home/luan/Documents/airflow-executores-local-celery/venv/lib/python3.9/site-packages/pandas/core/arrays/_mixins.py", line 284, in __getitem__
    result = self._ndarray[key]
IndexError: index 0 is out of bounds for axis 0 with size 0
[2024-03-06T12:15:40.980-0300] {taskinstance.py:1149} INFO - Marking task as FAILED. dag_id=get_stocks_dag, task_id=MSFT, execution_date=20240102T000000, start_date=20240306T151534, end_date=20240306T151540
[2024-03-06T12:15:41.296-0300] {standard_task_runner.py:107} ERROR - Failed to execute job 153 for task MSFT (index 0 is out of bounds for axis 0 with size 0; 46555)
[2024-03-06T12:15:41.378-0300] {local_task_job_runner.py:234} INFO - Task exited with return code 1
[2024-03-06T12:15:41.467-0300] {taskinstance.py:3309} INFO - 0 downstream tasks scheduled from follow-on schedule check
[2024-03-06T12:16:56.662-0300] {taskinstance.py:1979} INFO - Dependencies all met for dep_context=non-requeueable deps ti=<TaskInstance: get_stocks_dag.MSFT scheduled__2024-01-02T00:00:00+00:00 [queued]>
[2024-03-06T12:16:56.672-0300] {taskinstance.py:1979} INFO - Dependencies all met for dep_context=requeueable deps ti=<TaskInstance: get_stocks_dag.MSFT scheduled__2024-01-02T00:00:00+00:00 [queued]>
[2024-03-06T12:16:56.673-0300] {taskinstance.py:2193} INFO - Starting attempt 1 of 1
[2024-03-06T12:16:56.686-0300] {taskinstance.py:2214} INFO - Executing <Task(_PythonDecoratedOperator): MSFT> on 2024-01-02 00:00:00+00:00
[2024-03-06T12:16:56.691-0300] {standard_task_runner.py:60} INFO - Started process 48542 to run task
[2024-03-06T12:16:56.694-0300] {standard_task_runner.py:87} INFO - Running: ['airflow', 'tasks', 'run', 'get_stocks_dag', 'MSFT', 'scheduled__2024-01-02T00:00:00+00:00', '--job-id', '201', '--raw', '--subdir', 'DAGS_FOLDER/get_stoks.py', '--cfg-path', '/tmp/tmp4kq89r1i']
[2024-03-06T12:16:56.696-0300] {standard_task_runner.py:88} INFO - Job 201: Subtask MSFT
[2024-03-06T12:16:56.757-0300] {task_command.py:423} INFO - Running <TaskInstance: get_stocks_dag.MSFT scheduled__2024-01-02T00:00:00+00:00 [running]> on host BITL0401.
[2024-03-06T12:16:56.851-0300] {taskinstance.py:2510} INFO - Exporting env vars: AIRFLOW_CTX_DAG_OWNER='airflow' AIRFLOW_CTX_DAG_ID='get_stocks_dag' AIRFLOW_CTX_TASK_ID='MSFT' AIRFLOW_CTX_EXECUTION_DATE='2024-01-02T00:00:00+00:00' AIRFLOW_CTX_TRY_NUMBER='1' AIRFLOW_CTX_DAG_RUN_ID='scheduled__2024-01-02T00:00:00+00:00'
[2024-03-06T12:16:57.493-0300] {taskinstance.py:2728} ERROR - Task failed with exception
Traceback (most recent call last):
  File "/home/luan/Documents/airflow-executores-local-celery/venv/lib/python3.9/site-packages/airflow/models/taskinstance.py", line 444, in _execute_task
    result = _execute_callable(context=context, **execute_callable_kwargs)
  File "/home/luan/Documents/airflow-executores-local-celery/venv/lib/python3.9/site-packages/airflow/models/taskinstance.py", line 414, in _execute_callable
    return execute_callable(context=context, **execute_callable_kwargs)
  File "/home/luan/Documents/airflow-executores-local-celery/venv/lib/python3.9/site-packages/airflow/decorators/base.py", line 241, in execute
    return_value = super().execute(context)
  File "/home/luan/Documents/airflow-executores-local-celery/venv/lib/python3.9/site-packages/airflow/operators/python.py", line 200, in execute
    return_value = self.execute_callable()
  File "/home/luan/Documents/airflow-executores-local-celery/venv/lib/python3.9/site-packages/airflow/operators/python.py", line 217, in execute_callable
    return self.python_callable(*self.op_args, **self.op_kwargs)
  File "/home/luan/Documents/airflow-executores-local-celery/dags/get_stoks.py", line 19, in get_history
    yfinance.Ticker(ticker).history(
  File "/home/luan/Documents/airflow-executores-local-celery/venv/lib/python3.9/site-packages/yfinance/utils.py", line 103, in wrapper
    result = func(*args, **kwargs)
  File "/home/luan/Documents/airflow-executores-local-celery/venv/lib/python3.9/site-packages/yfinance/base.py", line 77, in history
    return self._lazy_load_price_history().history(*args, **kwargs)
  File "/home/luan/Documents/airflow-executores-local-celery/venv/lib/python3.9/site-packages/yfinance/utils.py", line 103, in wrapper
    result = func(*args, **kwargs)
  File "/home/luan/Documents/airflow-executores-local-celery/venv/lib/python3.9/site-packages/yfinance/scrapers/history.py", line 226, in history
    logger.debug(f'{self.ticker}: yfinance received OHLC data: {quotes.index[0]} -> {quotes.index[-1]}')
  File "/home/luan/Documents/airflow-executores-local-celery/venv/lib/python3.9/site-packages/pandas/core/indexes/base.py", line 5389, in __getitem__
    return getitem(key)
  File "/home/luan/Documents/airflow-executores-local-celery/venv/lib/python3.9/site-packages/pandas/core/arrays/datetimelike.py", line 379, in __getitem__
    result = cast("Union[Self, DTScalarOrNaT]", super().__getitem__(key))
  File "/home/luan/Documents/airflow-executores-local-celery/venv/lib/python3.9/site-packages/pandas/core/arrays/_mixins.py", line 284, in __getitem__
    result = self._ndarray[key]
IndexError: index 0 is out of bounds for axis 0 with size 0
[2024-03-06T12:16:57.509-0300] {taskinstance.py:1149} INFO - Marking task as FAILED. dag_id=get_stocks_dag, task_id=MSFT, execution_date=20240102T000000, start_date=20240306T151656, end_date=20240306T151657
[2024-03-06T12:16:57.525-0300] {standard_task_runner.py:107} ERROR - Failed to execute job 201 for task MSFT (index 0 is out of bounds for axis 0 with size 0; 48542)
[2024-03-06T12:16:57.551-0300] {local_task_job_runner.py:234} INFO - Task exited with return code 1
[2024-03-06T12:16:57.574-0300] {taskinstance.py:3309} INFO - 0 downstream tasks scheduled from follow-on schedule check
[2024-03-06T14:38:36.021-0300] {taskinstance.py:1979} INFO - Dependencies all met for dep_context=non-requeueable deps ti=<TaskInstance: get_stocks_dag.MSFT scheduled__2024-01-02T00:00:00+00:00 [queued]>
[2024-03-06T14:38:36.037-0300] {taskinstance.py:1979} INFO - Dependencies all met for dep_context=requeueable deps ti=<TaskInstance: get_stocks_dag.MSFT scheduled__2024-01-02T00:00:00+00:00 [queued]>
[2024-03-06T14:38:36.037-0300] {taskinstance.py:2193} INFO - Starting attempt 1 of 1
[2024-03-06T14:38:36.056-0300] {taskinstance.py:2214} INFO - Executing <Task(_PythonDecoratedOperator): MSFT> on 2024-01-02 00:00:00+00:00
[2024-03-06T14:38:36.060-0300] {standard_task_runner.py:60} INFO - Started process 82642 to run task
[2024-03-06T14:38:36.062-0300] {standard_task_runner.py:87} INFO - Running: ['airflow', 'tasks', 'run', 'get_stocks_dag', 'MSFT', 'scheduled__2024-01-02T00:00:00+00:00', '--job-id', '255', '--raw', '--subdir', 'DAGS_FOLDER/get_stoks.py', '--cfg-path', '/tmp/tmpit9qzz5o']
[2024-03-06T14:38:36.064-0300] {standard_task_runner.py:88} INFO - Job 255: Subtask MSFT
[2024-03-06T14:38:36.127-0300] {task_command.py:423} INFO - Running <TaskInstance: get_stocks_dag.MSFT scheduled__2024-01-02T00:00:00+00:00 [running]> on host BITL0401.
[2024-03-06T14:38:36.224-0300] {taskinstance.py:2510} INFO - Exporting env vars: AIRFLOW_CTX_DAG_OWNER='airflow' AIRFLOW_CTX_DAG_ID='get_stocks_dag' AIRFLOW_CTX_TASK_ID='MSFT' AIRFLOW_CTX_EXECUTION_DATE='2024-01-02T00:00:00+00:00' AIRFLOW_CTX_TRY_NUMBER='1' AIRFLOW_CTX_DAG_RUN_ID='scheduled__2024-01-02T00:00:00+00:00'
[2024-03-06T14:38:41.749-0300] {history.py:222} ERROR - MSFT: No price data found, symbol may be delisted (1h 2024-01-01 -> 2024-01-02)
[2024-03-06T14:38:41.752-0300] {python.py:202} INFO - Done. Returned value was: None
[2024-03-06T14:38:41.766-0300] {taskinstance.py:1149} INFO - Marking task as SUCCESS. dag_id=get_stocks_dag, task_id=MSFT, execution_date=20240102T000000, start_date=20240306T173836, end_date=20240306T173841
[2024-03-06T14:38:41.803-0300] {local_task_job_runner.py:234} INFO - Task exited with return code 0
[2024-03-06T14:38:41.822-0300] {taskinstance.py:3309} INFO - 0 downstream tasks scheduled from follow-on schedule check
[2024-03-06T14:48:56.409-0300] {taskinstance.py:1979} INFO - Dependencies all met for dep_context=non-requeueable deps ti=<TaskInstance: get_stocks_dag.MSFT scheduled__2024-01-02T00:00:00+00:00 [queued]>
[2024-03-06T14:48:56.423-0300] {taskinstance.py:1979} INFO - Dependencies all met for dep_context=requeueable deps ti=<TaskInstance: get_stocks_dag.MSFT scheduled__2024-01-02T00:00:00+00:00 [queued]>
[2024-03-06T14:48:56.423-0300] {taskinstance.py:2193} INFO - Starting attempt 1 of 1
[2024-03-06T14:48:56.456-0300] {taskinstance.py:2214} INFO - Executing <Task(_PythonDecoratedOperator): MSFT> on 2024-01-02 00:00:00+00:00
[2024-03-06T14:48:56.463-0300] {standard_task_runner.py:60} INFO - Started process 86427 to run task
[2024-03-06T14:48:56.467-0300] {standard_task_runner.py:87} INFO - Running: ['airflow', 'tasks', 'run', 'get_stocks_dag', 'MSFT', 'scheduled__2024-01-02T00:00:00+00:00', '--job-id', '281', '--raw', '--subdir', 'DAGS_FOLDER/get_stoks.py', '--cfg-path', '/tmp/tmpk_9kq_3_']
[2024-03-06T14:48:56.469-0300] {standard_task_runner.py:88} INFO - Job 281: Subtask MSFT
[2024-03-06T14:48:56.543-0300] {task_command.py:423} INFO - Running <TaskInstance: get_stocks_dag.MSFT scheduled__2024-01-02T00:00:00+00:00 [running]> on host BITL0401.
[2024-03-06T14:48:56.656-0300] {taskinstance.py:2510} INFO - Exporting env vars: AIRFLOW_CTX_DAG_OWNER='airflow' AIRFLOW_CTX_DAG_ID='get_stocks_dag' AIRFLOW_CTX_TASK_ID='MSFT' AIRFLOW_CTX_EXECUTION_DATE='2024-01-02T00:00:00+00:00' AIRFLOW_CTX_TRY_NUMBER='1' AIRFLOW_CTX_DAG_RUN_ID='scheduled__2024-01-02T00:00:00+00:00'
[2024-03-06T14:48:57.186-0300] {history.py:222} ERROR - MSFT: No price data found, symbol may be delisted (1h 2024-01-01 -> 2024-01-02)
[2024-03-06T14:48:57.191-0300] {python.py:202} INFO - Done. Returned value was: None
[2024-03-06T14:48:57.212-0300] {taskinstance.py:1149} INFO - Marking task as SUCCESS. dag_id=get_stocks_dag, task_id=MSFT, execution_date=20240102T000000, start_date=20240306T174856, end_date=20240306T174857
[2024-03-06T14:48:57.244-0300] {local_task_job_runner.py:234} INFO - Task exited with return code 0
[2024-03-06T14:48:57.279-0300] {taskinstance.py:3309} INFO - 0 downstream tasks scheduled from follow-on schedule check
[2024-03-06T14:59:38.304-0300] {taskinstance.py:1979} INFO - Dependencies all met for dep_context=non-requeueable deps ti=<TaskInstance: get_stocks_dag.MSFT scheduled__2024-01-02T00:00:00+00:00 [queued]>
[2024-03-06T14:59:38.319-0300] {taskinstance.py:1979} INFO - Dependencies all met for dep_context=requeueable deps ti=<TaskInstance: get_stocks_dag.MSFT scheduled__2024-01-02T00:00:00+00:00 [queued]>
[2024-03-06T14:59:38.320-0300] {taskinstance.py:2193} INFO - Starting attempt 1 of 1
[2024-03-06T14:59:38.337-0300] {taskinstance.py:2214} INFO - Executing <Task(_PythonDecoratedOperator): MSFT> on 2024-01-02 00:00:00+00:00
[2024-03-06T14:59:38.342-0300] {standard_task_runner.py:60} INFO - Started process 90513 to run task
[2024-03-06T14:59:38.346-0300] {standard_task_runner.py:87} INFO - Running: ['airflow', 'tasks', 'run', 'get_stocks_dag', 'MSFT', 'scheduled__2024-01-02T00:00:00+00:00', '--job-id', '308', '--raw', '--subdir', 'DAGS_FOLDER/get_stoks.py', '--cfg-path', '/tmp/tmpiqqvd2un']
[2024-03-06T14:59:38.347-0300] {standard_task_runner.py:88} INFO - Job 308: Subtask MSFT
[2024-03-06T14:59:38.430-0300] {task_command.py:423} INFO - Running <TaskInstance: get_stocks_dag.MSFT scheduled__2024-01-02T00:00:00+00:00 [running]> on host BITL0401.
[2024-03-06T14:59:38.573-0300] {taskinstance.py:2510} INFO - Exporting env vars: AIRFLOW_CTX_DAG_OWNER='airflow' AIRFLOW_CTX_DAG_ID='get_stocks_dag' AIRFLOW_CTX_TASK_ID='MSFT' AIRFLOW_CTX_EXECUTION_DATE='2024-01-02T00:00:00+00:00' AIRFLOW_CTX_TRY_NUMBER='1' AIRFLOW_CTX_DAG_RUN_ID='scheduled__2024-01-02T00:00:00+00:00'
[2024-03-06T14:59:39.205-0300] {history.py:222} ERROR - MSFT: No price data found, symbol may be delisted (1h 2024-01-01 -> 2024-01-02)
[2024-03-06T14:59:49.217-0300] {python.py:202} INFO - Done. Returned value was: None
[2024-03-06T14:59:49.234-0300] {taskinstance.py:1149} INFO - Marking task as SUCCESS. dag_id=get_stocks_dag, task_id=MSFT, execution_date=20240102T000000, start_date=20240306T175938, end_date=20240306T175949
[2024-03-06T14:59:49.288-0300] {local_task_job_runner.py:234} INFO - Task exited with return code 0
[2024-03-06T14:59:49.316-0300] {taskinstance.py:3309} INFO - 0 downstream tasks scheduled from follow-on schedule check
