[2024-03-06T11:00:39.184-0300] {taskinstance.py:1979} INFO - Dependencies all met for dep_context=non-requeueable deps ti=<TaskInstance: get_stocks_dag.AAPL scheduled__2024-01-13T00:00:00+00:00 [queued]>
[2024-03-06T11:00:39.189-0300] {taskinstance.py:1979} INFO - Dependencies all met for dep_context=requeueable deps ti=<TaskInstance: get_stocks_dag.AAPL scheduled__2024-01-13T00:00:00+00:00 [queued]>
[2024-03-06T11:00:39.189-0300] {taskinstance.py:2193} INFO - Starting attempt 1 of 1
[2024-03-06T11:00:39.203-0300] {taskinstance.py:2214} INFO - Executing <Task(_PythonDecoratedOperator): AAPL> on 2024-01-13 00:00:00+00:00
[2024-03-06T11:00:39.207-0300] {standard_task_runner.py:60} INFO - Started process 19693 to run task
[2024-03-06T11:00:39.210-0300] {standard_task_runner.py:87} INFO - Running: ['airflow', 'tasks', 'run', 'get_stocks_dag', 'AAPL', 'scheduled__2024-01-13T00:00:00+00:00', '--job-id', '45', '--raw', '--subdir', 'DAGS_FOLDER/get_stoks.py', '--cfg-path', '/tmp/tmp2xs39n1u']
[2024-03-06T11:00:39.211-0300] {standard_task_runner.py:88} INFO - Job 45: Subtask AAPL
[2024-03-06T11:00:39.241-0300] {task_command.py:423} INFO - Running <TaskInstance: get_stocks_dag.AAPL scheduled__2024-01-13T00:00:00+00:00 [running]> on host BITL0401.
[2024-03-06T11:00:39.296-0300] {taskinstance.py:2510} INFO - Exporting env vars: AIRFLOW_CTX_DAG_OWNER='airflow' AIRFLOW_CTX_DAG_ID='get_stocks_dag' AIRFLOW_CTX_TASK_ID='AAPL' AIRFLOW_CTX_EXECUTION_DATE='2024-01-13T00:00:00+00:00' AIRFLOW_CTX_TRY_NUMBER='1' AIRFLOW_CTX_DAG_RUN_ID='scheduled__2024-01-13T00:00:00+00:00'
[2024-03-06T11:00:39.879-0300] {python.py:202} INFO - Done. Returned value was: None
[2024-03-06T11:00:39.883-0300] {taskinstance.py:1149} INFO - Marking task as SUCCESS. dag_id=get_stocks_dag, task_id=AAPL, execution_date=20240113T000000, start_date=20240306T140039, end_date=20240306T140039
[2024-03-06T11:00:39.908-0300] {local_task_job_runner.py:234} INFO - Task exited with return code 0
[2024-03-06T11:00:39.918-0300] {taskinstance.py:3309} INFO - 0 downstream tasks scheduled from follow-on schedule check
[2024-03-06T12:04:28.716-0300] {taskinstance.py:1979} INFO - Dependencies all met for dep_context=non-requeueable deps ti=<TaskInstance: get_stocks_dag.AAPL scheduled__2024-01-13T00:00:00+00:00 [queued]>
[2024-03-06T12:04:28.770-0300] {taskinstance.py:1979} INFO - Dependencies all met for dep_context=requeueable deps ti=<TaskInstance: get_stocks_dag.AAPL scheduled__2024-01-13T00:00:00+00:00 [queued]>
[2024-03-06T12:04:28.770-0300] {taskinstance.py:2193} INFO - Starting attempt 1 of 1
[2024-03-06T12:04:28.826-0300] {taskinstance.py:2214} INFO - Executing <Task(_PythonDecoratedOperator): AAPL> on 2024-01-13 00:00:00+00:00
[2024-03-06T12:04:28.846-0300] {standard_task_runner.py:60} INFO - Started process 40118 to run task
[2024-03-06T12:04:28.872-0300] {standard_task_runner.py:87} INFO - Running: ['airflow', 'tasks', 'run', 'get_stocks_dag', 'AAPL', 'scheduled__2024-01-13T00:00:00+00:00', '--job-id', '36', '--raw', '--subdir', 'DAGS_FOLDER/get_stoks.py', '--cfg-path', '/tmp/tmpqs67k5vj']
[2024-03-06T12:04:28.875-0300] {standard_task_runner.py:88} INFO - Job 36: Subtask AAPL
[2024-03-06T12:04:29.058-0300] {task_command.py:423} INFO - Running <TaskInstance: get_stocks_dag.AAPL scheduled__2024-01-13T00:00:00+00:00 [running]> on host BITL0401.
[2024-03-06T12:04:29.401-0300] {taskinstance.py:2510} INFO - Exporting env vars: AIRFLOW_CTX_DAG_OWNER='airflow' AIRFLOW_CTX_DAG_ID='get_stocks_dag' AIRFLOW_CTX_TASK_ID='AAPL' AIRFLOW_CTX_EXECUTION_DATE='2024-01-13T00:00:00+00:00' AIRFLOW_CTX_TRY_NUMBER='1' AIRFLOW_CTX_DAG_RUN_ID='scheduled__2024-01-13T00:00:00+00:00'
[2024-03-06T12:04:30.316-0300] {python.py:202} INFO - Done. Returned value was: None
[2024-03-06T12:04:30.330-0300] {taskinstance.py:1149} INFO - Marking task as SUCCESS. dag_id=get_stocks_dag, task_id=AAPL, execution_date=20240113T000000, start_date=20240306T150428, end_date=20240306T150430
[2024-03-06T12:04:30.654-0300] {local_task_job_runner.py:234} INFO - Task exited with return code 0
[2024-03-06T12:04:30.723-0300] {taskinstance.py:3309} INFO - 0 downstream tasks scheduled from follow-on schedule check
[2024-03-06T12:15:51.681-0300] {taskinstance.py:1979} INFO - Dependencies all met for dep_context=non-requeueable deps ti=<TaskInstance: get_stocks_dag.AAPL scheduled__2024-01-13T00:00:00+00:00 [queued]>
[2024-03-06T12:15:51.731-0300] {taskinstance.py:1979} INFO - Dependencies all met for dep_context=requeueable deps ti=<TaskInstance: get_stocks_dag.AAPL scheduled__2024-01-13T00:00:00+00:00 [queued]>
[2024-03-06T12:15:51.733-0300] {taskinstance.py:2193} INFO - Starting attempt 1 of 1
[2024-03-06T12:15:51.792-0300] {taskinstance.py:2214} INFO - Executing <Task(_PythonDecoratedOperator): AAPL> on 2024-01-13 00:00:00+00:00
[2024-03-06T12:15:51.813-0300] {standard_task_runner.py:60} INFO - Started process 47644 to run task
[2024-03-06T12:15:51.840-0300] {standard_task_runner.py:87} INFO - Running: ['airflow', 'tasks', 'run', 'get_stocks_dag', 'AAPL', 'scheduled__2024-01-13T00:00:00+00:00', '--job-id', '189', '--raw', '--subdir', 'DAGS_FOLDER/get_stoks.py', '--cfg-path', '/tmp/tmph6uv_aa0']
[2024-03-06T12:15:51.853-0300] {standard_task_runner.py:88} INFO - Job 189: Subtask AAPL
[2024-03-06T12:15:52.123-0300] {task_command.py:423} INFO - Running <TaskInstance: get_stocks_dag.AAPL scheduled__2024-01-13T00:00:00+00:00 [running]> on host BITL0401.
[2024-03-06T12:15:52.401-0300] {taskinstance.py:2510} INFO - Exporting env vars: AIRFLOW_CTX_DAG_OWNER='airflow' AIRFLOW_CTX_DAG_ID='get_stocks_dag' AIRFLOW_CTX_TASK_ID='AAPL' AIRFLOW_CTX_EXECUTION_DATE='2024-01-13T00:00:00+00:00' AIRFLOW_CTX_TRY_NUMBER='1' AIRFLOW_CTX_DAG_RUN_ID='scheduled__2024-01-13T00:00:00+00:00'
[2024-03-06T12:15:53.468-0300] {python.py:202} INFO - Done. Returned value was: None
[2024-03-06T12:15:53.553-0300] {taskinstance.py:1149} INFO - Marking task as SUCCESS. dag_id=get_stocks_dag, task_id=AAPL, execution_date=20240113T000000, start_date=20240306T151551, end_date=20240306T151553
[2024-03-06T12:15:53.702-0300] {local_task_job_runner.py:234} INFO - Task exited with return code 0
[2024-03-06T12:15:53.813-0300] {taskinstance.py:3309} INFO - 0 downstream tasks scheduled from follow-on schedule check
[2024-03-06T12:17:38.778-0300] {taskinstance.py:1979} INFO - Dependencies all met for dep_context=non-requeueable deps ti=<TaskInstance: get_stocks_dag.AAPL scheduled__2024-01-13T00:00:00+00:00 [queued]>
[2024-03-06T12:17:38.789-0300] {taskinstance.py:1979} INFO - Dependencies all met for dep_context=requeueable deps ti=<TaskInstance: get_stocks_dag.AAPL scheduled__2024-01-13T00:00:00+00:00 [queued]>
[2024-03-06T12:17:38.790-0300] {taskinstance.py:2193} INFO - Starting attempt 1 of 1
[2024-03-06T12:17:38.804-0300] {taskinstance.py:2214} INFO - Executing <Task(_PythonDecoratedOperator): AAPL> on 2024-01-13 00:00:00+00:00
[2024-03-06T12:17:38.809-0300] {standard_task_runner.py:60} INFO - Started process 49747 to run task
[2024-03-06T12:17:38.811-0300] {standard_task_runner.py:87} INFO - Running: ['airflow', 'tasks', 'run', 'get_stocks_dag', 'AAPL', 'scheduled__2024-01-13T00:00:00+00:00', '--job-id', '237', '--raw', '--subdir', 'DAGS_FOLDER/get_stoks.py', '--cfg-path', '/tmp/tmp9dw86b8r']
[2024-03-06T12:17:38.813-0300] {standard_task_runner.py:88} INFO - Job 237: Subtask AAPL
[2024-03-06T12:17:38.877-0300] {task_command.py:423} INFO - Running <TaskInstance: get_stocks_dag.AAPL scheduled__2024-01-13T00:00:00+00:00 [running]> on host BITL0401.
[2024-03-06T12:17:38.983-0300] {taskinstance.py:2510} INFO - Exporting env vars: AIRFLOW_CTX_DAG_OWNER='airflow' AIRFLOW_CTX_DAG_ID='get_stocks_dag' AIRFLOW_CTX_TASK_ID='AAPL' AIRFLOW_CTX_EXECUTION_DATE='2024-01-13T00:00:00+00:00' AIRFLOW_CTX_TRY_NUMBER='1' AIRFLOW_CTX_DAG_RUN_ID='scheduled__2024-01-13T00:00:00+00:00'
[2024-03-06T12:17:39.504-0300] {python.py:202} INFO - Done. Returned value was: None
[2024-03-06T12:17:39.518-0300] {taskinstance.py:1149} INFO - Marking task as SUCCESS. dag_id=get_stocks_dag, task_id=AAPL, execution_date=20240113T000000, start_date=20240306T151738, end_date=20240306T151739
[2024-03-06T12:17:39.548-0300] {local_task_job_runner.py:234} INFO - Task exited with return code 0
[2024-03-06T12:17:39.571-0300] {taskinstance.py:3309} INFO - 0 downstream tasks scheduled from follow-on schedule check
