[2024-03-06T11:01:20.361-0300] {taskinstance.py:1979} INFO - Dependencies all met for dep_context=non-requeueable deps ti=<TaskInstance: get_stocks_dag.TSLA scheduled__2024-01-18T00:00:00+00:00 [queued]>
[2024-03-06T11:01:20.366-0300] {taskinstance.py:1979} INFO - Dependencies all met for dep_context=requeueable deps ti=<TaskInstance: get_stocks_dag.TSLA scheduled__2024-01-18T00:00:00+00:00 [queued]>
[2024-03-06T11:01:20.367-0300] {taskinstance.py:2193} INFO - Starting attempt 1 of 1
[2024-03-06T11:01:20.382-0300] {taskinstance.py:2214} INFO - Executing <Task(_PythonDecoratedOperator): TSLA> on 2024-01-18 00:00:00+00:00
[2024-03-06T11:01:20.386-0300] {standard_task_runner.py:60} INFO - Started process 20022 to run task
[2024-03-06T11:01:20.388-0300] {standard_task_runner.py:87} INFO - Running: ['airflow', 'tasks', 'run', 'get_stocks_dag', 'TSLA', 'scheduled__2024-01-18T00:00:00+00:00', '--job-id', '60', '--raw', '--subdir', 'DAGS_FOLDER/get_stoks.py', '--cfg-path', '/tmp/tmp6aupixfh']
[2024-03-06T11:01:20.389-0300] {standard_task_runner.py:88} INFO - Job 60: Subtask TSLA
[2024-03-06T11:01:20.421-0300] {task_command.py:423} INFO - Running <TaskInstance: get_stocks_dag.TSLA scheduled__2024-01-18T00:00:00+00:00 [running]> on host BITL0401.
[2024-03-06T11:01:20.518-0300] {taskinstance.py:2510} INFO - Exporting env vars: AIRFLOW_CTX_DAG_OWNER='airflow' AIRFLOW_CTX_DAG_ID='get_stocks_dag' AIRFLOW_CTX_TASK_ID='TSLA' AIRFLOW_CTX_EXECUTION_DATE='2024-01-18T00:00:00+00:00' AIRFLOW_CTX_TRY_NUMBER='1' AIRFLOW_CTX_DAG_RUN_ID='scheduled__2024-01-18T00:00:00+00:00'
[2024-03-06T11:01:21.647-0300] {python.py:202} INFO - Done. Returned value was: None
[2024-03-06T11:01:21.650-0300] {taskinstance.py:1149} INFO - Marking task as SUCCESS. dag_id=get_stocks_dag, task_id=TSLA, execution_date=20240118T000000, start_date=20240306T140120, end_date=20240306T140121
[2024-03-06T11:01:21.732-0300] {local_task_job_runner.py:234} INFO - Task exited with return code 0
[2024-03-06T11:01:21.743-0300] {taskinstance.py:3309} INFO - 0 downstream tasks scheduled from follow-on schedule check
[2024-03-06T12:04:33.145-0300] {taskinstance.py:1979} INFO - Dependencies all met for dep_context=non-requeueable deps ti=<TaskInstance: get_stocks_dag.TSLA scheduled__2024-01-18T00:00:00+00:00 [queued]>
[2024-03-06T12:04:33.171-0300] {taskinstance.py:1979} INFO - Dependencies all met for dep_context=requeueable deps ti=<TaskInstance: get_stocks_dag.TSLA scheduled__2024-01-18T00:00:00+00:00 [queued]>
[2024-03-06T12:04:33.172-0300] {taskinstance.py:2193} INFO - Starting attempt 1 of 1
[2024-03-06T12:04:33.213-0300] {taskinstance.py:2214} INFO - Executing <Task(_PythonDecoratedOperator): TSLA> on 2024-01-18 00:00:00+00:00
[2024-03-06T12:04:33.234-0300] {standard_task_runner.py:60} INFO - Started process 40480 to run task
[2024-03-06T12:04:33.239-0300] {standard_task_runner.py:87} INFO - Running: ['airflow', 'tasks', 'run', 'get_stocks_dag', 'TSLA', 'scheduled__2024-01-18T00:00:00+00:00', '--job-id', '51', '--raw', '--subdir', 'DAGS_FOLDER/get_stoks.py', '--cfg-path', '/tmp/tmpoa2vjxa3']
[2024-03-06T12:04:33.243-0300] {standard_task_runner.py:88} INFO - Job 51: Subtask TSLA
[2024-03-06T12:04:33.481-0300] {task_command.py:423} INFO - Running <TaskInstance: get_stocks_dag.TSLA scheduled__2024-01-18T00:00:00+00:00 [running]> on host BITL0401.
[2024-03-06T12:04:33.952-0300] {taskinstance.py:2510} INFO - Exporting env vars: AIRFLOW_CTX_DAG_OWNER='airflow' AIRFLOW_CTX_DAG_ID='get_stocks_dag' AIRFLOW_CTX_TASK_ID='TSLA' AIRFLOW_CTX_EXECUTION_DATE='2024-01-18T00:00:00+00:00' AIRFLOW_CTX_TRY_NUMBER='1' AIRFLOW_CTX_DAG_RUN_ID='scheduled__2024-01-18T00:00:00+00:00'
[2024-03-06T12:04:35.748-0300] {python.py:202} INFO - Done. Returned value was: None
[2024-03-06T12:04:35.762-0300] {taskinstance.py:1149} INFO - Marking task as SUCCESS. dag_id=get_stocks_dag, task_id=TSLA, execution_date=20240118T000000, start_date=20240306T150433, end_date=20240306T150435
[2024-03-06T12:04:35.797-0300] {local_task_job_runner.py:234} INFO - Task exited with return code 0
[2024-03-06T12:04:35.819-0300] {taskinstance.py:3309} INFO - 0 downstream tasks scheduled from follow-on schedule check
[2024-03-06T12:15:53.087-0300] {taskinstance.py:1979} INFO - Dependencies all met for dep_context=non-requeueable deps ti=<TaskInstance: get_stocks_dag.TSLA scheduled__2024-01-18T00:00:00+00:00 [queued]>
[2024-03-06T12:15:53.128-0300] {taskinstance.py:1979} INFO - Dependencies all met for dep_context=requeueable deps ti=<TaskInstance: get_stocks_dag.TSLA scheduled__2024-01-18T00:00:00+00:00 [queued]>
[2024-03-06T12:15:53.129-0300] {taskinstance.py:2193} INFO - Starting attempt 1 of 1
[2024-03-06T12:15:53.349-0300] {taskinstance.py:2214} INFO - Executing <Task(_PythonDecoratedOperator): TSLA> on 2024-01-18 00:00:00+00:00
[2024-03-06T12:15:53.374-0300] {standard_task_runner.py:60} INFO - Started process 47805 to run task
[2024-03-06T12:15:53.385-0300] {standard_task_runner.py:87} INFO - Running: ['airflow', 'tasks', 'run', 'get_stocks_dag', 'TSLA', 'scheduled__2024-01-18T00:00:00+00:00', '--job-id', '191', '--raw', '--subdir', 'DAGS_FOLDER/get_stoks.py', '--cfg-path', '/tmp/tmpt0kvin8c']
[2024-03-06T12:15:53.389-0300] {standard_task_runner.py:88} INFO - Job 191: Subtask TSLA
[2024-03-06T12:15:53.638-0300] {task_command.py:423} INFO - Running <TaskInstance: get_stocks_dag.TSLA scheduled__2024-01-18T00:00:00+00:00 [running]> on host BITL0401.
[2024-03-06T12:15:54.079-0300] {taskinstance.py:2510} INFO - Exporting env vars: AIRFLOW_CTX_DAG_OWNER='airflow' AIRFLOW_CTX_DAG_ID='get_stocks_dag' AIRFLOW_CTX_TASK_ID='TSLA' AIRFLOW_CTX_EXECUTION_DATE='2024-01-18T00:00:00+00:00' AIRFLOW_CTX_TRY_NUMBER='1' AIRFLOW_CTX_DAG_RUN_ID='scheduled__2024-01-18T00:00:00+00:00'
[2024-03-06T12:15:55.226-0300] {python.py:202} INFO - Done. Returned value was: None
[2024-03-06T12:15:55.258-0300] {taskinstance.py:1149} INFO - Marking task as SUCCESS. dag_id=get_stocks_dag, task_id=TSLA, execution_date=20240118T000000, start_date=20240306T151553, end_date=20240306T151555
[2024-03-06T12:15:55.328-0300] {local_task_job_runner.py:234} INFO - Task exited with return code 0
[2024-03-06T12:15:55.369-0300] {taskinstance.py:3309} INFO - 0 downstream tasks scheduled from follow-on schedule check
[2024-03-06T12:17:51.692-0300] {taskinstance.py:1979} INFO - Dependencies all met for dep_context=non-requeueable deps ti=<TaskInstance: get_stocks_dag.TSLA scheduled__2024-01-18T00:00:00+00:00 [queued]>
[2024-03-06T12:17:51.703-0300] {taskinstance.py:1979} INFO - Dependencies all met for dep_context=requeueable deps ti=<TaskInstance: get_stocks_dag.TSLA scheduled__2024-01-18T00:00:00+00:00 [queued]>
[2024-03-06T12:17:51.703-0300] {taskinstance.py:2193} INFO - Starting attempt 1 of 1
[2024-03-06T12:17:51.716-0300] {taskinstance.py:2214} INFO - Executing <Task(_PythonDecoratedOperator): TSLA> on 2024-01-18 00:00:00+00:00
[2024-03-06T12:17:51.721-0300] {standard_task_runner.py:60} INFO - Started process 50118 to run task
[2024-03-06T12:17:51.723-0300] {standard_task_runner.py:87} INFO - Running: ['airflow', 'tasks', 'run', 'get_stocks_dag', 'TSLA', 'scheduled__2024-01-18T00:00:00+00:00', '--job-id', '249', '--raw', '--subdir', 'DAGS_FOLDER/get_stoks.py', '--cfg-path', '/tmp/tmpvl6xpfeo']
[2024-03-06T12:17:51.724-0300] {standard_task_runner.py:88} INFO - Job 249: Subtask TSLA
[2024-03-06T12:17:51.793-0300] {task_command.py:423} INFO - Running <TaskInstance: get_stocks_dag.TSLA scheduled__2024-01-18T00:00:00+00:00 [running]> on host BITL0401.
[2024-03-06T12:17:51.903-0300] {taskinstance.py:2510} INFO - Exporting env vars: AIRFLOW_CTX_DAG_OWNER='airflow' AIRFLOW_CTX_DAG_ID='get_stocks_dag' AIRFLOW_CTX_TASK_ID='TSLA' AIRFLOW_CTX_EXECUTION_DATE='2024-01-18T00:00:00+00:00' AIRFLOW_CTX_TRY_NUMBER='1' AIRFLOW_CTX_DAG_RUN_ID='scheduled__2024-01-18T00:00:00+00:00'
[2024-03-06T12:17:52.449-0300] {python.py:202} INFO - Done. Returned value was: None
[2024-03-06T12:17:52.466-0300] {taskinstance.py:1149} INFO - Marking task as SUCCESS. dag_id=get_stocks_dag, task_id=TSLA, execution_date=20240118T000000, start_date=20240306T151751, end_date=20240306T151752
[2024-03-06T12:17:52.499-0300] {local_task_job_runner.py:234} INFO - Task exited with return code 0
[2024-03-06T12:17:52.523-0300] {taskinstance.py:3309} INFO - 0 downstream tasks scheduled from follow-on schedule check
