[2024-03-06T11:00:04.808-0300] {taskinstance.py:1979} INFO - Dependencies all met for dep_context=non-requeueable deps ti=<TaskInstance: get_stocks_dag.MSFT scheduled__2024-01-10T00:00:00+00:00 [queued]>
[2024-03-06T11:00:04.813-0300] {taskinstance.py:1979} INFO - Dependencies all met for dep_context=requeueable deps ti=<TaskInstance: get_stocks_dag.MSFT scheduled__2024-01-10T00:00:00+00:00 [queued]>
[2024-03-06T11:00:04.814-0300] {taskinstance.py:2193} INFO - Starting attempt 1 of 1
[2024-03-06T11:00:04.827-0300] {taskinstance.py:2214} INFO - Executing <Task(_PythonDecoratedOperator): MSFT> on 2024-01-10 00:00:00+00:00
[2024-03-06T11:00:04.831-0300] {standard_task_runner.py:60} INFO - Started process 19435 to run task
[2024-03-06T11:00:04.834-0300] {standard_task_runner.py:87} INFO - Running: ['airflow', 'tasks', 'run', 'get_stocks_dag', 'MSFT', 'scheduled__2024-01-10T00:00:00+00:00', '--job-id', '34', '--raw', '--subdir', 'DAGS_FOLDER/get_stoks.py', '--cfg-path', '/tmp/tmphghfauug']
[2024-03-06T11:00:04.835-0300] {standard_task_runner.py:88} INFO - Job 34: Subtask MSFT
[2024-03-06T11:00:04.874-0300] {task_command.py:423} INFO - Running <TaskInstance: get_stocks_dag.MSFT scheduled__2024-01-10T00:00:00+00:00 [running]> on host BITL0401.
[2024-03-06T11:00:04.933-0300] {taskinstance.py:2510} INFO - Exporting env vars: AIRFLOW_CTX_DAG_OWNER='airflow' AIRFLOW_CTX_DAG_ID='get_stocks_dag' AIRFLOW_CTX_TASK_ID='MSFT' AIRFLOW_CTX_EXECUTION_DATE='2024-01-10T00:00:00+00:00' AIRFLOW_CTX_TRY_NUMBER='1' AIRFLOW_CTX_DAG_RUN_ID='scheduled__2024-01-10T00:00:00+00:00'
[2024-03-06T11:00:05.577-0300] {python.py:202} INFO - Done. Returned value was: None
[2024-03-06T11:00:05.581-0300] {taskinstance.py:1149} INFO - Marking task as SUCCESS. dag_id=get_stocks_dag, task_id=MSFT, execution_date=20240110T000000, start_date=20240306T140004, end_date=20240306T140005
[2024-03-06T11:00:05.611-0300] {local_task_job_runner.py:234} INFO - Task exited with return code 0
[2024-03-06T11:00:05.622-0300] {taskinstance.py:3309} INFO - 0 downstream tasks scheduled from follow-on schedule check
[2024-03-06T12:04:23.496-0300] {taskinstance.py:1979} INFO - Dependencies all met for dep_context=non-requeueable deps ti=<TaskInstance: get_stocks_dag.MSFT scheduled__2024-01-10T00:00:00+00:00 [queued]>
[2024-03-06T12:04:23.515-0300] {taskinstance.py:1979} INFO - Dependencies all met for dep_context=requeueable deps ti=<TaskInstance: get_stocks_dag.MSFT scheduled__2024-01-10T00:00:00+00:00 [queued]>
[2024-03-06T12:04:23.516-0300] {taskinstance.py:2193} INFO - Starting attempt 1 of 1
[2024-03-06T12:04:23.548-0300] {taskinstance.py:2214} INFO - Executing <Task(_PythonDecoratedOperator): MSFT> on 2024-01-10 00:00:00+00:00
[2024-03-06T12:04:23.564-0300] {standard_task_runner.py:60} INFO - Started process 39564 to run task
[2024-03-06T12:04:23.588-0300] {standard_task_runner.py:87} INFO - Running: ['airflow', 'tasks', 'run', 'get_stocks_dag', 'MSFT', 'scheduled__2024-01-10T00:00:00+00:00', '--job-id', '19', '--raw', '--subdir', 'DAGS_FOLDER/get_stoks.py', '--cfg-path', '/tmp/tmpxn7qxhit']
[2024-03-06T12:04:23.592-0300] {standard_task_runner.py:88} INFO - Job 19: Subtask MSFT
[2024-03-06T12:04:23.771-0300] {task_command.py:423} INFO - Running <TaskInstance: get_stocks_dag.MSFT scheduled__2024-01-10T00:00:00+00:00 [running]> on host BITL0401.
[2024-03-06T12:04:24.126-0300] {taskinstance.py:2510} INFO - Exporting env vars: AIRFLOW_CTX_DAG_OWNER='airflow' AIRFLOW_CTX_DAG_ID='get_stocks_dag' AIRFLOW_CTX_TASK_ID='MSFT' AIRFLOW_CTX_EXECUTION_DATE='2024-01-10T00:00:00+00:00' AIRFLOW_CTX_TRY_NUMBER='1' AIRFLOW_CTX_DAG_RUN_ID='scheduled__2024-01-10T00:00:00+00:00'
[2024-03-06T12:04:24.866-0300] {python.py:202} INFO - Done. Returned value was: None
[2024-03-06T12:04:24.884-0300] {taskinstance.py:1149} INFO - Marking task as SUCCESS. dag_id=get_stocks_dag, task_id=MSFT, execution_date=20240110T000000, start_date=20240306T150423, end_date=20240306T150424
[2024-03-06T12:04:24.958-0300] {local_task_job_runner.py:234} INFO - Task exited with return code 0
[2024-03-06T12:04:24.978-0300] {taskinstance.py:3309} INFO - 0 downstream tasks scheduled from follow-on schedule check
[2024-03-06T12:15:45.991-0300] {taskinstance.py:1979} INFO - Dependencies all met for dep_context=non-requeueable deps ti=<TaskInstance: get_stocks_dag.MSFT scheduled__2024-01-10T00:00:00+00:00 [queued]>
[2024-03-06T12:15:46.037-0300] {taskinstance.py:1979} INFO - Dependencies all met for dep_context=requeueable deps ti=<TaskInstance: get_stocks_dag.MSFT scheduled__2024-01-10T00:00:00+00:00 [queued]>
[2024-03-06T12:15:46.039-0300] {taskinstance.py:2193} INFO - Starting attempt 1 of 1
[2024-03-06T12:15:46.252-0300] {taskinstance.py:2214} INFO - Executing <Task(_PythonDecoratedOperator): MSFT> on 2024-01-10 00:00:00+00:00
[2024-03-06T12:15:46.262-0300] {standard_task_runner.py:60} INFO - Started process 47174 to run task
[2024-03-06T12:15:46.273-0300] {standard_task_runner.py:87} INFO - Running: ['airflow', 'tasks', 'run', 'get_stocks_dag', 'MSFT', 'scheduled__2024-01-10T00:00:00+00:00', '--job-id', '173', '--raw', '--subdir', 'DAGS_FOLDER/get_stoks.py', '--cfg-path', '/tmp/tmp1dyrnv3x']
[2024-03-06T12:15:46.277-0300] {standard_task_runner.py:88} INFO - Job 173: Subtask MSFT
[2024-03-06T12:15:46.425-0300] {task_command.py:423} INFO - Running <TaskInstance: get_stocks_dag.MSFT scheduled__2024-01-10T00:00:00+00:00 [running]> on host BITL0401.
[2024-03-06T12:15:46.669-0300] {taskinstance.py:2510} INFO - Exporting env vars: AIRFLOW_CTX_DAG_OWNER='airflow' AIRFLOW_CTX_DAG_ID='get_stocks_dag' AIRFLOW_CTX_TASK_ID='MSFT' AIRFLOW_CTX_EXECUTION_DATE='2024-01-10T00:00:00+00:00' AIRFLOW_CTX_TRY_NUMBER='1' AIRFLOW_CTX_DAG_RUN_ID='scheduled__2024-01-10T00:00:00+00:00'
[2024-03-06T12:15:47.724-0300] {python.py:202} INFO - Done. Returned value was: None
[2024-03-06T12:15:47.745-0300] {taskinstance.py:1149} INFO - Marking task as SUCCESS. dag_id=get_stocks_dag, task_id=MSFT, execution_date=20240110T000000, start_date=20240306T151545, end_date=20240306T151547
[2024-03-06T12:15:47.810-0300] {local_task_job_runner.py:234} INFO - Task exited with return code 0
[2024-03-06T12:15:47.892-0300] {taskinstance.py:3309} INFO - 0 downstream tasks scheduled from follow-on schedule check
[2024-03-06T12:17:24.436-0300] {taskinstance.py:1979} INFO - Dependencies all met for dep_context=non-requeueable deps ti=<TaskInstance: get_stocks_dag.MSFT scheduled__2024-01-10T00:00:00+00:00 [queued]>
[2024-03-06T12:17:24.448-0300] {taskinstance.py:1979} INFO - Dependencies all met for dep_context=requeueable deps ti=<TaskInstance: get_stocks_dag.MSFT scheduled__2024-01-10T00:00:00+00:00 [queued]>
[2024-03-06T12:17:24.449-0300] {taskinstance.py:2193} INFO - Starting attempt 1 of 1
[2024-03-06T12:17:24.462-0300] {taskinstance.py:2214} INFO - Executing <Task(_PythonDecoratedOperator): MSFT> on 2024-01-10 00:00:00+00:00
[2024-03-06T12:17:24.467-0300] {standard_task_runner.py:60} INFO - Started process 49345 to run task
[2024-03-06T12:17:24.470-0300] {standard_task_runner.py:87} INFO - Running: ['airflow', 'tasks', 'run', 'get_stocks_dag', 'MSFT', 'scheduled__2024-01-10T00:00:00+00:00', '--job-id', '226', '--raw', '--subdir', 'DAGS_FOLDER/get_stoks.py', '--cfg-path', '/tmp/tmpyyk_dfa9']
[2024-03-06T12:17:24.471-0300] {standard_task_runner.py:88} INFO - Job 226: Subtask MSFT
[2024-03-06T12:17:24.538-0300] {task_command.py:423} INFO - Running <TaskInstance: get_stocks_dag.MSFT scheduled__2024-01-10T00:00:00+00:00 [running]> on host BITL0401.
[2024-03-06T12:17:24.658-0300] {taskinstance.py:2510} INFO - Exporting env vars: AIRFLOW_CTX_DAG_OWNER='airflow' AIRFLOW_CTX_DAG_ID='get_stocks_dag' AIRFLOW_CTX_TASK_ID='MSFT' AIRFLOW_CTX_EXECUTION_DATE='2024-01-10T00:00:00+00:00' AIRFLOW_CTX_TRY_NUMBER='1' AIRFLOW_CTX_DAG_RUN_ID='scheduled__2024-01-10T00:00:00+00:00'
[2024-03-06T12:17:25.583-0300] {python.py:202} INFO - Done. Returned value was: None
[2024-03-06T12:17:25.599-0300] {taskinstance.py:1149} INFO - Marking task as SUCCESS. dag_id=get_stocks_dag, task_id=MSFT, execution_date=20240110T000000, start_date=20240306T151724, end_date=20240306T151725
[2024-03-06T12:17:25.650-0300] {local_task_job_runner.py:234} INFO - Task exited with return code 0
[2024-03-06T12:17:25.672-0300] {taskinstance.py:3309} INFO - 0 downstream tasks scheduled from follow-on schedule check
[2024-03-06T14:39:14.443-0300] {taskinstance.py:1979} INFO - Dependencies all met for dep_context=non-requeueable deps ti=<TaskInstance: get_stocks_dag.MSFT scheduled__2024-01-10T00:00:00+00:00 [queued]>
[2024-03-06T14:39:14.456-0300] {taskinstance.py:1979} INFO - Dependencies all met for dep_context=requeueable deps ti=<TaskInstance: get_stocks_dag.MSFT scheduled__2024-01-10T00:00:00+00:00 [queued]>
[2024-03-06T14:39:14.457-0300] {taskinstance.py:2193} INFO - Starting attempt 1 of 1
[2024-03-06T14:39:14.472-0300] {taskinstance.py:2214} INFO - Executing <Task(_PythonDecoratedOperator): MSFT> on 2024-01-10 00:00:00+00:00
[2024-03-06T14:39:14.476-0300] {standard_task_runner.py:60} INFO - Started process 83441 to run task
[2024-03-06T14:39:14.479-0300] {standard_task_runner.py:87} INFO - Running: ['airflow', 'tasks', 'run', 'get_stocks_dag', 'MSFT', 'scheduled__2024-01-10T00:00:00+00:00', '--job-id', '278', '--raw', '--subdir', 'DAGS_FOLDER/get_stoks.py', '--cfg-path', '/tmp/tmp4q1621xt']
[2024-03-06T14:39:14.480-0300] {standard_task_runner.py:88} INFO - Job 278: Subtask MSFT
[2024-03-06T14:39:14.548-0300] {task_command.py:423} INFO - Running <TaskInstance: get_stocks_dag.MSFT scheduled__2024-01-10T00:00:00+00:00 [running]> on host BITL0401.
[2024-03-06T14:39:14.652-0300] {taskinstance.py:2510} INFO - Exporting env vars: AIRFLOW_CTX_DAG_OWNER='airflow' AIRFLOW_CTX_DAG_ID='get_stocks_dag' AIRFLOW_CTX_TASK_ID='MSFT' AIRFLOW_CTX_EXECUTION_DATE='2024-01-10T00:00:00+00:00' AIRFLOW_CTX_TRY_NUMBER='1' AIRFLOW_CTX_DAG_RUN_ID='scheduled__2024-01-10T00:00:00+00:00'
[2024-03-06T14:39:15.150-0300] {python.py:202} INFO - Done. Returned value was: None
[2024-03-06T14:39:15.165-0300] {taskinstance.py:1149} INFO - Marking task as SUCCESS. dag_id=get_stocks_dag, task_id=MSFT, execution_date=20240110T000000, start_date=20240306T173914, end_date=20240306T173915
[2024-03-06T14:39:15.215-0300] {local_task_job_runner.py:234} INFO - Task exited with return code 0
[2024-03-06T14:39:15.239-0300] {taskinstance.py:3309} INFO - 0 downstream tasks scheduled from follow-on schedule check
