[2024-03-06T10:59:56.078-0300] {taskinstance.py:1979} INFO - Dependencies all met for dep_context=non-requeueable deps ti=<TaskInstance: get_stocks_dag.GOOG scheduled__2024-01-09T00:00:00+00:00 [queued]>
[2024-03-06T10:59:56.083-0300] {taskinstance.py:1979} INFO - Dependencies all met for dep_context=requeueable deps ti=<TaskInstance: get_stocks_dag.GOOG scheduled__2024-01-09T00:00:00+00:00 [queued]>
[2024-03-06T10:59:56.084-0300] {taskinstance.py:2193} INFO - Starting attempt 1 of 1
[2024-03-06T10:59:56.098-0300] {taskinstance.py:2214} INFO - Executing <Task(_PythonDecoratedOperator): GOOG> on 2024-01-09 00:00:00+00:00
[2024-03-06T10:59:56.102-0300] {standard_task_runner.py:60} INFO - Started process 19368 to run task
[2024-03-06T10:59:56.104-0300] {standard_task_runner.py:87} INFO - Running: ['airflow', 'tasks', 'run', 'get_stocks_dag', 'GOOG', 'scheduled__2024-01-09T00:00:00+00:00', '--job-id', '31', '--raw', '--subdir', 'DAGS_FOLDER/get_stoks.py', '--cfg-path', '/tmp/tmpz8f5ybjy']
[2024-03-06T10:59:56.105-0300] {standard_task_runner.py:88} INFO - Job 31: Subtask GOOG
[2024-03-06T10:59:56.138-0300] {task_command.py:423} INFO - Running <TaskInstance: get_stocks_dag.GOOG scheduled__2024-01-09T00:00:00+00:00 [running]> on host BITL0401.
[2024-03-06T10:59:56.194-0300] {taskinstance.py:2510} INFO - Exporting env vars: AIRFLOW_CTX_DAG_OWNER='airflow' AIRFLOW_CTX_DAG_ID='get_stocks_dag' AIRFLOW_CTX_TASK_ID='GOOG' AIRFLOW_CTX_EXECUTION_DATE='2024-01-09T00:00:00+00:00' AIRFLOW_CTX_TRY_NUMBER='1' AIRFLOW_CTX_DAG_RUN_ID='scheduled__2024-01-09T00:00:00+00:00'
[2024-03-06T10:59:56.802-0300] {python.py:202} INFO - Done. Returned value was: None
[2024-03-06T10:59:56.809-0300] {taskinstance.py:1149} INFO - Marking task as SUCCESS. dag_id=get_stocks_dag, task_id=GOOG, execution_date=20240109T000000, start_date=20240306T135956, end_date=20240306T135956
[2024-03-06T10:59:56.841-0300] {local_task_job_runner.py:234} INFO - Task exited with return code 0
[2024-03-06T10:59:56.856-0300] {taskinstance.py:3309} INFO - 0 downstream tasks scheduled from follow-on schedule check
[2024-03-06T12:04:23.513-0300] {taskinstance.py:1979} INFO - Dependencies all met for dep_context=non-requeueable deps ti=<TaskInstance: get_stocks_dag.GOOG scheduled__2024-01-09T00:00:00+00:00 [queued]>
[2024-03-06T12:04:23.539-0300] {taskinstance.py:1979} INFO - Dependencies all met for dep_context=requeueable deps ti=<TaskInstance: get_stocks_dag.GOOG scheduled__2024-01-09T00:00:00+00:00 [queued]>
[2024-03-06T12:04:23.541-0300] {taskinstance.py:2193} INFO - Starting attempt 1 of 1
[2024-03-06T12:04:23.610-0300] {taskinstance.py:2214} INFO - Executing <Task(_PythonDecoratedOperator): GOOG> on 2024-01-09 00:00:00+00:00
[2024-03-06T12:04:23.624-0300] {standard_task_runner.py:60} INFO - Started process 39575 to run task
[2024-03-06T12:04:23.639-0300] {standard_task_runner.py:87} INFO - Running: ['airflow', 'tasks', 'run', 'get_stocks_dag', 'GOOG', 'scheduled__2024-01-09T00:00:00+00:00', '--job-id', '20', '--raw', '--subdir', 'DAGS_FOLDER/get_stoks.py', '--cfg-path', '/tmp/tmp2u3nj8_8']
[2024-03-06T12:04:23.642-0300] {standard_task_runner.py:88} INFO - Job 20: Subtask GOOG
[2024-03-06T12:04:23.901-0300] {task_command.py:423} INFO - Running <TaskInstance: get_stocks_dag.GOOG scheduled__2024-01-09T00:00:00+00:00 [running]> on host BITL0401.
[2024-03-06T12:04:24.276-0300] {taskinstance.py:2510} INFO - Exporting env vars: AIRFLOW_CTX_DAG_OWNER='airflow' AIRFLOW_CTX_DAG_ID='get_stocks_dag' AIRFLOW_CTX_TASK_ID='GOOG' AIRFLOW_CTX_EXECUTION_DATE='2024-01-09T00:00:00+00:00' AIRFLOW_CTX_TRY_NUMBER='1' AIRFLOW_CTX_DAG_RUN_ID='scheduled__2024-01-09T00:00:00+00:00'
[2024-03-06T12:04:25.045-0300] {python.py:202} INFO - Done. Returned value was: None
[2024-03-06T12:04:25.059-0300] {taskinstance.py:1149} INFO - Marking task as SUCCESS. dag_id=get_stocks_dag, task_id=GOOG, execution_date=20240109T000000, start_date=20240306T150423, end_date=20240306T150425
[2024-03-06T12:04:25.108-0300] {local_task_job_runner.py:234} INFO - Task exited with return code 0
[2024-03-06T12:04:25.138-0300] {taskinstance.py:3309} INFO - 0 downstream tasks scheduled from follow-on schedule check
[2024-03-06T12:15:45.365-0300] {taskinstance.py:1979} INFO - Dependencies all met for dep_context=non-requeueable deps ti=<TaskInstance: get_stocks_dag.GOOG scheduled__2024-01-09T00:00:00+00:00 [queued]>
[2024-03-06T12:15:45.411-0300] {taskinstance.py:1979} INFO - Dependencies all met for dep_context=requeueable deps ti=<TaskInstance: get_stocks_dag.GOOG scheduled__2024-01-09T00:00:00+00:00 [queued]>
[2024-03-06T12:15:45.412-0300] {taskinstance.py:2193} INFO - Starting attempt 1 of 1
[2024-03-06T12:15:45.455-0300] {taskinstance.py:2214} INFO - Executing <Task(_PythonDecoratedOperator): GOOG> on 2024-01-09 00:00:00+00:00
[2024-03-06T12:15:45.470-0300] {standard_task_runner.py:60} INFO - Started process 47078 to run task
[2024-03-06T12:15:45.487-0300] {standard_task_runner.py:87} INFO - Running: ['airflow', 'tasks', 'run', 'get_stocks_dag', 'GOOG', 'scheduled__2024-01-09T00:00:00+00:00', '--job-id', '164', '--raw', '--subdir', 'DAGS_FOLDER/get_stoks.py', '--cfg-path', '/tmp/tmp8qng019w']
[2024-03-06T12:15:45.492-0300] {standard_task_runner.py:88} INFO - Job 164: Subtask GOOG
[2024-03-06T12:15:45.783-0300] {task_command.py:423} INFO - Running <TaskInstance: get_stocks_dag.GOOG scheduled__2024-01-09T00:00:00+00:00 [running]> on host BITL0401.
[2024-03-06T12:15:46.143-0300] {taskinstance.py:2510} INFO - Exporting env vars: AIRFLOW_CTX_DAG_OWNER='airflow' AIRFLOW_CTX_DAG_ID='get_stocks_dag' AIRFLOW_CTX_TASK_ID='GOOG' AIRFLOW_CTX_EXECUTION_DATE='2024-01-09T00:00:00+00:00' AIRFLOW_CTX_TRY_NUMBER='1' AIRFLOW_CTX_DAG_RUN_ID='scheduled__2024-01-09T00:00:00+00:00'
[2024-03-06T12:15:46.970-0300] {python.py:202} INFO - Done. Returned value was: None
[2024-03-06T12:15:47.000-0300] {taskinstance.py:1149} INFO - Marking task as SUCCESS. dag_id=get_stocks_dag, task_id=GOOG, execution_date=20240109T000000, start_date=20240306T151545, end_date=20240306T151547
[2024-03-06T12:15:47.052-0300] {local_task_job_runner.py:234} INFO - Task exited with return code 0
[2024-03-06T12:15:47.095-0300] {taskinstance.py:3309} INFO - 0 downstream tasks scheduled from follow-on schedule check
[2024-03-06T12:17:19.893-0300] {taskinstance.py:1979} INFO - Dependencies all met for dep_context=non-requeueable deps ti=<TaskInstance: get_stocks_dag.GOOG scheduled__2024-01-09T00:00:00+00:00 [queued]>
[2024-03-06T12:17:19.904-0300] {taskinstance.py:1979} INFO - Dependencies all met for dep_context=requeueable deps ti=<TaskInstance: get_stocks_dag.GOOG scheduled__2024-01-09T00:00:00+00:00 [queued]>
[2024-03-06T12:17:19.904-0300] {taskinstance.py:2193} INFO - Starting attempt 1 of 1
[2024-03-06T12:17:19.918-0300] {taskinstance.py:2214} INFO - Executing <Task(_PythonDecoratedOperator): GOOG> on 2024-01-09 00:00:00+00:00
[2024-03-06T12:17:19.923-0300] {standard_task_runner.py:60} INFO - Started process 49217 to run task
[2024-03-06T12:17:19.925-0300] {standard_task_runner.py:87} INFO - Running: ['airflow', 'tasks', 'run', 'get_stocks_dag', 'GOOG', 'scheduled__2024-01-09T00:00:00+00:00', '--job-id', '222', '--raw', '--subdir', 'DAGS_FOLDER/get_stoks.py', '--cfg-path', '/tmp/tmp2vlqy26s']
[2024-03-06T12:17:19.927-0300] {standard_task_runner.py:88} INFO - Job 222: Subtask GOOG
[2024-03-06T12:17:19.991-0300] {task_command.py:423} INFO - Running <TaskInstance: get_stocks_dag.GOOG scheduled__2024-01-09T00:00:00+00:00 [running]> on host BITL0401.
[2024-03-06T12:17:20.098-0300] {taskinstance.py:2510} INFO - Exporting env vars: AIRFLOW_CTX_DAG_OWNER='airflow' AIRFLOW_CTX_DAG_ID='get_stocks_dag' AIRFLOW_CTX_TASK_ID='GOOG' AIRFLOW_CTX_EXECUTION_DATE='2024-01-09T00:00:00+00:00' AIRFLOW_CTX_TRY_NUMBER='1' AIRFLOW_CTX_DAG_RUN_ID='scheduled__2024-01-09T00:00:00+00:00'
[2024-03-06T12:17:20.695-0300] {python.py:202} INFO - Done. Returned value was: None
[2024-03-06T12:17:20.710-0300] {taskinstance.py:1149} INFO - Marking task as SUCCESS. dag_id=get_stocks_dag, task_id=GOOG, execution_date=20240109T000000, start_date=20240306T151719, end_date=20240306T151720
[2024-03-06T12:17:20.745-0300] {local_task_job_runner.py:234} INFO - Task exited with return code 0
[2024-03-06T12:17:20.767-0300] {taskinstance.py:3309} INFO - 0 downstream tasks scheduled from follow-on schedule check
[2024-03-06T14:39:09.387-0300] {taskinstance.py:1979} INFO - Dependencies all met for dep_context=non-requeueable deps ti=<TaskInstance: get_stocks_dag.GOOG scheduled__2024-01-09T00:00:00+00:00 [queued]>
[2024-03-06T14:39:09.399-0300] {taskinstance.py:1979} INFO - Dependencies all met for dep_context=requeueable deps ti=<TaskInstance: get_stocks_dag.GOOG scheduled__2024-01-09T00:00:00+00:00 [queued]>
[2024-03-06T14:39:09.399-0300] {taskinstance.py:2193} INFO - Starting attempt 1 of 1
[2024-03-06T14:39:09.414-0300] {taskinstance.py:2214} INFO - Executing <Task(_PythonDecoratedOperator): GOOG> on 2024-01-09 00:00:00+00:00
[2024-03-06T14:39:09.420-0300] {standard_task_runner.py:60} INFO - Started process 83343 to run task
[2024-03-06T14:39:09.422-0300] {standard_task_runner.py:87} INFO - Running: ['airflow', 'tasks', 'run', 'get_stocks_dag', 'GOOG', 'scheduled__2024-01-09T00:00:00+00:00', '--job-id', '275', '--raw', '--subdir', 'DAGS_FOLDER/get_stoks.py', '--cfg-path', '/tmp/tmpvx5c51x2']
[2024-03-06T14:39:09.424-0300] {standard_task_runner.py:88} INFO - Job 275: Subtask GOOG
[2024-03-06T14:39:09.491-0300] {task_command.py:423} INFO - Running <TaskInstance: get_stocks_dag.GOOG scheduled__2024-01-09T00:00:00+00:00 [running]> on host BITL0401.
[2024-03-06T14:39:09.601-0300] {taskinstance.py:2510} INFO - Exporting env vars: AIRFLOW_CTX_DAG_OWNER='airflow' AIRFLOW_CTX_DAG_ID='get_stocks_dag' AIRFLOW_CTX_TASK_ID='GOOG' AIRFLOW_CTX_EXECUTION_DATE='2024-01-09T00:00:00+00:00' AIRFLOW_CTX_TRY_NUMBER='1' AIRFLOW_CTX_DAG_RUN_ID='scheduled__2024-01-09T00:00:00+00:00'
[2024-03-06T14:39:10.121-0300] {python.py:202} INFO - Done. Returned value was: None
[2024-03-06T14:39:10.137-0300] {taskinstance.py:1149} INFO - Marking task as SUCCESS. dag_id=get_stocks_dag, task_id=GOOG, execution_date=20240109T000000, start_date=20240306T173909, end_date=20240306T173910
[2024-03-06T14:39:10.159-0300] {local_task_job_runner.py:234} INFO - Task exited with return code 0
[2024-03-06T14:39:10.182-0300] {taskinstance.py:3309} INFO - 0 downstream tasks scheduled from follow-on schedule check
[2024-03-06T14:49:27.736-0300] {taskinstance.py:1979} INFO - Dependencies all met for dep_context=non-requeueable deps ti=<TaskInstance: get_stocks_dag.GOOG scheduled__2024-01-09T00:00:00+00:00 [queued]>
[2024-03-06T14:49:27.751-0300] {taskinstance.py:1979} INFO - Dependencies all met for dep_context=requeueable deps ti=<TaskInstance: get_stocks_dag.GOOG scheduled__2024-01-09T00:00:00+00:00 [queued]>
[2024-03-06T14:49:27.752-0300] {taskinstance.py:2193} INFO - Starting attempt 1 of 1
[2024-03-06T14:49:27.770-0300] {taskinstance.py:2214} INFO - Executing <Task(_PythonDecoratedOperator): GOOG> on 2024-01-09 00:00:00+00:00
[2024-03-06T14:49:27.774-0300] {standard_task_runner.py:60} INFO - Started process 87076 to run task
[2024-03-06T14:49:27.777-0300] {standard_task_runner.py:87} INFO - Running: ['airflow', 'tasks', 'run', 'get_stocks_dag', 'GOOG', 'scheduled__2024-01-09T00:00:00+00:00', '--job-id', '302', '--raw', '--subdir', 'DAGS_FOLDER/get_stoks.py', '--cfg-path', '/tmp/tmp2jny45q3']
[2024-03-06T14:49:27.779-0300] {standard_task_runner.py:88} INFO - Job 302: Subtask GOOG
[2024-03-06T14:49:27.850-0300] {task_command.py:423} INFO - Running <TaskInstance: get_stocks_dag.GOOG scheduled__2024-01-09T00:00:00+00:00 [running]> on host BITL0401.
[2024-03-06T14:49:27.964-0300] {taskinstance.py:2510} INFO - Exporting env vars: AIRFLOW_CTX_DAG_OWNER='airflow' AIRFLOW_CTX_DAG_ID='get_stocks_dag' AIRFLOW_CTX_TASK_ID='GOOG' AIRFLOW_CTX_EXECUTION_DATE='2024-01-09T00:00:00+00:00' AIRFLOW_CTX_TRY_NUMBER='1' AIRFLOW_CTX_DAG_RUN_ID='scheduled__2024-01-09T00:00:00+00:00'
[2024-03-06T14:49:28.460-0300] {python.py:202} INFO - Done. Returned value was: None
[2024-03-06T14:49:28.476-0300] {taskinstance.py:1149} INFO - Marking task as SUCCESS. dag_id=get_stocks_dag, task_id=GOOG, execution_date=20240109T000000, start_date=20240306T174927, end_date=20240306T174928
[2024-03-06T14:49:28.553-0300] {local_task_job_runner.py:234} INFO - Task exited with return code 0
[2024-03-06T14:49:28.579-0300] {taskinstance.py:3309} INFO - 0 downstream tasks scheduled from follow-on schedule check
[2024-03-06T15:10:44.396-0300] {taskinstance.py:1979} INFO - Dependencies all met for dep_context=non-requeueable deps ti=<TaskInstance: get_stocks_dag.GOOG scheduled__2024-01-09T00:00:00+00:00 [queued]>
[2024-03-06T15:10:44.411-0300] {taskinstance.py:1979} INFO - Dependencies all met for dep_context=requeueable deps ti=<TaskInstance: get_stocks_dag.GOOG scheduled__2024-01-09T00:00:00+00:00 [queued]>
[2024-03-06T15:10:44.412-0300] {taskinstance.py:2193} INFO - Starting attempt 1 of 1
[2024-03-06T15:10:44.428-0300] {taskinstance.py:2214} INFO - Executing <Task(_PythonDecoratedOperator): GOOG> on 2024-01-09 00:00:00+00:00
[2024-03-06T15:10:44.432-0300] {standard_task_runner.py:60} INFO - Started process 94667 to run task
[2024-03-06T15:10:44.435-0300] {standard_task_runner.py:87} INFO - Running: ['airflow', 'tasks', 'run', 'get_stocks_dag', 'GOOG', 'scheduled__2024-01-09T00:00:00+00:00', '--job-id', '347', '--raw', '--subdir', 'DAGS_FOLDER/get_stoks.py', '--cfg-path', '/tmp/tmp_zxi0tee']
[2024-03-06T15:10:44.436-0300] {standard_task_runner.py:88} INFO - Job 347: Subtask GOOG
[2024-03-06T15:10:44.500-0300] {task_command.py:423} INFO - Running <TaskInstance: get_stocks_dag.GOOG scheduled__2024-01-09T00:00:00+00:00 [running]> on host BITL0401.
[2024-03-06T15:10:44.615-0300] {taskinstance.py:2510} INFO - Exporting env vars: AIRFLOW_CTX_DAG_OWNER='airflow' AIRFLOW_CTX_DAG_ID='get_stocks_dag' AIRFLOW_CTX_TASK_ID='GOOG' AIRFLOW_CTX_EXECUTION_DATE='2024-01-09T00:00:00+00:00' AIRFLOW_CTX_TRY_NUMBER='1' AIRFLOW_CTX_DAG_RUN_ID='scheduled__2024-01-09T00:00:00+00:00'
[2024-03-06T15:10:56.119-0300] {python.py:202} INFO - Done. Returned value was: None
[2024-03-06T15:10:56.135-0300] {taskinstance.py:1149} INFO - Marking task as SUCCESS. dag_id=get_stocks_dag, task_id=GOOG, execution_date=20240109T000000, start_date=20240306T181044, end_date=20240306T181056
[2024-03-06T15:10:56.173-0300] {local_task_job_runner.py:234} INFO - Task exited with return code 0
[2024-03-06T15:10:56.193-0300] {taskinstance.py:3309} INFO - 0 downstream tasks scheduled from follow-on schedule check
