[2024-03-06T10:59:30.833-0300] {taskinstance.py:1979} INFO - Dependencies all met for dep_context=non-requeueable deps ti=<TaskInstance: get_stocks_dag.GOOG scheduled__2024-01-05T00:00:00+00:00 [queued]>
[2024-03-06T10:59:30.839-0300] {taskinstance.py:1979} INFO - Dependencies all met for dep_context=requeueable deps ti=<TaskInstance: get_stocks_dag.GOOG scheduled__2024-01-05T00:00:00+00:00 [queued]>
[2024-03-06T10:59:30.840-0300] {taskinstance.py:2193} INFO - Starting attempt 1 of 1
[2024-03-06T10:59:30.854-0300] {taskinstance.py:2214} INFO - Executing <Task(_PythonDecoratedOperator): GOOG> on 2024-01-05 00:00:00+00:00
[2024-03-06T10:59:30.859-0300] {standard_task_runner.py:60} INFO - Started process 19149 to run task
[2024-03-06T10:59:30.861-0300] {standard_task_runner.py:87} INFO - Running: ['airflow', 'tasks', 'run', 'get_stocks_dag', 'GOOG', 'scheduled__2024-01-05T00:00:00+00:00', '--job-id', '23', '--raw', '--subdir', 'DAGS_FOLDER/get_stoks.py', '--cfg-path', '/tmp/tmpgjdsbyc3']
[2024-03-06T10:59:30.862-0300] {standard_task_runner.py:88} INFO - Job 23: Subtask GOOG
[2024-03-06T10:59:30.893-0300] {task_command.py:423} INFO - Running <TaskInstance: get_stocks_dag.GOOG scheduled__2024-01-05T00:00:00+00:00 [running]> on host BITL0401.
[2024-03-06T10:59:30.945-0300] {taskinstance.py:2510} INFO - Exporting env vars: AIRFLOW_CTX_DAG_OWNER='airflow' AIRFLOW_CTX_DAG_ID='get_stocks_dag' AIRFLOW_CTX_TASK_ID='GOOG' AIRFLOW_CTX_EXECUTION_DATE='2024-01-05T00:00:00+00:00' AIRFLOW_CTX_TRY_NUMBER='1' AIRFLOW_CTX_DAG_RUN_ID='scheduled__2024-01-05T00:00:00+00:00'
[2024-03-06T10:59:31.471-0300] {python.py:202} INFO - Done. Returned value was: None
[2024-03-06T10:59:31.474-0300] {taskinstance.py:1149} INFO - Marking task as SUCCESS. dag_id=get_stocks_dag, task_id=GOOG, execution_date=20240105T000000, start_date=20240306T135930, end_date=20240306T135931
[2024-03-06T10:59:31.520-0300] {local_task_job_runner.py:234} INFO - Task exited with return code 0
[2024-03-06T10:59:31.531-0300] {taskinstance.py:3309} INFO - 0 downstream tasks scheduled from follow-on schedule check
[2024-03-06T12:04:08.307-0300] {taskinstance.py:1979} INFO - Dependencies all met for dep_context=non-requeueable deps ti=<TaskInstance: get_stocks_dag.GOOG scheduled__2024-01-05T00:00:00+00:00 [queued]>
[2024-03-06T12:04:08.341-0300] {taskinstance.py:1979} INFO - Dependencies all met for dep_context=requeueable deps ti=<TaskInstance: get_stocks_dag.GOOG scheduled__2024-01-05T00:00:00+00:00 [queued]>
[2024-03-06T12:04:08.342-0300] {taskinstance.py:2193} INFO - Starting attempt 1 of 1
[2024-03-06T12:04:08.399-0300] {taskinstance.py:2214} INFO - Executing <Task(_PythonDecoratedOperator): GOOG> on 2024-01-05 00:00:00+00:00
[2024-03-06T12:04:08.423-0300] {standard_task_runner.py:60} INFO - Started process 39008 to run task
[2024-03-06T12:04:08.487-0300] {standard_task_runner.py:87} INFO - Running: ['airflow', 'tasks', 'run', 'get_stocks_dag', 'GOOG', 'scheduled__2024-01-05T00:00:00+00:00', '--job-id', '11', '--raw', '--subdir', 'DAGS_FOLDER/get_stoks.py', '--cfg-path', '/tmp/tmpcc8f804a']
[2024-03-06T12:04:08.506-0300] {standard_task_runner.py:88} INFO - Job 11: Subtask GOOG
[2024-03-06T12:04:09.037-0300] {task_command.py:423} INFO - Running <TaskInstance: get_stocks_dag.GOOG scheduled__2024-01-05T00:00:00+00:00 [running]> on host BITL0401.
[2024-03-06T12:04:09.827-0300] {taskinstance.py:2510} INFO - Exporting env vars: AIRFLOW_CTX_DAG_OWNER='airflow' AIRFLOW_CTX_DAG_ID='get_stocks_dag' AIRFLOW_CTX_TASK_ID='GOOG' AIRFLOW_CTX_EXECUTION_DATE='2024-01-05T00:00:00+00:00' AIRFLOW_CTX_TRY_NUMBER='1' AIRFLOW_CTX_DAG_RUN_ID='scheduled__2024-01-05T00:00:00+00:00'
[2024-03-06T12:04:11.769-0300] {python.py:202} INFO - Done. Returned value was: None
[2024-03-06T12:04:12.095-0300] {taskinstance.py:1149} INFO - Marking task as SUCCESS. dag_id=get_stocks_dag, task_id=GOOG, execution_date=20240105T000000, start_date=20240306T150408, end_date=20240306T150412
[2024-03-06T12:04:15.363-0300] {local_task_job_runner.py:234} INFO - Task exited with return code 0
[2024-03-06T12:04:15.471-0300] {taskinstance.py:3309} INFO - 0 downstream tasks scheduled from follow-on schedule check
[2024-03-06T12:15:34.788-0300] {taskinstance.py:1979} INFO - Dependencies all met for dep_context=non-requeueable deps ti=<TaskInstance: get_stocks_dag.GOOG scheduled__2024-01-05T00:00:00+00:00 [queued]>
[2024-03-06T12:15:34.829-0300] {taskinstance.py:1979} INFO - Dependencies all met for dep_context=requeueable deps ti=<TaskInstance: get_stocks_dag.GOOG scheduled__2024-01-05T00:00:00+00:00 [queued]>
[2024-03-06T12:15:34.830-0300] {taskinstance.py:2193} INFO - Starting attempt 1 of 1
[2024-03-06T12:15:34.933-0300] {taskinstance.py:2214} INFO - Executing <Task(_PythonDecoratedOperator): GOOG> on 2024-01-05 00:00:00+00:00
[2024-03-06T12:15:34.964-0300] {standard_task_runner.py:60} INFO - Started process 46575 to run task
[2024-03-06T12:15:34.982-0300] {standard_task_runner.py:87} INFO - Running: ['airflow', 'tasks', 'run', 'get_stocks_dag', 'GOOG', 'scheduled__2024-01-05T00:00:00+00:00', '--job-id', '155', '--raw', '--subdir', 'DAGS_FOLDER/get_stoks.py', '--cfg-path', '/tmp/tmpvo1ig9gd']
[2024-03-06T12:15:34.991-0300] {standard_task_runner.py:88} INFO - Job 155: Subtask GOOG
[2024-03-06T12:15:35.224-0300] {task_command.py:423} INFO - Running <TaskInstance: get_stocks_dag.GOOG scheduled__2024-01-05T00:00:00+00:00 [running]> on host BITL0401.
[2024-03-06T12:15:35.688-0300] {taskinstance.py:2510} INFO - Exporting env vars: AIRFLOW_CTX_DAG_OWNER='airflow' AIRFLOW_CTX_DAG_ID='get_stocks_dag' AIRFLOW_CTX_TASK_ID='GOOG' AIRFLOW_CTX_EXECUTION_DATE='2024-01-05T00:00:00+00:00' AIRFLOW_CTX_TRY_NUMBER='1' AIRFLOW_CTX_DAG_RUN_ID='scheduled__2024-01-05T00:00:00+00:00'
[2024-03-06T12:15:39.607-0300] {python.py:202} INFO - Done. Returned value was: None
[2024-03-06T12:15:40.995-0300] {taskinstance.py:1149} INFO - Marking task as SUCCESS. dag_id=get_stocks_dag, task_id=GOOG, execution_date=20240105T000000, start_date=20240306T151534, end_date=20240306T151540
[2024-03-06T12:15:41.241-0300] {local_task_job_runner.py:234} INFO - Task exited with return code 0
[2024-03-06T12:15:41.359-0300] {taskinstance.py:3309} INFO - 0 downstream tasks scheduled from follow-on schedule check
[2024-03-06T12:17:12.026-0300] {taskinstance.py:1979} INFO - Dependencies all met for dep_context=non-requeueable deps ti=<TaskInstance: get_stocks_dag.GOOG scheduled__2024-01-05T00:00:00+00:00 [queued]>
[2024-03-06T12:17:12.038-0300] {taskinstance.py:1979} INFO - Dependencies all met for dep_context=requeueable deps ti=<TaskInstance: get_stocks_dag.GOOG scheduled__2024-01-05T00:00:00+00:00 [queued]>
[2024-03-06T12:17:12.038-0300] {taskinstance.py:2193} INFO - Starting attempt 1 of 1
[2024-03-06T12:17:12.051-0300] {taskinstance.py:2214} INFO - Executing <Task(_PythonDecoratedOperator): GOOG> on 2024-01-05 00:00:00+00:00
[2024-03-06T12:17:12.055-0300] {standard_task_runner.py:60} INFO - Started process 48998 to run task
[2024-03-06T12:17:12.058-0300] {standard_task_runner.py:87} INFO - Running: ['airflow', 'tasks', 'run', 'get_stocks_dag', 'GOOG', 'scheduled__2024-01-05T00:00:00+00:00', '--job-id', '215', '--raw', '--subdir', 'DAGS_FOLDER/get_stoks.py', '--cfg-path', '/tmp/tmphbwnip62']
[2024-03-06T12:17:12.059-0300] {standard_task_runner.py:88} INFO - Job 215: Subtask GOOG
[2024-03-06T12:17:12.122-0300] {task_command.py:423} INFO - Running <TaskInstance: get_stocks_dag.GOOG scheduled__2024-01-05T00:00:00+00:00 [running]> on host BITL0401.
[2024-03-06T12:17:12.231-0300] {taskinstance.py:2510} INFO - Exporting env vars: AIRFLOW_CTX_DAG_OWNER='airflow' AIRFLOW_CTX_DAG_ID='get_stocks_dag' AIRFLOW_CTX_TASK_ID='GOOG' AIRFLOW_CTX_EXECUTION_DATE='2024-01-05T00:00:00+00:00' AIRFLOW_CTX_TRY_NUMBER='1' AIRFLOW_CTX_DAG_RUN_ID='scheduled__2024-01-05T00:00:00+00:00'
[2024-03-06T12:17:12.833-0300] {python.py:202} INFO - Done. Returned value was: None
[2024-03-06T12:17:12.848-0300] {taskinstance.py:1149} INFO - Marking task as SUCCESS. dag_id=get_stocks_dag, task_id=GOOG, execution_date=20240105T000000, start_date=20240306T151712, end_date=20240306T151712
[2024-03-06T12:17:12.876-0300] {local_task_job_runner.py:234} INFO - Task exited with return code 0
[2024-03-06T12:17:12.896-0300] {taskinstance.py:3309} INFO - 0 downstream tasks scheduled from follow-on schedule check
[2024-03-06T14:38:57.722-0300] {taskinstance.py:1979} INFO - Dependencies all met for dep_context=non-requeueable deps ti=<TaskInstance: get_stocks_dag.GOOG scheduled__2024-01-05T00:00:00+00:00 [queued]>
[2024-03-06T14:38:57.736-0300] {taskinstance.py:1979} INFO - Dependencies all met for dep_context=requeueable deps ti=<TaskInstance: get_stocks_dag.GOOG scheduled__2024-01-05T00:00:00+00:00 [queued]>
[2024-03-06T14:38:57.737-0300] {taskinstance.py:2193} INFO - Starting attempt 1 of 1
[2024-03-06T14:38:57.752-0300] {taskinstance.py:2214} INFO - Executing <Task(_PythonDecoratedOperator): GOOG> on 2024-01-05 00:00:00+00:00
[2024-03-06T14:38:57.757-0300] {standard_task_runner.py:60} INFO - Started process 83125 to run task
[2024-03-06T14:38:57.760-0300] {standard_task_runner.py:87} INFO - Running: ['airflow', 'tasks', 'run', 'get_stocks_dag', 'GOOG', 'scheduled__2024-01-05T00:00:00+00:00', '--job-id', '268', '--raw', '--subdir', 'DAGS_FOLDER/get_stoks.py', '--cfg-path', '/tmp/tmp5cgp_ma6']
[2024-03-06T14:38:57.761-0300] {standard_task_runner.py:88} INFO - Job 268: Subtask GOOG
[2024-03-06T14:38:57.828-0300] {task_command.py:423} INFO - Running <TaskInstance: get_stocks_dag.GOOG scheduled__2024-01-05T00:00:00+00:00 [running]> on host BITL0401.
[2024-03-06T14:38:57.939-0300] {taskinstance.py:2510} INFO - Exporting env vars: AIRFLOW_CTX_DAG_OWNER='airflow' AIRFLOW_CTX_DAG_ID='get_stocks_dag' AIRFLOW_CTX_TASK_ID='GOOG' AIRFLOW_CTX_EXECUTION_DATE='2024-01-05T00:00:00+00:00' AIRFLOW_CTX_TRY_NUMBER='1' AIRFLOW_CTX_DAG_RUN_ID='scheduled__2024-01-05T00:00:00+00:00'
[2024-03-06T14:38:58.437-0300] {python.py:202} INFO - Done. Returned value was: None
[2024-03-06T14:38:58.452-0300] {taskinstance.py:1149} INFO - Marking task as SUCCESS. dag_id=get_stocks_dag, task_id=GOOG, execution_date=20240105T000000, start_date=20240306T173857, end_date=20240306T173858
[2024-03-06T14:38:58.496-0300] {local_task_job_runner.py:234} INFO - Task exited with return code 0
[2024-03-06T14:38:58.517-0300] {taskinstance.py:3309} INFO - 0 downstream tasks scheduled from follow-on schedule check
[2024-03-06T14:49:17.347-0300] {taskinstance.py:1979} INFO - Dependencies all met for dep_context=non-requeueable deps ti=<TaskInstance: get_stocks_dag.GOOG scheduled__2024-01-05T00:00:00+00:00 [queued]>
[2024-03-06T14:49:17.361-0300] {taskinstance.py:1979} INFO - Dependencies all met for dep_context=requeueable deps ti=<TaskInstance: get_stocks_dag.GOOG scheduled__2024-01-05T00:00:00+00:00 [queued]>
[2024-03-06T14:49:17.362-0300] {taskinstance.py:2193} INFO - Starting attempt 1 of 1
[2024-03-06T14:49:17.376-0300] {taskinstance.py:2214} INFO - Executing <Task(_PythonDecoratedOperator): GOOG> on 2024-01-05 00:00:00+00:00
[2024-03-06T14:49:17.382-0300] {standard_task_runner.py:60} INFO - Started process 86848 to run task
[2024-03-06T14:49:17.384-0300] {standard_task_runner.py:87} INFO - Running: ['airflow', 'tasks', 'run', 'get_stocks_dag', 'GOOG', 'scheduled__2024-01-05T00:00:00+00:00', '--job-id', '294', '--raw', '--subdir', 'DAGS_FOLDER/get_stoks.py', '--cfg-path', '/tmp/tmp5wxy7d4b']
[2024-03-06T14:49:17.385-0300] {standard_task_runner.py:88} INFO - Job 294: Subtask GOOG
[2024-03-06T14:49:17.449-0300] {task_command.py:423} INFO - Running <TaskInstance: get_stocks_dag.GOOG scheduled__2024-01-05T00:00:00+00:00 [running]> on host BITL0401.
[2024-03-06T14:49:17.550-0300] {taskinstance.py:2510} INFO - Exporting env vars: AIRFLOW_CTX_DAG_OWNER='airflow' AIRFLOW_CTX_DAG_ID='get_stocks_dag' AIRFLOW_CTX_TASK_ID='GOOG' AIRFLOW_CTX_EXECUTION_DATE='2024-01-05T00:00:00+00:00' AIRFLOW_CTX_TRY_NUMBER='1' AIRFLOW_CTX_DAG_RUN_ID='scheduled__2024-01-05T00:00:00+00:00'
[2024-03-06T14:49:20.315-0300] {python.py:202} INFO - Done. Returned value was: None
[2024-03-06T14:49:20.329-0300] {taskinstance.py:1149} INFO - Marking task as SUCCESS. dag_id=get_stocks_dag, task_id=GOOG, execution_date=20240105T000000, start_date=20240306T174917, end_date=20240306T174920
[2024-03-06T14:49:20.374-0300] {local_task_job_runner.py:234} INFO - Task exited with return code 0
[2024-03-06T14:49:20.403-0300] {taskinstance.py:3309} INFO - 0 downstream tasks scheduled from follow-on schedule check
