[2024-03-06T11:03:03.056-0300] {taskinstance.py:1979} INFO - Dependencies all met for dep_context=non-requeueable deps ti=<TaskInstance: get_stocks_dag.GOOG scheduled__2024-01-31T00:00:00+00:00 [queued]>
[2024-03-06T11:03:03.063-0300] {taskinstance.py:1979} INFO - Dependencies all met for dep_context=requeueable deps ti=<TaskInstance: get_stocks_dag.GOOG scheduled__2024-01-31T00:00:00+00:00 [queued]>
[2024-03-06T11:03:03.063-0300] {taskinstance.py:2193} INFO - Starting attempt 1 of 1
[2024-03-06T11:03:03.077-0300] {taskinstance.py:2214} INFO - Executing <Task(_PythonDecoratedOperator): GOOG> on 2024-01-31 00:00:00+00:00
[2024-03-06T11:03:03.082-0300] {standard_task_runner.py:60} INFO - Started process 20807 to run task
[2024-03-06T11:03:03.084-0300] {standard_task_runner.py:87} INFO - Running: ['airflow', 'tasks', 'run', 'get_stocks_dag', 'GOOG', 'scheduled__2024-01-31T00:00:00+00:00', '--job-id', '95', '--raw', '--subdir', 'DAGS_FOLDER/get_stoks.py', '--cfg-path', '/tmp/tmpho09nseh']
[2024-03-06T11:03:03.085-0300] {standard_task_runner.py:88} INFO - Job 95: Subtask GOOG
[2024-03-06T11:03:03.121-0300] {task_command.py:423} INFO - Running <TaskInstance: get_stocks_dag.GOOG scheduled__2024-01-31T00:00:00+00:00 [running]> on host BITL0401.
[2024-03-06T11:03:03.177-0300] {taskinstance.py:2510} INFO - Exporting env vars: AIRFLOW_CTX_DAG_OWNER='airflow' AIRFLOW_CTX_DAG_ID='get_stocks_dag' AIRFLOW_CTX_TASK_ID='GOOG' AIRFLOW_CTX_EXECUTION_DATE='2024-01-31T00:00:00+00:00' AIRFLOW_CTX_TRY_NUMBER='1' AIRFLOW_CTX_DAG_RUN_ID='scheduled__2024-01-31T00:00:00+00:00'
[2024-03-06T11:03:04.201-0300] {python.py:202} INFO - Done. Returned value was: None
[2024-03-06T11:03:04.205-0300] {taskinstance.py:1149} INFO - Marking task as SUCCESS. dag_id=get_stocks_dag, task_id=GOOG, execution_date=20240131T000000, start_date=20240306T140303, end_date=20240306T140304
[2024-03-06T11:03:04.224-0300] {local_task_job_runner.py:234} INFO - Task exited with return code 0
[2024-03-06T11:03:04.234-0300] {taskinstance.py:3309} INFO - 0 downstream tasks scheduled from follow-on schedule check
[2024-03-06T12:04:45.412-0300] {taskinstance.py:1979} INFO - Dependencies all met for dep_context=non-requeueable deps ti=<TaskInstance: get_stocks_dag.GOOG scheduled__2024-01-31T00:00:00+00:00 [queued]>
[2024-03-06T12:04:45.462-0300] {taskinstance.py:1979} INFO - Dependencies all met for dep_context=requeueable deps ti=<TaskInstance: get_stocks_dag.GOOG scheduled__2024-01-31T00:00:00+00:00 [queued]>
[2024-03-06T12:04:45.469-0300] {taskinstance.py:2193} INFO - Starting attempt 1 of 1
[2024-03-06T12:04:45.521-0300] {taskinstance.py:2214} INFO - Executing <Task(_PythonDecoratedOperator): GOOG> on 2024-01-31 00:00:00+00:00
[2024-03-06T12:04:45.548-0300] {standard_task_runner.py:60} INFO - Started process 41459 to run task
[2024-03-06T12:04:45.550-0300] {standard_task_runner.py:87} INFO - Running: ['airflow', 'tasks', 'run', 'get_stocks_dag', 'GOOG', 'scheduled__2024-01-31T00:00:00+00:00', '--job-id', '86', '--raw', '--subdir', 'DAGS_FOLDER/get_stoks.py', '--cfg-path', '/tmp/tmp6h5xt15b']
[2024-03-06T12:04:45.556-0300] {standard_task_runner.py:88} INFO - Job 86: Subtask GOOG
[2024-03-06T12:04:45.804-0300] {task_command.py:423} INFO - Running <TaskInstance: get_stocks_dag.GOOG scheduled__2024-01-31T00:00:00+00:00 [running]> on host BITL0401.
[2024-03-06T12:04:46.173-0300] {taskinstance.py:2510} INFO - Exporting env vars: AIRFLOW_CTX_DAG_OWNER='airflow' AIRFLOW_CTX_DAG_ID='get_stocks_dag' AIRFLOW_CTX_TASK_ID='GOOG' AIRFLOW_CTX_EXECUTION_DATE='2024-01-31T00:00:00+00:00' AIRFLOW_CTX_TRY_NUMBER='1' AIRFLOW_CTX_DAG_RUN_ID='scheduled__2024-01-31T00:00:00+00:00'
[2024-03-06T12:04:47.310-0300] {python.py:202} INFO - Done. Returned value was: None
[2024-03-06T12:04:47.334-0300] {taskinstance.py:1149} INFO - Marking task as SUCCESS. dag_id=get_stocks_dag, task_id=GOOG, execution_date=20240131T000000, start_date=20240306T150445, end_date=20240306T150447
[2024-03-06T12:04:47.398-0300] {local_task_job_runner.py:234} INFO - Task exited with return code 0
[2024-03-06T12:04:47.433-0300] {taskinstance.py:3309} INFO - 0 downstream tasks scheduled from follow-on schedule check
