[2024-03-06T11:03:34.505-0300] {taskinstance.py:1979} INFO - Dependencies all met for dep_context=non-requeueable deps ti=<TaskInstance: get_stocks_dag.AAPL scheduled__2024-02-03T00:00:00+00:00 [queued]>
[2024-03-06T11:03:34.510-0300] {taskinstance.py:1979} INFO - Dependencies all met for dep_context=requeueable deps ti=<TaskInstance: get_stocks_dag.AAPL scheduled__2024-02-03T00:00:00+00:00 [queued]>
[2024-03-06T11:03:34.511-0300] {taskinstance.py:2193} INFO - Starting attempt 1 of 1
[2024-03-06T11:03:34.526-0300] {taskinstance.py:2214} INFO - Executing <Task(_PythonDecoratedOperator): AAPL> on 2024-02-03 00:00:00+00:00
[2024-03-06T11:03:34.530-0300] {standard_task_runner.py:60} INFO - Started process 21092 to run task
[2024-03-06T11:03:34.532-0300] {standard_task_runner.py:87} INFO - Running: ['airflow', 'tasks', 'run', 'get_stocks_dag', 'AAPL', 'scheduled__2024-02-03T00:00:00+00:00', '--job-id', '105', '--raw', '--subdir', 'DAGS_FOLDER/get_stoks.py', '--cfg-path', '/tmp/tmp8wbtp_in']
[2024-03-06T11:03:34.533-0300] {standard_task_runner.py:88} INFO - Job 105: Subtask AAPL
[2024-03-06T11:03:34.564-0300] {task_command.py:423} INFO - Running <TaskInstance: get_stocks_dag.AAPL scheduled__2024-02-03T00:00:00+00:00 [running]> on host BITL0401.
[2024-03-06T11:03:34.621-0300] {taskinstance.py:2510} INFO - Exporting env vars: AIRFLOW_CTX_DAG_OWNER='airflow' AIRFLOW_CTX_DAG_ID='get_stocks_dag' AIRFLOW_CTX_TASK_ID='AAPL' AIRFLOW_CTX_EXECUTION_DATE='2024-02-03T00:00:00+00:00' AIRFLOW_CTX_TRY_NUMBER='1' AIRFLOW_CTX_DAG_RUN_ID='scheduled__2024-02-03T00:00:00+00:00'
[2024-03-06T11:03:35.203-0300] {python.py:202} INFO - Done. Returned value was: None
[2024-03-06T11:03:35.208-0300] {taskinstance.py:1149} INFO - Marking task as SUCCESS. dag_id=get_stocks_dag, task_id=AAPL, execution_date=20240203T000000, start_date=20240306T140334, end_date=20240306T140335
[2024-03-06T11:03:35.269-0300] {local_task_job_runner.py:234} INFO - Task exited with return code 0
[2024-03-06T11:03:35.280-0300] {taskinstance.py:3309} INFO - 0 downstream tasks scheduled from follow-on schedule check
[2024-03-06T12:04:52.766-0300] {taskinstance.py:1979} INFO - Dependencies all met for dep_context=non-requeueable deps ti=<TaskInstance: get_stocks_dag.AAPL scheduled__2024-02-03T00:00:00+00:00 [queued]>
[2024-03-06T12:04:52.861-0300] {taskinstance.py:1979} INFO - Dependencies all met for dep_context=requeueable deps ti=<TaskInstance: get_stocks_dag.AAPL scheduled__2024-02-03T00:00:00+00:00 [queued]>
[2024-03-06T12:04:52.861-0300] {taskinstance.py:2193} INFO - Starting attempt 1 of 1
[2024-03-06T12:04:53.597-0300] {taskinstance.py:2214} INFO - Executing <Task(_PythonDecoratedOperator): AAPL> on 2024-02-03 00:00:00+00:00
[2024-03-06T12:04:53.628-0300] {standard_task_runner.py:60} INFO - Started process 41984 to run task
[2024-03-06T12:04:53.635-0300] {standard_task_runner.py:87} INFO - Running: ['airflow', 'tasks', 'run', 'get_stocks_dag', 'AAPL', 'scheduled__2024-02-03T00:00:00+00:00', '--job-id', '101', '--raw', '--subdir', 'DAGS_FOLDER/get_stoks.py', '--cfg-path', '/tmp/tmppsgrbnsl']
[2024-03-06T12:04:53.639-0300] {standard_task_runner.py:88} INFO - Job 101: Subtask AAPL
[2024-03-06T12:04:54.116-0300] {task_command.py:423} INFO - Running <TaskInstance: get_stocks_dag.AAPL scheduled__2024-02-03T00:00:00+00:00 [running]> on host BITL0401.
[2024-03-06T12:04:54.540-0300] {taskinstance.py:2510} INFO - Exporting env vars: AIRFLOW_CTX_DAG_OWNER='airflow' AIRFLOW_CTX_DAG_ID='get_stocks_dag' AIRFLOW_CTX_TASK_ID='AAPL' AIRFLOW_CTX_EXECUTION_DATE='2024-02-03T00:00:00+00:00' AIRFLOW_CTX_TRY_NUMBER='1' AIRFLOW_CTX_DAG_RUN_ID='scheduled__2024-02-03T00:00:00+00:00'
[2024-03-06T12:04:56.705-0300] {python.py:202} INFO - Done. Returned value was: None
[2024-03-06T12:04:56.801-0300] {taskinstance.py:1149} INFO - Marking task as SUCCESS. dag_id=get_stocks_dag, task_id=AAPL, execution_date=20240203T000000, start_date=20240306T150452, end_date=20240306T150456
[2024-03-06T12:04:56.969-0300] {local_task_job_runner.py:234} INFO - Task exited with return code 0
[2024-03-06T12:04:57.056-0300] {taskinstance.py:3309} INFO - 0 downstream tasks scheduled from follow-on schedule check
