[2024-03-06T11:00:10.263-0300] {taskinstance.py:1979} INFO - Dependencies all met for dep_context=non-requeueable deps ti=<TaskInstance: get_stocks_dag.TSLA scheduled__2024-01-10T00:00:00+00:00 [queued]>
[2024-03-06T11:00:10.269-0300] {taskinstance.py:1979} INFO - Dependencies all met for dep_context=requeueable deps ti=<TaskInstance: get_stocks_dag.TSLA scheduled__2024-01-10T00:00:00+00:00 [queued]>
[2024-03-06T11:00:10.269-0300] {taskinstance.py:2193} INFO - Starting attempt 1 of 1
[2024-03-06T11:00:10.284-0300] {taskinstance.py:2214} INFO - Executing <Task(_PythonDecoratedOperator): TSLA> on 2024-01-10 00:00:00+00:00
[2024-03-06T11:00:10.288-0300] {standard_task_runner.py:60} INFO - Started process 19479 to run task
[2024-03-06T11:00:10.290-0300] {standard_task_runner.py:87} INFO - Running: ['airflow', 'tasks', 'run', 'get_stocks_dag', 'TSLA', 'scheduled__2024-01-10T00:00:00+00:00', '--job-id', '36', '--raw', '--subdir', 'DAGS_FOLDER/get_stoks.py', '--cfg-path', '/tmp/tmpwlw_6zir']
[2024-03-06T11:00:10.292-0300] {standard_task_runner.py:88} INFO - Job 36: Subtask TSLA
[2024-03-06T11:00:10.323-0300] {task_command.py:423} INFO - Running <TaskInstance: get_stocks_dag.TSLA scheduled__2024-01-10T00:00:00+00:00 [running]> on host BITL0401.
[2024-03-06T11:00:10.379-0300] {taskinstance.py:2510} INFO - Exporting env vars: AIRFLOW_CTX_DAG_OWNER='airflow' AIRFLOW_CTX_DAG_ID='get_stocks_dag' AIRFLOW_CTX_TASK_ID='TSLA' AIRFLOW_CTX_EXECUTION_DATE='2024-01-10T00:00:00+00:00' AIRFLOW_CTX_TRY_NUMBER='1' AIRFLOW_CTX_DAG_RUN_ID='scheduled__2024-01-10T00:00:00+00:00'
[2024-03-06T11:00:10.861-0300] {python.py:202} INFO - Done. Returned value was: None
[2024-03-06T11:00:10.864-0300] {taskinstance.py:1149} INFO - Marking task as SUCCESS. dag_id=get_stocks_dag, task_id=TSLA, execution_date=20240110T000000, start_date=20240306T140010, end_date=20240306T140010
[2024-03-06T11:00:10.907-0300] {local_task_job_runner.py:234} INFO - Task exited with return code 0
[2024-03-06T11:00:10.918-0300] {taskinstance.py:3309} INFO - 0 downstream tasks scheduled from follow-on schedule check
[2024-03-06T12:04:23.558-0300] {taskinstance.py:1979} INFO - Dependencies all met for dep_context=non-requeueable deps ti=<TaskInstance: get_stocks_dag.TSLA scheduled__2024-01-10T00:00:00+00:00 [queued]>
[2024-03-06T12:04:23.592-0300] {taskinstance.py:1979} INFO - Dependencies all met for dep_context=requeueable deps ti=<TaskInstance: get_stocks_dag.TSLA scheduled__2024-01-10T00:00:00+00:00 [queued]>
[2024-03-06T12:04:23.593-0300] {taskinstance.py:2193} INFO - Starting attempt 1 of 1
[2024-03-06T12:04:23.620-0300] {taskinstance.py:2214} INFO - Executing <Task(_PythonDecoratedOperator): TSLA> on 2024-01-10 00:00:00+00:00
[2024-03-06T12:04:23.635-0300] {standard_task_runner.py:60} INFO - Started process 39578 to run task
[2024-03-06T12:04:23.656-0300] {standard_task_runner.py:87} INFO - Running: ['airflow', 'tasks', 'run', 'get_stocks_dag', 'TSLA', 'scheduled__2024-01-10T00:00:00+00:00', '--job-id', '27', '--raw', '--subdir', 'DAGS_FOLDER/get_stoks.py', '--cfg-path', '/tmp/tmpyoa7mzb7']
[2024-03-06T12:04:23.660-0300] {standard_task_runner.py:88} INFO - Job 27: Subtask TSLA
[2024-03-06T12:04:23.822-0300] {task_command.py:423} INFO - Running <TaskInstance: get_stocks_dag.TSLA scheduled__2024-01-10T00:00:00+00:00 [running]> on host BITL0401.
[2024-03-06T12:04:24.133-0300] {taskinstance.py:2510} INFO - Exporting env vars: AIRFLOW_CTX_DAG_OWNER='airflow' AIRFLOW_CTX_DAG_ID='get_stocks_dag' AIRFLOW_CTX_TASK_ID='TSLA' AIRFLOW_CTX_EXECUTION_DATE='2024-01-10T00:00:00+00:00' AIRFLOW_CTX_TRY_NUMBER='1' AIRFLOW_CTX_DAG_RUN_ID='scheduled__2024-01-10T00:00:00+00:00'
[2024-03-06T12:04:24.866-0300] {python.py:202} INFO - Done. Returned value was: None
[2024-03-06T12:04:24.884-0300] {taskinstance.py:1149} INFO - Marking task as SUCCESS. dag_id=get_stocks_dag, task_id=TSLA, execution_date=20240110T000000, start_date=20240306T150423, end_date=20240306T150424
[2024-03-06T12:04:24.927-0300] {local_task_job_runner.py:234} INFO - Task exited with return code 0
[2024-03-06T12:04:24.952-0300] {taskinstance.py:3309} INFO - 0 downstream tasks scheduled from follow-on schedule check
[2024-03-06T12:15:45.230-0300] {taskinstance.py:1979} INFO - Dependencies all met for dep_context=non-requeueable deps ti=<TaskInstance: get_stocks_dag.TSLA scheduled__2024-01-10T00:00:00+00:00 [queued]>
[2024-03-06T12:15:45.286-0300] {taskinstance.py:1979} INFO - Dependencies all met for dep_context=requeueable deps ti=<TaskInstance: get_stocks_dag.TSLA scheduled__2024-01-10T00:00:00+00:00 [queued]>
[2024-03-06T12:15:45.287-0300] {taskinstance.py:2193} INFO - Starting attempt 1 of 1
[2024-03-06T12:15:45.343-0300] {taskinstance.py:2214} INFO - Executing <Task(_PythonDecoratedOperator): TSLA> on 2024-01-10 00:00:00+00:00
[2024-03-06T12:15:45.371-0300] {standard_task_runner.py:60} INFO - Started process 47064 to run task
[2024-03-06T12:15:45.392-0300] {standard_task_runner.py:87} INFO - Running: ['airflow', 'tasks', 'run', 'get_stocks_dag', 'TSLA', 'scheduled__2024-01-10T00:00:00+00:00', '--job-id', '162', '--raw', '--subdir', 'DAGS_FOLDER/get_stoks.py', '--cfg-path', '/tmp/tmpg2si2e5j']
[2024-03-06T12:15:45.397-0300] {standard_task_runner.py:88} INFO - Job 162: Subtask TSLA
[2024-03-06T12:15:45.614-0300] {task_command.py:423} INFO - Running <TaskInstance: get_stocks_dag.TSLA scheduled__2024-01-10T00:00:00+00:00 [running]> on host BITL0401.
[2024-03-06T12:15:45.992-0300] {taskinstance.py:2510} INFO - Exporting env vars: AIRFLOW_CTX_DAG_OWNER='airflow' AIRFLOW_CTX_DAG_ID='get_stocks_dag' AIRFLOW_CTX_TASK_ID='TSLA' AIRFLOW_CTX_EXECUTION_DATE='2024-01-10T00:00:00+00:00' AIRFLOW_CTX_TRY_NUMBER='1' AIRFLOW_CTX_DAG_RUN_ID='scheduled__2024-01-10T00:00:00+00:00'
[2024-03-06T12:15:46.953-0300] {python.py:202} INFO - Done. Returned value was: None
[2024-03-06T12:15:46.983-0300] {taskinstance.py:1149} INFO - Marking task as SUCCESS. dag_id=get_stocks_dag, task_id=TSLA, execution_date=20240110T000000, start_date=20240306T151545, end_date=20240306T151546
[2024-03-06T12:15:47.039-0300] {local_task_job_runner.py:234} INFO - Task exited with return code 0
[2024-03-06T12:15:47.079-0300] {taskinstance.py:3309} INFO - 0 downstream tasks scheduled from follow-on schedule check
[2024-03-06T12:17:27.311-0300] {taskinstance.py:1979} INFO - Dependencies all met for dep_context=non-requeueable deps ti=<TaskInstance: get_stocks_dag.TSLA scheduled__2024-01-10T00:00:00+00:00 [queued]>
[2024-03-06T12:17:27.322-0300] {taskinstance.py:1979} INFO - Dependencies all met for dep_context=requeueable deps ti=<TaskInstance: get_stocks_dag.TSLA scheduled__2024-01-10T00:00:00+00:00 [queued]>
[2024-03-06T12:17:27.322-0300] {taskinstance.py:2193} INFO - Starting attempt 1 of 1
[2024-03-06T12:17:27.338-0300] {taskinstance.py:2214} INFO - Executing <Task(_PythonDecoratedOperator): TSLA> on 2024-01-10 00:00:00+00:00
[2024-03-06T12:17:27.342-0300] {standard_task_runner.py:60} INFO - Started process 49419 to run task
[2024-03-06T12:17:27.345-0300] {standard_task_runner.py:87} INFO - Running: ['airflow', 'tasks', 'run', 'get_stocks_dag', 'TSLA', 'scheduled__2024-01-10T00:00:00+00:00', '--job-id', '228', '--raw', '--subdir', 'DAGS_FOLDER/get_stoks.py', '--cfg-path', '/tmp/tmpscdy4em4']
[2024-03-06T12:17:27.346-0300] {standard_task_runner.py:88} INFO - Job 228: Subtask TSLA
[2024-03-06T12:17:27.411-0300] {task_command.py:423} INFO - Running <TaskInstance: get_stocks_dag.TSLA scheduled__2024-01-10T00:00:00+00:00 [running]> on host BITL0401.
[2024-03-06T12:17:27.521-0300] {taskinstance.py:2510} INFO - Exporting env vars: AIRFLOW_CTX_DAG_OWNER='airflow' AIRFLOW_CTX_DAG_ID='get_stocks_dag' AIRFLOW_CTX_TASK_ID='TSLA' AIRFLOW_CTX_EXECUTION_DATE='2024-01-10T00:00:00+00:00' AIRFLOW_CTX_TRY_NUMBER='1' AIRFLOW_CTX_DAG_RUN_ID='scheduled__2024-01-10T00:00:00+00:00'
[2024-03-06T12:17:28.109-0300] {python.py:202} INFO - Done. Returned value was: None
[2024-03-06T12:17:28.125-0300] {taskinstance.py:1149} INFO - Marking task as SUCCESS. dag_id=get_stocks_dag, task_id=TSLA, execution_date=20240110T000000, start_date=20240306T151727, end_date=20240306T151728
[2024-03-06T12:17:28.153-0300] {local_task_job_runner.py:234} INFO - Task exited with return code 0
[2024-03-06T12:17:28.175-0300] {taskinstance.py:3309} INFO - 0 downstream tasks scheduled from follow-on schedule check
