[2024-03-06T11:03:09.635-0300] {taskinstance.py:1979} INFO - Dependencies all met for dep_context=non-requeueable deps ti=<TaskInstance: get_stocks_dag.AAPL scheduled__2024-02-01T00:00:00+00:00 [queued]>
[2024-03-06T11:03:09.640-0300] {taskinstance.py:1979} INFO - Dependencies all met for dep_context=requeueable deps ti=<TaskInstance: get_stocks_dag.AAPL scheduled__2024-02-01T00:00:00+00:00 [queued]>
[2024-03-06T11:03:09.640-0300] {taskinstance.py:2193} INFO - Starting attempt 1 of 1
[2024-03-06T11:03:09.656-0300] {taskinstance.py:2214} INFO - Executing <Task(_PythonDecoratedOperator): AAPL> on 2024-02-01 00:00:00+00:00
[2024-03-06T11:03:09.660-0300] {standard_task_runner.py:60} INFO - Started process 20863 to run task
[2024-03-06T11:03:09.663-0300] {standard_task_runner.py:87} INFO - Running: ['airflow', 'tasks', 'run', 'get_stocks_dag', 'AAPL', 'scheduled__2024-02-01T00:00:00+00:00', '--job-id', '97', '--raw', '--subdir', 'DAGS_FOLDER/get_stoks.py', '--cfg-path', '/tmp/tmpnskxryyj']
[2024-03-06T11:03:09.664-0300] {standard_task_runner.py:88} INFO - Job 97: Subtask AAPL
[2024-03-06T11:03:09.693-0300] {task_command.py:423} INFO - Running <TaskInstance: get_stocks_dag.AAPL scheduled__2024-02-01T00:00:00+00:00 [running]> on host BITL0401.
[2024-03-06T11:03:09.745-0300] {taskinstance.py:2510} INFO - Exporting env vars: AIRFLOW_CTX_DAG_OWNER='airflow' AIRFLOW_CTX_DAG_ID='get_stocks_dag' AIRFLOW_CTX_TASK_ID='AAPL' AIRFLOW_CTX_EXECUTION_DATE='2024-02-01T00:00:00+00:00' AIRFLOW_CTX_TRY_NUMBER='1' AIRFLOW_CTX_DAG_RUN_ID='scheduled__2024-02-01T00:00:00+00:00'
[2024-03-06T11:03:10.325-0300] {python.py:202} INFO - Done. Returned value was: None
[2024-03-06T11:03:10.328-0300] {taskinstance.py:1149} INFO - Marking task as SUCCESS. dag_id=get_stocks_dag, task_id=AAPL, execution_date=20240201T000000, start_date=20240306T140309, end_date=20240306T140310
[2024-03-06T11:03:10.360-0300] {local_task_job_runner.py:234} INFO - Task exited with return code 0
[2024-03-06T11:03:10.370-0300] {taskinstance.py:3309} INFO - 0 downstream tasks scheduled from follow-on schedule check
[2024-03-06T12:04:45.734-0300] {taskinstance.py:1979} INFO - Dependencies all met for dep_context=non-requeueable deps ti=<TaskInstance: get_stocks_dag.AAPL scheduled__2024-02-01T00:00:00+00:00 [queued]>
[2024-03-06T12:04:45.767-0300] {taskinstance.py:1979} INFO - Dependencies all met for dep_context=requeueable deps ti=<TaskInstance: get_stocks_dag.AAPL scheduled__2024-02-01T00:00:00+00:00 [queued]>
[2024-03-06T12:04:45.768-0300] {taskinstance.py:2193} INFO - Starting attempt 1 of 1
[2024-03-06T12:04:45.817-0300] {taskinstance.py:2214} INFO - Executing <Task(_PythonDecoratedOperator): AAPL> on 2024-02-01 00:00:00+00:00
[2024-03-06T12:04:45.833-0300] {standard_task_runner.py:60} INFO - Started process 41507 to run task
[2024-03-06T12:04:45.854-0300] {standard_task_runner.py:87} INFO - Running: ['airflow', 'tasks', 'run', 'get_stocks_dag', 'AAPL', 'scheduled__2024-02-01T00:00:00+00:00', '--job-id', '91', '--raw', '--subdir', 'DAGS_FOLDER/get_stoks.py', '--cfg-path', '/tmp/tmp8d2ql3hl']
[2024-03-06T12:04:45.857-0300] {standard_task_runner.py:88} INFO - Job 91: Subtask AAPL
[2024-03-06T12:04:46.066-0300] {task_command.py:423} INFO - Running <TaskInstance: get_stocks_dag.AAPL scheduled__2024-02-01T00:00:00+00:00 [running]> on host BITL0401.
[2024-03-06T12:04:46.470-0300] {taskinstance.py:2510} INFO - Exporting env vars: AIRFLOW_CTX_DAG_OWNER='airflow' AIRFLOW_CTX_DAG_ID='get_stocks_dag' AIRFLOW_CTX_TASK_ID='AAPL' AIRFLOW_CTX_EXECUTION_DATE='2024-02-01T00:00:00+00:00' AIRFLOW_CTX_TRY_NUMBER='1' AIRFLOW_CTX_DAG_RUN_ID='scheduled__2024-02-01T00:00:00+00:00'
[2024-03-06T12:04:47.303-0300] {python.py:202} INFO - Done. Returned value was: None
[2024-03-06T12:04:47.323-0300] {taskinstance.py:1149} INFO - Marking task as SUCCESS. dag_id=get_stocks_dag, task_id=AAPL, execution_date=20240201T000000, start_date=20240306T150445, end_date=20240306T150447
[2024-03-06T12:04:47.418-0300] {local_task_job_runner.py:234} INFO - Task exited with return code 0
[2024-03-06T12:04:47.461-0300] {taskinstance.py:3309} INFO - 0 downstream tasks scheduled from follow-on schedule check
