[2024-03-06T11:04:16.489-0300] {taskinstance.py:1979} INFO - Dependencies all met for dep_context=non-requeueable deps ti=<TaskInstance: get_stocks_dag.TSLA scheduled__2024-02-08T00:00:00+00:00 [queued]>
[2024-03-06T11:04:16.494-0300] {taskinstance.py:1979} INFO - Dependencies all met for dep_context=requeueable deps ti=<TaskInstance: get_stocks_dag.TSLA scheduled__2024-02-08T00:00:00+00:00 [queued]>
[2024-03-06T11:04:16.495-0300] {taskinstance.py:2193} INFO - Starting attempt 1 of 1
[2024-03-06T11:04:16.510-0300] {taskinstance.py:2214} INFO - Executing <Task(_PythonDecoratedOperator): TSLA> on 2024-02-08 00:00:00+00:00
[2024-03-06T11:04:16.514-0300] {standard_task_runner.py:60} INFO - Started process 21451 to run task
[2024-03-06T11:04:16.517-0300] {standard_task_runner.py:87} INFO - Running: ['airflow', 'tasks', 'run', 'get_stocks_dag', 'TSLA', 'scheduled__2024-02-08T00:00:00+00:00', '--job-id', '120', '--raw', '--subdir', 'DAGS_FOLDER/get_stoks.py', '--cfg-path', '/tmp/tmplxwpqlqa']
[2024-03-06T11:04:16.518-0300] {standard_task_runner.py:88} INFO - Job 120: Subtask TSLA
[2024-03-06T11:04:16.550-0300] {task_command.py:423} INFO - Running <TaskInstance: get_stocks_dag.TSLA scheduled__2024-02-08T00:00:00+00:00 [running]> on host BITL0401.
[2024-03-06T11:04:16.604-0300] {taskinstance.py:2510} INFO - Exporting env vars: AIRFLOW_CTX_DAG_OWNER='airflow' AIRFLOW_CTX_DAG_ID='get_stocks_dag' AIRFLOW_CTX_TASK_ID='TSLA' AIRFLOW_CTX_EXECUTION_DATE='2024-02-08T00:00:00+00:00' AIRFLOW_CTX_TRY_NUMBER='1' AIRFLOW_CTX_DAG_RUN_ID='scheduled__2024-02-08T00:00:00+00:00'
[2024-03-06T11:04:17.101-0300] {python.py:202} INFO - Done. Returned value was: None
[2024-03-06T11:04:17.104-0300] {taskinstance.py:1149} INFO - Marking task as SUCCESS. dag_id=get_stocks_dag, task_id=TSLA, execution_date=20240208T000000, start_date=20240306T140416, end_date=20240306T140417
[2024-03-06T11:04:17.134-0300] {local_task_job_runner.py:234} INFO - Task exited with return code 0
[2024-03-06T11:04:17.144-0300] {taskinstance.py:3309} INFO - 0 downstream tasks scheduled from follow-on schedule check
[2024-03-06T12:04:55.447-0300] {taskinstance.py:1979} INFO - Dependencies all met for dep_context=non-requeueable deps ti=<TaskInstance: get_stocks_dag.TSLA scheduled__2024-02-08T00:00:00+00:00 [queued]>
[2024-03-06T12:04:55.508-0300] {taskinstance.py:1979} INFO - Dependencies all met for dep_context=requeueable deps ti=<TaskInstance: get_stocks_dag.TSLA scheduled__2024-02-08T00:00:00+00:00 [queued]>
[2024-03-06T12:04:55.510-0300] {taskinstance.py:2193} INFO - Starting attempt 1 of 1
[2024-03-06T12:04:55.562-0300] {taskinstance.py:2214} INFO - Executing <Task(_PythonDecoratedOperator): TSLA> on 2024-02-08 00:00:00+00:00
[2024-03-06T12:04:55.588-0300] {standard_task_runner.py:60} INFO - Started process 42189 to run task
[2024-03-06T12:04:55.601-0300] {standard_task_runner.py:87} INFO - Running: ['airflow', 'tasks', 'run', 'get_stocks_dag', 'TSLA', 'scheduled__2024-02-08T00:00:00+00:00', '--job-id', '112', '--raw', '--subdir', 'DAGS_FOLDER/get_stoks.py', '--cfg-path', '/tmp/tmp5b38_tfl']
[2024-03-06T12:04:55.606-0300] {standard_task_runner.py:88} INFO - Job 112: Subtask TSLA
[2024-03-06T12:04:55.855-0300] {task_command.py:423} INFO - Running <TaskInstance: get_stocks_dag.TSLA scheduled__2024-02-08T00:00:00+00:00 [running]> on host BITL0401.
[2024-03-06T12:04:56.179-0300] {taskinstance.py:2510} INFO - Exporting env vars: AIRFLOW_CTX_DAG_OWNER='airflow' AIRFLOW_CTX_DAG_ID='get_stocks_dag' AIRFLOW_CTX_TASK_ID='TSLA' AIRFLOW_CTX_EXECUTION_DATE='2024-02-08T00:00:00+00:00' AIRFLOW_CTX_TRY_NUMBER='1' AIRFLOW_CTX_DAG_RUN_ID='scheduled__2024-02-08T00:00:00+00:00'
[2024-03-06T12:04:57.301-0300] {python.py:202} INFO - Done. Returned value was: None
[2024-03-06T12:04:57.364-0300] {taskinstance.py:1149} INFO - Marking task as SUCCESS. dag_id=get_stocks_dag, task_id=TSLA, execution_date=20240208T000000, start_date=20240306T150455, end_date=20240306T150457
[2024-03-06T12:04:57.478-0300] {local_task_job_runner.py:234} INFO - Task exited with return code 0
[2024-03-06T12:04:57.560-0300] {taskinstance.py:3309} INFO - 0 downstream tasks scheduled from follow-on schedule check
