[2024-03-06T11:00:27.265-0300] {taskinstance.py:1979} INFO - Dependencies all met for dep_context=non-requeueable deps ti=<TaskInstance: get_stocks_dag.AAPL scheduled__2024-01-12T00:00:00+00:00 [queued]>
[2024-03-06T11:00:27.270-0300] {taskinstance.py:1979} INFO - Dependencies all met for dep_context=requeueable deps ti=<TaskInstance: get_stocks_dag.AAPL scheduled__2024-01-12T00:00:00+00:00 [queued]>
[2024-03-06T11:00:27.270-0300] {taskinstance.py:2193} INFO - Starting attempt 1 of 1
[2024-03-06T11:00:27.285-0300] {taskinstance.py:2214} INFO - Executing <Task(_PythonDecoratedOperator): AAPL> on 2024-01-12 00:00:00+00:00
[2024-03-06T11:00:27.288-0300] {standard_task_runner.py:60} INFO - Started process 19611 to run task
[2024-03-06T11:00:27.291-0300] {standard_task_runner.py:87} INFO - Running: ['airflow', 'tasks', 'run', 'get_stocks_dag', 'AAPL', 'scheduled__2024-01-12T00:00:00+00:00', '--job-id', '41', '--raw', '--subdir', 'DAGS_FOLDER/get_stoks.py', '--cfg-path', '/tmp/tmpywu2dc1a']
[2024-03-06T11:00:27.292-0300] {standard_task_runner.py:88} INFO - Job 41: Subtask AAPL
[2024-03-06T11:00:27.321-0300] {task_command.py:423} INFO - Running <TaskInstance: get_stocks_dag.AAPL scheduled__2024-01-12T00:00:00+00:00 [running]> on host BITL0401.
[2024-03-06T11:00:27.510-0300] {taskinstance.py:2510} INFO - Exporting env vars: AIRFLOW_CTX_DAG_OWNER='airflow' AIRFLOW_CTX_DAG_ID='get_stocks_dag' AIRFLOW_CTX_TASK_ID='AAPL' AIRFLOW_CTX_EXECUTION_DATE='2024-01-12T00:00:00+00:00' AIRFLOW_CTX_TRY_NUMBER='1' AIRFLOW_CTX_DAG_RUN_ID='scheduled__2024-01-12T00:00:00+00:00'
[2024-03-06T11:00:28.056-0300] {python.py:202} INFO - Done. Returned value was: None
[2024-03-06T11:00:28.060-0300] {taskinstance.py:1149} INFO - Marking task as SUCCESS. dag_id=get_stocks_dag, task_id=AAPL, execution_date=20240112T000000, start_date=20240306T140027, end_date=20240306T140028
[2024-03-06T11:00:28.110-0300] {local_task_job_runner.py:234} INFO - Task exited with return code 0
[2024-03-06T11:00:28.120-0300] {taskinstance.py:3309} INFO - 0 downstream tasks scheduled from follow-on schedule check
[2024-03-06T12:04:28.446-0300] {taskinstance.py:1979} INFO - Dependencies all met for dep_context=non-requeueable deps ti=<TaskInstance: get_stocks_dag.AAPL scheduled__2024-01-12T00:00:00+00:00 [queued]>
[2024-03-06T12:04:28.502-0300] {taskinstance.py:1979} INFO - Dependencies all met for dep_context=requeueable deps ti=<TaskInstance: get_stocks_dag.AAPL scheduled__2024-01-12T00:00:00+00:00 [queued]>
[2024-03-06T12:04:28.503-0300] {taskinstance.py:2193} INFO - Starting attempt 1 of 1
[2024-03-06T12:04:28.546-0300] {taskinstance.py:2214} INFO - Executing <Task(_PythonDecoratedOperator): AAPL> on 2024-01-12 00:00:00+00:00
[2024-03-06T12:04:28.568-0300] {standard_task_runner.py:60} INFO - Started process 40071 to run task
[2024-03-06T12:04:28.584-0300] {standard_task_runner.py:87} INFO - Running: ['airflow', 'tasks', 'run', 'get_stocks_dag', 'AAPL', 'scheduled__2024-01-12T00:00:00+00:00', '--job-id', '41', '--raw', '--subdir', 'DAGS_FOLDER/get_stoks.py', '--cfg-path', '/tmp/tmpg316t030']
[2024-03-06T12:04:28.587-0300] {standard_task_runner.py:88} INFO - Job 41: Subtask AAPL
[2024-03-06T12:04:28.778-0300] {task_command.py:423} INFO - Running <TaskInstance: get_stocks_dag.AAPL scheduled__2024-01-12T00:00:00+00:00 [running]> on host BITL0401.
[2024-03-06T12:04:29.108-0300] {taskinstance.py:2510} INFO - Exporting env vars: AIRFLOW_CTX_DAG_OWNER='airflow' AIRFLOW_CTX_DAG_ID='get_stocks_dag' AIRFLOW_CTX_TASK_ID='AAPL' AIRFLOW_CTX_EXECUTION_DATE='2024-01-12T00:00:00+00:00' AIRFLOW_CTX_TRY_NUMBER='1' AIRFLOW_CTX_DAG_RUN_ID='scheduled__2024-01-12T00:00:00+00:00'
[2024-03-06T12:04:29.791-0300] {python.py:202} INFO - Done. Returned value was: None
[2024-03-06T12:04:29.806-0300] {taskinstance.py:1149} INFO - Marking task as SUCCESS. dag_id=get_stocks_dag, task_id=AAPL, execution_date=20240112T000000, start_date=20240306T150428, end_date=20240306T150429
[2024-03-06T12:04:30.199-0300] {local_task_job_runner.py:234} INFO - Task exited with return code 0
[2024-03-06T12:04:30.632-0300] {taskinstance.py:3309} INFO - 0 downstream tasks scheduled from follow-on schedule check
[2024-03-06T12:15:50.818-0300] {taskinstance.py:1979} INFO - Dependencies all met for dep_context=non-requeueable deps ti=<TaskInstance: get_stocks_dag.AAPL scheduled__2024-01-12T00:00:00+00:00 [queued]>
[2024-03-06T12:15:50.880-0300] {taskinstance.py:1979} INFO - Dependencies all met for dep_context=requeueable deps ti=<TaskInstance: get_stocks_dag.AAPL scheduled__2024-01-12T00:00:00+00:00 [queued]>
[2024-03-06T12:15:50.882-0300] {taskinstance.py:2193} INFO - Starting attempt 1 of 1
[2024-03-06T12:15:51.130-0300] {taskinstance.py:2214} INFO - Executing <Task(_PythonDecoratedOperator): AAPL> on 2024-01-12 00:00:00+00:00
[2024-03-06T12:15:51.172-0300] {standard_task_runner.py:60} INFO - Started process 47566 to run task
[2024-03-06T12:15:51.203-0300] {standard_task_runner.py:87} INFO - Running: ['airflow', 'tasks', 'run', 'get_stocks_dag', 'AAPL', 'scheduled__2024-01-12T00:00:00+00:00', '--job-id', '176', '--raw', '--subdir', 'DAGS_FOLDER/get_stoks.py', '--cfg-path', '/tmp/tmpl9lz1uq4']
[2024-03-06T12:15:51.208-0300] {standard_task_runner.py:88} INFO - Job 176: Subtask AAPL
[2024-03-06T12:15:51.506-0300] {task_command.py:423} INFO - Running <TaskInstance: get_stocks_dag.AAPL scheduled__2024-01-12T00:00:00+00:00 [running]> on host BITL0401.
[2024-03-06T12:15:51.996-0300] {taskinstance.py:2510} INFO - Exporting env vars: AIRFLOW_CTX_DAG_OWNER='airflow' AIRFLOW_CTX_DAG_ID='get_stocks_dag' AIRFLOW_CTX_TASK_ID='AAPL' AIRFLOW_CTX_EXECUTION_DATE='2024-01-12T00:00:00+00:00' AIRFLOW_CTX_TRY_NUMBER='1' AIRFLOW_CTX_DAG_RUN_ID='scheduled__2024-01-12T00:00:00+00:00'
[2024-03-06T12:15:52.833-0300] {python.py:202} INFO - Done. Returned value was: None
[2024-03-06T12:15:52.854-0300] {taskinstance.py:1149} INFO - Marking task as SUCCESS. dag_id=get_stocks_dag, task_id=AAPL, execution_date=20240112T000000, start_date=20240306T151550, end_date=20240306T151552
[2024-03-06T12:15:52.931-0300] {local_task_job_runner.py:234} INFO - Task exited with return code 0
[2024-03-06T12:15:52.993-0300] {taskinstance.py:3309} INFO - 0 downstream tasks scheduled from follow-on schedule check
[2024-03-06T12:17:33.959-0300] {taskinstance.py:1979} INFO - Dependencies all met for dep_context=non-requeueable deps ti=<TaskInstance: get_stocks_dag.AAPL scheduled__2024-01-12T00:00:00+00:00 [queued]>
[2024-03-06T12:17:33.976-0300] {taskinstance.py:1979} INFO - Dependencies all met for dep_context=requeueable deps ti=<TaskInstance: get_stocks_dag.AAPL scheduled__2024-01-12T00:00:00+00:00 [queued]>
[2024-03-06T12:17:33.977-0300] {taskinstance.py:2193} INFO - Starting attempt 1 of 1
[2024-03-06T12:17:33.995-0300] {taskinstance.py:2214} INFO - Executing <Task(_PythonDecoratedOperator): AAPL> on 2024-01-12 00:00:00+00:00
[2024-03-06T12:17:34.002-0300] {standard_task_runner.py:60} INFO - Started process 49596 to run task
[2024-03-06T12:17:34.004-0300] {standard_task_runner.py:87} INFO - Running: ['airflow', 'tasks', 'run', 'get_stocks_dag', 'AAPL', 'scheduled__2024-01-12T00:00:00+00:00', '--job-id', '233', '--raw', '--subdir', 'DAGS_FOLDER/get_stoks.py', '--cfg-path', '/tmp/tmpv9z8se9l']
[2024-03-06T12:17:34.007-0300] {standard_task_runner.py:88} INFO - Job 233: Subtask AAPL
[2024-03-06T12:17:34.100-0300] {task_command.py:423} INFO - Running <TaskInstance: get_stocks_dag.AAPL scheduled__2024-01-12T00:00:00+00:00 [running]> on host BITL0401.
[2024-03-06T12:17:34.219-0300] {taskinstance.py:2510} INFO - Exporting env vars: AIRFLOW_CTX_DAG_OWNER='airflow' AIRFLOW_CTX_DAG_ID='get_stocks_dag' AIRFLOW_CTX_TASK_ID='AAPL' AIRFLOW_CTX_EXECUTION_DATE='2024-01-12T00:00:00+00:00' AIRFLOW_CTX_TRY_NUMBER='1' AIRFLOW_CTX_DAG_RUN_ID='scheduled__2024-01-12T00:00:00+00:00'
[2024-03-06T12:17:34.799-0300] {python.py:202} INFO - Done. Returned value was: None
[2024-03-06T12:17:34.813-0300] {taskinstance.py:1149} INFO - Marking task as SUCCESS. dag_id=get_stocks_dag, task_id=AAPL, execution_date=20240112T000000, start_date=20240306T151733, end_date=20240306T151734
[2024-03-06T12:17:34.863-0300] {local_task_job_runner.py:234} INFO - Task exited with return code 0
[2024-03-06T12:17:34.885-0300] {taskinstance.py:3309} INFO - 0 downstream tasks scheduled from follow-on schedule check
