[2024-03-06T11:01:32.446-0300] {taskinstance.py:1979} INFO - Dependencies all met for dep_context=non-requeueable deps ti=<TaskInstance: get_stocks_dag.TSLA scheduled__2024-01-19T00:00:00+00:00 [queued]>
[2024-03-06T11:01:32.453-0300] {taskinstance.py:1979} INFO - Dependencies all met for dep_context=requeueable deps ti=<TaskInstance: get_stocks_dag.TSLA scheduled__2024-01-19T00:00:00+00:00 [queued]>
[2024-03-06T11:01:32.453-0300] {taskinstance.py:2193} INFO - Starting attempt 1 of 1
[2024-03-06T11:01:32.469-0300] {taskinstance.py:2214} INFO - Executing <Task(_PythonDecoratedOperator): TSLA> on 2024-01-19 00:00:00+00:00
[2024-03-06T11:01:32.474-0300] {standard_task_runner.py:60} INFO - Started process 20122 to run task
[2024-03-06T11:01:32.477-0300] {standard_task_runner.py:87} INFO - Running: ['airflow', 'tasks', 'run', 'get_stocks_dag', 'TSLA', 'scheduled__2024-01-19T00:00:00+00:00', '--job-id', '64', '--raw', '--subdir', 'DAGS_FOLDER/get_stoks.py', '--cfg-path', '/tmp/tmpo94xnstr']
[2024-03-06T11:01:32.478-0300] {standard_task_runner.py:88} INFO - Job 64: Subtask TSLA
[2024-03-06T11:01:32.512-0300] {task_command.py:423} INFO - Running <TaskInstance: get_stocks_dag.TSLA scheduled__2024-01-19T00:00:00+00:00 [running]> on host BITL0401.
[2024-03-06T11:01:32.568-0300] {taskinstance.py:2510} INFO - Exporting env vars: AIRFLOW_CTX_DAG_OWNER='airflow' AIRFLOW_CTX_DAG_ID='get_stocks_dag' AIRFLOW_CTX_TASK_ID='TSLA' AIRFLOW_CTX_EXECUTION_DATE='2024-01-19T00:00:00+00:00' AIRFLOW_CTX_TRY_NUMBER='1' AIRFLOW_CTX_DAG_RUN_ID='scheduled__2024-01-19T00:00:00+00:00'
[2024-03-06T11:01:33.166-0300] {python.py:202} INFO - Done. Returned value was: None
[2024-03-06T11:01:33.169-0300] {taskinstance.py:1149} INFO - Marking task as SUCCESS. dag_id=get_stocks_dag, task_id=TSLA, execution_date=20240119T000000, start_date=20240306T140132, end_date=20240306T140133
[2024-03-06T11:01:33.213-0300] {local_task_job_runner.py:234} INFO - Task exited with return code 0
[2024-03-06T11:01:33.223-0300] {taskinstance.py:3309} INFO - 0 downstream tasks scheduled from follow-on schedule check
[2024-03-06T12:04:33.229-0300] {taskinstance.py:1979} INFO - Dependencies all met for dep_context=non-requeueable deps ti=<TaskInstance: get_stocks_dag.TSLA scheduled__2024-01-19T00:00:00+00:00 [queued]>
[2024-03-06T12:04:33.263-0300] {taskinstance.py:1979} INFO - Dependencies all met for dep_context=requeueable deps ti=<TaskInstance: get_stocks_dag.TSLA scheduled__2024-01-19T00:00:00+00:00 [queued]>
[2024-03-06T12:04:33.265-0300] {taskinstance.py:2193} INFO - Starting attempt 1 of 1
[2024-03-06T12:04:33.304-0300] {taskinstance.py:2214} INFO - Executing <Task(_PythonDecoratedOperator): TSLA> on 2024-01-19 00:00:00+00:00
[2024-03-06T12:04:33.340-0300] {standard_task_runner.py:60} INFO - Started process 40491 to run task
[2024-03-06T12:04:33.360-0300] {standard_task_runner.py:87} INFO - Running: ['airflow', 'tasks', 'run', 'get_stocks_dag', 'TSLA', 'scheduled__2024-01-19T00:00:00+00:00', '--job-id', '54', '--raw', '--subdir', 'DAGS_FOLDER/get_stoks.py', '--cfg-path', '/tmp/tmp7__w4i6f']
[2024-03-06T12:04:33.368-0300] {standard_task_runner.py:88} INFO - Job 54: Subtask TSLA
[2024-03-06T12:04:33.591-0300] {task_command.py:423} INFO - Running <TaskInstance: get_stocks_dag.TSLA scheduled__2024-01-19T00:00:00+00:00 [running]> on host BITL0401.
[2024-03-06T12:04:33.942-0300] {taskinstance.py:2510} INFO - Exporting env vars: AIRFLOW_CTX_DAG_OWNER='airflow' AIRFLOW_CTX_DAG_ID='get_stocks_dag' AIRFLOW_CTX_TASK_ID='TSLA' AIRFLOW_CTX_EXECUTION_DATE='2024-01-19T00:00:00+00:00' AIRFLOW_CTX_TRY_NUMBER='1' AIRFLOW_CTX_DAG_RUN_ID='scheduled__2024-01-19T00:00:00+00:00'
[2024-03-06T12:04:34.635-0300] {python.py:202} INFO - Done. Returned value was: None
[2024-03-06T12:04:34.651-0300] {taskinstance.py:1149} INFO - Marking task as SUCCESS. dag_id=get_stocks_dag, task_id=TSLA, execution_date=20240119T000000, start_date=20240306T150433, end_date=20240306T150434
[2024-03-06T12:04:34.677-0300] {local_task_job_runner.py:234} INFO - Task exited with return code 0
[2024-03-06T12:04:34.699-0300] {taskinstance.py:3309} INFO - 0 downstream tasks scheduled from follow-on schedule check
