[2024-03-06T11:04:56.805-0300] {taskinstance.py:1979} INFO - Dependencies all met for dep_context=non-requeueable deps ti=<TaskInstance: get_stocks_dag.MSFT scheduled__2024-02-14T00:00:00+00:00 [queued]>
[2024-03-06T11:04:56.810-0300] {taskinstance.py:1979} INFO - Dependencies all met for dep_context=requeueable deps ti=<TaskInstance: get_stocks_dag.MSFT scheduled__2024-02-14T00:00:00+00:00 [queued]>
[2024-03-06T11:04:56.811-0300] {taskinstance.py:2193} INFO - Starting attempt 1 of 1
[2024-03-06T11:04:56.825-0300] {taskinstance.py:2214} INFO - Executing <Task(_PythonDecoratedOperator): MSFT> on 2024-02-14 00:00:00+00:00
[2024-03-06T11:04:56.830-0300] {standard_task_runner.py:60} INFO - Started process 21777 to run task
[2024-03-06T11:04:56.832-0300] {standard_task_runner.py:87} INFO - Running: ['airflow', 'tasks', 'run', 'get_stocks_dag', 'MSFT', 'scheduled__2024-02-14T00:00:00+00:00', '--job-id', '134', '--raw', '--subdir', 'DAGS_FOLDER/get_stoks.py', '--cfg-path', '/tmp/tmpv9me2mdh']
[2024-03-06T11:04:56.833-0300] {standard_task_runner.py:88} INFO - Job 134: Subtask MSFT
[2024-03-06T11:04:56.865-0300] {task_command.py:423} INFO - Running <TaskInstance: get_stocks_dag.MSFT scheduled__2024-02-14T00:00:00+00:00 [running]> on host BITL0401.
[2024-03-06T11:04:56.924-0300] {taskinstance.py:2510} INFO - Exporting env vars: AIRFLOW_CTX_DAG_OWNER='airflow' AIRFLOW_CTX_DAG_ID='get_stocks_dag' AIRFLOW_CTX_TASK_ID='MSFT' AIRFLOW_CTX_EXECUTION_DATE='2024-02-14T00:00:00+00:00' AIRFLOW_CTX_TRY_NUMBER='1' AIRFLOW_CTX_DAG_RUN_ID='scheduled__2024-02-14T00:00:00+00:00'
[2024-03-06T11:04:57.577-0300] {python.py:202} INFO - Done. Returned value was: None
[2024-03-06T11:04:57.581-0300] {taskinstance.py:1149} INFO - Marking task as SUCCESS. dag_id=get_stocks_dag, task_id=MSFT, execution_date=20240214T000000, start_date=20240306T140456, end_date=20240306T140457
[2024-03-06T11:04:57.610-0300] {local_task_job_runner.py:234} INFO - Task exited with return code 0
[2024-03-06T11:04:57.620-0300] {taskinstance.py:3309} INFO - 0 downstream tasks scheduled from follow-on schedule check
[2024-03-06T12:05:04.111-0300] {taskinstance.py:1979} INFO - Dependencies all met for dep_context=non-requeueable deps ti=<TaskInstance: get_stocks_dag.MSFT scheduled__2024-02-14T00:00:00+00:00 [queued]>
[2024-03-06T12:05:04.135-0300] {taskinstance.py:1979} INFO - Dependencies all met for dep_context=requeueable deps ti=<TaskInstance: get_stocks_dag.MSFT scheduled__2024-02-14T00:00:00+00:00 [queued]>
[2024-03-06T12:05:04.136-0300] {taskinstance.py:2193} INFO - Starting attempt 1 of 1
[2024-03-06T12:05:04.196-0300] {taskinstance.py:2214} INFO - Executing <Task(_PythonDecoratedOperator): MSFT> on 2024-02-14 00:00:00+00:00
[2024-03-06T12:05:04.211-0300] {standard_task_runner.py:60} INFO - Started process 42917 to run task
[2024-03-06T12:05:04.230-0300] {standard_task_runner.py:87} INFO - Running: ['airflow', 'tasks', 'run', 'get_stocks_dag', 'MSFT', 'scheduled__2024-02-14T00:00:00+00:00', '--job-id', '131', '--raw', '--subdir', 'DAGS_FOLDER/get_stoks.py', '--cfg-path', '/tmp/tmpe9dmvv1z']
[2024-03-06T12:05:04.234-0300] {standard_task_runner.py:88} INFO - Job 131: Subtask MSFT
[2024-03-06T12:05:04.477-0300] {task_command.py:423} INFO - Running <TaskInstance: get_stocks_dag.MSFT scheduled__2024-02-14T00:00:00+00:00 [running]> on host BITL0401.
[2024-03-06T12:05:04.844-0300] {taskinstance.py:2510} INFO - Exporting env vars: AIRFLOW_CTX_DAG_OWNER='airflow' AIRFLOW_CTX_DAG_ID='get_stocks_dag' AIRFLOW_CTX_TASK_ID='MSFT' AIRFLOW_CTX_EXECUTION_DATE='2024-02-14T00:00:00+00:00' AIRFLOW_CTX_TRY_NUMBER='1' AIRFLOW_CTX_DAG_RUN_ID='scheduled__2024-02-14T00:00:00+00:00'
[2024-03-06T12:05:06.107-0300] {python.py:202} INFO - Done. Returned value was: None
[2024-03-06T12:05:06.127-0300] {taskinstance.py:1149} INFO - Marking task as SUCCESS. dag_id=get_stocks_dag, task_id=MSFT, execution_date=20240214T000000, start_date=20240306T150504, end_date=20240306T150506
[2024-03-06T12:05:06.217-0300] {local_task_job_runner.py:234} INFO - Task exited with return code 0
[2024-03-06T12:05:06.244-0300] {taskinstance.py:3309} INFO - 0 downstream tasks scheduled from follow-on schedule check
