[2024-03-06T10:59:16.561-0300] {taskinstance.py:1979} INFO - Dependencies all met for dep_context=non-requeueable deps ti=<TaskInstance: get_stocks_dag.MSFT scheduled__2024-01-04T00:00:00+00:00 [queued]>
[2024-03-06T10:59:16.566-0300] {taskinstance.py:1979} INFO - Dependencies all met for dep_context=requeueable deps ti=<TaskInstance: get_stocks_dag.MSFT scheduled__2024-01-04T00:00:00+00:00 [queued]>
[2024-03-06T10:59:16.566-0300] {taskinstance.py:2193} INFO - Starting attempt 1 of 1
[2024-03-06T10:59:16.580-0300] {taskinstance.py:2214} INFO - Executing <Task(_PythonDecoratedOperator): MSFT> on 2024-01-04 00:00:00+00:00
[2024-03-06T10:59:16.584-0300] {standard_task_runner.py:60} INFO - Started process 19025 to run task
[2024-03-06T10:59:16.586-0300] {standard_task_runner.py:87} INFO - Running: ['airflow', 'tasks', 'run', 'get_stocks_dag', 'MSFT', 'scheduled__2024-01-04T00:00:00+00:00', '--job-id', '18', '--raw', '--subdir', 'DAGS_FOLDER/get_stoks.py', '--cfg-path', '/tmp/tmpz80uen_0']
[2024-03-06T10:59:16.587-0300] {standard_task_runner.py:88} INFO - Job 18: Subtask MSFT
[2024-03-06T10:59:16.622-0300] {task_command.py:423} INFO - Running <TaskInstance: get_stocks_dag.MSFT scheduled__2024-01-04T00:00:00+00:00 [running]> on host BITL0401.
[2024-03-06T10:59:16.675-0300] {taskinstance.py:2510} INFO - Exporting env vars: AIRFLOW_CTX_DAG_OWNER='airflow' AIRFLOW_CTX_DAG_ID='get_stocks_dag' AIRFLOW_CTX_TASK_ID='MSFT' AIRFLOW_CTX_EXECUTION_DATE='2024-01-04T00:00:00+00:00' AIRFLOW_CTX_TRY_NUMBER='1' AIRFLOW_CTX_DAG_RUN_ID='scheduled__2024-01-04T00:00:00+00:00'
[2024-03-06T10:59:17.560-0300] {python.py:202} INFO - Done. Returned value was: None
[2024-03-06T10:59:17.563-0300] {taskinstance.py:1149} INFO - Marking task as SUCCESS. dag_id=get_stocks_dag, task_id=MSFT, execution_date=20240104T000000, start_date=20240306T135916, end_date=20240306T135917
[2024-03-06T10:59:17.607-0300] {local_task_job_runner.py:234} INFO - Task exited with return code 0
[2024-03-06T10:59:17.617-0300] {taskinstance.py:3309} INFO - 0 downstream tasks scheduled from follow-on schedule check
[2024-03-06T12:04:08.145-0300] {taskinstance.py:1979} INFO - Dependencies all met for dep_context=non-requeueable deps ti=<TaskInstance: get_stocks_dag.MSFT scheduled__2024-01-04T00:00:00+00:00 [queued]>
[2024-03-06T12:04:08.181-0300] {taskinstance.py:1979} INFO - Dependencies all met for dep_context=requeueable deps ti=<TaskInstance: get_stocks_dag.MSFT scheduled__2024-01-04T00:00:00+00:00 [queued]>
[2024-03-06T12:04:08.189-0300] {taskinstance.py:2193} INFO - Starting attempt 1 of 1
[2024-03-06T12:04:08.238-0300] {taskinstance.py:2214} INFO - Executing <Task(_PythonDecoratedOperator): MSFT> on 2024-01-04 00:00:00+00:00
[2024-03-06T12:04:08.286-0300] {standard_task_runner.py:87} INFO - Running: ['airflow', 'tasks', 'run', 'get_stocks_dag', 'MSFT', 'scheduled__2024-01-04T00:00:00+00:00', '--job-id', '8', '--raw', '--subdir', 'DAGS_FOLDER/get_stoks.py', '--cfg-path', '/tmp/tmpao13roma']
[2024-03-06T12:04:08.297-0300] {standard_task_runner.py:60} INFO - Started process 38997 to run task
[2024-03-06T12:04:08.311-0300] {standard_task_runner.py:88} INFO - Job 8: Subtask MSFT
[2024-03-06T12:04:08.932-0300] {task_command.py:423} INFO - Running <TaskInstance: get_stocks_dag.MSFT scheduled__2024-01-04T00:00:00+00:00 [running]> on host BITL0401.
[2024-03-06T12:04:09.617-0300] {taskinstance.py:2510} INFO - Exporting env vars: AIRFLOW_CTX_DAG_OWNER='airflow' AIRFLOW_CTX_DAG_ID='get_stocks_dag' AIRFLOW_CTX_TASK_ID='MSFT' AIRFLOW_CTX_EXECUTION_DATE='2024-01-04T00:00:00+00:00' AIRFLOW_CTX_TRY_NUMBER='1' AIRFLOW_CTX_DAG_RUN_ID='scheduled__2024-01-04T00:00:00+00:00'
[2024-03-06T12:04:12.198-0300] {python.py:202} INFO - Done. Returned value was: None
[2024-03-06T12:04:13.943-0300] {taskinstance.py:1149} INFO - Marking task as SUCCESS. dag_id=get_stocks_dag, task_id=MSFT, execution_date=20240104T000000, start_date=20240306T150408, end_date=20240306T150413
[2024-03-06T12:04:15.475-0300] {local_task_job_runner.py:234} INFO - Task exited with return code 0
[2024-03-06T12:04:15.539-0300] {taskinstance.py:3309} INFO - 0 downstream tasks scheduled from follow-on schedule check
[2024-03-06T12:15:34.751-0300] {taskinstance.py:1979} INFO - Dependencies all met for dep_context=non-requeueable deps ti=<TaskInstance: get_stocks_dag.MSFT scheduled__2024-01-04T00:00:00+00:00 [queued]>
[2024-03-06T12:15:34.777-0300] {taskinstance.py:1979} INFO - Dependencies all met for dep_context=requeueable deps ti=<TaskInstance: get_stocks_dag.MSFT scheduled__2024-01-04T00:00:00+00:00 [queued]>
[2024-03-06T12:15:34.777-0300] {taskinstance.py:2193} INFO - Starting attempt 1 of 1
[2024-03-06T12:15:34.825-0300] {taskinstance.py:2214} INFO - Executing <Task(_PythonDecoratedOperator): MSFT> on 2024-01-04 00:00:00+00:00
[2024-03-06T12:15:34.838-0300] {standard_task_runner.py:60} INFO - Started process 46554 to run task
[2024-03-06T12:15:34.857-0300] {standard_task_runner.py:87} INFO - Running: ['airflow', 'tasks', 'run', 'get_stocks_dag', 'MSFT', 'scheduled__2024-01-04T00:00:00+00:00', '--job-id', '150', '--raw', '--subdir', 'DAGS_FOLDER/get_stoks.py', '--cfg-path', '/tmp/tmpk_jxi40i']
[2024-03-06T12:15:34.866-0300] {standard_task_runner.py:88} INFO - Job 150: Subtask MSFT
[2024-03-06T12:15:35.106-0300] {task_command.py:423} INFO - Running <TaskInstance: get_stocks_dag.MSFT scheduled__2024-01-04T00:00:00+00:00 [running]> on host BITL0401.
[2024-03-06T12:15:35.393-0300] {taskinstance.py:2510} INFO - Exporting env vars: AIRFLOW_CTX_DAG_OWNER='airflow' AIRFLOW_CTX_DAG_ID='get_stocks_dag' AIRFLOW_CTX_TASK_ID='MSFT' AIRFLOW_CTX_EXECUTION_DATE='2024-01-04T00:00:00+00:00' AIRFLOW_CTX_TRY_NUMBER='1' AIRFLOW_CTX_DAG_RUN_ID='scheduled__2024-01-04T00:00:00+00:00'
[2024-03-06T12:15:39.561-0300] {python.py:202} INFO - Done. Returned value was: None
[2024-03-06T12:15:41.007-0300] {taskinstance.py:1149} INFO - Marking task as SUCCESS. dag_id=get_stocks_dag, task_id=MSFT, execution_date=20240104T000000, start_date=20240306T151534, end_date=20240306T151541
[2024-03-06T12:15:41.249-0300] {local_task_job_runner.py:234} INFO - Task exited with return code 0
[2024-03-06T12:15:41.354-0300] {taskinstance.py:3309} INFO - 0 downstream tasks scheduled from follow-on schedule check
[2024-03-06T12:17:06.732-0300] {taskinstance.py:1979} INFO - Dependencies all met for dep_context=non-requeueable deps ti=<TaskInstance: get_stocks_dag.MSFT scheduled__2024-01-04T00:00:00+00:00 [queued]>
[2024-03-06T12:17:06.741-0300] {taskinstance.py:1979} INFO - Dependencies all met for dep_context=requeueable deps ti=<TaskInstance: get_stocks_dag.MSFT scheduled__2024-01-04T00:00:00+00:00 [queued]>
[2024-03-06T12:17:06.742-0300] {taskinstance.py:2193} INFO - Starting attempt 1 of 1
[2024-03-06T12:17:06.755-0300] {taskinstance.py:2214} INFO - Executing <Task(_PythonDecoratedOperator): MSFT> on 2024-01-04 00:00:00+00:00
[2024-03-06T12:17:06.760-0300] {standard_task_runner.py:60} INFO - Started process 48829 to run task
[2024-03-06T12:17:06.763-0300] {standard_task_runner.py:87} INFO - Running: ['airflow', 'tasks', 'run', 'get_stocks_dag', 'MSFT', 'scheduled__2024-01-04T00:00:00+00:00', '--job-id', '210', '--raw', '--subdir', 'DAGS_FOLDER/get_stoks.py', '--cfg-path', '/tmp/tmpdizml7lh']
[2024-03-06T12:17:06.764-0300] {standard_task_runner.py:88} INFO - Job 210: Subtask MSFT
[2024-03-06T12:17:06.829-0300] {task_command.py:423} INFO - Running <TaskInstance: get_stocks_dag.MSFT scheduled__2024-01-04T00:00:00+00:00 [running]> on host BITL0401.
[2024-03-06T12:17:06.935-0300] {taskinstance.py:2510} INFO - Exporting env vars: AIRFLOW_CTX_DAG_OWNER='airflow' AIRFLOW_CTX_DAG_ID='get_stocks_dag' AIRFLOW_CTX_TASK_ID='MSFT' AIRFLOW_CTX_EXECUTION_DATE='2024-01-04T00:00:00+00:00' AIRFLOW_CTX_TRY_NUMBER='1' AIRFLOW_CTX_DAG_RUN_ID='scheduled__2024-01-04T00:00:00+00:00'
[2024-03-06T12:17:07.446-0300] {python.py:202} INFO - Done. Returned value was: None
[2024-03-06T12:17:07.461-0300] {taskinstance.py:1149} INFO - Marking task as SUCCESS. dag_id=get_stocks_dag, task_id=MSFT, execution_date=20240104T000000, start_date=20240306T151706, end_date=20240306T151707
[2024-03-06T12:17:07.499-0300] {local_task_job_runner.py:234} INFO - Task exited with return code 0
[2024-03-06T12:17:07.521-0300] {taskinstance.py:3309} INFO - 0 downstream tasks scheduled from follow-on schedule check
[2024-03-06T14:38:48.939-0300] {taskinstance.py:1979} INFO - Dependencies all met for dep_context=non-requeueable deps ti=<TaskInstance: get_stocks_dag.MSFT scheduled__2024-01-04T00:00:00+00:00 [queued]>
[2024-03-06T14:38:48.954-0300] {taskinstance.py:1979} INFO - Dependencies all met for dep_context=requeueable deps ti=<TaskInstance: get_stocks_dag.MSFT scheduled__2024-01-04T00:00:00+00:00 [queued]>
[2024-03-06T14:38:48.955-0300] {taskinstance.py:2193} INFO - Starting attempt 1 of 1
[2024-03-06T14:38:48.973-0300] {taskinstance.py:2214} INFO - Executing <Task(_PythonDecoratedOperator): MSFT> on 2024-01-04 00:00:00+00:00
[2024-03-06T14:38:48.978-0300] {standard_task_runner.py:60} INFO - Started process 82887 to run task
[2024-03-06T14:38:48.980-0300] {standard_task_runner.py:87} INFO - Running: ['airflow', 'tasks', 'run', 'get_stocks_dag', 'MSFT', 'scheduled__2024-01-04T00:00:00+00:00', '--job-id', '262', '--raw', '--subdir', 'DAGS_FOLDER/get_stoks.py', '--cfg-path', '/tmp/tmpoopp0wg6']
[2024-03-06T14:38:48.982-0300] {standard_task_runner.py:88} INFO - Job 262: Subtask MSFT
[2024-03-06T14:38:49.061-0300] {task_command.py:423} INFO - Running <TaskInstance: get_stocks_dag.MSFT scheduled__2024-01-04T00:00:00+00:00 [running]> on host BITL0401.
[2024-03-06T14:38:49.192-0300] {taskinstance.py:2510} INFO - Exporting env vars: AIRFLOW_CTX_DAG_OWNER='airflow' AIRFLOW_CTX_DAG_ID='get_stocks_dag' AIRFLOW_CTX_TASK_ID='MSFT' AIRFLOW_CTX_EXECUTION_DATE='2024-01-04T00:00:00+00:00' AIRFLOW_CTX_TRY_NUMBER='1' AIRFLOW_CTX_DAG_RUN_ID='scheduled__2024-01-04T00:00:00+00:00'
[2024-03-06T14:38:49.842-0300] {python.py:202} INFO - Done. Returned value was: None
[2024-03-06T14:38:49.857-0300] {taskinstance.py:1149} INFO - Marking task as SUCCESS. dag_id=get_stocks_dag, task_id=MSFT, execution_date=20240104T000000, start_date=20240306T173848, end_date=20240306T173849
[2024-03-06T14:38:49.916-0300] {local_task_job_runner.py:234} INFO - Task exited with return code 0
[2024-03-06T14:38:49.957-0300] {taskinstance.py:3309} INFO - 0 downstream tasks scheduled from follow-on schedule check
[2024-03-06T14:49:09.656-0300] {taskinstance.py:1979} INFO - Dependencies all met for dep_context=non-requeueable deps ti=<TaskInstance: get_stocks_dag.MSFT scheduled__2024-01-04T00:00:00+00:00 [queued]>
[2024-03-06T14:49:09.670-0300] {taskinstance.py:1979} INFO - Dependencies all met for dep_context=requeueable deps ti=<TaskInstance: get_stocks_dag.MSFT scheduled__2024-01-04T00:00:00+00:00 [queued]>
[2024-03-06T14:49:09.671-0300] {taskinstance.py:2193} INFO - Starting attempt 1 of 1
[2024-03-06T14:49:09.685-0300] {taskinstance.py:2214} INFO - Executing <Task(_PythonDecoratedOperator): MSFT> on 2024-01-04 00:00:00+00:00
[2024-03-06T14:49:09.689-0300] {standard_task_runner.py:60} INFO - Started process 86692 to run task
[2024-03-06T14:49:09.691-0300] {standard_task_runner.py:87} INFO - Running: ['airflow', 'tasks', 'run', 'get_stocks_dag', 'MSFT', 'scheduled__2024-01-04T00:00:00+00:00', '--job-id', '289', '--raw', '--subdir', 'DAGS_FOLDER/get_stoks.py', '--cfg-path', '/tmp/tmp9u3ssogi']
[2024-03-06T14:49:09.693-0300] {standard_task_runner.py:88} INFO - Job 289: Subtask MSFT
[2024-03-06T14:49:09.760-0300] {task_command.py:423} INFO - Running <TaskInstance: get_stocks_dag.MSFT scheduled__2024-01-04T00:00:00+00:00 [running]> on host BITL0401.
[2024-03-06T14:49:09.866-0300] {taskinstance.py:2510} INFO - Exporting env vars: AIRFLOW_CTX_DAG_OWNER='airflow' AIRFLOW_CTX_DAG_ID='get_stocks_dag' AIRFLOW_CTX_TASK_ID='MSFT' AIRFLOW_CTX_EXECUTION_DATE='2024-01-04T00:00:00+00:00' AIRFLOW_CTX_TRY_NUMBER='1' AIRFLOW_CTX_DAG_RUN_ID='scheduled__2024-01-04T00:00:00+00:00'
[2024-03-06T14:49:10.353-0300] {python.py:202} INFO - Done. Returned value was: None
[2024-03-06T14:49:10.368-0300] {taskinstance.py:1149} INFO - Marking task as SUCCESS. dag_id=get_stocks_dag, task_id=MSFT, execution_date=20240104T000000, start_date=20240306T174909, end_date=20240306T174910
[2024-03-06T14:49:10.428-0300] {local_task_job_runner.py:234} INFO - Task exited with return code 0
[2024-03-06T14:49:10.451-0300] {taskinstance.py:3309} INFO - 0 downstream tasks scheduled from follow-on schedule check
