[2024-03-06T11:00:07.613-0300] {taskinstance.py:1979} INFO - Dependencies all met for dep_context=non-requeueable deps ti=<TaskInstance: get_stocks_dag.GOOG scheduled__2024-01-10T00:00:00+00:00 [queued]>
[2024-03-06T11:00:07.619-0300] {taskinstance.py:1979} INFO - Dependencies all met for dep_context=requeueable deps ti=<TaskInstance: get_stocks_dag.GOOG scheduled__2024-01-10T00:00:00+00:00 [queued]>
[2024-03-06T11:00:07.619-0300] {taskinstance.py:2193} INFO - Starting attempt 1 of 1
[2024-03-06T11:00:07.634-0300] {taskinstance.py:2214} INFO - Executing <Task(_PythonDecoratedOperator): GOOG> on 2024-01-10 00:00:00+00:00
[2024-03-06T11:00:07.637-0300] {standard_task_runner.py:60} INFO - Started process 19454 to run task
[2024-03-06T11:00:07.640-0300] {standard_task_runner.py:87} INFO - Running: ['airflow', 'tasks', 'run', 'get_stocks_dag', 'GOOG', 'scheduled__2024-01-10T00:00:00+00:00', '--job-id', '35', '--raw', '--subdir', 'DAGS_FOLDER/get_stoks.py', '--cfg-path', '/tmp/tmplrboex7b']
[2024-03-06T11:00:07.641-0300] {standard_task_runner.py:88} INFO - Job 35: Subtask GOOG
[2024-03-06T11:00:07.672-0300] {task_command.py:423} INFO - Running <TaskInstance: get_stocks_dag.GOOG scheduled__2024-01-10T00:00:00+00:00 [running]> on host BITL0401.
[2024-03-06T11:00:07.727-0300] {taskinstance.py:2510} INFO - Exporting env vars: AIRFLOW_CTX_DAG_OWNER='airflow' AIRFLOW_CTX_DAG_ID='get_stocks_dag' AIRFLOW_CTX_TASK_ID='GOOG' AIRFLOW_CTX_EXECUTION_DATE='2024-01-10T00:00:00+00:00' AIRFLOW_CTX_TRY_NUMBER='1' AIRFLOW_CTX_DAG_RUN_ID='scheduled__2024-01-10T00:00:00+00:00'
[2024-03-06T11:00:08.318-0300] {python.py:202} INFO - Done. Returned value was: None
[2024-03-06T11:00:08.322-0300] {taskinstance.py:1149} INFO - Marking task as SUCCESS. dag_id=get_stocks_dag, task_id=GOOG, execution_date=20240110T000000, start_date=20240306T140007, end_date=20240306T140008
[2024-03-06T11:00:08.378-0300] {local_task_job_runner.py:234} INFO - Task exited with return code 0
[2024-03-06T11:00:08.388-0300] {taskinstance.py:3309} INFO - 0 downstream tasks scheduled from follow-on schedule check
[2024-03-06T12:04:23.494-0300] {taskinstance.py:1979} INFO - Dependencies all met for dep_context=non-requeueable deps ti=<TaskInstance: get_stocks_dag.GOOG scheduled__2024-01-10T00:00:00+00:00 [queued]>
[2024-03-06T12:04:23.533-0300] {taskinstance.py:1979} INFO - Dependencies all met for dep_context=requeueable deps ti=<TaskInstance: get_stocks_dag.GOOG scheduled__2024-01-10T00:00:00+00:00 [queued]>
[2024-03-06T12:04:23.534-0300] {taskinstance.py:2193} INFO - Starting attempt 1 of 1
[2024-03-06T12:04:23.586-0300] {taskinstance.py:2214} INFO - Executing <Task(_PythonDecoratedOperator): GOOG> on 2024-01-10 00:00:00+00:00
[2024-03-06T12:04:23.596-0300] {standard_task_runner.py:60} INFO - Started process 39570 to run task
[2024-03-06T12:04:23.607-0300] {standard_task_runner.py:87} INFO - Running: ['airflow', 'tasks', 'run', 'get_stocks_dag', 'GOOG', 'scheduled__2024-01-10T00:00:00+00:00', '--job-id', '21', '--raw', '--subdir', 'DAGS_FOLDER/get_stoks.py', '--cfg-path', '/tmp/tmpd4d0ehvh']
[2024-03-06T12:04:23.615-0300] {standard_task_runner.py:88} INFO - Job 21: Subtask GOOG
[2024-03-06T12:04:23.834-0300] {task_command.py:423} INFO - Running <TaskInstance: get_stocks_dag.GOOG scheduled__2024-01-10T00:00:00+00:00 [running]> on host BITL0401.
[2024-03-06T12:04:24.226-0300] {taskinstance.py:2510} INFO - Exporting env vars: AIRFLOW_CTX_DAG_OWNER='airflow' AIRFLOW_CTX_DAG_ID='get_stocks_dag' AIRFLOW_CTX_TASK_ID='GOOG' AIRFLOW_CTX_EXECUTION_DATE='2024-01-10T00:00:00+00:00' AIRFLOW_CTX_TRY_NUMBER='1' AIRFLOW_CTX_DAG_RUN_ID='scheduled__2024-01-10T00:00:00+00:00'
[2024-03-06T12:04:25.154-0300] {python.py:202} INFO - Done. Returned value was: None
[2024-03-06T12:04:25.174-0300] {taskinstance.py:1149} INFO - Marking task as SUCCESS. dag_id=get_stocks_dag, task_id=GOOG, execution_date=20240110T000000, start_date=20240306T150423, end_date=20240306T150425
[2024-03-06T12:04:25.244-0300] {local_task_job_runner.py:234} INFO - Task exited with return code 0
[2024-03-06T12:04:25.269-0300] {taskinstance.py:3309} INFO - 0 downstream tasks scheduled from follow-on schedule check
