[2024-03-06T11:02:43.318-0300] {taskinstance.py:1979} INFO - Dependencies all met for dep_context=non-requeueable deps ti=<TaskInstance: get_stocks_dag.AAPL scheduled__2024-01-30T00:00:00+00:00 [queued]>
[2024-03-06T11:02:43.323-0300] {taskinstance.py:1979} INFO - Dependencies all met for dep_context=requeueable deps ti=<TaskInstance: get_stocks_dag.AAPL scheduled__2024-01-30T00:00:00+00:00 [queued]>
[2024-03-06T11:02:43.323-0300] {taskinstance.py:2193} INFO - Starting attempt 1 of 1
[2024-03-06T11:02:43.341-0300] {taskinstance.py:2214} INFO - Executing <Task(_PythonDecoratedOperator): AAPL> on 2024-01-30 00:00:00+00:00
[2024-03-06T11:02:43.345-0300] {standard_task_runner.py:60} INFO - Started process 20675 to run task
[2024-03-06T11:02:43.348-0300] {standard_task_runner.py:87} INFO - Running: ['airflow', 'tasks', 'run', 'get_stocks_dag', 'AAPL', 'scheduled__2024-01-30T00:00:00+00:00', '--job-id', '89', '--raw', '--subdir', 'DAGS_FOLDER/get_stoks.py', '--cfg-path', '/tmp/tmphldsy18x']
[2024-03-06T11:02:43.349-0300] {standard_task_runner.py:88} INFO - Job 89: Subtask AAPL
[2024-03-06T11:02:43.384-0300] {task_command.py:423} INFO - Running <TaskInstance: get_stocks_dag.AAPL scheduled__2024-01-30T00:00:00+00:00 [running]> on host BITL0401.
[2024-03-06T11:02:43.437-0300] {taskinstance.py:2510} INFO - Exporting env vars: AIRFLOW_CTX_DAG_OWNER='airflow' AIRFLOW_CTX_DAG_ID='get_stocks_dag' AIRFLOW_CTX_TASK_ID='AAPL' AIRFLOW_CTX_EXECUTION_DATE='2024-01-30T00:00:00+00:00' AIRFLOW_CTX_TRY_NUMBER='1' AIRFLOW_CTX_DAG_RUN_ID='scheduled__2024-01-30T00:00:00+00:00'
[2024-03-06T11:02:44.214-0300] {python.py:202} INFO - Done. Returned value was: None
[2024-03-06T11:02:44.217-0300] {taskinstance.py:1149} INFO - Marking task as SUCCESS. dag_id=get_stocks_dag, task_id=AAPL, execution_date=20240130T000000, start_date=20240306T140243, end_date=20240306T140244
[2024-03-06T11:02:44.247-0300] {local_task_job_runner.py:234} INFO - Task exited with return code 0
[2024-03-06T11:02:44.256-0300] {taskinstance.py:3309} INFO - 0 downstream tasks scheduled from follow-on schedule check
[2024-03-06T12:04:45.718-0300] {taskinstance.py:1979} INFO - Dependencies all met for dep_context=non-requeueable deps ti=<TaskInstance: get_stocks_dag.AAPL scheduled__2024-01-30T00:00:00+00:00 [queued]>
[2024-03-06T12:04:45.796-0300] {taskinstance.py:1979} INFO - Dependencies all met for dep_context=requeueable deps ti=<TaskInstance: get_stocks_dag.AAPL scheduled__2024-01-30T00:00:00+00:00 [queued]>
[2024-03-06T12:04:45.797-0300] {taskinstance.py:2193} INFO - Starting attempt 1 of 1
[2024-03-06T12:04:45.845-0300] {taskinstance.py:2214} INFO - Executing <Task(_PythonDecoratedOperator): AAPL> on 2024-01-30 00:00:00+00:00
[2024-03-06T12:04:45.873-0300] {standard_task_runner.py:60} INFO - Started process 41514 to run task
[2024-03-06T12:04:45.884-0300] {standard_task_runner.py:87} INFO - Running: ['airflow', 'tasks', 'run', 'get_stocks_dag', 'AAPL', 'scheduled__2024-01-30T00:00:00+00:00', '--job-id', '92', '--raw', '--subdir', 'DAGS_FOLDER/get_stoks.py', '--cfg-path', '/tmp/tmpb_d6vyf7']
[2024-03-06T12:04:45.888-0300] {standard_task_runner.py:88} INFO - Job 92: Subtask AAPL
[2024-03-06T12:04:46.168-0300] {task_command.py:423} INFO - Running <TaskInstance: get_stocks_dag.AAPL scheduled__2024-01-30T00:00:00+00:00 [running]> on host BITL0401.
[2024-03-06T12:04:46.489-0300] {taskinstance.py:2510} INFO - Exporting env vars: AIRFLOW_CTX_DAG_OWNER='airflow' AIRFLOW_CTX_DAG_ID='get_stocks_dag' AIRFLOW_CTX_TASK_ID='AAPL' AIRFLOW_CTX_EXECUTION_DATE='2024-01-30T00:00:00+00:00' AIRFLOW_CTX_TRY_NUMBER='1' AIRFLOW_CTX_DAG_RUN_ID='scheduled__2024-01-30T00:00:00+00:00'
[2024-03-06T12:04:47.301-0300] {python.py:202} INFO - Done. Returned value was: None
[2024-03-06T12:04:47.322-0300] {taskinstance.py:1149} INFO - Marking task as SUCCESS. dag_id=get_stocks_dag, task_id=AAPL, execution_date=20240130T000000, start_date=20240306T150445, end_date=20240306T150447
[2024-03-06T12:04:47.436-0300] {local_task_job_runner.py:234} INFO - Task exited with return code 0
[2024-03-06T12:04:47.491-0300] {taskinstance.py:3309} INFO - 0 downstream tasks scheduled from follow-on schedule check
