[2024-03-06T10:59:07.313-0300] {taskinstance.py:1979} INFO - Dependencies all met for dep_context=non-requeueable deps ti=<TaskInstance: get_stocks_dag.GOOG scheduled__2024-01-03T00:00:00+00:00 [queued]>
[2024-03-06T10:59:07.318-0300] {taskinstance.py:1979} INFO - Dependencies all met for dep_context=requeueable deps ti=<TaskInstance: get_stocks_dag.GOOG scheduled__2024-01-03T00:00:00+00:00 [queued]>
[2024-03-06T10:59:07.318-0300] {taskinstance.py:2193} INFO - Starting attempt 1 of 1
[2024-03-06T10:59:07.333-0300] {taskinstance.py:2214} INFO - Executing <Task(_PythonDecoratedOperator): GOOG> on 2024-01-03 00:00:00+00:00
[2024-03-06T10:59:07.336-0300] {standard_task_runner.py:60} INFO - Started process 18956 to run task
[2024-03-06T10:59:07.339-0300] {standard_task_runner.py:87} INFO - Running: ['airflow', 'tasks', 'run', 'get_stocks_dag', 'GOOG', 'scheduled__2024-01-03T00:00:00+00:00', '--job-id', '15', '--raw', '--subdir', 'DAGS_FOLDER/get_stoks.py', '--cfg-path', '/tmp/tmpio3qhyad']
[2024-03-06T10:59:07.341-0300] {standard_task_runner.py:88} INFO - Job 15: Subtask GOOG
[2024-03-06T10:59:07.371-0300] {task_command.py:423} INFO - Running <TaskInstance: get_stocks_dag.GOOG scheduled__2024-01-03T00:00:00+00:00 [running]> on host BITL0401.
[2024-03-06T10:59:07.426-0300] {taskinstance.py:2510} INFO - Exporting env vars: AIRFLOW_CTX_DAG_OWNER='airflow' AIRFLOW_CTX_DAG_ID='get_stocks_dag' AIRFLOW_CTX_TASK_ID='GOOG' AIRFLOW_CTX_EXECUTION_DATE='2024-01-03T00:00:00+00:00' AIRFLOW_CTX_TRY_NUMBER='1' AIRFLOW_CTX_DAG_RUN_ID='scheduled__2024-01-03T00:00:00+00:00'
[2024-03-06T10:59:08.155-0300] {python.py:202} INFO - Done. Returned value was: None
[2024-03-06T10:59:08.159-0300] {taskinstance.py:1149} INFO - Marking task as SUCCESS. dag_id=get_stocks_dag, task_id=GOOG, execution_date=20240103T000000, start_date=20240306T135907, end_date=20240306T135908
[2024-03-06T10:59:08.198-0300] {local_task_job_runner.py:234} INFO - Task exited with return code 0
[2024-03-06T10:59:08.208-0300] {taskinstance.py:3309} INFO - 0 downstream tasks scheduled from follow-on schedule check
[2024-03-06T12:04:08.272-0300] {taskinstance.py:1979} INFO - Dependencies all met for dep_context=non-requeueable deps ti=<TaskInstance: get_stocks_dag.GOOG scheduled__2024-01-03T00:00:00+00:00 [queued]>
[2024-03-06T12:04:08.340-0300] {taskinstance.py:1979} INFO - Dependencies all met for dep_context=requeueable deps ti=<TaskInstance: get_stocks_dag.GOOG scheduled__2024-01-03T00:00:00+00:00 [queued]>
[2024-03-06T12:04:08.341-0300] {taskinstance.py:2193} INFO - Starting attempt 1 of 1
[2024-03-06T12:04:08.370-0300] {taskinstance.py:2214} INFO - Executing <Task(_PythonDecoratedOperator): GOOG> on 2024-01-03 00:00:00+00:00
[2024-03-06T12:04:08.394-0300] {standard_task_runner.py:60} INFO - Started process 39007 to run task
[2024-03-06T12:04:08.483-0300] {standard_task_runner.py:87} INFO - Running: ['airflow', 'tasks', 'run', 'get_stocks_dag', 'GOOG', 'scheduled__2024-01-03T00:00:00+00:00', '--job-id', '10', '--raw', '--subdir', 'DAGS_FOLDER/get_stoks.py', '--cfg-path', '/tmp/tmpredmhswx']
[2024-03-06T12:04:08.524-0300] {standard_task_runner.py:88} INFO - Job 10: Subtask GOOG
[2024-03-06T12:04:08.993-0300] {task_command.py:423} INFO - Running <TaskInstance: get_stocks_dag.GOOG scheduled__2024-01-03T00:00:00+00:00 [running]> on host BITL0401.
[2024-03-06T12:04:09.859-0300] {taskinstance.py:2510} INFO - Exporting env vars: AIRFLOW_CTX_DAG_OWNER='airflow' AIRFLOW_CTX_DAG_ID='get_stocks_dag' AIRFLOW_CTX_TASK_ID='GOOG' AIRFLOW_CTX_EXECUTION_DATE='2024-01-03T00:00:00+00:00' AIRFLOW_CTX_TRY_NUMBER='1' AIRFLOW_CTX_DAG_RUN_ID='scheduled__2024-01-03T00:00:00+00:00'
[2024-03-06T12:04:11.811-0300] {python.py:202} INFO - Done. Returned value was: None
[2024-03-06T12:04:12.087-0300] {taskinstance.py:1149} INFO - Marking task as SUCCESS. dag_id=get_stocks_dag, task_id=GOOG, execution_date=20240103T000000, start_date=20240306T150408, end_date=20240306T150412
[2024-03-06T12:04:14.194-0300] {local_task_job_runner.py:234} INFO - Task exited with return code 0
[2024-03-06T12:04:14.233-0300] {taskinstance.py:3309} INFO - 0 downstream tasks scheduled from follow-on schedule check
[2024-03-06T12:15:34.785-0300] {taskinstance.py:1979} INFO - Dependencies all met for dep_context=non-requeueable deps ti=<TaskInstance: get_stocks_dag.GOOG scheduled__2024-01-03T00:00:00+00:00 [queued]>
[2024-03-06T12:15:34.810-0300] {taskinstance.py:1979} INFO - Dependencies all met for dep_context=requeueable deps ti=<TaskInstance: get_stocks_dag.GOOG scheduled__2024-01-03T00:00:00+00:00 [queued]>
[2024-03-06T12:15:34.811-0300] {taskinstance.py:2193} INFO - Starting attempt 1 of 1
[2024-03-06T12:15:34.864-0300] {taskinstance.py:2214} INFO - Executing <Task(_PythonDecoratedOperator): GOOG> on 2024-01-03 00:00:00+00:00
[2024-03-06T12:15:34.883-0300] {standard_task_runner.py:60} INFO - Started process 46564 to run task
[2024-03-06T12:15:34.903-0300] {standard_task_runner.py:87} INFO - Running: ['airflow', 'tasks', 'run', 'get_stocks_dag', 'GOOG', 'scheduled__2024-01-03T00:00:00+00:00', '--job-id', '157', '--raw', '--subdir', 'DAGS_FOLDER/get_stoks.py', '--cfg-path', '/tmp/tmpop21japk']
[2024-03-06T12:15:34.912-0300] {standard_task_runner.py:88} INFO - Job 157: Subtask GOOG
[2024-03-06T12:15:35.181-0300] {task_command.py:423} INFO - Running <TaskInstance: get_stocks_dag.GOOG scheduled__2024-01-03T00:00:00+00:00 [running]> on host BITL0401.
[2024-03-06T12:15:35.576-0300] {taskinstance.py:2510} INFO - Exporting env vars: AIRFLOW_CTX_DAG_OWNER='airflow' AIRFLOW_CTX_DAG_ID='get_stocks_dag' AIRFLOW_CTX_TASK_ID='GOOG' AIRFLOW_CTX_EXECUTION_DATE='2024-01-03T00:00:00+00:00' AIRFLOW_CTX_TRY_NUMBER='1' AIRFLOW_CTX_DAG_RUN_ID='scheduled__2024-01-03T00:00:00+00:00'
[2024-03-06T12:15:39.580-0300] {python.py:202} INFO - Done. Returned value was: None
[2024-03-06T12:15:41.004-0300] {taskinstance.py:1149} INFO - Marking task as SUCCESS. dag_id=get_stocks_dag, task_id=GOOG, execution_date=20240103T000000, start_date=20240306T151534, end_date=20240306T151541
[2024-03-06T12:15:41.420-0300] {local_task_job_runner.py:234} INFO - Task exited with return code 0
[2024-03-06T12:15:41.531-0300] {taskinstance.py:3309} INFO - 0 downstream tasks scheduled from follow-on schedule check
[2024-03-06T12:17:02.833-0300] {taskinstance.py:1979} INFO - Dependencies all met for dep_context=non-requeueable deps ti=<TaskInstance: get_stocks_dag.GOOG scheduled__2024-01-03T00:00:00+00:00 [queued]>
[2024-03-06T12:17:02.844-0300] {taskinstance.py:1979} INFO - Dependencies all met for dep_context=requeueable deps ti=<TaskInstance: get_stocks_dag.GOOG scheduled__2024-01-03T00:00:00+00:00 [queued]>
[2024-03-06T12:17:02.845-0300] {taskinstance.py:2193} INFO - Starting attempt 1 of 1
[2024-03-06T12:17:02.858-0300] {taskinstance.py:2214} INFO - Executing <Task(_PythonDecoratedOperator): GOOG> on 2024-01-03 00:00:00+00:00
[2024-03-06T12:17:02.863-0300] {standard_task_runner.py:60} INFO - Started process 48719 to run task
[2024-03-06T12:17:02.865-0300] {standard_task_runner.py:87} INFO - Running: ['airflow', 'tasks', 'run', 'get_stocks_dag', 'GOOG', 'scheduled__2024-01-03T00:00:00+00:00', '--job-id', '207', '--raw', '--subdir', 'DAGS_FOLDER/get_stoks.py', '--cfg-path', '/tmp/tmplhu488ie']
[2024-03-06T12:17:02.866-0300] {standard_task_runner.py:88} INFO - Job 207: Subtask GOOG
[2024-03-06T12:17:02.930-0300] {task_command.py:423} INFO - Running <TaskInstance: get_stocks_dag.GOOG scheduled__2024-01-03T00:00:00+00:00 [running]> on host BITL0401.
[2024-03-06T12:17:03.028-0300] {taskinstance.py:2510} INFO - Exporting env vars: AIRFLOW_CTX_DAG_OWNER='airflow' AIRFLOW_CTX_DAG_ID='get_stocks_dag' AIRFLOW_CTX_TASK_ID='GOOG' AIRFLOW_CTX_EXECUTION_DATE='2024-01-03T00:00:00+00:00' AIRFLOW_CTX_TRY_NUMBER='1' AIRFLOW_CTX_DAG_RUN_ID='scheduled__2024-01-03T00:00:00+00:00'
[2024-03-06T12:17:04.366-0300] {python.py:202} INFO - Done. Returned value was: None
[2024-03-06T12:17:04.392-0300] {taskinstance.py:1149} INFO - Marking task as SUCCESS. dag_id=get_stocks_dag, task_id=GOOG, execution_date=20240103T000000, start_date=20240306T151702, end_date=20240306T151704
[2024-03-06T12:17:04.447-0300] {local_task_job_runner.py:234} INFO - Task exited with return code 0
[2024-03-06T12:17:04.468-0300] {taskinstance.py:3309} INFO - 0 downstream tasks scheduled from follow-on schedule check
