[2024-03-06T11:01:06.917-0300] {taskinstance.py:1979} INFO - Dependencies all met for dep_context=non-requeueable deps ti=<TaskInstance: get_stocks_dag.GOOG scheduled__2024-01-17T00:00:00+00:00 [queued]>
[2024-03-06T11:01:06.922-0300] {taskinstance.py:1979} INFO - Dependencies all met for dep_context=requeueable deps ti=<TaskInstance: get_stocks_dag.GOOG scheduled__2024-01-17T00:00:00+00:00 [queued]>
[2024-03-06T11:01:06.922-0300] {taskinstance.py:2193} INFO - Starting attempt 1 of 1
[2024-03-06T11:01:06.936-0300] {taskinstance.py:2214} INFO - Executing <Task(_PythonDecoratedOperator): GOOG> on 2024-01-17 00:00:00+00:00
[2024-03-06T11:01:06.940-0300] {standard_task_runner.py:60} INFO - Started process 19919 to run task
[2024-03-06T11:01:06.942-0300] {standard_task_runner.py:87} INFO - Running: ['airflow', 'tasks', 'run', 'get_stocks_dag', 'GOOG', 'scheduled__2024-01-17T00:00:00+00:00', '--job-id', '55', '--raw', '--subdir', 'DAGS_FOLDER/get_stoks.py', '--cfg-path', '/tmp/tmpz51l4kva']
[2024-03-06T11:01:06.944-0300] {standard_task_runner.py:88} INFO - Job 55: Subtask GOOG
[2024-03-06T11:01:06.975-0300] {task_command.py:423} INFO - Running <TaskInstance: get_stocks_dag.GOOG scheduled__2024-01-17T00:00:00+00:00 [running]> on host BITL0401.
[2024-03-06T11:01:07.068-0300] {taskinstance.py:2510} INFO - Exporting env vars: AIRFLOW_CTX_DAG_OWNER='airflow' AIRFLOW_CTX_DAG_ID='get_stocks_dag' AIRFLOW_CTX_TASK_ID='GOOG' AIRFLOW_CTX_EXECUTION_DATE='2024-01-17T00:00:00+00:00' AIRFLOW_CTX_TRY_NUMBER='1' AIRFLOW_CTX_DAG_RUN_ID='scheduled__2024-01-17T00:00:00+00:00'
[2024-03-06T11:01:07.648-0300] {python.py:202} INFO - Done. Returned value was: None
[2024-03-06T11:01:07.651-0300] {taskinstance.py:1149} INFO - Marking task as SUCCESS. dag_id=get_stocks_dag, task_id=GOOG, execution_date=20240117T000000, start_date=20240306T140106, end_date=20240306T140107
[2024-03-06T11:01:07.681-0300] {local_task_job_runner.py:234} INFO - Task exited with return code 0
[2024-03-06T11:01:07.691-0300] {taskinstance.py:3309} INFO - 0 downstream tasks scheduled from follow-on schedule check
[2024-03-06T12:04:28.687-0300] {taskinstance.py:1979} INFO - Dependencies all met for dep_context=non-requeueable deps ti=<TaskInstance: get_stocks_dag.GOOG scheduled__2024-01-17T00:00:00+00:00 [queued]>
[2024-03-06T12:04:28.714-0300] {taskinstance.py:1979} INFO - Dependencies all met for dep_context=requeueable deps ti=<TaskInstance: get_stocks_dag.GOOG scheduled__2024-01-17T00:00:00+00:00 [queued]>
[2024-03-06T12:04:28.716-0300] {taskinstance.py:2193} INFO - Starting attempt 1 of 1
[2024-03-06T12:04:28.764-0300] {taskinstance.py:2214} INFO - Executing <Task(_PythonDecoratedOperator): GOOG> on 2024-01-17 00:00:00+00:00
[2024-03-06T12:04:28.805-0300] {standard_task_runner.py:60} INFO - Started process 40108 to run task
[2024-03-06T12:04:28.816-0300] {standard_task_runner.py:87} INFO - Running: ['airflow', 'tasks', 'run', 'get_stocks_dag', 'GOOG', 'scheduled__2024-01-17T00:00:00+00:00', '--job-id', '47', '--raw', '--subdir', 'DAGS_FOLDER/get_stoks.py', '--cfg-path', '/tmp/tmpi8psw0bc']
[2024-03-06T12:04:28.823-0300] {standard_task_runner.py:88} INFO - Job 47: Subtask GOOG
[2024-03-06T12:04:29.047-0300] {task_command.py:423} INFO - Running <TaskInstance: get_stocks_dag.GOOG scheduled__2024-01-17T00:00:00+00:00 [running]> on host BITL0401.
[2024-03-06T12:04:29.352-0300] {taskinstance.py:2510} INFO - Exporting env vars: AIRFLOW_CTX_DAG_OWNER='airflow' AIRFLOW_CTX_DAG_ID='get_stocks_dag' AIRFLOW_CTX_TASK_ID='GOOG' AIRFLOW_CTX_EXECUTION_DATE='2024-01-17T00:00:00+00:00' AIRFLOW_CTX_TRY_NUMBER='1' AIRFLOW_CTX_DAG_RUN_ID='scheduled__2024-01-17T00:00:00+00:00'
[2024-03-06T12:04:30.062-0300] {python.py:202} INFO - Done. Returned value was: None
[2024-03-06T12:04:30.077-0300] {taskinstance.py:1149} INFO - Marking task as SUCCESS. dag_id=get_stocks_dag, task_id=GOOG, execution_date=20240117T000000, start_date=20240306T150428, end_date=20240306T150430
[2024-03-06T12:04:30.494-0300] {local_task_job_runner.py:234} INFO - Task exited with return code 0
[2024-03-06T12:04:30.617-0300] {taskinstance.py:3309} INFO - 0 downstream tasks scheduled from follow-on schedule check
[2024-03-06T12:15:51.697-0300] {taskinstance.py:1979} INFO - Dependencies all met for dep_context=non-requeueable deps ti=<TaskInstance: get_stocks_dag.GOOG scheduled__2024-01-17T00:00:00+00:00 [queued]>
[2024-03-06T12:15:51.744-0300] {taskinstance.py:1979} INFO - Dependencies all met for dep_context=requeueable deps ti=<TaskInstance: get_stocks_dag.GOOG scheduled__2024-01-17T00:00:00+00:00 [queued]>
[2024-03-06T12:15:51.747-0300] {taskinstance.py:2193} INFO - Starting attempt 1 of 1
[2024-03-06T12:15:51.848-0300] {taskinstance.py:2214} INFO - Executing <Task(_PythonDecoratedOperator): GOOG> on 2024-01-17 00:00:00+00:00
[2024-03-06T12:15:51.866-0300] {standard_task_runner.py:60} INFO - Started process 47650 to run task
[2024-03-06T12:15:51.882-0300] {standard_task_runner.py:87} INFO - Running: ['airflow', 'tasks', 'run', 'get_stocks_dag', 'GOOG', 'scheduled__2024-01-17T00:00:00+00:00', '--job-id', '178', '--raw', '--subdir', 'DAGS_FOLDER/get_stoks.py', '--cfg-path', '/tmp/tmpqyen4xqu']
[2024-03-06T12:15:51.898-0300] {standard_task_runner.py:88} INFO - Job 178: Subtask GOOG
[2024-03-06T12:15:52.133-0300] {task_command.py:423} INFO - Running <TaskInstance: get_stocks_dag.GOOG scheduled__2024-01-17T00:00:00+00:00 [running]> on host BITL0401.
[2024-03-06T12:15:52.398-0300] {taskinstance.py:2510} INFO - Exporting env vars: AIRFLOW_CTX_DAG_OWNER='airflow' AIRFLOW_CTX_DAG_ID='get_stocks_dag' AIRFLOW_CTX_TASK_ID='GOOG' AIRFLOW_CTX_EXECUTION_DATE='2024-01-17T00:00:00+00:00' AIRFLOW_CTX_TRY_NUMBER='1' AIRFLOW_CTX_DAG_RUN_ID='scheduled__2024-01-17T00:00:00+00:00'
[2024-03-06T12:15:53.449-0300] {python.py:202} INFO - Done. Returned value was: None
[2024-03-06T12:15:53.497-0300] {taskinstance.py:1149} INFO - Marking task as SUCCESS. dag_id=get_stocks_dag, task_id=GOOG, execution_date=20240117T000000, start_date=20240306T151551, end_date=20240306T151553
[2024-03-06T12:15:53.652-0300] {local_task_job_runner.py:234} INFO - Task exited with return code 0
[2024-03-06T12:15:53.874-0300] {taskinstance.py:3309} INFO - 0 downstream tasks scheduled from follow-on schedule check
[2024-03-06T12:17:49.780-0300] {taskinstance.py:1979} INFO - Dependencies all met for dep_context=non-requeueable deps ti=<TaskInstance: get_stocks_dag.GOOG scheduled__2024-01-17T00:00:00+00:00 [queued]>
[2024-03-06T12:17:49.792-0300] {taskinstance.py:1979} INFO - Dependencies all met for dep_context=requeueable deps ti=<TaskInstance: get_stocks_dag.GOOG scheduled__2024-01-17T00:00:00+00:00 [queued]>
[2024-03-06T12:17:49.793-0300] {taskinstance.py:2193} INFO - Starting attempt 1 of 1
[2024-03-06T12:17:49.815-0300] {taskinstance.py:2214} INFO - Executing <Task(_PythonDecoratedOperator): GOOG> on 2024-01-17 00:00:00+00:00
[2024-03-06T12:17:49.822-0300] {standard_task_runner.py:60} INFO - Started process 50072 to run task
[2024-03-06T12:17:49.824-0300] {standard_task_runner.py:87} INFO - Running: ['airflow', 'tasks', 'run', 'get_stocks_dag', 'GOOG', 'scheduled__2024-01-17T00:00:00+00:00', '--job-id', '247', '--raw', '--subdir', 'DAGS_FOLDER/get_stoks.py', '--cfg-path', '/tmp/tmp6yrw01a0']
[2024-03-06T12:17:49.825-0300] {standard_task_runner.py:88} INFO - Job 247: Subtask GOOG
[2024-03-06T12:17:49.902-0300] {task_command.py:423} INFO - Running <TaskInstance: get_stocks_dag.GOOG scheduled__2024-01-17T00:00:00+00:00 [running]> on host BITL0401.
[2024-03-06T12:17:50.019-0300] {taskinstance.py:2510} INFO - Exporting env vars: AIRFLOW_CTX_DAG_OWNER='airflow' AIRFLOW_CTX_DAG_ID='get_stocks_dag' AIRFLOW_CTX_TASK_ID='GOOG' AIRFLOW_CTX_EXECUTION_DATE='2024-01-17T00:00:00+00:00' AIRFLOW_CTX_TRY_NUMBER='1' AIRFLOW_CTX_DAG_RUN_ID='scheduled__2024-01-17T00:00:00+00:00'
[2024-03-06T12:17:50.868-0300] {python.py:202} INFO - Done. Returned value was: None
[2024-03-06T12:17:50.887-0300] {taskinstance.py:1149} INFO - Marking task as SUCCESS. dag_id=get_stocks_dag, task_id=GOOG, execution_date=20240117T000000, start_date=20240306T151749, end_date=20240306T151750
[2024-03-06T12:17:50.962-0300] {local_task_job_runner.py:234} INFO - Task exited with return code 0
[2024-03-06T12:17:50.988-0300] {taskinstance.py:3309} INFO - 0 downstream tasks scheduled from follow-on schedule check
