[2024-03-06T11:01:01.636-0300] {taskinstance.py:1979} INFO - Dependencies all met for dep_context=non-requeueable deps ti=<TaskInstance: get_stocks_dag.AAPL scheduled__2024-01-17T00:00:00+00:00 [queued]>
[2024-03-06T11:01:01.641-0300] {taskinstance.py:1979} INFO - Dependencies all met for dep_context=requeueable deps ti=<TaskInstance: get_stocks_dag.AAPL scheduled__2024-01-17T00:00:00+00:00 [queued]>
[2024-03-06T11:01:01.641-0300] {taskinstance.py:2193} INFO - Starting attempt 1 of 1
[2024-03-06T11:01:01.655-0300] {taskinstance.py:2214} INFO - Executing <Task(_PythonDecoratedOperator): AAPL> on 2024-01-17 00:00:00+00:00
[2024-03-06T11:01:01.660-0300] {standard_task_runner.py:60} INFO - Started process 19875 to run task
[2024-03-06T11:01:01.662-0300] {standard_task_runner.py:87} INFO - Running: ['airflow', 'tasks', 'run', 'get_stocks_dag', 'AAPL', 'scheduled__2024-01-17T00:00:00+00:00', '--job-id', '53', '--raw', '--subdir', 'DAGS_FOLDER/get_stoks.py', '--cfg-path', '/tmp/tmpwc5e035r']
[2024-03-06T11:01:01.663-0300] {standard_task_runner.py:88} INFO - Job 53: Subtask AAPL
[2024-03-06T11:01:01.713-0300] {task_command.py:423} INFO - Running <TaskInstance: get_stocks_dag.AAPL scheduled__2024-01-17T00:00:00+00:00 [running]> on host BITL0401.
[2024-03-06T11:01:01.772-0300] {taskinstance.py:2510} INFO - Exporting env vars: AIRFLOW_CTX_DAG_OWNER='airflow' AIRFLOW_CTX_DAG_ID='get_stocks_dag' AIRFLOW_CTX_TASK_ID='AAPL' AIRFLOW_CTX_EXECUTION_DATE='2024-01-17T00:00:00+00:00' AIRFLOW_CTX_TRY_NUMBER='1' AIRFLOW_CTX_DAG_RUN_ID='scheduled__2024-01-17T00:00:00+00:00'
[2024-03-06T11:01:02.259-0300] {python.py:202} INFO - Done. Returned value was: None
[2024-03-06T11:01:02.263-0300] {taskinstance.py:1149} INFO - Marking task as SUCCESS. dag_id=get_stocks_dag, task_id=AAPL, execution_date=20240117T000000, start_date=20240306T140101, end_date=20240306T140102
[2024-03-06T11:01:02.318-0300] {local_task_job_runner.py:234} INFO - Task exited with return code 0
[2024-03-06T11:01:02.338-0300] {taskinstance.py:3309} INFO - 0 downstream tasks scheduled from follow-on schedule check
[2024-03-06T12:04:28.196-0300] {taskinstance.py:1979} INFO - Dependencies all met for dep_context=non-requeueable deps ti=<TaskInstance: get_stocks_dag.AAPL scheduled__2024-01-17T00:00:00+00:00 [queued]>
[2024-03-06T12:04:28.267-0300] {taskinstance.py:1979} INFO - Dependencies all met for dep_context=requeueable deps ti=<TaskInstance: get_stocks_dag.AAPL scheduled__2024-01-17T00:00:00+00:00 [queued]>
[2024-03-06T12:04:28.268-0300] {taskinstance.py:2193} INFO - Starting attempt 1 of 1
[2024-03-06T12:04:28.343-0300] {taskinstance.py:2214} INFO - Executing <Task(_PythonDecoratedOperator): AAPL> on 2024-01-17 00:00:00+00:00
[2024-03-06T12:04:28.364-0300] {standard_task_runner.py:60} INFO - Started process 40042 to run task
[2024-03-06T12:04:28.382-0300] {standard_task_runner.py:87} INFO - Running: ['airflow', 'tasks', 'run', 'get_stocks_dag', 'AAPL', 'scheduled__2024-01-17T00:00:00+00:00', '--job-id', '37', '--raw', '--subdir', 'DAGS_FOLDER/get_stoks.py', '--cfg-path', '/tmp/tmp8imgon7m']
[2024-03-06T12:04:28.385-0300] {standard_task_runner.py:88} INFO - Job 37: Subtask AAPL
[2024-03-06T12:04:28.647-0300] {task_command.py:423} INFO - Running <TaskInstance: get_stocks_dag.AAPL scheduled__2024-01-17T00:00:00+00:00 [running]> on host BITL0401.
[2024-03-06T12:04:29.091-0300] {taskinstance.py:2510} INFO - Exporting env vars: AIRFLOW_CTX_DAG_OWNER='airflow' AIRFLOW_CTX_DAG_ID='get_stocks_dag' AIRFLOW_CTX_TASK_ID='AAPL' AIRFLOW_CTX_EXECUTION_DATE='2024-01-17T00:00:00+00:00' AIRFLOW_CTX_TRY_NUMBER='1' AIRFLOW_CTX_DAG_RUN_ID='scheduled__2024-01-17T00:00:00+00:00'
[2024-03-06T12:04:29.929-0300] {python.py:202} INFO - Done. Returned value was: None
[2024-03-06T12:04:29.944-0300] {taskinstance.py:1149} INFO - Marking task as SUCCESS. dag_id=get_stocks_dag, task_id=AAPL, execution_date=20240117T000000, start_date=20240306T150428, end_date=20240306T150429
[2024-03-06T12:04:30.498-0300] {local_task_job_runner.py:234} INFO - Task exited with return code 0
[2024-03-06T12:04:30.642-0300] {taskinstance.py:3309} INFO - 0 downstream tasks scheduled from follow-on schedule check
[2024-03-06T12:15:51.888-0300] {taskinstance.py:1979} INFO - Dependencies all met for dep_context=non-requeueable deps ti=<TaskInstance: get_stocks_dag.AAPL scheduled__2024-01-17T00:00:00+00:00 [queued]>
[2024-03-06T12:15:51.942-0300] {taskinstance.py:1979} INFO - Dependencies all met for dep_context=requeueable deps ti=<TaskInstance: get_stocks_dag.AAPL scheduled__2024-01-17T00:00:00+00:00 [queued]>
[2024-03-06T12:15:51.943-0300] {taskinstance.py:2193} INFO - Starting attempt 1 of 1
[2024-03-06T12:15:52.001-0300] {taskinstance.py:2214} INFO - Executing <Task(_PythonDecoratedOperator): AAPL> on 2024-01-17 00:00:00+00:00
[2024-03-06T12:15:52.039-0300] {standard_task_runner.py:60} INFO - Started process 47670 to run task
[2024-03-06T12:15:52.053-0300] {standard_task_runner.py:87} INFO - Running: ['airflow', 'tasks', 'run', 'get_stocks_dag', 'AAPL', 'scheduled__2024-01-17T00:00:00+00:00', '--job-id', '190', '--raw', '--subdir', 'DAGS_FOLDER/get_stoks.py', '--cfg-path', '/tmp/tmp88exfcs0']
[2024-03-06T12:15:52.057-0300] {standard_task_runner.py:88} INFO - Job 190: Subtask AAPL
[2024-03-06T12:15:52.330-0300] {task_command.py:423} INFO - Running <TaskInstance: get_stocks_dag.AAPL scheduled__2024-01-17T00:00:00+00:00 [running]> on host BITL0401.
[2024-03-06T12:15:52.503-0300] {taskinstance.py:2510} INFO - Exporting env vars: AIRFLOW_CTX_DAG_OWNER='airflow' AIRFLOW_CTX_DAG_ID='get_stocks_dag' AIRFLOW_CTX_TASK_ID='AAPL' AIRFLOW_CTX_EXECUTION_DATE='2024-01-17T00:00:00+00:00' AIRFLOW_CTX_TRY_NUMBER='1' AIRFLOW_CTX_DAG_RUN_ID='scheduled__2024-01-17T00:00:00+00:00'
[2024-03-06T12:15:53.438-0300] {python.py:202} INFO - Done. Returned value was: None
[2024-03-06T12:15:53.488-0300] {taskinstance.py:1149} INFO - Marking task as SUCCESS. dag_id=get_stocks_dag, task_id=AAPL, execution_date=20240117T000000, start_date=20240306T151551, end_date=20240306T151553
[2024-03-06T12:15:53.715-0300] {local_task_job_runner.py:234} INFO - Task exited with return code 0
[2024-03-06T12:15:53.855-0300] {taskinstance.py:3309} INFO - 0 downstream tasks scheduled from follow-on schedule check
[2024-03-06T12:17:47.913-0300] {taskinstance.py:1979} INFO - Dependencies all met for dep_context=non-requeueable deps ti=<TaskInstance: get_stocks_dag.AAPL scheduled__2024-01-17T00:00:00+00:00 [queued]>
[2024-03-06T12:17:47.925-0300] {taskinstance.py:1979} INFO - Dependencies all met for dep_context=requeueable deps ti=<TaskInstance: get_stocks_dag.AAPL scheduled__2024-01-17T00:00:00+00:00 [queued]>
[2024-03-06T12:17:47.925-0300] {taskinstance.py:2193} INFO - Starting attempt 1 of 1
[2024-03-06T12:17:47.941-0300] {taskinstance.py:2214} INFO - Executing <Task(_PythonDecoratedOperator): AAPL> on 2024-01-17 00:00:00+00:00
[2024-03-06T12:17:47.946-0300] {standard_task_runner.py:60} INFO - Started process 50005 to run task
[2024-03-06T12:17:47.949-0300] {standard_task_runner.py:87} INFO - Running: ['airflow', 'tasks', 'run', 'get_stocks_dag', 'AAPL', 'scheduled__2024-01-17T00:00:00+00:00', '--job-id', '246', '--raw', '--subdir', 'DAGS_FOLDER/get_stoks.py', '--cfg-path', '/tmp/tmph9sw9zoj']
[2024-03-06T12:17:47.951-0300] {standard_task_runner.py:88} INFO - Job 246: Subtask AAPL
[2024-03-06T12:17:48.019-0300] {task_command.py:423} INFO - Running <TaskInstance: get_stocks_dag.AAPL scheduled__2024-01-17T00:00:00+00:00 [running]> on host BITL0401.
[2024-03-06T12:17:48.129-0300] {taskinstance.py:2510} INFO - Exporting env vars: AIRFLOW_CTX_DAG_OWNER='airflow' AIRFLOW_CTX_DAG_ID='get_stocks_dag' AIRFLOW_CTX_TASK_ID='AAPL' AIRFLOW_CTX_EXECUTION_DATE='2024-01-17T00:00:00+00:00' AIRFLOW_CTX_TRY_NUMBER='1' AIRFLOW_CTX_DAG_RUN_ID='scheduled__2024-01-17T00:00:00+00:00'
[2024-03-06T12:17:48.647-0300] {python.py:202} INFO - Done. Returned value was: None
[2024-03-06T12:17:48.662-0300] {taskinstance.py:1149} INFO - Marking task as SUCCESS. dag_id=get_stocks_dag, task_id=AAPL, execution_date=20240117T000000, start_date=20240306T151747, end_date=20240306T151748
[2024-03-06T12:17:48.686-0300] {local_task_job_runner.py:234} INFO - Task exited with return code 0
[2024-03-06T12:17:48.708-0300] {taskinstance.py:3309} INFO - 0 downstream tasks scheduled from follow-on schedule check
