[2024-03-06T11:03:26.399-0300] {taskinstance.py:1979} INFO - Dependencies all met for dep_context=non-requeueable deps ti=<TaskInstance: get_stocks_dag.MSFT scheduled__2024-02-02T00:00:00+00:00 [queued]>
[2024-03-06T11:03:26.405-0300] {taskinstance.py:1979} INFO - Dependencies all met for dep_context=requeueable deps ti=<TaskInstance: get_stocks_dag.MSFT scheduled__2024-02-02T00:00:00+00:00 [queued]>
[2024-03-06T11:03:26.405-0300] {taskinstance.py:2193} INFO - Starting attempt 1 of 1
[2024-03-06T11:03:26.425-0300] {taskinstance.py:2214} INFO - Executing <Task(_PythonDecoratedOperator): MSFT> on 2024-02-02 00:00:00+00:00
[2024-03-06T11:03:26.430-0300] {standard_task_runner.py:60} INFO - Started process 21001 to run task
[2024-03-06T11:03:26.434-0300] {standard_task_runner.py:87} INFO - Running: ['airflow', 'tasks', 'run', 'get_stocks_dag', 'MSFT', 'scheduled__2024-02-02T00:00:00+00:00', '--job-id', '102', '--raw', '--subdir', 'DAGS_FOLDER/get_stoks.py', '--cfg-path', '/tmp/tmp495g97ux']
[2024-03-06T11:03:26.435-0300] {standard_task_runner.py:88} INFO - Job 102: Subtask MSFT
[2024-03-06T11:03:26.473-0300] {task_command.py:423} INFO - Running <TaskInstance: get_stocks_dag.MSFT scheduled__2024-02-02T00:00:00+00:00 [running]> on host BITL0401.
[2024-03-06T11:03:26.541-0300] {taskinstance.py:2510} INFO - Exporting env vars: AIRFLOW_CTX_DAG_OWNER='airflow' AIRFLOW_CTX_DAG_ID='get_stocks_dag' AIRFLOW_CTX_TASK_ID='MSFT' AIRFLOW_CTX_EXECUTION_DATE='2024-02-02T00:00:00+00:00' AIRFLOW_CTX_TRY_NUMBER='1' AIRFLOW_CTX_DAG_RUN_ID='scheduled__2024-02-02T00:00:00+00:00'
[2024-03-06T11:03:27.125-0300] {python.py:202} INFO - Done. Returned value was: None
[2024-03-06T11:03:27.129-0300] {taskinstance.py:1149} INFO - Marking task as SUCCESS. dag_id=get_stocks_dag, task_id=MSFT, execution_date=20240202T000000, start_date=20240306T140326, end_date=20240306T140327
[2024-03-06T11:03:27.170-0300] {local_task_job_runner.py:234} INFO - Task exited with return code 0
[2024-03-06T11:03:27.180-0300] {taskinstance.py:3309} INFO - 0 downstream tasks scheduled from follow-on schedule check
[2024-03-06T12:04:49.691-0300] {taskinstance.py:1979} INFO - Dependencies all met for dep_context=non-requeueable deps ti=<TaskInstance: get_stocks_dag.MSFT scheduled__2024-02-02T00:00:00+00:00 [queued]>
[2024-03-06T12:04:49.705-0300] {taskinstance.py:1979} INFO - Dependencies all met for dep_context=requeueable deps ti=<TaskInstance: get_stocks_dag.MSFT scheduled__2024-02-02T00:00:00+00:00 [queued]>
[2024-03-06T12:04:49.706-0300] {taskinstance.py:2193} INFO - Starting attempt 1 of 1
[2024-03-06T12:04:49.723-0300] {taskinstance.py:2214} INFO - Executing <Task(_PythonDecoratedOperator): MSFT> on 2024-02-02 00:00:00+00:00
[2024-03-06T12:04:49.730-0300] {standard_task_runner.py:60} INFO - Started process 41717 to run task
[2024-03-06T12:04:49.734-0300] {standard_task_runner.py:87} INFO - Running: ['airflow', 'tasks', 'run', 'get_stocks_dag', 'MSFT', 'scheduled__2024-02-02T00:00:00+00:00', '--job-id', '97', '--raw', '--subdir', 'DAGS_FOLDER/get_stoks.py', '--cfg-path', '/tmp/tmpn7_pp_73']
[2024-03-06T12:04:49.736-0300] {standard_task_runner.py:88} INFO - Job 97: Subtask MSFT
[2024-03-06T12:04:49.828-0300] {task_command.py:423} INFO - Running <TaskInstance: get_stocks_dag.MSFT scheduled__2024-02-02T00:00:00+00:00 [running]> on host BITL0401.
[2024-03-06T12:04:49.983-0300] {taskinstance.py:2510} INFO - Exporting env vars: AIRFLOW_CTX_DAG_OWNER='airflow' AIRFLOW_CTX_DAG_ID='get_stocks_dag' AIRFLOW_CTX_TASK_ID='MSFT' AIRFLOW_CTX_EXECUTION_DATE='2024-02-02T00:00:00+00:00' AIRFLOW_CTX_TRY_NUMBER='1' AIRFLOW_CTX_DAG_RUN_ID='scheduled__2024-02-02T00:00:00+00:00'
[2024-03-06T12:04:50.580-0300] {python.py:202} INFO - Done. Returned value was: None
[2024-03-06T12:04:50.596-0300] {taskinstance.py:1149} INFO - Marking task as SUCCESS. dag_id=get_stocks_dag, task_id=MSFT, execution_date=20240202T000000, start_date=20240306T150449, end_date=20240306T150450
[2024-03-06T12:04:50.632-0300] {local_task_job_runner.py:234} INFO - Task exited with return code 0
[2024-03-06T12:04:50.652-0300] {taskinstance.py:3309} INFO - 0 downstream tasks scheduled from follow-on schedule check
