[2024-03-06T11:01:58.159-0300] {taskinstance.py:1979} INFO - Dependencies all met for dep_context=non-requeueable deps ti=<TaskInstance: get_stocks_dag.AAPL scheduled__2024-01-24T00:00:00+00:00 [queued]>
[2024-03-06T11:01:58.164-0300] {taskinstance.py:1979} INFO - Dependencies all met for dep_context=requeueable deps ti=<TaskInstance: get_stocks_dag.AAPL scheduled__2024-01-24T00:00:00+00:00 [queued]>
[2024-03-06T11:01:58.164-0300] {taskinstance.py:2193} INFO - Starting attempt 1 of 1
[2024-03-06T11:01:58.179-0300] {taskinstance.py:2214} INFO - Executing <Task(_PythonDecoratedOperator): AAPL> on 2024-01-24 00:00:00+00:00
[2024-03-06T11:01:58.183-0300] {standard_task_runner.py:60} INFO - Started process 20323 to run task
[2024-03-06T11:01:58.186-0300] {standard_task_runner.py:87} INFO - Running: ['airflow', 'tasks', 'run', 'get_stocks_dag', 'AAPL', 'scheduled__2024-01-24T00:00:00+00:00', '--job-id', '73', '--raw', '--subdir', 'DAGS_FOLDER/get_stoks.py', '--cfg-path', '/tmp/tmpseo3d8et']
[2024-03-06T11:01:58.187-0300] {standard_task_runner.py:88} INFO - Job 73: Subtask AAPL
[2024-03-06T11:01:58.221-0300] {task_command.py:423} INFO - Running <TaskInstance: get_stocks_dag.AAPL scheduled__2024-01-24T00:00:00+00:00 [running]> on host BITL0401.
[2024-03-06T11:01:58.321-0300] {taskinstance.py:2510} INFO - Exporting env vars: AIRFLOW_CTX_DAG_OWNER='airflow' AIRFLOW_CTX_DAG_ID='get_stocks_dag' AIRFLOW_CTX_TASK_ID='AAPL' AIRFLOW_CTX_EXECUTION_DATE='2024-01-24T00:00:00+00:00' AIRFLOW_CTX_TRY_NUMBER='1' AIRFLOW_CTX_DAG_RUN_ID='scheduled__2024-01-24T00:00:00+00:00'
[2024-03-06T11:01:58.912-0300] {python.py:202} INFO - Done. Returned value was: None
[2024-03-06T11:01:58.915-0300] {taskinstance.py:1149} INFO - Marking task as SUCCESS. dag_id=get_stocks_dag, task_id=AAPL, execution_date=20240124T000000, start_date=20240306T140158, end_date=20240306T140158
[2024-03-06T11:01:58.966-0300] {local_task_job_runner.py:234} INFO - Task exited with return code 0
[2024-03-06T11:01:58.978-0300] {taskinstance.py:3309} INFO - 0 downstream tasks scheduled from follow-on schedule check
[2024-03-06T12:04:39.970-0300] {taskinstance.py:1979} INFO - Dependencies all met for dep_context=non-requeueable deps ti=<TaskInstance: get_stocks_dag.AAPL scheduled__2024-01-24T00:00:00+00:00 [queued]>
[2024-03-06T12:04:40.027-0300] {taskinstance.py:1979} INFO - Dependencies all met for dep_context=requeueable deps ti=<TaskInstance: get_stocks_dag.AAPL scheduled__2024-01-24T00:00:00+00:00 [queued]>
[2024-03-06T12:04:40.028-0300] {taskinstance.py:2193} INFO - Starting attempt 1 of 1
[2024-03-06T12:04:40.071-0300] {taskinstance.py:2214} INFO - Executing <Task(_PythonDecoratedOperator): AAPL> on 2024-01-24 00:00:00+00:00
[2024-03-06T12:04:40.083-0300] {standard_task_runner.py:60} INFO - Started process 40955 to run task
[2024-03-06T12:04:40.104-0300] {standard_task_runner.py:87} INFO - Running: ['airflow', 'tasks', 'run', 'get_stocks_dag', 'AAPL', 'scheduled__2024-01-24T00:00:00+00:00', '--job-id', '67', '--raw', '--subdir', 'DAGS_FOLDER/get_stoks.py', '--cfg-path', '/tmp/tmp2guszob4']
[2024-03-06T12:04:40.107-0300] {standard_task_runner.py:88} INFO - Job 67: Subtask AAPL
[2024-03-06T12:04:40.403-0300] {task_command.py:423} INFO - Running <TaskInstance: get_stocks_dag.AAPL scheduled__2024-01-24T00:00:00+00:00 [running]> on host BITL0401.
[2024-03-06T12:04:40.760-0300] {taskinstance.py:2510} INFO - Exporting env vars: AIRFLOW_CTX_DAG_OWNER='airflow' AIRFLOW_CTX_DAG_ID='get_stocks_dag' AIRFLOW_CTX_TASK_ID='AAPL' AIRFLOW_CTX_EXECUTION_DATE='2024-01-24T00:00:00+00:00' AIRFLOW_CTX_TRY_NUMBER='1' AIRFLOW_CTX_DAG_RUN_ID='scheduled__2024-01-24T00:00:00+00:00'
[2024-03-06T12:04:41.495-0300] {python.py:202} INFO - Done. Returned value was: None
[2024-03-06T12:04:41.510-0300] {taskinstance.py:1149} INFO - Marking task as SUCCESS. dag_id=get_stocks_dag, task_id=AAPL, execution_date=20240124T000000, start_date=20240306T150439, end_date=20240306T150441
[2024-03-06T12:04:41.532-0300] {local_task_job_runner.py:234} INFO - Task exited with return code 0
[2024-03-06T12:04:41.556-0300] {taskinstance.py:3309} INFO - 0 downstream tasks scheduled from follow-on schedule check
