[2024-03-06T11:01:50.126-0300] {taskinstance.py:1979} INFO - Dependencies all met for dep_context=non-requeueable deps ti=<TaskInstance: get_stocks_dag.MSFT scheduled__2024-01-23T00:00:00+00:00 [queued]>
[2024-03-06T11:01:50.132-0300] {taskinstance.py:1979} INFO - Dependencies all met for dep_context=requeueable deps ti=<TaskInstance: get_stocks_dag.MSFT scheduled__2024-01-23T00:00:00+00:00 [queued]>
[2024-03-06T11:01:50.133-0300] {taskinstance.py:2193} INFO - Starting attempt 1 of 1
[2024-03-06T11:01:50.148-0300] {taskinstance.py:2214} INFO - Executing <Task(_PythonDecoratedOperator): MSFT> on 2024-01-23 00:00:00+00:00
[2024-03-06T11:01:50.151-0300] {standard_task_runner.py:60} INFO - Started process 20248 to run task
[2024-03-06T11:01:50.154-0300] {standard_task_runner.py:87} INFO - Running: ['airflow', 'tasks', 'run', 'get_stocks_dag', 'MSFT', 'scheduled__2024-01-23T00:00:00+00:00', '--job-id', '70', '--raw', '--subdir', 'DAGS_FOLDER/get_stoks.py', '--cfg-path', '/tmp/tmp3w40bbi1']
[2024-03-06T11:01:50.155-0300] {standard_task_runner.py:88} INFO - Job 70: Subtask MSFT
[2024-03-06T11:01:50.186-0300] {task_command.py:423} INFO - Running <TaskInstance: get_stocks_dag.MSFT scheduled__2024-01-23T00:00:00+00:00 [running]> on host BITL0401.
[2024-03-06T11:01:50.238-0300] {taskinstance.py:2510} INFO - Exporting env vars: AIRFLOW_CTX_DAG_OWNER='airflow' AIRFLOW_CTX_DAG_ID='get_stocks_dag' AIRFLOW_CTX_TASK_ID='MSFT' AIRFLOW_CTX_EXECUTION_DATE='2024-01-23T00:00:00+00:00' AIRFLOW_CTX_TRY_NUMBER='1' AIRFLOW_CTX_DAG_RUN_ID='scheduled__2024-01-23T00:00:00+00:00'
[2024-03-06T11:01:50.782-0300] {python.py:202} INFO - Done. Returned value was: None
[2024-03-06T11:01:50.785-0300] {taskinstance.py:1149} INFO - Marking task as SUCCESS. dag_id=get_stocks_dag, task_id=MSFT, execution_date=20240123T000000, start_date=20240306T140150, end_date=20240306T140150
[2024-03-06T11:01:50.812-0300] {local_task_job_runner.py:234} INFO - Task exited with return code 0
[2024-03-06T11:01:50.821-0300] {taskinstance.py:3309} INFO - 0 downstream tasks scheduled from follow-on schedule check
[2024-03-06T12:04:39.894-0300] {taskinstance.py:1979} INFO - Dependencies all met for dep_context=non-requeueable deps ti=<TaskInstance: get_stocks_dag.MSFT scheduled__2024-01-23T00:00:00+00:00 [queued]>
[2024-03-06T12:04:39.930-0300] {taskinstance.py:1979} INFO - Dependencies all met for dep_context=requeueable deps ti=<TaskInstance: get_stocks_dag.MSFT scheduled__2024-01-23T00:00:00+00:00 [queued]>
[2024-03-06T12:04:39.931-0300] {taskinstance.py:2193} INFO - Starting attempt 1 of 1
[2024-03-06T12:04:39.976-0300] {taskinstance.py:2214} INFO - Executing <Task(_PythonDecoratedOperator): MSFT> on 2024-01-23 00:00:00+00:00
[2024-03-06T12:04:39.988-0300] {standard_task_runner.py:60} INFO - Started process 40940 to run task
[2024-03-06T12:04:40.012-0300] {standard_task_runner.py:87} INFO - Running: ['airflow', 'tasks', 'run', 'get_stocks_dag', 'MSFT', 'scheduled__2024-01-23T00:00:00+00:00', '--job-id', '66', '--raw', '--subdir', 'DAGS_FOLDER/get_stoks.py', '--cfg-path', '/tmp/tmp755ls7r_']
[2024-03-06T12:04:40.015-0300] {standard_task_runner.py:88} INFO - Job 66: Subtask MSFT
[2024-03-06T12:04:40.234-0300] {task_command.py:423} INFO - Running <TaskInstance: get_stocks_dag.MSFT scheduled__2024-01-23T00:00:00+00:00 [running]> on host BITL0401.
[2024-03-06T12:04:40.620-0300] {taskinstance.py:2510} INFO - Exporting env vars: AIRFLOW_CTX_DAG_OWNER='airflow' AIRFLOW_CTX_DAG_ID='get_stocks_dag' AIRFLOW_CTX_TASK_ID='MSFT' AIRFLOW_CTX_EXECUTION_DATE='2024-01-23T00:00:00+00:00' AIRFLOW_CTX_TRY_NUMBER='1' AIRFLOW_CTX_DAG_RUN_ID='scheduled__2024-01-23T00:00:00+00:00'
[2024-03-06T12:04:41.330-0300] {python.py:202} INFO - Done. Returned value was: None
[2024-03-06T12:04:41.349-0300] {taskinstance.py:1149} INFO - Marking task as SUCCESS. dag_id=get_stocks_dag, task_id=MSFT, execution_date=20240123T000000, start_date=20240306T150439, end_date=20240306T150441
[2024-03-06T12:04:41.395-0300] {local_task_job_runner.py:234} INFO - Task exited with return code 0
[2024-03-06T12:04:41.420-0300] {taskinstance.py:3309} INFO - 0 downstream tasks scheduled from follow-on schedule check
