[2024-03-06T11:00:02.088-0300] {taskinstance.py:1979} INFO - Dependencies all met for dep_context=non-requeueable deps ti=<TaskInstance: get_stocks_dag.AAPL scheduled__2024-01-10T00:00:00+00:00 [queued]>
[2024-03-06T11:00:02.096-0300] {taskinstance.py:1979} INFO - Dependencies all met for dep_context=requeueable deps ti=<TaskInstance: get_stocks_dag.AAPL scheduled__2024-01-10T00:00:00+00:00 [queued]>
[2024-03-06T11:00:02.097-0300] {taskinstance.py:2193} INFO - Starting attempt 1 of 1
[2024-03-06T11:00:02.113-0300] {taskinstance.py:2214} INFO - Executing <Task(_PythonDecoratedOperator): AAPL> on 2024-01-10 00:00:00+00:00
[2024-03-06T11:00:02.117-0300] {standard_task_runner.py:60} INFO - Started process 19414 to run task
[2024-03-06T11:00:02.120-0300] {standard_task_runner.py:87} INFO - Running: ['airflow', 'tasks', 'run', 'get_stocks_dag', 'AAPL', 'scheduled__2024-01-10T00:00:00+00:00', '--job-id', '33', '--raw', '--subdir', 'DAGS_FOLDER/get_stoks.py', '--cfg-path', '/tmp/tmp0lucwjfv']
[2024-03-06T11:00:02.121-0300] {standard_task_runner.py:88} INFO - Job 33: Subtask AAPL
[2024-03-06T11:00:02.159-0300] {task_command.py:423} INFO - Running <TaskInstance: get_stocks_dag.AAPL scheduled__2024-01-10T00:00:00+00:00 [running]> on host BITL0401.
[2024-03-06T11:00:02.218-0300] {taskinstance.py:2510} INFO - Exporting env vars: AIRFLOW_CTX_DAG_OWNER='airflow' AIRFLOW_CTX_DAG_ID='get_stocks_dag' AIRFLOW_CTX_TASK_ID='AAPL' AIRFLOW_CTX_EXECUTION_DATE='2024-01-10T00:00:00+00:00' AIRFLOW_CTX_TRY_NUMBER='1' AIRFLOW_CTX_DAG_RUN_ID='scheduled__2024-01-10T00:00:00+00:00'
[2024-03-06T11:00:02.790-0300] {python.py:202} INFO - Done. Returned value was: None
[2024-03-06T11:00:02.796-0300] {taskinstance.py:1149} INFO - Marking task as SUCCESS. dag_id=get_stocks_dag, task_id=AAPL, execution_date=20240110T000000, start_date=20240306T140002, end_date=20240306T140002
[2024-03-06T11:00:02.816-0300] {local_task_job_runner.py:234} INFO - Task exited with return code 0
[2024-03-06T11:00:02.829-0300] {taskinstance.py:3309} INFO - 0 downstream tasks scheduled from follow-on schedule check
[2024-03-06T12:04:23.607-0300] {taskinstance.py:1979} INFO - Dependencies all met for dep_context=non-requeueable deps ti=<TaskInstance: get_stocks_dag.AAPL scheduled__2024-01-10T00:00:00+00:00 [queued]>
[2024-03-06T12:04:23.650-0300] {taskinstance.py:1979} INFO - Dependencies all met for dep_context=requeueable deps ti=<TaskInstance: get_stocks_dag.AAPL scheduled__2024-01-10T00:00:00+00:00 [queued]>
[2024-03-06T12:04:23.651-0300] {taskinstance.py:2193} INFO - Starting attempt 1 of 1
[2024-03-06T12:04:23.693-0300] {taskinstance.py:2214} INFO - Executing <Task(_PythonDecoratedOperator): AAPL> on 2024-01-10 00:00:00+00:00
[2024-03-06T12:04:23.704-0300] {standard_task_runner.py:60} INFO - Started process 39594 to run task
[2024-03-06T12:04:23.721-0300] {standard_task_runner.py:87} INFO - Running: ['airflow', 'tasks', 'run', 'get_stocks_dag', 'AAPL', 'scheduled__2024-01-10T00:00:00+00:00', '--job-id', '33', '--raw', '--subdir', 'DAGS_FOLDER/get_stoks.py', '--cfg-path', '/tmp/tmpian1gzkc']
[2024-03-06T12:04:23.731-0300] {standard_task_runner.py:88} INFO - Job 33: Subtask AAPL
[2024-03-06T12:04:23.968-0300] {task_command.py:423} INFO - Running <TaskInstance: get_stocks_dag.AAPL scheduled__2024-01-10T00:00:00+00:00 [running]> on host BITL0401.
[2024-03-06T12:04:24.334-0300] {taskinstance.py:2510} INFO - Exporting env vars: AIRFLOW_CTX_DAG_OWNER='airflow' AIRFLOW_CTX_DAG_ID='get_stocks_dag' AIRFLOW_CTX_TASK_ID='AAPL' AIRFLOW_CTX_EXECUTION_DATE='2024-01-10T00:00:00+00:00' AIRFLOW_CTX_TRY_NUMBER='1' AIRFLOW_CTX_DAG_RUN_ID='scheduled__2024-01-10T00:00:00+00:00'
[2024-03-06T12:04:25.378-0300] {python.py:202} INFO - Done. Returned value was: None
[2024-03-06T12:04:25.399-0300] {taskinstance.py:1149} INFO - Marking task as SUCCESS. dag_id=get_stocks_dag, task_id=AAPL, execution_date=20240110T000000, start_date=20240306T150423, end_date=20240306T150425
[2024-03-06T12:04:25.434-0300] {local_task_job_runner.py:234} INFO - Task exited with return code 0
[2024-03-06T12:04:25.489-0300] {taskinstance.py:3309} INFO - 0 downstream tasks scheduled from follow-on schedule check
