[2024-03-06T11:00:44.356-0300] {taskinstance.py:1979} INFO - Dependencies all met for dep_context=non-requeueable deps ti=<TaskInstance: get_stocks_dag.GOOG scheduled__2024-01-13T00:00:00+00:00 [queued]>
[2024-03-06T11:00:44.363-0300] {taskinstance.py:1979} INFO - Dependencies all met for dep_context=requeueable deps ti=<TaskInstance: get_stocks_dag.GOOG scheduled__2024-01-13T00:00:00+00:00 [queued]>
[2024-03-06T11:00:44.364-0300] {taskinstance.py:2193} INFO - Starting attempt 1 of 1
[2024-03-06T11:00:44.379-0300] {taskinstance.py:2214} INFO - Executing <Task(_PythonDecoratedOperator): GOOG> on 2024-01-13 00:00:00+00:00
[2024-03-06T11:00:44.383-0300] {standard_task_runner.py:60} INFO - Started process 19737 to run task
[2024-03-06T11:00:44.385-0300] {standard_task_runner.py:87} INFO - Running: ['airflow', 'tasks', 'run', 'get_stocks_dag', 'GOOG', 'scheduled__2024-01-13T00:00:00+00:00', '--job-id', '47', '--raw', '--subdir', 'DAGS_FOLDER/get_stoks.py', '--cfg-path', '/tmp/tmpr477otig']
[2024-03-06T11:00:44.386-0300] {standard_task_runner.py:88} INFO - Job 47: Subtask GOOG
[2024-03-06T11:00:44.416-0300] {task_command.py:423} INFO - Running <TaskInstance: get_stocks_dag.GOOG scheduled__2024-01-13T00:00:00+00:00 [running]> on host BITL0401.
[2024-03-06T11:00:44.472-0300] {taskinstance.py:2510} INFO - Exporting env vars: AIRFLOW_CTX_DAG_OWNER='airflow' AIRFLOW_CTX_DAG_ID='get_stocks_dag' AIRFLOW_CTX_TASK_ID='GOOG' AIRFLOW_CTX_EXECUTION_DATE='2024-01-13T00:00:00+00:00' AIRFLOW_CTX_TRY_NUMBER='1' AIRFLOW_CTX_DAG_RUN_ID='scheduled__2024-01-13T00:00:00+00:00'
[2024-03-06T11:00:45.122-0300] {python.py:202} INFO - Done. Returned value was: None
[2024-03-06T11:00:45.126-0300] {taskinstance.py:1149} INFO - Marking task as SUCCESS. dag_id=get_stocks_dag, task_id=GOOG, execution_date=20240113T000000, start_date=20240306T140044, end_date=20240306T140045
[2024-03-06T11:00:45.164-0300] {local_task_job_runner.py:234} INFO - Task exited with return code 0
[2024-03-06T11:00:45.173-0300] {taskinstance.py:3309} INFO - 0 downstream tasks scheduled from follow-on schedule check
[2024-03-06T12:04:28.319-0300] {taskinstance.py:1979} INFO - Dependencies all met for dep_context=non-requeueable deps ti=<TaskInstance: get_stocks_dag.GOOG scheduled__2024-01-13T00:00:00+00:00 [queued]>
[2024-03-06T12:04:28.355-0300] {taskinstance.py:1979} INFO - Dependencies all met for dep_context=requeueable deps ti=<TaskInstance: get_stocks_dag.GOOG scheduled__2024-01-13T00:00:00+00:00 [queued]>
[2024-03-06T12:04:28.356-0300] {taskinstance.py:2193} INFO - Starting attempt 1 of 1
[2024-03-06T12:04:28.407-0300] {taskinstance.py:2214} INFO - Executing <Task(_PythonDecoratedOperator): GOOG> on 2024-01-13 00:00:00+00:00
[2024-03-06T12:04:28.424-0300] {standard_task_runner.py:60} INFO - Started process 40051 to run task
[2024-03-06T12:04:28.434-0300] {standard_task_runner.py:87} INFO - Running: ['airflow', 'tasks', 'run', 'get_stocks_dag', 'GOOG', 'scheduled__2024-01-13T00:00:00+00:00', '--job-id', '40', '--raw', '--subdir', 'DAGS_FOLDER/get_stoks.py', '--cfg-path', '/tmp/tmp2xpb4j3d']
[2024-03-06T12:04:28.450-0300] {standard_task_runner.py:88} INFO - Job 40: Subtask GOOG
[2024-03-06T12:04:28.642-0300] {task_command.py:423} INFO - Running <TaskInstance: get_stocks_dag.GOOG scheduled__2024-01-13T00:00:00+00:00 [running]> on host BITL0401.
[2024-03-06T12:04:28.929-0300] {taskinstance.py:2510} INFO - Exporting env vars: AIRFLOW_CTX_DAG_OWNER='airflow' AIRFLOW_CTX_DAG_ID='get_stocks_dag' AIRFLOW_CTX_TASK_ID='GOOG' AIRFLOW_CTX_EXECUTION_DATE='2024-01-13T00:00:00+00:00' AIRFLOW_CTX_TRY_NUMBER='1' AIRFLOW_CTX_DAG_RUN_ID='scheduled__2024-01-13T00:00:00+00:00'
[2024-03-06T12:04:29.739-0300] {python.py:202} INFO - Done. Returned value was: None
[2024-03-06T12:04:29.752-0300] {taskinstance.py:1149} INFO - Marking task as SUCCESS. dag_id=get_stocks_dag, task_id=GOOG, execution_date=20240113T000000, start_date=20240306T150428, end_date=20240306T150429
[2024-03-06T12:04:30.203-0300] {local_task_job_runner.py:234} INFO - Task exited with return code 0
[2024-03-06T12:04:30.612-0300] {taskinstance.py:3309} INFO - 0 downstream tasks scheduled from follow-on schedule check
[2024-03-06T12:15:51.360-0300] {taskinstance.py:1979} INFO - Dependencies all met for dep_context=non-requeueable deps ti=<TaskInstance: get_stocks_dag.GOOG scheduled__2024-01-13T00:00:00+00:00 [queued]>
[2024-03-06T12:15:51.421-0300] {taskinstance.py:1979} INFO - Dependencies all met for dep_context=requeueable deps ti=<TaskInstance: get_stocks_dag.GOOG scheduled__2024-01-13T00:00:00+00:00 [queued]>
[2024-03-06T12:15:51.422-0300] {taskinstance.py:2193} INFO - Starting attempt 1 of 1
[2024-03-06T12:15:51.474-0300] {taskinstance.py:2214} INFO - Executing <Task(_PythonDecoratedOperator): GOOG> on 2024-01-13 00:00:00+00:00
[2024-03-06T12:15:51.497-0300] {standard_task_runner.py:60} INFO - Started process 47605 to run task
[2024-03-06T12:15:51.508-0300] {standard_task_runner.py:87} INFO - Running: ['airflow', 'tasks', 'run', 'get_stocks_dag', 'GOOG', 'scheduled__2024-01-13T00:00:00+00:00', '--job-id', '187', '--raw', '--subdir', 'DAGS_FOLDER/get_stoks.py', '--cfg-path', '/tmp/tmpbi6azy3e']
[2024-03-06T12:15:51.518-0300] {standard_task_runner.py:88} INFO - Job 187: Subtask GOOG
[2024-03-06T12:15:51.690-0300] {task_command.py:423} INFO - Running <TaskInstance: get_stocks_dag.GOOG scheduled__2024-01-13T00:00:00+00:00 [running]> on host BITL0401.
[2024-03-06T12:15:52.155-0300] {taskinstance.py:2510} INFO - Exporting env vars: AIRFLOW_CTX_DAG_OWNER='airflow' AIRFLOW_CTX_DAG_ID='get_stocks_dag' AIRFLOW_CTX_TASK_ID='GOOG' AIRFLOW_CTX_EXECUTION_DATE='2024-01-13T00:00:00+00:00' AIRFLOW_CTX_TRY_NUMBER='1' AIRFLOW_CTX_DAG_RUN_ID='scheduled__2024-01-13T00:00:00+00:00'
[2024-03-06T12:15:53.156-0300] {python.py:202} INFO - Done. Returned value was: None
[2024-03-06T12:15:53.212-0300] {taskinstance.py:1149} INFO - Marking task as SUCCESS. dag_id=get_stocks_dag, task_id=GOOG, execution_date=20240113T000000, start_date=20240306T151551, end_date=20240306T151553
[2024-03-06T12:15:53.444-0300] {local_task_job_runner.py:234} INFO - Task exited with return code 0
[2024-03-06T12:15:53.564-0300] {taskinstance.py:3309} INFO - 0 downstream tasks scheduled from follow-on schedule check
[2024-03-06T12:17:41.375-0300] {taskinstance.py:1979} INFO - Dependencies all met for dep_context=non-requeueable deps ti=<TaskInstance: get_stocks_dag.GOOG scheduled__2024-01-13T00:00:00+00:00 [queued]>
[2024-03-06T12:17:41.385-0300] {taskinstance.py:1979} INFO - Dependencies all met for dep_context=requeueable deps ti=<TaskInstance: get_stocks_dag.GOOG scheduled__2024-01-13T00:00:00+00:00 [queued]>
[2024-03-06T12:17:41.386-0300] {taskinstance.py:2193} INFO - Starting attempt 1 of 1
[2024-03-06T12:17:41.399-0300] {taskinstance.py:2214} INFO - Executing <Task(_PythonDecoratedOperator): GOOG> on 2024-01-13 00:00:00+00:00
[2024-03-06T12:17:41.404-0300] {standard_task_runner.py:60} INFO - Started process 49811 to run task
[2024-03-06T12:17:41.406-0300] {standard_task_runner.py:87} INFO - Running: ['airflow', 'tasks', 'run', 'get_stocks_dag', 'GOOG', 'scheduled__2024-01-13T00:00:00+00:00', '--job-id', '239', '--raw', '--subdir', 'DAGS_FOLDER/get_stoks.py', '--cfg-path', '/tmp/tmpu2isfrsb']
[2024-03-06T12:17:41.407-0300] {standard_task_runner.py:88} INFO - Job 239: Subtask GOOG
[2024-03-06T12:17:41.471-0300] {task_command.py:423} INFO - Running <TaskInstance: get_stocks_dag.GOOG scheduled__2024-01-13T00:00:00+00:00 [running]> on host BITL0401.
[2024-03-06T12:17:41.578-0300] {taskinstance.py:2510} INFO - Exporting env vars: AIRFLOW_CTX_DAG_OWNER='airflow' AIRFLOW_CTX_DAG_ID='get_stocks_dag' AIRFLOW_CTX_TASK_ID='GOOG' AIRFLOW_CTX_EXECUTION_DATE='2024-01-13T00:00:00+00:00' AIRFLOW_CTX_TRY_NUMBER='1' AIRFLOW_CTX_DAG_RUN_ID='scheduled__2024-01-13T00:00:00+00:00'
[2024-03-06T12:17:42.073-0300] {python.py:202} INFO - Done. Returned value was: None
[2024-03-06T12:17:42.088-0300] {taskinstance.py:1149} INFO - Marking task as SUCCESS. dag_id=get_stocks_dag, task_id=GOOG, execution_date=20240113T000000, start_date=20240306T151741, end_date=20240306T151742
[2024-03-06T12:17:42.143-0300] {local_task_job_runner.py:234} INFO - Task exited with return code 0
[2024-03-06T12:17:42.166-0300] {taskinstance.py:3309} INFO - 0 downstream tasks scheduled from follow-on schedule check
