[2024-03-06T15:00:29.428-0300] {taskinstance.py:1979} INFO - Dependencies all met for dep_context=non-requeueable deps ti=<TaskInstance: get_crypto_dag.BTC scheduled__2024-01-02T00:00:00+00:00 [queued]>
[2024-03-06T15:00:29.438-0300] {taskinstance.py:1979} INFO - Dependencies all met for dep_context=requeueable deps ti=<TaskInstance: get_crypto_dag.BTC scheduled__2024-01-02T00:00:00+00:00 [queued]>
[2024-03-06T15:00:29.439-0300] {taskinstance.py:2193} INFO - Starting attempt 1 of 1
[2024-03-06T15:00:29.455-0300] {taskinstance.py:2214} INFO - Executing <Task(_PythonDecoratedOperator): BTC> on 2024-01-02 00:00:00+00:00
[2024-03-06T15:00:29.460-0300] {standard_task_runner.py:60} INFO - Started process 91066 to run task
[2024-03-06T15:00:29.463-0300] {standard_task_runner.py:87} INFO - Running: ['airflow', 'tasks', 'run', 'get_crypto_dag', 'BTC', 'scheduled__2024-01-02T00:00:00+00:00', '--job-id', '320', '--raw', '--subdir', 'DAGS_FOLDER/get_crypto.py', '--cfg-path', '/tmp/tmpp5n_9jz4']
[2024-03-06T15:00:29.464-0300] {standard_task_runner.py:88} INFO - Job 320: Subtask BTC
[2024-03-06T15:00:29.527-0300] {task_command.py:423} INFO - Running <TaskInstance: get_crypto_dag.BTC scheduled__2024-01-02T00:00:00+00:00 [running]> on host BITL0401.
[2024-03-06T15:00:29.626-0300] {taskinstance.py:2510} INFO - Exporting env vars: AIRFLOW_CTX_DAG_OWNER='airflow' AIRFLOW_CTX_DAG_ID='get_crypto_dag' AIRFLOW_CTX_TASK_ID='BTC' AIRFLOW_CTX_EXECUTION_DATE='2024-01-02T00:00:00+00:00' AIRFLOW_CTX_TRY_NUMBER='1' AIRFLOW_CTX_DAG_RUN_ID='scheduled__2024-01-02T00:00:00+00:00'
[2024-03-06T15:00:30.100-0300] {history.py:222} ERROR - BTC: No price data found, symbol may be delisted (1h 2024-01-01 -> 2024-01-02)
[2024-03-06T15:00:40.112-0300] {python.py:202} INFO - Done. Returned value was: None
[2024-03-06T15:00:40.130-0300] {taskinstance.py:1149} INFO - Marking task as SUCCESS. dag_id=get_crypto_dag, task_id=BTC, execution_date=20240102T000000, start_date=20240306T180029, end_date=20240306T180040
[2024-03-06T15:00:40.165-0300] {local_task_job_runner.py:234} INFO - Task exited with return code 0
[2024-03-06T15:00:40.188-0300] {taskinstance.py:3309} INFO - 0 downstream tasks scheduled from follow-on schedule check
[2024-03-06T15:48:04.962-0300] {taskinstance.py:1979} INFO - Dependencies all met for dep_context=non-requeueable deps ti=<TaskInstance: get_crypto_dag.BTC scheduled__2024-01-02T00:00:00+00:00 [queued]>
[2024-03-06T15:48:04.978-0300] {taskinstance.py:1979} INFO - Dependencies all met for dep_context=requeueable deps ti=<TaskInstance: get_crypto_dag.BTC scheduled__2024-01-02T00:00:00+00:00 [queued]>
[2024-03-06T15:48:04.979-0300] {taskinstance.py:2193} INFO - Starting attempt 1 of 1
[2024-03-06T15:48:04.998-0300] {taskinstance.py:2214} INFO - Executing <Task(_PythonDecoratedOperator): BTC> on 2024-01-02 00:00:00+00:00
[2024-03-06T15:48:05.005-0300] {standard_task_runner.py:60} INFO - Started process 104137 to run task
[2024-03-06T15:48:05.007-0300] {standard_task_runner.py:87} INFO - Running: ['airflow', 'tasks', 'run', 'get_crypto_dag', 'BTC', 'scheduled__2024-01-02T00:00:00+00:00', '--job-id', '358', '--raw', '--subdir', 'DAGS_FOLDER/get_crypto.py', '--cfg-path', '/tmp/tmpwc2mbvkf']
[2024-03-06T15:48:05.009-0300] {standard_task_runner.py:88} INFO - Job 358: Subtask BTC
[2024-03-06T15:48:05.122-0300] {task_command.py:423} INFO - Running <TaskInstance: get_crypto_dag.BTC scheduled__2024-01-02T00:00:00+00:00 [running]> on host BITL0401.
[2024-03-06T15:48:05.225-0300] {taskinstance.py:2510} INFO - Exporting env vars: AIRFLOW_CTX_DAG_OWNER='airflow' AIRFLOW_CTX_DAG_ID='get_crypto_dag' AIRFLOW_CTX_TASK_ID='BTC' AIRFLOW_CTX_EXECUTION_DATE='2024-01-02T00:00:00+00:00' AIRFLOW_CTX_TRY_NUMBER='1' AIRFLOW_CTX_DAG_RUN_ID='scheduled__2024-01-02T00:00:00+00:00'
[2024-03-06T15:48:05.920-0300] {history.py:222} ERROR - BTC: No price data found, symbol may be delisted (1h 2024-01-01 -> 2024-01-02)
[2024-03-06T15:48:15.934-0300] {python.py:202} INFO - Done. Returned value was: None
[2024-03-06T15:48:15.956-0300] {taskinstance.py:1149} INFO - Marking task as SUCCESS. dag_id=get_crypto_dag, task_id=BTC, execution_date=20240102T000000, start_date=20240306T184804, end_date=20240306T184815
[2024-03-06T15:48:15.999-0300] {local_task_job_runner.py:234} INFO - Task exited with return code 0
[2024-03-06T15:48:16.020-0300] {taskinstance.py:3309} INFO - 0 downstream tasks scheduled from follow-on schedule check
