[2024-03-06T10:59:28.205-0300] {taskinstance.py:1979} INFO - Dependencies all met for dep_context=non-requeueable deps ti=<TaskInstance: get_stocks_dag.MSFT scheduled__2024-01-05T00:00:00+00:00 [queued]>
[2024-03-06T10:59:28.211-0300] {taskinstance.py:1979} INFO - Dependencies all met for dep_context=requeueable deps ti=<TaskInstance: get_stocks_dag.MSFT scheduled__2024-01-05T00:00:00+00:00 [queued]>
[2024-03-06T10:59:28.211-0300] {taskinstance.py:2193} INFO - Starting attempt 1 of 1
[2024-03-06T10:59:28.227-0300] {taskinstance.py:2214} INFO - Executing <Task(_PythonDecoratedOperator): MSFT> on 2024-01-05 00:00:00+00:00
[2024-03-06T10:59:28.231-0300] {standard_task_runner.py:60} INFO - Started process 19130 to run task
[2024-03-06T10:59:28.233-0300] {standard_task_runner.py:87} INFO - Running: ['airflow', 'tasks', 'run', 'get_stocks_dag', 'MSFT', 'scheduled__2024-01-05T00:00:00+00:00', '--job-id', '22', '--raw', '--subdir', 'DAGS_FOLDER/get_stoks.py', '--cfg-path', '/tmp/tmpk91ytvm6']
[2024-03-06T10:59:28.234-0300] {standard_task_runner.py:88} INFO - Job 22: Subtask MSFT
[2024-03-06T10:59:28.267-0300] {task_command.py:423} INFO - Running <TaskInstance: get_stocks_dag.MSFT scheduled__2024-01-05T00:00:00+00:00 [running]> on host BITL0401.
[2024-03-06T10:59:28.337-0300] {taskinstance.py:2510} INFO - Exporting env vars: AIRFLOW_CTX_DAG_OWNER='airflow' AIRFLOW_CTX_DAG_ID='get_stocks_dag' AIRFLOW_CTX_TASK_ID='MSFT' AIRFLOW_CTX_EXECUTION_DATE='2024-01-05T00:00:00+00:00' AIRFLOW_CTX_TRY_NUMBER='1' AIRFLOW_CTX_DAG_RUN_ID='scheduled__2024-01-05T00:00:00+00:00'
[2024-03-06T10:59:28.941-0300] {python.py:202} INFO - Done. Returned value was: None
[2024-03-06T10:59:28.945-0300] {taskinstance.py:1149} INFO - Marking task as SUCCESS. dag_id=get_stocks_dag, task_id=MSFT, execution_date=20240105T000000, start_date=20240306T135928, end_date=20240306T135928
[2024-03-06T10:59:28.971-0300] {local_task_job_runner.py:234} INFO - Task exited with return code 0
[2024-03-06T10:59:28.981-0300] {taskinstance.py:3309} INFO - 0 downstream tasks scheduled from follow-on schedule check
[2024-03-06T12:04:08.359-0300] {taskinstance.py:1979} INFO - Dependencies all met for dep_context=non-requeueable deps ti=<TaskInstance: get_stocks_dag.MSFT scheduled__2024-01-05T00:00:00+00:00 [queued]>
[2024-03-06T12:04:08.396-0300] {taskinstance.py:1979} INFO - Dependencies all met for dep_context=requeueable deps ti=<TaskInstance: get_stocks_dag.MSFT scheduled__2024-01-05T00:00:00+00:00 [queued]>
[2024-03-06T12:04:08.397-0300] {taskinstance.py:2193} INFO - Starting attempt 1 of 1
[2024-03-06T12:04:08.427-0300] {taskinstance.py:2214} INFO - Executing <Task(_PythonDecoratedOperator): MSFT> on 2024-01-05 00:00:00+00:00
[2024-03-06T12:04:08.449-0300] {standard_task_runner.py:60} INFO - Started process 39009 to run task
[2024-03-06T12:04:08.459-0300] {standard_task_runner.py:87} INFO - Running: ['airflow', 'tasks', 'run', 'get_stocks_dag', 'MSFT', 'scheduled__2024-01-05T00:00:00+00:00', '--job-id', '14', '--raw', '--subdir', 'DAGS_FOLDER/get_stoks.py', '--cfg-path', '/tmp/tmpcmmvzaf_']
[2024-03-06T12:04:08.489-0300] {standard_task_runner.py:88} INFO - Job 14: Subtask MSFT
[2024-03-06T12:04:09.019-0300] {task_command.py:423} INFO - Running <TaskInstance: get_stocks_dag.MSFT scheduled__2024-01-05T00:00:00+00:00 [running]> on host BITL0401.
[2024-03-06T12:04:09.908-0300] {taskinstance.py:2510} INFO - Exporting env vars: AIRFLOW_CTX_DAG_OWNER='airflow' AIRFLOW_CTX_DAG_ID='get_stocks_dag' AIRFLOW_CTX_TASK_ID='MSFT' AIRFLOW_CTX_EXECUTION_DATE='2024-01-05T00:00:00+00:00' AIRFLOW_CTX_TRY_NUMBER='1' AIRFLOW_CTX_DAG_RUN_ID='scheduled__2024-01-05T00:00:00+00:00'
[2024-03-06T12:04:11.814-0300] {python.py:202} INFO - Done. Returned value was: None
[2024-03-06T12:04:11.980-0300] {taskinstance.py:1149} INFO - Marking task as SUCCESS. dag_id=get_stocks_dag, task_id=MSFT, execution_date=20240105T000000, start_date=20240306T150408, end_date=20240306T150411
[2024-03-06T12:04:14.225-0300] {local_task_job_runner.py:234} INFO - Task exited with return code 0
[2024-03-06T12:04:15.431-0300] {taskinstance.py:3309} INFO - 0 downstream tasks scheduled from follow-on schedule check
