[2024-03-06T10:59:13.914-0300] {taskinstance.py:1979} INFO - Dependencies all met for dep_context=non-requeueable deps ti=<TaskInstance: get_stocks_dag.AAPL scheduled__2024-01-04T00:00:00+00:00 [queued]>
[2024-03-06T10:59:13.919-0300] {taskinstance.py:1979} INFO - Dependencies all met for dep_context=requeueable deps ti=<TaskInstance: get_stocks_dag.AAPL scheduled__2024-01-04T00:00:00+00:00 [queued]>
[2024-03-06T10:59:13.919-0300] {taskinstance.py:2193} INFO - Starting attempt 1 of 1
[2024-03-06T10:59:13.935-0300] {taskinstance.py:2214} INFO - Executing <Task(_PythonDecoratedOperator): AAPL> on 2024-01-04 00:00:00+00:00
[2024-03-06T10:59:13.939-0300] {standard_task_runner.py:60} INFO - Started process 19005 to run task
[2024-03-06T10:59:13.943-0300] {standard_task_runner.py:87} INFO - Running: ['airflow', 'tasks', 'run', 'get_stocks_dag', 'AAPL', 'scheduled__2024-01-04T00:00:00+00:00', '--job-id', '17', '--raw', '--subdir', 'DAGS_FOLDER/get_stoks.py', '--cfg-path', '/tmp/tmpw5nqul_l']
[2024-03-06T10:59:13.945-0300] {standard_task_runner.py:88} INFO - Job 17: Subtask AAPL
[2024-03-06T10:59:13.985-0300] {task_command.py:423} INFO - Running <TaskInstance: get_stocks_dag.AAPL scheduled__2024-01-04T00:00:00+00:00 [running]> on host BITL0401.
[2024-03-06T10:59:14.046-0300] {taskinstance.py:2510} INFO - Exporting env vars: AIRFLOW_CTX_DAG_OWNER='airflow' AIRFLOW_CTX_DAG_ID='get_stocks_dag' AIRFLOW_CTX_TASK_ID='AAPL' AIRFLOW_CTX_EXECUTION_DATE='2024-01-04T00:00:00+00:00' AIRFLOW_CTX_TRY_NUMBER='1' AIRFLOW_CTX_DAG_RUN_ID='scheduled__2024-01-04T00:00:00+00:00'
[2024-03-06T10:59:14.631-0300] {python.py:202} INFO - Done. Returned value was: None
[2024-03-06T10:59:14.635-0300] {taskinstance.py:1149} INFO - Marking task as SUCCESS. dag_id=get_stocks_dag, task_id=AAPL, execution_date=20240104T000000, start_date=20240306T135913, end_date=20240306T135914
[2024-03-06T10:59:14.680-0300] {local_task_job_runner.py:234} INFO - Task exited with return code 0
[2024-03-06T10:59:14.690-0300] {taskinstance.py:3309} INFO - 0 downstream tasks scheduled from follow-on schedule check
[2024-03-06T12:04:08.464-0300] {taskinstance.py:1979} INFO - Dependencies all met for dep_context=non-requeueable deps ti=<TaskInstance: get_stocks_dag.AAPL scheduled__2024-01-04T00:00:00+00:00 [queued]>
[2024-03-06T12:04:08.500-0300] {taskinstance.py:1979} INFO - Dependencies all met for dep_context=requeueable deps ti=<TaskInstance: get_stocks_dag.AAPL scheduled__2024-01-04T00:00:00+00:00 [queued]>
[2024-03-06T12:04:08.501-0300] {taskinstance.py:2193} INFO - Starting attempt 1 of 1
[2024-03-06T12:04:08.553-0300] {taskinstance.py:2214} INFO - Executing <Task(_PythonDecoratedOperator): AAPL> on 2024-01-04 00:00:00+00:00
[2024-03-06T12:04:08.569-0300] {standard_task_runner.py:60} INFO - Started process 39020 to run task
[2024-03-06T12:04:08.644-0300] {standard_task_runner.py:87} INFO - Running: ['airflow', 'tasks', 'run', 'get_stocks_dag', 'AAPL', 'scheduled__2024-01-04T00:00:00+00:00', '--job-id', '18', '--raw', '--subdir', 'DAGS_FOLDER/get_stoks.py', '--cfg-path', '/tmp/tmpve5vcn6h']
[2024-03-06T12:04:08.671-0300] {standard_task_runner.py:88} INFO - Job 18: Subtask AAPL
[2024-03-06T12:04:09.332-0300] {task_command.py:423} INFO - Running <TaskInstance: get_stocks_dag.AAPL scheduled__2024-01-04T00:00:00+00:00 [running]> on host BITL0401.
[2024-03-06T12:04:09.991-0300] {taskinstance.py:2510} INFO - Exporting env vars: AIRFLOW_CTX_DAG_OWNER='airflow' AIRFLOW_CTX_DAG_ID='get_stocks_dag' AIRFLOW_CTX_TASK_ID='AAPL' AIRFLOW_CTX_EXECUTION_DATE='2024-01-04T00:00:00+00:00' AIRFLOW_CTX_TRY_NUMBER='1' AIRFLOW_CTX_DAG_RUN_ID='scheduled__2024-01-04T00:00:00+00:00'
[2024-03-06T12:04:11.774-0300] {python.py:202} INFO - Done. Returned value was: None
[2024-03-06T12:04:12.111-0300] {taskinstance.py:1149} INFO - Marking task as SUCCESS. dag_id=get_stocks_dag, task_id=AAPL, execution_date=20240104T000000, start_date=20240306T150408, end_date=20240306T150412
[2024-03-06T12:04:14.266-0300] {local_task_job_runner.py:234} INFO - Task exited with return code 0
[2024-03-06T12:04:15.427-0300] {taskinstance.py:3309} INFO - 0 downstream tasks scheduled from follow-on schedule check
[2024-03-06T12:15:34.685-0300] {taskinstance.py:1979} INFO - Dependencies all met for dep_context=non-requeueable deps ti=<TaskInstance: get_stocks_dag.AAPL scheduled__2024-01-04T00:00:00+00:00 [queued]>
[2024-03-06T12:15:34.712-0300] {taskinstance.py:1979} INFO - Dependencies all met for dep_context=requeueable deps ti=<TaskInstance: get_stocks_dag.AAPL scheduled__2024-01-04T00:00:00+00:00 [queued]>
[2024-03-06T12:15:34.712-0300] {taskinstance.py:2193} INFO - Starting attempt 1 of 1
[2024-03-06T12:15:34.770-0300] {taskinstance.py:2214} INFO - Executing <Task(_PythonDecoratedOperator): AAPL> on 2024-01-04 00:00:00+00:00
[2024-03-06T12:15:34.789-0300] {standard_task_runner.py:60} INFO - Started process 46549 to run task
[2024-03-06T12:15:34.805-0300] {standard_task_runner.py:87} INFO - Running: ['airflow', 'tasks', 'run', 'get_stocks_dag', 'AAPL', 'scheduled__2024-01-04T00:00:00+00:00', '--job-id', '146', '--raw', '--subdir', 'DAGS_FOLDER/get_stoks.py', '--cfg-path', '/tmp/tmp21vgn1ze']
[2024-03-06T12:15:34.810-0300] {standard_task_runner.py:88} INFO - Job 146: Subtask AAPL
[2024-03-06T12:15:35.106-0300] {task_command.py:423} INFO - Running <TaskInstance: get_stocks_dag.AAPL scheduled__2024-01-04T00:00:00+00:00 [running]> on host BITL0401.
[2024-03-06T12:15:35.456-0300] {taskinstance.py:2510} INFO - Exporting env vars: AIRFLOW_CTX_DAG_OWNER='airflow' AIRFLOW_CTX_DAG_ID='get_stocks_dag' AIRFLOW_CTX_TASK_ID='AAPL' AIRFLOW_CTX_EXECUTION_DATE='2024-01-04T00:00:00+00:00' AIRFLOW_CTX_TRY_NUMBER='1' AIRFLOW_CTX_DAG_RUN_ID='scheduled__2024-01-04T00:00:00+00:00'
[2024-03-06T12:15:40.373-0300] {python.py:202} INFO - Done. Returned value was: None
[2024-03-06T12:15:40.976-0300] {taskinstance.py:1149} INFO - Marking task as SUCCESS. dag_id=get_stocks_dag, task_id=AAPL, execution_date=20240104T000000, start_date=20240306T151534, end_date=20240306T151540
[2024-03-06T12:15:41.230-0300] {local_task_job_runner.py:234} INFO - Task exited with return code 0
[2024-03-06T12:15:41.318-0300] {taskinstance.py:3309} INFO - 0 downstream tasks scheduled from follow-on schedule check
[2024-03-06T12:17:05.597-0300] {taskinstance.py:1979} INFO - Dependencies all met for dep_context=non-requeueable deps ti=<TaskInstance: get_stocks_dag.AAPL scheduled__2024-01-04T00:00:00+00:00 [queued]>
[2024-03-06T12:17:05.606-0300] {taskinstance.py:1979} INFO - Dependencies all met for dep_context=requeueable deps ti=<TaskInstance: get_stocks_dag.AAPL scheduled__2024-01-04T00:00:00+00:00 [queued]>
[2024-03-06T12:17:05.606-0300] {taskinstance.py:2193} INFO - Starting attempt 1 of 1
[2024-03-06T12:17:05.621-0300] {taskinstance.py:2214} INFO - Executing <Task(_PythonDecoratedOperator): AAPL> on 2024-01-04 00:00:00+00:00
[2024-03-06T12:17:05.625-0300] {standard_task_runner.py:60} INFO - Started process 48803 to run task
[2024-03-06T12:17:05.628-0300] {standard_task_runner.py:87} INFO - Running: ['airflow', 'tasks', 'run', 'get_stocks_dag', 'AAPL', 'scheduled__2024-01-04T00:00:00+00:00', '--job-id', '209', '--raw', '--subdir', 'DAGS_FOLDER/get_stoks.py', '--cfg-path', '/tmp/tmpyd10la0o']
[2024-03-06T12:17:05.629-0300] {standard_task_runner.py:88} INFO - Job 209: Subtask AAPL
[2024-03-06T12:17:05.691-0300] {task_command.py:423} INFO - Running <TaskInstance: get_stocks_dag.AAPL scheduled__2024-01-04T00:00:00+00:00 [running]> on host BITL0401.
[2024-03-06T12:17:05.789-0300] {taskinstance.py:2510} INFO - Exporting env vars: AIRFLOW_CTX_DAG_OWNER='airflow' AIRFLOW_CTX_DAG_ID='get_stocks_dag' AIRFLOW_CTX_TASK_ID='AAPL' AIRFLOW_CTX_EXECUTION_DATE='2024-01-04T00:00:00+00:00' AIRFLOW_CTX_TRY_NUMBER='1' AIRFLOW_CTX_DAG_RUN_ID='scheduled__2024-01-04T00:00:00+00:00'
[2024-03-06T12:17:06.755-0300] {python.py:202} INFO - Done. Returned value was: None
[2024-03-06T12:17:06.768-0300] {taskinstance.py:1149} INFO - Marking task as SUCCESS. dag_id=get_stocks_dag, task_id=AAPL, execution_date=20240104T000000, start_date=20240306T151705, end_date=20240306T151706
[2024-03-06T12:17:06.807-0300] {local_task_job_runner.py:234} INFO - Task exited with return code 0
[2024-03-06T12:17:06.828-0300] {taskinstance.py:3309} INFO - 0 downstream tasks scheduled from follow-on schedule check
[2024-03-06T14:38:51.597-0300] {taskinstance.py:1979} INFO - Dependencies all met for dep_context=non-requeueable deps ti=<TaskInstance: get_stocks_dag.AAPL scheduled__2024-01-04T00:00:00+00:00 [queued]>
[2024-03-06T14:38:51.610-0300] {taskinstance.py:1979} INFO - Dependencies all met for dep_context=requeueable deps ti=<TaskInstance: get_stocks_dag.AAPL scheduled__2024-01-04T00:00:00+00:00 [queued]>
[2024-03-06T14:38:51.610-0300] {taskinstance.py:2193} INFO - Starting attempt 1 of 1
[2024-03-06T14:38:51.628-0300] {taskinstance.py:2214} INFO - Executing <Task(_PythonDecoratedOperator): AAPL> on 2024-01-04 00:00:00+00:00
[2024-03-06T14:38:51.634-0300] {standard_task_runner.py:60} INFO - Started process 82962 to run task
[2024-03-06T14:38:51.638-0300] {standard_task_runner.py:87} INFO - Running: ['airflow', 'tasks', 'run', 'get_stocks_dag', 'AAPL', 'scheduled__2024-01-04T00:00:00+00:00', '--job-id', '265', '--raw', '--subdir', 'DAGS_FOLDER/get_stoks.py', '--cfg-path', '/tmp/tmpsi6jv1ud']
[2024-03-06T14:38:51.640-0300] {standard_task_runner.py:88} INFO - Job 265: Subtask AAPL
[2024-03-06T14:38:51.707-0300] {task_command.py:423} INFO - Running <TaskInstance: get_stocks_dag.AAPL scheduled__2024-01-04T00:00:00+00:00 [running]> on host BITL0401.
[2024-03-06T14:38:51.813-0300] {taskinstance.py:2510} INFO - Exporting env vars: AIRFLOW_CTX_DAG_OWNER='airflow' AIRFLOW_CTX_DAG_ID='get_stocks_dag' AIRFLOW_CTX_TASK_ID='AAPL' AIRFLOW_CTX_EXECUTION_DATE='2024-01-04T00:00:00+00:00' AIRFLOW_CTX_TRY_NUMBER='1' AIRFLOW_CTX_DAG_RUN_ID='scheduled__2024-01-04T00:00:00+00:00'
[2024-03-06T14:38:52.367-0300] {python.py:202} INFO - Done. Returned value was: None
[2024-03-06T14:38:52.384-0300] {taskinstance.py:1149} INFO - Marking task as SUCCESS. dag_id=get_stocks_dag, task_id=AAPL, execution_date=20240104T000000, start_date=20240306T173851, end_date=20240306T173852
[2024-03-06T14:38:52.414-0300] {local_task_job_runner.py:234} INFO - Task exited with return code 0
[2024-03-06T14:38:52.438-0300] {taskinstance.py:3309} INFO - 0 downstream tasks scheduled from follow-on schedule check
[2024-03-06T14:49:08.424-0300] {taskinstance.py:1979} INFO - Dependencies all met for dep_context=non-requeueable deps ti=<TaskInstance: get_stocks_dag.AAPL scheduled__2024-01-04T00:00:00+00:00 [queued]>
[2024-03-06T14:49:08.435-0300] {taskinstance.py:1979} INFO - Dependencies all met for dep_context=requeueable deps ti=<TaskInstance: get_stocks_dag.AAPL scheduled__2024-01-04T00:00:00+00:00 [queued]>
[2024-03-06T14:49:08.436-0300] {taskinstance.py:2193} INFO - Starting attempt 1 of 1
[2024-03-06T14:49:08.452-0300] {taskinstance.py:2214} INFO - Executing <Task(_PythonDecoratedOperator): AAPL> on 2024-01-04 00:00:00+00:00
[2024-03-06T14:49:08.456-0300] {standard_task_runner.py:60} INFO - Started process 86663 to run task
[2024-03-06T14:49:08.458-0300] {standard_task_runner.py:87} INFO - Running: ['airflow', 'tasks', 'run', 'get_stocks_dag', 'AAPL', 'scheduled__2024-01-04T00:00:00+00:00', '--job-id', '288', '--raw', '--subdir', 'DAGS_FOLDER/get_stoks.py', '--cfg-path', '/tmp/tmpcij8y25s']
[2024-03-06T14:49:08.460-0300] {standard_task_runner.py:88} INFO - Job 288: Subtask AAPL
[2024-03-06T14:49:08.526-0300] {task_command.py:423} INFO - Running <TaskInstance: get_stocks_dag.AAPL scheduled__2024-01-04T00:00:00+00:00 [running]> on host BITL0401.
[2024-03-06T14:49:08.631-0300] {taskinstance.py:2510} INFO - Exporting env vars: AIRFLOW_CTX_DAG_OWNER='airflow' AIRFLOW_CTX_DAG_ID='get_stocks_dag' AIRFLOW_CTX_TASK_ID='AAPL' AIRFLOW_CTX_EXECUTION_DATE='2024-01-04T00:00:00+00:00' AIRFLOW_CTX_TRY_NUMBER='1' AIRFLOW_CTX_DAG_RUN_ID='scheduled__2024-01-04T00:00:00+00:00'
[2024-03-06T14:49:11.608-0300] {python.py:202} INFO - Done. Returned value was: None
[2024-03-06T14:49:11.623-0300] {taskinstance.py:1149} INFO - Marking task as SUCCESS. dag_id=get_stocks_dag, task_id=AAPL, execution_date=20240104T000000, start_date=20240306T174908, end_date=20240306T174911
[2024-03-06T14:49:11.648-0300] {local_task_job_runner.py:234} INFO - Task exited with return code 0
[2024-03-06T14:49:11.669-0300] {taskinstance.py:3309} INFO - 0 downstream tasks scheduled from follow-on schedule check
