[2024-03-06T10:59:25.585-0300] {taskinstance.py:1979} INFO - Dependencies all met for dep_context=non-requeueable deps ti=<TaskInstance: get_stocks_dag.AAPL scheduled__2024-01-05T00:00:00+00:00 [queued]>
[2024-03-06T10:59:25.590-0300] {taskinstance.py:1979} INFO - Dependencies all met for dep_context=requeueable deps ti=<TaskInstance: get_stocks_dag.AAPL scheduled__2024-01-05T00:00:00+00:00 [queued]>
[2024-03-06T10:59:25.590-0300] {taskinstance.py:2193} INFO - Starting attempt 1 of 1
[2024-03-06T10:59:25.605-0300] {taskinstance.py:2214} INFO - Executing <Task(_PythonDecoratedOperator): AAPL> on 2024-01-05 00:00:00+00:00
[2024-03-06T10:59:25.610-0300] {standard_task_runner.py:60} INFO - Started process 19103 to run task
[2024-03-06T10:59:25.612-0300] {standard_task_runner.py:87} INFO - Running: ['airflow', 'tasks', 'run', 'get_stocks_dag', 'AAPL', 'scheduled__2024-01-05T00:00:00+00:00', '--job-id', '21', '--raw', '--subdir', 'DAGS_FOLDER/get_stoks.py', '--cfg-path', '/tmp/tmp3zrda_7g']
[2024-03-06T10:59:25.613-0300] {standard_task_runner.py:88} INFO - Job 21: Subtask AAPL
[2024-03-06T10:59:25.646-0300] {task_command.py:423} INFO - Running <TaskInstance: get_stocks_dag.AAPL scheduled__2024-01-05T00:00:00+00:00 [running]> on host BITL0401.
[2024-03-06T10:59:25.701-0300] {taskinstance.py:2510} INFO - Exporting env vars: AIRFLOW_CTX_DAG_OWNER='airflow' AIRFLOW_CTX_DAG_ID='get_stocks_dag' AIRFLOW_CTX_TASK_ID='AAPL' AIRFLOW_CTX_EXECUTION_DATE='2024-01-05T00:00:00+00:00' AIRFLOW_CTX_TRY_NUMBER='1' AIRFLOW_CTX_DAG_RUN_ID='scheduled__2024-01-05T00:00:00+00:00'
[2024-03-06T10:59:26.230-0300] {python.py:202} INFO - Done. Returned value was: None
[2024-03-06T10:59:26.233-0300] {taskinstance.py:1149} INFO - Marking task as SUCCESS. dag_id=get_stocks_dag, task_id=AAPL, execution_date=20240105T000000, start_date=20240306T135925, end_date=20240306T135926
[2024-03-06T10:59:26.269-0300] {local_task_job_runner.py:234} INFO - Task exited with return code 0
[2024-03-06T10:59:26.280-0300] {taskinstance.py:3309} INFO - 0 downstream tasks scheduled from follow-on schedule check
[2024-03-06T12:04:08.153-0300] {taskinstance.py:1979} INFO - Dependencies all met for dep_context=non-requeueable deps ti=<TaskInstance: get_stocks_dag.AAPL scheduled__2024-01-05T00:00:00+00:00 [queued]>
[2024-03-06T12:04:08.220-0300] {taskinstance.py:1979} INFO - Dependencies all met for dep_context=requeueable deps ti=<TaskInstance: get_stocks_dag.AAPL scheduled__2024-01-05T00:00:00+00:00 [queued]>
[2024-03-06T12:04:08.221-0300] {taskinstance.py:2193} INFO - Starting attempt 1 of 1
[2024-03-06T12:04:08.260-0300] {taskinstance.py:2214} INFO - Executing <Task(_PythonDecoratedOperator): AAPL> on 2024-01-05 00:00:00+00:00
[2024-03-06T12:04:08.284-0300] {standard_task_runner.py:60} INFO - Started process 38998 to run task
[2024-03-06T12:04:08.299-0300] {standard_task_runner.py:87} INFO - Running: ['airflow', 'tasks', 'run', 'get_stocks_dag', 'AAPL', 'scheduled__2024-01-05T00:00:00+00:00', '--job-id', '9', '--raw', '--subdir', 'DAGS_FOLDER/get_stoks.py', '--cfg-path', '/tmp/tmpekyc4sbu']
[2024-03-06T12:04:08.321-0300] {standard_task_runner.py:88} INFO - Job 9: Subtask AAPL
[2024-03-06T12:04:08.840-0300] {task_command.py:423} INFO - Running <TaskInstance: get_stocks_dag.AAPL scheduled__2024-01-05T00:00:00+00:00 [running]> on host BITL0401.
[2024-03-06T12:04:09.567-0300] {taskinstance.py:2510} INFO - Exporting env vars: AIRFLOW_CTX_DAG_OWNER='airflow' AIRFLOW_CTX_DAG_ID='get_stocks_dag' AIRFLOW_CTX_TASK_ID='AAPL' AIRFLOW_CTX_EXECUTION_DATE='2024-01-05T00:00:00+00:00' AIRFLOW_CTX_TRY_NUMBER='1' AIRFLOW_CTX_DAG_RUN_ID='scheduled__2024-01-05T00:00:00+00:00'
[2024-03-06T12:04:11.813-0300] {python.py:202} INFO - Done. Returned value was: None
[2024-03-06T12:04:12.097-0300] {taskinstance.py:1149} INFO - Marking task as SUCCESS. dag_id=get_stocks_dag, task_id=AAPL, execution_date=20240105T000000, start_date=20240306T150408, end_date=20240306T150412
[2024-03-06T12:04:15.468-0300] {local_task_job_runner.py:234} INFO - Task exited with return code 0
[2024-03-06T12:04:15.518-0300] {taskinstance.py:3309} INFO - 0 downstream tasks scheduled from follow-on schedule check
