[2024-03-06T11:02:17.702-0300] {taskinstance.py:1979} INFO - Dependencies all met for dep_context=non-requeueable deps ti=<TaskInstance: get_stocks_dag.TSLA scheduled__2024-01-25T00:00:00+00:00 [queued]>
[2024-03-06T11:02:17.708-0300] {taskinstance.py:1979} INFO - Dependencies all met for dep_context=requeueable deps ti=<TaskInstance: get_stocks_dag.TSLA scheduled__2024-01-25T00:00:00+00:00 [queued]>
[2024-03-06T11:02:17.708-0300] {taskinstance.py:2193} INFO - Starting attempt 1 of 1
[2024-03-06T11:02:17.724-0300] {taskinstance.py:2214} INFO - Executing <Task(_PythonDecoratedOperator): TSLA> on 2024-01-25 00:00:00+00:00
[2024-03-06T11:02:17.729-0300] {standard_task_runner.py:60} INFO - Started process 20474 to run task
[2024-03-06T11:02:17.731-0300] {standard_task_runner.py:87} INFO - Running: ['airflow', 'tasks', 'run', 'get_stocks_dag', 'TSLA', 'scheduled__2024-01-25T00:00:00+00:00', '--job-id', '80', '--raw', '--subdir', 'DAGS_FOLDER/get_stoks.py', '--cfg-path', '/tmp/tmpriz99ppu']
[2024-03-06T11:02:17.732-0300] {standard_task_runner.py:88} INFO - Job 80: Subtask TSLA
[2024-03-06T11:02:17.764-0300] {task_command.py:423} INFO - Running <TaskInstance: get_stocks_dag.TSLA scheduled__2024-01-25T00:00:00+00:00 [running]> on host BITL0401.
[2024-03-06T11:02:17.817-0300] {taskinstance.py:2510} INFO - Exporting env vars: AIRFLOW_CTX_DAG_OWNER='airflow' AIRFLOW_CTX_DAG_ID='get_stocks_dag' AIRFLOW_CTX_TASK_ID='TSLA' AIRFLOW_CTX_EXECUTION_DATE='2024-01-25T00:00:00+00:00' AIRFLOW_CTX_TRY_NUMBER='1' AIRFLOW_CTX_DAG_RUN_ID='scheduled__2024-01-25T00:00:00+00:00'
[2024-03-06T11:02:18.392-0300] {python.py:202} INFO - Done. Returned value was: None
[2024-03-06T11:02:18.396-0300] {taskinstance.py:1149} INFO - Marking task as SUCCESS. dag_id=get_stocks_dag, task_id=TSLA, execution_date=20240125T000000, start_date=20240306T140217, end_date=20240306T140218
[2024-03-06T11:02:18.430-0300] {local_task_job_runner.py:234} INFO - Task exited with return code 0
[2024-03-06T11:02:18.439-0300] {taskinstance.py:3309} INFO - 0 downstream tasks scheduled from follow-on schedule check
[2024-03-06T12:04:40.142-0300] {taskinstance.py:1979} INFO - Dependencies all met for dep_context=non-requeueable deps ti=<TaskInstance: get_stocks_dag.TSLA scheduled__2024-01-25T00:00:00+00:00 [queued]>
[2024-03-06T12:04:40.172-0300] {taskinstance.py:1979} INFO - Dependencies all met for dep_context=requeueable deps ti=<TaskInstance: get_stocks_dag.TSLA scheduled__2024-01-25T00:00:00+00:00 [queued]>
[2024-03-06T12:04:40.173-0300] {taskinstance.py:2193} INFO - Starting attempt 1 of 1
[2024-03-06T12:04:40.216-0300] {taskinstance.py:2214} INFO - Executing <Task(_PythonDecoratedOperator): TSLA> on 2024-01-25 00:00:00+00:00
[2024-03-06T12:04:40.262-0300] {standard_task_runner.py:60} INFO - Started process 40983 to run task
[2024-03-06T12:04:40.276-0300] {standard_task_runner.py:87} INFO - Running: ['airflow', 'tasks', 'run', 'get_stocks_dag', 'TSLA', 'scheduled__2024-01-25T00:00:00+00:00', '--job-id', '70', '--raw', '--subdir', 'DAGS_FOLDER/get_stoks.py', '--cfg-path', '/tmp/tmpf7pl5bzl']
[2024-03-06T12:04:40.290-0300] {standard_task_runner.py:88} INFO - Job 70: Subtask TSLA
[2024-03-06T12:04:40.511-0300] {task_command.py:423} INFO - Running <TaskInstance: get_stocks_dag.TSLA scheduled__2024-01-25T00:00:00+00:00 [running]> on host BITL0401.
[2024-03-06T12:04:40.821-0300] {taskinstance.py:2510} INFO - Exporting env vars: AIRFLOW_CTX_DAG_OWNER='airflow' AIRFLOW_CTX_DAG_ID='get_stocks_dag' AIRFLOW_CTX_TASK_ID='TSLA' AIRFLOW_CTX_EXECUTION_DATE='2024-01-25T00:00:00+00:00' AIRFLOW_CTX_TRY_NUMBER='1' AIRFLOW_CTX_DAG_RUN_ID='scheduled__2024-01-25T00:00:00+00:00'
[2024-03-06T12:04:41.626-0300] {python.py:202} INFO - Done. Returned value was: None
[2024-03-06T12:04:41.642-0300] {taskinstance.py:1149} INFO - Marking task as SUCCESS. dag_id=get_stocks_dag, task_id=TSLA, execution_date=20240125T000000, start_date=20240306T150440, end_date=20240306T150441
[2024-03-06T12:04:41.685-0300] {local_task_job_runner.py:234} INFO - Task exited with return code 0
[2024-03-06T12:04:41.706-0300] {taskinstance.py:3309} INFO - 0 downstream tasks scheduled from follow-on schedule check
