[2024-03-06T11:01:15.121-0300] {taskinstance.py:1979} INFO - Dependencies all met for dep_context=non-requeueable deps ti=<TaskInstance: get_stocks_dag.MSFT scheduled__2024-01-18T00:00:00+00:00 [queued]>
[2024-03-06T11:01:15.127-0300] {taskinstance.py:1979} INFO - Dependencies all met for dep_context=requeueable deps ti=<TaskInstance: get_stocks_dag.MSFT scheduled__2024-01-18T00:00:00+00:00 [queued]>
[2024-03-06T11:01:15.128-0300] {taskinstance.py:2193} INFO - Starting attempt 1 of 1
[2024-03-06T11:01:15.143-0300] {taskinstance.py:2214} INFO - Executing <Task(_PythonDecoratedOperator): MSFT> on 2024-01-18 00:00:00+00:00
[2024-03-06T11:01:15.147-0300] {standard_task_runner.py:60} INFO - Started process 19984 to run task
[2024-03-06T11:01:15.150-0300] {standard_task_runner.py:87} INFO - Running: ['airflow', 'tasks', 'run', 'get_stocks_dag', 'MSFT', 'scheduled__2024-01-18T00:00:00+00:00', '--job-id', '58', '--raw', '--subdir', 'DAGS_FOLDER/get_stoks.py', '--cfg-path', '/tmp/tmpm2azkb2j']
[2024-03-06T11:01:15.151-0300] {standard_task_runner.py:88} INFO - Job 58: Subtask MSFT
[2024-03-06T11:01:15.182-0300] {task_command.py:423} INFO - Running <TaskInstance: get_stocks_dag.MSFT scheduled__2024-01-18T00:00:00+00:00 [running]> on host BITL0401.
[2024-03-06T11:01:15.276-0300] {taskinstance.py:2510} INFO - Exporting env vars: AIRFLOW_CTX_DAG_OWNER='airflow' AIRFLOW_CTX_DAG_ID='get_stocks_dag' AIRFLOW_CTX_TASK_ID='MSFT' AIRFLOW_CTX_EXECUTION_DATE='2024-01-18T00:00:00+00:00' AIRFLOW_CTX_TRY_NUMBER='1' AIRFLOW_CTX_DAG_RUN_ID='scheduled__2024-01-18T00:00:00+00:00'
[2024-03-06T11:01:15.773-0300] {python.py:202} INFO - Done. Returned value was: None
[2024-03-06T11:01:15.777-0300] {taskinstance.py:1149} INFO - Marking task as SUCCESS. dag_id=get_stocks_dag, task_id=MSFT, execution_date=20240118T000000, start_date=20240306T140115, end_date=20240306T140115
[2024-03-06T11:01:15.807-0300] {local_task_job_runner.py:234} INFO - Task exited with return code 0
[2024-03-06T11:01:15.817-0300] {taskinstance.py:3309} INFO - 0 downstream tasks scheduled from follow-on schedule check
[2024-03-06T12:04:33.717-0300] {taskinstance.py:1979} INFO - Dependencies all met for dep_context=non-requeueable deps ti=<TaskInstance: get_stocks_dag.MSFT scheduled__2024-01-18T00:00:00+00:00 [queued]>
[2024-03-06T12:04:33.760-0300] {taskinstance.py:1979} INFO - Dependencies all met for dep_context=requeueable deps ti=<TaskInstance: get_stocks_dag.MSFT scheduled__2024-01-18T00:00:00+00:00 [queued]>
[2024-03-06T12:04:33.761-0300] {taskinstance.py:2193} INFO - Starting attempt 1 of 1
[2024-03-06T12:04:33.819-0300] {taskinstance.py:2214} INFO - Executing <Task(_PythonDecoratedOperator): MSFT> on 2024-01-18 00:00:00+00:00
[2024-03-06T12:04:33.828-0300] {standard_task_runner.py:60} INFO - Started process 40552 to run task
[2024-03-06T12:04:33.847-0300] {standard_task_runner.py:87} INFO - Running: ['airflow', 'tasks', 'run', 'get_stocks_dag', 'MSFT', 'scheduled__2024-01-18T00:00:00+00:00', '--job-id', '59', '--raw', '--subdir', 'DAGS_FOLDER/get_stoks.py', '--cfg-path', '/tmp/tmputeo28nj']
[2024-03-06T12:04:33.851-0300] {standard_task_runner.py:88} INFO - Job 59: Subtask MSFT
[2024-03-06T12:04:34.026-0300] {task_command.py:423} INFO - Running <TaskInstance: get_stocks_dag.MSFT scheduled__2024-01-18T00:00:00+00:00 [running]> on host BITL0401.
[2024-03-06T12:04:34.293-0300] {taskinstance.py:2510} INFO - Exporting env vars: AIRFLOW_CTX_DAG_OWNER='airflow' AIRFLOW_CTX_DAG_ID='get_stocks_dag' AIRFLOW_CTX_TASK_ID='MSFT' AIRFLOW_CTX_EXECUTION_DATE='2024-01-18T00:00:00+00:00' AIRFLOW_CTX_TRY_NUMBER='1' AIRFLOW_CTX_DAG_RUN_ID='scheduled__2024-01-18T00:00:00+00:00'
[2024-03-06T12:04:34.959-0300] {python.py:202} INFO - Done. Returned value was: None
[2024-03-06T12:04:34.974-0300] {taskinstance.py:1149} INFO - Marking task as SUCCESS. dag_id=get_stocks_dag, task_id=MSFT, execution_date=20240118T000000, start_date=20240306T150433, end_date=20240306T150434
[2024-03-06T12:04:35.021-0300] {local_task_job_runner.py:234} INFO - Task exited with return code 0
[2024-03-06T12:04:35.045-0300] {taskinstance.py:3309} INFO - 0 downstream tasks scheduled from follow-on schedule check
