[2024-03-06T15:10:04.277-0300] {taskinstance.py:1979} INFO - Dependencies all met for dep_context=non-requeueable deps ti=<TaskInstance: get_crypto_dag.AVAX scheduled__2024-01-04T00:00:00+00:00 [queued]>
[2024-03-06T15:10:04.291-0300] {taskinstance.py:1979} INFO - Dependencies all met for dep_context=requeueable deps ti=<TaskInstance: get_crypto_dag.AVAX scheduled__2024-01-04T00:00:00+00:00 [queued]>
[2024-03-06T15:10:04.291-0300] {taskinstance.py:2193} INFO - Starting attempt 1 of 1
[2024-03-06T15:10:04.308-0300] {taskinstance.py:2214} INFO - Executing <Task(_PythonDecoratedOperator): AVAX> on 2024-01-04 00:00:00+00:00
[2024-03-06T15:10:04.314-0300] {standard_task_runner.py:60} INFO - Started process 94182 to run task
[2024-03-06T15:10:04.316-0300] {standard_task_runner.py:87} INFO - Running: ['airflow', 'tasks', 'run', 'get_crypto_dag', 'AVAX', 'scheduled__2024-01-04T00:00:00+00:00', '--job-id', '340', '--raw', '--subdir', 'DAGS_FOLDER/get_crypto.py', '--cfg-path', '/tmp/tmpc6fyb62t']
[2024-03-06T15:10:04.318-0300] {standard_task_runner.py:88} INFO - Job 340: Subtask AVAX
[2024-03-06T15:10:04.399-0300] {task_command.py:423} INFO - Running <TaskInstance: get_crypto_dag.AVAX scheduled__2024-01-04T00:00:00+00:00 [running]> on host BITL0401.
[2024-03-06T15:10:04.506-0300] {taskinstance.py:2510} INFO - Exporting env vars: AIRFLOW_CTX_DAG_OWNER='airflow' AIRFLOW_CTX_DAG_ID='get_crypto_dag' AIRFLOW_CTX_TASK_ID='AVAX' AIRFLOW_CTX_EXECUTION_DATE='2024-01-04T00:00:00+00:00' AIRFLOW_CTX_TRY_NUMBER='1' AIRFLOW_CTX_DAG_RUN_ID='scheduled__2024-01-04T00:00:00+00:00'
[2024-03-06T15:10:24.308-0300] {history.py:90} ERROR - AVAX: No timezone found, symbol may be delisted
[2024-03-06T15:10:34.322-0300] {python.py:202} INFO - Done. Returned value was: None
[2024-03-06T15:10:34.338-0300] {taskinstance.py:1149} INFO - Marking task as SUCCESS. dag_id=get_crypto_dag, task_id=AVAX, execution_date=20240104T000000, start_date=20240306T181004, end_date=20240306T181034
[2024-03-06T15:10:34.389-0300] {local_task_job_runner.py:234} INFO - Task exited with return code 0
[2024-03-06T15:10:34.411-0300] {taskinstance.py:3309} INFO - 0 downstream tasks scheduled from follow-on schedule check
[2024-03-06T15:50:37.127-0300] {taskinstance.py:1979} INFO - Dependencies all met for dep_context=non-requeueable deps ti=<TaskInstance: get_crypto_dag.AVAX scheduled__2024-01-04T00:00:00+00:00 [queued]>
[2024-03-06T15:50:37.143-0300] {taskinstance.py:1979} INFO - Dependencies all met for dep_context=requeueable deps ti=<TaskInstance: get_crypto_dag.AVAX scheduled__2024-01-04T00:00:00+00:00 [queued]>
[2024-03-06T15:50:37.143-0300] {taskinstance.py:2193} INFO - Starting attempt 1 of 1
[2024-03-06T15:50:37.158-0300] {taskinstance.py:2214} INFO - Executing <Task(_PythonDecoratedOperator): AVAX> on 2024-01-04 00:00:00+00:00
[2024-03-06T15:50:37.162-0300] {standard_task_runner.py:60} INFO - Started process 105582 to run task
[2024-03-06T15:50:37.165-0300] {standard_task_runner.py:87} INFO - Running: ['airflow', 'tasks', 'run', 'get_crypto_dag', 'AVAX', 'scheduled__2024-01-04T00:00:00+00:00', '--job-id', '377', '--raw', '--subdir', 'DAGS_FOLDER/get_crypto.py', '--cfg-path', '/tmp/tmp65rmdz2x']
[2024-03-06T15:50:37.167-0300] {standard_task_runner.py:88} INFO - Job 377: Subtask AVAX
[2024-03-06T15:50:37.232-0300] {task_command.py:423} INFO - Running <TaskInstance: get_crypto_dag.AVAX scheduled__2024-01-04T00:00:00+00:00 [running]> on host BITL0401.
[2024-03-06T15:50:37.341-0300] {taskinstance.py:2510} INFO - Exporting env vars: AIRFLOW_CTX_DAG_OWNER='airflow' AIRFLOW_CTX_DAG_ID='get_crypto_dag' AIRFLOW_CTX_TASK_ID='AVAX' AIRFLOW_CTX_EXECUTION_DATE='2024-01-04T00:00:00+00:00' AIRFLOW_CTX_TRY_NUMBER='1' AIRFLOW_CTX_DAG_RUN_ID='scheduled__2024-01-04T00:00:00+00:00'
[2024-03-06T15:50:43.865-0300] {history.py:90} ERROR - AVAX: No timezone found, symbol may be delisted
[2024-03-06T15:50:53.879-0300] {python.py:202} INFO - Done. Returned value was: None
[2024-03-06T15:50:53.897-0300] {taskinstance.py:1149} INFO - Marking task as SUCCESS. dag_id=get_crypto_dag, task_id=AVAX, execution_date=20240104T000000, start_date=20240306T185037, end_date=20240306T185053
[2024-03-06T15:50:53.959-0300] {local_task_job_runner.py:234} INFO - Task exited with return code 0
[2024-03-06T15:50:53.982-0300] {taskinstance.py:3309} INFO - 0 downstream tasks scheduled from follow-on schedule check
