[2024-03-06T10:59:01.801-0300] {taskinstance.py:1979} INFO - Dependencies all met for dep_context=non-requeueable deps ti=<TaskInstance: get_stocks_dag.AAPL scheduled__2024-01-03T00:00:00+00:00 [queued]>
[2024-03-06T10:59:01.807-0300] {taskinstance.py:1979} INFO - Dependencies all met for dep_context=requeueable deps ti=<TaskInstance: get_stocks_dag.AAPL scheduled__2024-01-03T00:00:00+00:00 [queued]>
[2024-03-06T10:59:01.808-0300] {taskinstance.py:2193} INFO - Starting attempt 1 of 1
[2024-03-06T10:59:01.824-0300] {taskinstance.py:2214} INFO - Executing <Task(_PythonDecoratedOperator): AAPL> on 2024-01-03 00:00:00+00:00
[2024-03-06T10:59:01.829-0300] {standard_task_runner.py:60} INFO - Started process 18875 to run task
[2024-03-06T10:59:01.831-0300] {standard_task_runner.py:87} INFO - Running: ['airflow', 'tasks', 'run', 'get_stocks_dag', 'AAPL', 'scheduled__2024-01-03T00:00:00+00:00', '--job-id', '13', '--raw', '--subdir', 'DAGS_FOLDER/get_stoks.py', '--cfg-path', '/tmp/tmpjjyzy23g']
[2024-03-06T10:59:01.832-0300] {standard_task_runner.py:88} INFO - Job 13: Subtask AAPL
[2024-03-06T10:59:01.866-0300] {task_command.py:423} INFO - Running <TaskInstance: get_stocks_dag.AAPL scheduled__2024-01-03T00:00:00+00:00 [running]> on host BITL0401.
[2024-03-06T10:59:01.921-0300] {taskinstance.py:2510} INFO - Exporting env vars: AIRFLOW_CTX_DAG_OWNER='airflow' AIRFLOW_CTX_DAG_ID='get_stocks_dag' AIRFLOW_CTX_TASK_ID='AAPL' AIRFLOW_CTX_EXECUTION_DATE='2024-01-03T00:00:00+00:00' AIRFLOW_CTX_TRY_NUMBER='1' AIRFLOW_CTX_DAG_RUN_ID='scheduled__2024-01-03T00:00:00+00:00'
[2024-03-06T10:59:02.458-0300] {python.py:202} INFO - Done. Returned value was: None
[2024-03-06T10:59:02.462-0300] {taskinstance.py:1149} INFO - Marking task as SUCCESS. dag_id=get_stocks_dag, task_id=AAPL, execution_date=20240103T000000, start_date=20240306T135901, end_date=20240306T135902
[2024-03-06T10:59:02.488-0300] {local_task_job_runner.py:234} INFO - Task exited with return code 0
[2024-03-06T10:59:02.498-0300] {taskinstance.py:3309} INFO - 0 downstream tasks scheduled from follow-on schedule check
[2024-03-06T12:04:08.424-0300] {taskinstance.py:1979} INFO - Dependencies all met for dep_context=non-requeueable deps ti=<TaskInstance: get_stocks_dag.AAPL scheduled__2024-01-03T00:00:00+00:00 [queued]>
[2024-03-06T12:04:08.487-0300] {taskinstance.py:1979} INFO - Dependencies all met for dep_context=requeueable deps ti=<TaskInstance: get_stocks_dag.AAPL scheduled__2024-01-03T00:00:00+00:00 [queued]>
[2024-03-06T12:04:08.488-0300] {taskinstance.py:2193} INFO - Starting attempt 1 of 1
[2024-03-06T12:04:08.532-0300] {taskinstance.py:2214} INFO - Executing <Task(_PythonDecoratedOperator): AAPL> on 2024-01-03 00:00:00+00:00
[2024-03-06T12:04:08.601-0300] {standard_task_runner.py:87} INFO - Running: ['airflow', 'tasks', 'run', 'get_stocks_dag', 'AAPL', 'scheduled__2024-01-03T00:00:00+00:00', '--job-id', '15', '--raw', '--subdir', 'DAGS_FOLDER/get_stoks.py', '--cfg-path', '/tmp/tmpr_9do52g']
[2024-03-06T12:04:08.614-0300] {standard_task_runner.py:88} INFO - Job 15: Subtask AAPL
[2024-03-06T12:04:08.576-0300] {standard_task_runner.py:60} INFO - Started process 39019 to run task
[2024-03-06T12:04:09.464-0300] {task_command.py:423} INFO - Running <TaskInstance: get_stocks_dag.AAPL scheduled__2024-01-03T00:00:00+00:00 [running]> on host BITL0401.
[2024-03-06T12:04:10.158-0300] {taskinstance.py:2510} INFO - Exporting env vars: AIRFLOW_CTX_DAG_OWNER='airflow' AIRFLOW_CTX_DAG_ID='get_stocks_dag' AIRFLOW_CTX_TASK_ID='AAPL' AIRFLOW_CTX_EXECUTION_DATE='2024-01-03T00:00:00+00:00' AIRFLOW_CTX_TRY_NUMBER='1' AIRFLOW_CTX_DAG_RUN_ID='scheduled__2024-01-03T00:00:00+00:00'
[2024-03-06T12:04:12.206-0300] {python.py:202} INFO - Done. Returned value was: None
[2024-03-06T12:04:14.653-0300] {taskinstance.py:1149} INFO - Marking task as SUCCESS. dag_id=get_stocks_dag, task_id=AAPL, execution_date=20240103T000000, start_date=20240306T150408, end_date=20240306T150414
[2024-03-06T12:04:15.381-0300] {local_task_job_runner.py:234} INFO - Task exited with return code 0
[2024-03-06T12:04:15.512-0300] {taskinstance.py:3309} INFO - 0 downstream tasks scheduled from follow-on schedule check
[2024-03-06T12:15:34.799-0300] {taskinstance.py:1979} INFO - Dependencies all met for dep_context=non-requeueable deps ti=<TaskInstance: get_stocks_dag.AAPL scheduled__2024-01-03T00:00:00+00:00 [queued]>
[2024-03-06T12:15:34.842-0300] {taskinstance.py:1979} INFO - Dependencies all met for dep_context=requeueable deps ti=<TaskInstance: get_stocks_dag.AAPL scheduled__2024-01-03T00:00:00+00:00 [queued]>
[2024-03-06T12:15:34.843-0300] {taskinstance.py:2193} INFO - Starting attempt 1 of 1
[2024-03-06T12:15:34.908-0300] {taskinstance.py:2214} INFO - Executing <Task(_PythonDecoratedOperator): AAPL> on 2024-01-03 00:00:00+00:00
[2024-03-06T12:15:34.929-0300] {standard_task_runner.py:60} INFO - Started process 46573 to run task
[2024-03-06T12:15:34.968-0300] {standard_task_runner.py:87} INFO - Running: ['airflow', 'tasks', 'run', 'get_stocks_dag', 'AAPL', 'scheduled__2024-01-03T00:00:00+00:00', '--job-id', '158', '--raw', '--subdir', 'DAGS_FOLDER/get_stoks.py', '--cfg-path', '/tmp/tmpl65mr2zu']
[2024-03-06T12:15:34.971-0300] {standard_task_runner.py:88} INFO - Job 158: Subtask AAPL
[2024-03-06T12:15:35.248-0300] {task_command.py:423} INFO - Running <TaskInstance: get_stocks_dag.AAPL scheduled__2024-01-03T00:00:00+00:00 [running]> on host BITL0401.
[2024-03-06T12:15:35.516-0300] {taskinstance.py:2510} INFO - Exporting env vars: AIRFLOW_CTX_DAG_OWNER='airflow' AIRFLOW_CTX_DAG_ID='get_stocks_dag' AIRFLOW_CTX_TASK_ID='AAPL' AIRFLOW_CTX_EXECUTION_DATE='2024-01-03T00:00:00+00:00' AIRFLOW_CTX_TRY_NUMBER='1' AIRFLOW_CTX_DAG_RUN_ID='scheduled__2024-01-03T00:00:00+00:00'
[2024-03-06T12:15:38.725-0300] {python.py:202} INFO - Done. Returned value was: None
[2024-03-06T12:15:40.962-0300] {taskinstance.py:1149} INFO - Marking task as SUCCESS. dag_id=get_stocks_dag, task_id=AAPL, execution_date=20240103T000000, start_date=20240306T151534, end_date=20240306T151540
[2024-03-06T12:15:41.302-0300] {local_task_job_runner.py:234} INFO - Task exited with return code 0
[2024-03-06T12:15:41.444-0300] {taskinstance.py:3309} INFO - 0 downstream tasks scheduled from follow-on schedule check
[2024-03-06T12:17:00.469-0300] {taskinstance.py:1979} INFO - Dependencies all met for dep_context=non-requeueable deps ti=<TaskInstance: get_stocks_dag.AAPL scheduled__2024-01-03T00:00:00+00:00 [queued]>
[2024-03-06T12:17:00.481-0300] {taskinstance.py:1979} INFO - Dependencies all met for dep_context=requeueable deps ti=<TaskInstance: get_stocks_dag.AAPL scheduled__2024-01-03T00:00:00+00:00 [queued]>
[2024-03-06T12:17:00.481-0300] {taskinstance.py:2193} INFO - Starting attempt 1 of 1
[2024-03-06T12:17:00.496-0300] {taskinstance.py:2214} INFO - Executing <Task(_PythonDecoratedOperator): AAPL> on 2024-01-03 00:00:00+00:00
[2024-03-06T12:17:00.501-0300] {standard_task_runner.py:60} INFO - Started process 48649 to run task
[2024-03-06T12:17:00.503-0300] {standard_task_runner.py:87} INFO - Running: ['airflow', 'tasks', 'run', 'get_stocks_dag', 'AAPL', 'scheduled__2024-01-03T00:00:00+00:00', '--job-id', '205', '--raw', '--subdir', 'DAGS_FOLDER/get_stoks.py', '--cfg-path', '/tmp/tmpbybk9euw']
[2024-03-06T12:17:00.504-0300] {standard_task_runner.py:88} INFO - Job 205: Subtask AAPL
[2024-03-06T12:17:00.567-0300] {task_command.py:423} INFO - Running <TaskInstance: get_stocks_dag.AAPL scheduled__2024-01-03T00:00:00+00:00 [running]> on host BITL0401.
[2024-03-06T12:17:00.669-0300] {taskinstance.py:2510} INFO - Exporting env vars: AIRFLOW_CTX_DAG_OWNER='airflow' AIRFLOW_CTX_DAG_ID='get_stocks_dag' AIRFLOW_CTX_TASK_ID='AAPL' AIRFLOW_CTX_EXECUTION_DATE='2024-01-03T00:00:00+00:00' AIRFLOW_CTX_TRY_NUMBER='1' AIRFLOW_CTX_DAG_RUN_ID='scheduled__2024-01-03T00:00:00+00:00'
[2024-03-06T12:17:01.896-0300] {python.py:202} INFO - Done. Returned value was: None
[2024-03-06T12:17:01.912-0300] {taskinstance.py:1149} INFO - Marking task as SUCCESS. dag_id=get_stocks_dag, task_id=AAPL, execution_date=20240103T000000, start_date=20240306T151700, end_date=20240306T151701
[2024-03-06T12:17:01.962-0300] {local_task_job_runner.py:234} INFO - Task exited with return code 0
[2024-03-06T12:17:01.986-0300] {taskinstance.py:3309} INFO - 0 downstream tasks scheduled from follow-on schedule check
