[2024-03-06T10:59:59.032-0300] {taskinstance.py:1979} INFO - Dependencies all met for dep_context=non-requeueable deps ti=<TaskInstance: get_stocks_dag.TSLA scheduled__2024-01-09T00:00:00+00:00 [queued]>
[2024-03-06T10:59:59.038-0300] {taskinstance.py:1979} INFO - Dependencies all met for dep_context=requeueable deps ti=<TaskInstance: get_stocks_dag.TSLA scheduled__2024-01-09T00:00:00+00:00 [queued]>
[2024-03-06T10:59:59.038-0300] {taskinstance.py:2193} INFO - Starting attempt 1 of 1
[2024-03-06T10:59:59.054-0300] {taskinstance.py:2214} INFO - Executing <Task(_PythonDecoratedOperator): TSLA> on 2024-01-09 00:00:00+00:00
[2024-03-06T10:59:59.061-0300] {standard_task_runner.py:60} INFO - Started process 19387 to run task
[2024-03-06T10:59:59.065-0300] {standard_task_runner.py:87} INFO - Running: ['airflow', 'tasks', 'run', 'get_stocks_dag', 'TSLA', 'scheduled__2024-01-09T00:00:00+00:00', '--job-id', '32', '--raw', '--subdir', 'DAGS_FOLDER/get_stoks.py', '--cfg-path', '/tmp/tmp_5gl_t4b']
[2024-03-06T10:59:59.067-0300] {standard_task_runner.py:88} INFO - Job 32: Subtask TSLA
[2024-03-06T10:59:59.111-0300] {task_command.py:423} INFO - Running <TaskInstance: get_stocks_dag.TSLA scheduled__2024-01-09T00:00:00+00:00 [running]> on host BITL0401.
[2024-03-06T10:59:59.181-0300] {taskinstance.py:2510} INFO - Exporting env vars: AIRFLOW_CTX_DAG_OWNER='airflow' AIRFLOW_CTX_DAG_ID='get_stocks_dag' AIRFLOW_CTX_TASK_ID='TSLA' AIRFLOW_CTX_EXECUTION_DATE='2024-01-09T00:00:00+00:00' AIRFLOW_CTX_TRY_NUMBER='1' AIRFLOW_CTX_DAG_RUN_ID='scheduled__2024-01-09T00:00:00+00:00'
[2024-03-06T10:59:59.769-0300] {python.py:202} INFO - Done. Returned value was: None
[2024-03-06T10:59:59.773-0300] {taskinstance.py:1149} INFO - Marking task as SUCCESS. dag_id=get_stocks_dag, task_id=TSLA, execution_date=20240109T000000, start_date=20240306T135959, end_date=20240306T135959
[2024-03-06T10:59:59.803-0300] {local_task_job_runner.py:234} INFO - Task exited with return code 0
[2024-03-06T10:59:59.820-0300] {taskinstance.py:3309} INFO - 0 downstream tasks scheduled from follow-on schedule check
[2024-03-06T12:04:23.558-0300] {taskinstance.py:1979} INFO - Dependencies all met for dep_context=non-requeueable deps ti=<TaskInstance: get_stocks_dag.TSLA scheduled__2024-01-09T00:00:00+00:00 [queued]>
[2024-03-06T12:04:23.594-0300] {taskinstance.py:1979} INFO - Dependencies all met for dep_context=requeueable deps ti=<TaskInstance: get_stocks_dag.TSLA scheduled__2024-01-09T00:00:00+00:00 [queued]>
[2024-03-06T12:04:23.602-0300] {taskinstance.py:2193} INFO - Starting attempt 1 of 1
[2024-03-06T12:04:23.652-0300] {taskinstance.py:2214} INFO - Executing <Task(_PythonDecoratedOperator): TSLA> on 2024-01-09 00:00:00+00:00
[2024-03-06T12:04:23.663-0300] {standard_task_runner.py:60} INFO - Started process 39583 to run task
[2024-03-06T12:04:23.680-0300] {standard_task_runner.py:87} INFO - Running: ['airflow', 'tasks', 'run', 'get_stocks_dag', 'TSLA', 'scheduled__2024-01-09T00:00:00+00:00', '--job-id', '26', '--raw', '--subdir', 'DAGS_FOLDER/get_stoks.py', '--cfg-path', '/tmp/tmpievmx6q3']
[2024-03-06T12:04:23.685-0300] {standard_task_runner.py:88} INFO - Job 26: Subtask TSLA
[2024-03-06T12:04:23.913-0300] {task_command.py:423} INFO - Running <TaskInstance: get_stocks_dag.TSLA scheduled__2024-01-09T00:00:00+00:00 [running]> on host BITL0401.
[2024-03-06T12:04:24.388-0300] {taskinstance.py:2510} INFO - Exporting env vars: AIRFLOW_CTX_DAG_OWNER='airflow' AIRFLOW_CTX_DAG_ID='get_stocks_dag' AIRFLOW_CTX_TASK_ID='TSLA' AIRFLOW_CTX_EXECUTION_DATE='2024-01-09T00:00:00+00:00' AIRFLOW_CTX_TRY_NUMBER='1' AIRFLOW_CTX_DAG_RUN_ID='scheduled__2024-01-09T00:00:00+00:00'
[2024-03-06T12:04:25.329-0300] {python.py:202} INFO - Done. Returned value was: None
[2024-03-06T12:04:25.350-0300] {taskinstance.py:1149} INFO - Marking task as SUCCESS. dag_id=get_stocks_dag, task_id=TSLA, execution_date=20240109T000000, start_date=20240306T150423, end_date=20240306T150425
[2024-03-06T12:04:25.420-0300] {local_task_job_runner.py:234} INFO - Task exited with return code 0
[2024-03-06T12:04:25.492-0300] {taskinstance.py:3309} INFO - 0 downstream tasks scheduled from follow-on schedule check
