[2024-03-06T10:59:04.604-0300] {taskinstance.py:1979} INFO - Dependencies all met for dep_context=non-requeueable deps ti=<TaskInstance: get_stocks_dag.MSFT scheduled__2024-01-03T00:00:00+00:00 [queued]>
[2024-03-06T10:59:04.611-0300] {taskinstance.py:1979} INFO - Dependencies all met for dep_context=requeueable deps ti=<TaskInstance: get_stocks_dag.MSFT scheduled__2024-01-03T00:00:00+00:00 [queued]>
[2024-03-06T10:59:04.611-0300] {taskinstance.py:2193} INFO - Starting attempt 1 of 1
[2024-03-06T10:59:04.626-0300] {taskinstance.py:2214} INFO - Executing <Task(_PythonDecoratedOperator): MSFT> on 2024-01-03 00:00:00+00:00
[2024-03-06T10:59:04.629-0300] {standard_task_runner.py:60} INFO - Started process 18927 to run task
[2024-03-06T10:59:04.632-0300] {standard_task_runner.py:87} INFO - Running: ['airflow', 'tasks', 'run', 'get_stocks_dag', 'MSFT', 'scheduled__2024-01-03T00:00:00+00:00', '--job-id', '14', '--raw', '--subdir', 'DAGS_FOLDER/get_stoks.py', '--cfg-path', '/tmp/tmpusbkdrlh']
[2024-03-06T10:59:04.633-0300] {standard_task_runner.py:88} INFO - Job 14: Subtask MSFT
[2024-03-06T10:59:04.664-0300] {task_command.py:423} INFO - Running <TaskInstance: get_stocks_dag.MSFT scheduled__2024-01-03T00:00:00+00:00 [running]> on host BITL0401.
[2024-03-06T10:59:04.720-0300] {taskinstance.py:2510} INFO - Exporting env vars: AIRFLOW_CTX_DAG_OWNER='airflow' AIRFLOW_CTX_DAG_ID='get_stocks_dag' AIRFLOW_CTX_TASK_ID='MSFT' AIRFLOW_CTX_EXECUTION_DATE='2024-01-03T00:00:00+00:00' AIRFLOW_CTX_TRY_NUMBER='1' AIRFLOW_CTX_DAG_RUN_ID='scheduled__2024-01-03T00:00:00+00:00'
[2024-03-06T10:59:05.311-0300] {python.py:202} INFO - Done. Returned value was: None
[2024-03-06T10:59:05.315-0300] {taskinstance.py:1149} INFO - Marking task as SUCCESS. dag_id=get_stocks_dag, task_id=MSFT, execution_date=20240103T000000, start_date=20240306T135904, end_date=20240306T135905
[2024-03-06T10:59:05.369-0300] {local_task_job_runner.py:234} INFO - Task exited with return code 0
[2024-03-06T10:59:05.381-0300] {taskinstance.py:3309} INFO - 0 downstream tasks scheduled from follow-on schedule check
[2024-03-06T12:04:08.440-0300] {taskinstance.py:1979} INFO - Dependencies all met for dep_context=non-requeueable deps ti=<TaskInstance: get_stocks_dag.MSFT scheduled__2024-01-03T00:00:00+00:00 [queued]>
[2024-03-06T12:04:08.496-0300] {taskinstance.py:1979} INFO - Dependencies all met for dep_context=requeueable deps ti=<TaskInstance: get_stocks_dag.MSFT scheduled__2024-01-03T00:00:00+00:00 [queued]>
[2024-03-06T12:04:08.499-0300] {taskinstance.py:2193} INFO - Starting attempt 1 of 1
[2024-03-06T12:04:08.560-0300] {taskinstance.py:2214} INFO - Executing <Task(_PythonDecoratedOperator): MSFT> on 2024-01-03 00:00:00+00:00
[2024-03-06T12:04:08.603-0300] {standard_task_runner.py:60} INFO - Started process 39025 to run task
[2024-03-06T12:04:08.699-0300] {standard_task_runner.py:87} INFO - Running: ['airflow', 'tasks', 'run', 'get_stocks_dag', 'MSFT', 'scheduled__2024-01-03T00:00:00+00:00', '--job-id', '4', '--raw', '--subdir', 'DAGS_FOLDER/get_stoks.py', '--cfg-path', '/tmp/tmpme3knsbo']
[2024-03-06T12:04:08.748-0300] {standard_task_runner.py:88} INFO - Job 4: Subtask MSFT
[2024-03-06T12:04:09.324-0300] {task_command.py:423} INFO - Running <TaskInstance: get_stocks_dag.MSFT scheduled__2024-01-03T00:00:00+00:00 [running]> on host BITL0401.
[2024-03-06T12:04:09.994-0300] {taskinstance.py:2510} INFO - Exporting env vars: AIRFLOW_CTX_DAG_OWNER='airflow' AIRFLOW_CTX_DAG_ID='get_stocks_dag' AIRFLOW_CTX_TASK_ID='MSFT' AIRFLOW_CTX_EXECUTION_DATE='2024-01-03T00:00:00+00:00' AIRFLOW_CTX_TRY_NUMBER='1' AIRFLOW_CTX_DAG_RUN_ID='scheduled__2024-01-03T00:00:00+00:00'
[2024-03-06T12:04:12.213-0300] {python.py:202} INFO - Done. Returned value was: None
[2024-03-06T12:04:13.933-0300] {taskinstance.py:1149} INFO - Marking task as SUCCESS. dag_id=get_stocks_dag, task_id=MSFT, execution_date=20240103T000000, start_date=20240306T150408, end_date=20240306T150413
[2024-03-06T12:04:15.375-0300] {local_task_job_runner.py:234} INFO - Task exited with return code 0
[2024-03-06T12:04:15.480-0300] {taskinstance.py:3309} INFO - 0 downstream tasks scheduled from follow-on schedule check
[2024-03-06T12:15:34.733-0300] {taskinstance.py:1979} INFO - Dependencies all met for dep_context=non-requeueable deps ti=<TaskInstance: get_stocks_dag.MSFT scheduled__2024-01-03T00:00:00+00:00 [queued]>
[2024-03-06T12:15:34.779-0300] {taskinstance.py:1979} INFO - Dependencies all met for dep_context=requeueable deps ti=<TaskInstance: get_stocks_dag.MSFT scheduled__2024-01-03T00:00:00+00:00 [queued]>
[2024-03-06T12:15:34.781-0300] {taskinstance.py:2193} INFO - Starting attempt 1 of 1
[2024-03-06T12:15:34.816-0300] {taskinstance.py:2214} INFO - Executing <Task(_PythonDecoratedOperator): MSFT> on 2024-01-03 00:00:00+00:00
[2024-03-06T12:15:34.836-0300] {standard_task_runner.py:60} INFO - Started process 46553 to run task
[2024-03-06T12:15:34.850-0300] {standard_task_runner.py:87} INFO - Running: ['airflow', 'tasks', 'run', 'get_stocks_dag', 'MSFT', 'scheduled__2024-01-03T00:00:00+00:00', '--job-id', '147', '--raw', '--subdir', 'DAGS_FOLDER/get_stoks.py', '--cfg-path', '/tmp/tmpa44xb_h1']
[2024-03-06T12:15:34.854-0300] {standard_task_runner.py:88} INFO - Job 147: Subtask MSFT
[2024-03-06T12:15:35.075-0300] {task_command.py:423} INFO - Running <TaskInstance: get_stocks_dag.MSFT scheduled__2024-01-03T00:00:00+00:00 [running]> on host BITL0401.
[2024-03-06T12:15:35.439-0300] {taskinstance.py:2510} INFO - Exporting env vars: AIRFLOW_CTX_DAG_OWNER='airflow' AIRFLOW_CTX_DAG_ID='get_stocks_dag' AIRFLOW_CTX_TASK_ID='MSFT' AIRFLOW_CTX_EXECUTION_DATE='2024-01-03T00:00:00+00:00' AIRFLOW_CTX_TRY_NUMBER='1' AIRFLOW_CTX_DAG_RUN_ID='scheduled__2024-01-03T00:00:00+00:00'
[2024-03-06T12:15:39.551-0300] {python.py:202} INFO - Done. Returned value was: None
[2024-03-06T12:15:41.000-0300] {taskinstance.py:1149} INFO - Marking task as SUCCESS. dag_id=get_stocks_dag, task_id=MSFT, execution_date=20240103T000000, start_date=20240306T151534, end_date=20240306T151540
[2024-03-06T12:15:41.204-0300] {local_task_job_runner.py:234} INFO - Task exited with return code 0
[2024-03-06T12:15:41.284-0300] {taskinstance.py:3309} INFO - 0 downstream tasks scheduled from follow-on schedule check
[2024-03-06T12:17:01.639-0300] {taskinstance.py:1979} INFO - Dependencies all met for dep_context=non-requeueable deps ti=<TaskInstance: get_stocks_dag.MSFT scheduled__2024-01-03T00:00:00+00:00 [queued]>
[2024-03-06T12:17:01.649-0300] {taskinstance.py:1979} INFO - Dependencies all met for dep_context=requeueable deps ti=<TaskInstance: get_stocks_dag.MSFT scheduled__2024-01-03T00:00:00+00:00 [queued]>
[2024-03-06T12:17:01.650-0300] {taskinstance.py:2193} INFO - Starting attempt 1 of 1
[2024-03-06T12:17:01.663-0300] {taskinstance.py:2214} INFO - Executing <Task(_PythonDecoratedOperator): MSFT> on 2024-01-03 00:00:00+00:00
[2024-03-06T12:17:01.666-0300] {standard_task_runner.py:60} INFO - Started process 48683 to run task
[2024-03-06T12:17:01.668-0300] {standard_task_runner.py:87} INFO - Running: ['airflow', 'tasks', 'run', 'get_stocks_dag', 'MSFT', 'scheduled__2024-01-03T00:00:00+00:00', '--job-id', '206', '--raw', '--subdir', 'DAGS_FOLDER/get_stoks.py', '--cfg-path', '/tmp/tmp_atsec0m']
[2024-03-06T12:17:01.670-0300] {standard_task_runner.py:88} INFO - Job 206: Subtask MSFT
[2024-03-06T12:17:01.732-0300] {task_command.py:423} INFO - Running <TaskInstance: get_stocks_dag.MSFT scheduled__2024-01-03T00:00:00+00:00 [running]> on host BITL0401.
[2024-03-06T12:17:01.824-0300] {taskinstance.py:2510} INFO - Exporting env vars: AIRFLOW_CTX_DAG_OWNER='airflow' AIRFLOW_CTX_DAG_ID='get_stocks_dag' AIRFLOW_CTX_TASK_ID='MSFT' AIRFLOW_CTX_EXECUTION_DATE='2024-01-03T00:00:00+00:00' AIRFLOW_CTX_TRY_NUMBER='1' AIRFLOW_CTX_DAG_RUN_ID='scheduled__2024-01-03T00:00:00+00:00'
[2024-03-06T12:17:02.431-0300] {python.py:202} INFO - Done. Returned value was: None
[2024-03-06T12:17:02.446-0300] {taskinstance.py:1149} INFO - Marking task as SUCCESS. dag_id=get_stocks_dag, task_id=MSFT, execution_date=20240103T000000, start_date=20240306T151701, end_date=20240306T151702
[2024-03-06T12:17:02.486-0300] {local_task_job_runner.py:234} INFO - Task exited with return code 0
[2024-03-06T12:17:02.507-0300] {taskinstance.py:3309} INFO - 0 downstream tasks scheduled from follow-on schedule check
[2024-03-06T14:38:44.703-0300] {taskinstance.py:1979} INFO - Dependencies all met for dep_context=non-requeueable deps ti=<TaskInstance: get_stocks_dag.MSFT scheduled__2024-01-03T00:00:00+00:00 [queued]>
[2024-03-06T14:38:44.717-0300] {taskinstance.py:1979} INFO - Dependencies all met for dep_context=requeueable deps ti=<TaskInstance: get_stocks_dag.MSFT scheduled__2024-01-03T00:00:00+00:00 [queued]>
[2024-03-06T14:38:44.718-0300] {taskinstance.py:2193} INFO - Starting attempt 1 of 1
[2024-03-06T14:38:44.735-0300] {taskinstance.py:2214} INFO - Executing <Task(_PythonDecoratedOperator): MSFT> on 2024-01-03 00:00:00+00:00
[2024-03-06T14:38:44.740-0300] {standard_task_runner.py:60} INFO - Started process 82777 to run task
[2024-03-06T14:38:44.742-0300] {standard_task_runner.py:87} INFO - Running: ['airflow', 'tasks', 'run', 'get_stocks_dag', 'MSFT', 'scheduled__2024-01-03T00:00:00+00:00', '--job-id', '259', '--raw', '--subdir', 'DAGS_FOLDER/get_stoks.py', '--cfg-path', '/tmp/tmplks4hipb']
[2024-03-06T14:38:44.744-0300] {standard_task_runner.py:88} INFO - Job 259: Subtask MSFT
[2024-03-06T14:38:44.817-0300] {task_command.py:423} INFO - Running <TaskInstance: get_stocks_dag.MSFT scheduled__2024-01-03T00:00:00+00:00 [running]> on host BITL0401.
[2024-03-06T14:38:44.916-0300] {taskinstance.py:2510} INFO - Exporting env vars: AIRFLOW_CTX_DAG_OWNER='airflow' AIRFLOW_CTX_DAG_ID='get_stocks_dag' AIRFLOW_CTX_TASK_ID='MSFT' AIRFLOW_CTX_EXECUTION_DATE='2024-01-03T00:00:00+00:00' AIRFLOW_CTX_TRY_NUMBER='1' AIRFLOW_CTX_DAG_RUN_ID='scheduled__2024-01-03T00:00:00+00:00'
[2024-03-06T14:38:45.411-0300] {python.py:202} INFO - Done. Returned value was: None
[2024-03-06T14:38:45.426-0300] {taskinstance.py:1149} INFO - Marking task as SUCCESS. dag_id=get_stocks_dag, task_id=MSFT, execution_date=20240103T000000, start_date=20240306T173844, end_date=20240306T173845
[2024-03-06T14:38:45.479-0300] {local_task_job_runner.py:234} INFO - Task exited with return code 0
[2024-03-06T14:38:45.502-0300] {taskinstance.py:3309} INFO - 0 downstream tasks scheduled from follow-on schedule check
