[2024-03-06T10:59:22.335-0300] {taskinstance.py:1979} INFO - Dependencies all met for dep_context=non-requeueable deps ti=<TaskInstance: get_stocks_dag.TSLA scheduled__2024-01-04T00:00:00+00:00 [queued]>
[2024-03-06T10:59:22.341-0300] {taskinstance.py:1979} INFO - Dependencies all met for dep_context=requeueable deps ti=<TaskInstance: get_stocks_dag.TSLA scheduled__2024-01-04T00:00:00+00:00 [queued]>
[2024-03-06T10:59:22.342-0300] {taskinstance.py:2193} INFO - Starting attempt 1 of 1
[2024-03-06T10:59:22.357-0300] {taskinstance.py:2214} INFO - Executing <Task(_PythonDecoratedOperator): TSLA> on 2024-01-04 00:00:00+00:00
[2024-03-06T10:59:22.361-0300] {standard_task_runner.py:60} INFO - Started process 19079 to run task
[2024-03-06T10:59:22.363-0300] {standard_task_runner.py:87} INFO - Running: ['airflow', 'tasks', 'run', 'get_stocks_dag', 'TSLA', 'scheduled__2024-01-04T00:00:00+00:00', '--job-id', '20', '--raw', '--subdir', 'DAGS_FOLDER/get_stoks.py', '--cfg-path', '/tmp/tmpur8b9muu']
[2024-03-06T10:59:22.364-0300] {standard_task_runner.py:88} INFO - Job 20: Subtask TSLA
[2024-03-06T10:59:22.397-0300] {task_command.py:423} INFO - Running <TaskInstance: get_stocks_dag.TSLA scheduled__2024-01-04T00:00:00+00:00 [running]> on host BITL0401.
[2024-03-06T10:59:22.451-0300] {taskinstance.py:2510} INFO - Exporting env vars: AIRFLOW_CTX_DAG_OWNER='airflow' AIRFLOW_CTX_DAG_ID='get_stocks_dag' AIRFLOW_CTX_TASK_ID='TSLA' AIRFLOW_CTX_EXECUTION_DATE='2024-01-04T00:00:00+00:00' AIRFLOW_CTX_TRY_NUMBER='1' AIRFLOW_CTX_DAG_RUN_ID='scheduled__2024-01-04T00:00:00+00:00'
[2024-03-06T10:59:23.475-0300] {python.py:202} INFO - Done. Returned value was: None
[2024-03-06T10:59:23.479-0300] {taskinstance.py:1149} INFO - Marking task as SUCCESS. dag_id=get_stocks_dag, task_id=TSLA, execution_date=20240104T000000, start_date=20240306T135922, end_date=20240306T135923
[2024-03-06T10:59:23.503-0300] {local_task_job_runner.py:234} INFO - Task exited with return code 0
[2024-03-06T10:59:23.513-0300] {taskinstance.py:3309} INFO - 0 downstream tasks scheduled from follow-on schedule check
[2024-03-06T12:04:08.365-0300] {taskinstance.py:1979} INFO - Dependencies all met for dep_context=non-requeueable deps ti=<TaskInstance: get_stocks_dag.TSLA scheduled__2024-01-04T00:00:00+00:00 [queued]>
[2024-03-06T12:04:08.416-0300] {taskinstance.py:1979} INFO - Dependencies all met for dep_context=requeueable deps ti=<TaskInstance: get_stocks_dag.TSLA scheduled__2024-01-04T00:00:00+00:00 [queued]>
[2024-03-06T12:04:08.417-0300] {taskinstance.py:2193} INFO - Starting attempt 1 of 1
[2024-03-06T12:04:08.498-0300] {taskinstance.py:2214} INFO - Executing <Task(_PythonDecoratedOperator): TSLA> on 2024-01-04 00:00:00+00:00
[2024-03-06T12:04:08.528-0300] {standard_task_runner.py:60} INFO - Started process 39014 to run task
[2024-03-06T12:04:08.567-0300] {standard_task_runner.py:87} INFO - Running: ['airflow', 'tasks', 'run', 'get_stocks_dag', 'TSLA', 'scheduled__2024-01-04T00:00:00+00:00', '--job-id', '13', '--raw', '--subdir', 'DAGS_FOLDER/get_stoks.py', '--cfg-path', '/tmp/tmpfkaycibj']
[2024-03-06T12:04:08.572-0300] {standard_task_runner.py:88} INFO - Job 13: Subtask TSLA
[2024-03-06T12:04:09.124-0300] {task_command.py:423} INFO - Running <TaskInstance: get_stocks_dag.TSLA scheduled__2024-01-04T00:00:00+00:00 [running]> on host BITL0401.
[2024-03-06T12:04:09.893-0300] {taskinstance.py:2510} INFO - Exporting env vars: AIRFLOW_CTX_DAG_OWNER='airflow' AIRFLOW_CTX_DAG_ID='get_stocks_dag' AIRFLOW_CTX_TASK_ID='TSLA' AIRFLOW_CTX_EXECUTION_DATE='2024-01-04T00:00:00+00:00' AIRFLOW_CTX_TRY_NUMBER='1' AIRFLOW_CTX_DAG_RUN_ID='scheduled__2024-01-04T00:00:00+00:00'
[2024-03-06T12:04:11.822-0300] {python.py:202} INFO - Done. Returned value was: None
[2024-03-06T12:04:12.123-0300] {taskinstance.py:1149} INFO - Marking task as SUCCESS. dag_id=get_stocks_dag, task_id=TSLA, execution_date=20240104T000000, start_date=20240306T150408, end_date=20240306T150412
[2024-03-06T12:04:15.327-0300] {local_task_job_runner.py:234} INFO - Task exited with return code 0
[2024-03-06T12:04:15.484-0300] {taskinstance.py:3309} INFO - 0 downstream tasks scheduled from follow-on schedule check
[2024-03-06T12:15:34.786-0300] {taskinstance.py:1979} INFO - Dependencies all met for dep_context=non-requeueable deps ti=<TaskInstance: get_stocks_dag.TSLA scheduled__2024-01-04T00:00:00+00:00 [queued]>
[2024-03-06T12:15:34.821-0300] {taskinstance.py:1979} INFO - Dependencies all met for dep_context=requeueable deps ti=<TaskInstance: get_stocks_dag.TSLA scheduled__2024-01-04T00:00:00+00:00 [queued]>
[2024-03-06T12:15:34.822-0300] {taskinstance.py:2193} INFO - Starting attempt 1 of 1
[2024-03-06T12:15:34.895-0300] {taskinstance.py:2214} INFO - Executing <Task(_PythonDecoratedOperator): TSLA> on 2024-01-04 00:00:00+00:00
[2024-03-06T12:15:34.912-0300] {standard_task_runner.py:60} INFO - Started process 46569 to run task
[2024-03-06T12:15:34.944-0300] {standard_task_runner.py:87} INFO - Running: ['airflow', 'tasks', 'run', 'get_stocks_dag', 'TSLA', 'scheduled__2024-01-04T00:00:00+00:00', '--job-id', '156', '--raw', '--subdir', 'DAGS_FOLDER/get_stoks.py', '--cfg-path', '/tmp/tmpu1mzi1ik']
[2024-03-06T12:15:34.955-0300] {standard_task_runner.py:88} INFO - Job 156: Subtask TSLA
[2024-03-06T12:15:35.215-0300] {task_command.py:423} INFO - Running <TaskInstance: get_stocks_dag.TSLA scheduled__2024-01-04T00:00:00+00:00 [running]> on host BITL0401.
[2024-03-06T12:15:35.562-0300] {taskinstance.py:2510} INFO - Exporting env vars: AIRFLOW_CTX_DAG_OWNER='airflow' AIRFLOW_CTX_DAG_ID='get_stocks_dag' AIRFLOW_CTX_TASK_ID='TSLA' AIRFLOW_CTX_EXECUTION_DATE='2024-01-04T00:00:00+00:00' AIRFLOW_CTX_TRY_NUMBER='1' AIRFLOW_CTX_DAG_RUN_ID='scheduled__2024-01-04T00:00:00+00:00'
[2024-03-06T12:15:38.697-0300] {python.py:202} INFO - Done. Returned value was: None
[2024-03-06T12:15:40.990-0300] {taskinstance.py:1149} INFO - Marking task as SUCCESS. dag_id=get_stocks_dag, task_id=TSLA, execution_date=20240104T000000, start_date=20240306T151534, end_date=20240306T151540
[2024-03-06T12:15:41.393-0300] {local_task_job_runner.py:234} INFO - Task exited with return code 0
[2024-03-06T12:15:41.472-0300] {taskinstance.py:3309} INFO - 0 downstream tasks scheduled from follow-on schedule check
[2024-03-06T12:17:09.168-0300] {taskinstance.py:1979} INFO - Dependencies all met for dep_context=non-requeueable deps ti=<TaskInstance: get_stocks_dag.TSLA scheduled__2024-01-04T00:00:00+00:00 [queued]>
[2024-03-06T12:17:09.181-0300] {taskinstance.py:1979} INFO - Dependencies all met for dep_context=requeueable deps ti=<TaskInstance: get_stocks_dag.TSLA scheduled__2024-01-04T00:00:00+00:00 [queued]>
[2024-03-06T12:17:09.181-0300] {taskinstance.py:2193} INFO - Starting attempt 1 of 1
[2024-03-06T12:17:09.195-0300] {taskinstance.py:2214} INFO - Executing <Task(_PythonDecoratedOperator): TSLA> on 2024-01-04 00:00:00+00:00
[2024-03-06T12:17:09.200-0300] {standard_task_runner.py:60} INFO - Started process 48912 to run task
[2024-03-06T12:17:09.202-0300] {standard_task_runner.py:87} INFO - Running: ['airflow', 'tasks', 'run', 'get_stocks_dag', 'TSLA', 'scheduled__2024-01-04T00:00:00+00:00', '--job-id', '212', '--raw', '--subdir', 'DAGS_FOLDER/get_stoks.py', '--cfg-path', '/tmp/tmp9rtaqepu']
[2024-03-06T12:17:09.203-0300] {standard_task_runner.py:88} INFO - Job 212: Subtask TSLA
[2024-03-06T12:17:09.265-0300] {task_command.py:423} INFO - Running <TaskInstance: get_stocks_dag.TSLA scheduled__2024-01-04T00:00:00+00:00 [running]> on host BITL0401.
[2024-03-06T12:17:09.371-0300] {taskinstance.py:2510} INFO - Exporting env vars: AIRFLOW_CTX_DAG_OWNER='airflow' AIRFLOW_CTX_DAG_ID='get_stocks_dag' AIRFLOW_CTX_TASK_ID='TSLA' AIRFLOW_CTX_EXECUTION_DATE='2024-01-04T00:00:00+00:00' AIRFLOW_CTX_TRY_NUMBER='1' AIRFLOW_CTX_DAG_RUN_ID='scheduled__2024-01-04T00:00:00+00:00'
[2024-03-06T12:17:09.893-0300] {python.py:202} INFO - Done. Returned value was: None
[2024-03-06T12:17:09.908-0300] {taskinstance.py:1149} INFO - Marking task as SUCCESS. dag_id=get_stocks_dag, task_id=TSLA, execution_date=20240104T000000, start_date=20240306T151709, end_date=20240306T151709
[2024-03-06T12:17:09.939-0300] {local_task_job_runner.py:234} INFO - Task exited with return code 0
[2024-03-06T12:17:09.963-0300] {taskinstance.py:3309} INFO - 0 downstream tasks scheduled from follow-on schedule check
[2024-03-06T14:38:46.299-0300] {taskinstance.py:1979} INFO - Dependencies all met for dep_context=non-requeueable deps ti=<TaskInstance: get_stocks_dag.TSLA scheduled__2024-01-04T00:00:00+00:00 [queued]>
[2024-03-06T14:38:46.311-0300] {taskinstance.py:1979} INFO - Dependencies all met for dep_context=requeueable deps ti=<TaskInstance: get_stocks_dag.TSLA scheduled__2024-01-04T00:00:00+00:00 [queued]>
[2024-03-06T14:38:46.312-0300] {taskinstance.py:2193} INFO - Starting attempt 1 of 1
[2024-03-06T14:38:46.326-0300] {taskinstance.py:2214} INFO - Executing <Task(_PythonDecoratedOperator): TSLA> on 2024-01-04 00:00:00+00:00
[2024-03-06T14:38:46.330-0300] {standard_task_runner.py:60} INFO - Started process 82828 to run task
[2024-03-06T14:38:46.332-0300] {standard_task_runner.py:87} INFO - Running: ['airflow', 'tasks', 'run', 'get_stocks_dag', 'TSLA', 'scheduled__2024-01-04T00:00:00+00:00', '--job-id', '261', '--raw', '--subdir', 'DAGS_FOLDER/get_stoks.py', '--cfg-path', '/tmp/tmpx5awa_wb']
[2024-03-06T14:38:46.335-0300] {standard_task_runner.py:88} INFO - Job 261: Subtask TSLA
[2024-03-06T14:38:46.405-0300] {task_command.py:423} INFO - Running <TaskInstance: get_stocks_dag.TSLA scheduled__2024-01-04T00:00:00+00:00 [running]> on host BITL0401.
[2024-03-06T14:38:46.520-0300] {taskinstance.py:2510} INFO - Exporting env vars: AIRFLOW_CTX_DAG_OWNER='airflow' AIRFLOW_CTX_DAG_ID='get_stocks_dag' AIRFLOW_CTX_TASK_ID='TSLA' AIRFLOW_CTX_EXECUTION_DATE='2024-01-04T00:00:00+00:00' AIRFLOW_CTX_TRY_NUMBER='1' AIRFLOW_CTX_DAG_RUN_ID='scheduled__2024-01-04T00:00:00+00:00'
[2024-03-06T14:38:47.041-0300] {python.py:202} INFO - Done. Returned value was: None
[2024-03-06T14:38:47.057-0300] {taskinstance.py:1149} INFO - Marking task as SUCCESS. dag_id=get_stocks_dag, task_id=TSLA, execution_date=20240104T000000, start_date=20240306T173846, end_date=20240306T173847
[2024-03-06T14:38:47.109-0300] {local_task_job_runner.py:234} INFO - Task exited with return code 0
[2024-03-06T14:38:47.130-0300] {taskinstance.py:3309} INFO - 0 downstream tasks scheduled from follow-on schedule check
