[2024-03-06T11:00:22.834-0300] {taskinstance.py:1979} INFO - Dependencies all met for dep_context=non-requeueable deps ti=<TaskInstance: get_stocks_dag.TSLA scheduled__2024-01-11T00:00:00+00:00 [queued]>
[2024-03-06T11:00:22.839-0300] {taskinstance.py:1979} INFO - Dependencies all met for dep_context=requeueable deps ti=<TaskInstance: get_stocks_dag.TSLA scheduled__2024-01-11T00:00:00+00:00 [queued]>
[2024-03-06T11:00:22.839-0300] {taskinstance.py:2193} INFO - Starting attempt 1 of 1
[2024-03-06T11:00:22.853-0300] {taskinstance.py:2214} INFO - Executing <Task(_PythonDecoratedOperator): TSLA> on 2024-01-11 00:00:00+00:00
[2024-03-06T11:00:22.857-0300] {standard_task_runner.py:60} INFO - Started process 19586 to run task
[2024-03-06T11:00:22.860-0300] {standard_task_runner.py:87} INFO - Running: ['airflow', 'tasks', 'run', 'get_stocks_dag', 'TSLA', 'scheduled__2024-01-11T00:00:00+00:00', '--job-id', '40', '--raw', '--subdir', 'DAGS_FOLDER/get_stoks.py', '--cfg-path', '/tmp/tmp945k9qgj']
[2024-03-06T11:00:22.862-0300] {standard_task_runner.py:88} INFO - Job 40: Subtask TSLA
[2024-03-06T11:00:22.953-0300] {task_command.py:423} INFO - Running <TaskInstance: get_stocks_dag.TSLA scheduled__2024-01-11T00:00:00+00:00 [running]> on host BITL0401.
[2024-03-06T11:00:23.008-0300] {taskinstance.py:2510} INFO - Exporting env vars: AIRFLOW_CTX_DAG_OWNER='airflow' AIRFLOW_CTX_DAG_ID='get_stocks_dag' AIRFLOW_CTX_TASK_ID='TSLA' AIRFLOW_CTX_EXECUTION_DATE='2024-01-11T00:00:00+00:00' AIRFLOW_CTX_TRY_NUMBER='1' AIRFLOW_CTX_DAG_RUN_ID='scheduled__2024-01-11T00:00:00+00:00'
[2024-03-06T11:00:23.511-0300] {python.py:202} INFO - Done. Returned value was: None
[2024-03-06T11:00:23.514-0300] {taskinstance.py:1149} INFO - Marking task as SUCCESS. dag_id=get_stocks_dag, task_id=TSLA, execution_date=20240111T000000, start_date=20240306T140022, end_date=20240306T140023
[2024-03-06T11:00:23.638-0300] {local_task_job_runner.py:234} INFO - Task exited with return code 0
[2024-03-06T11:00:23.650-0300] {taskinstance.py:3309} INFO - 0 downstream tasks scheduled from follow-on schedule check
[2024-03-06T12:04:23.665-0300] {taskinstance.py:1979} INFO - Dependencies all met for dep_context=non-requeueable deps ti=<TaskInstance: get_stocks_dag.TSLA scheduled__2024-01-11T00:00:00+00:00 [queued]>
[2024-03-06T12:04:23.708-0300] {taskinstance.py:1979} INFO - Dependencies all met for dep_context=requeueable deps ti=<TaskInstance: get_stocks_dag.TSLA scheduled__2024-01-11T00:00:00+00:00 [queued]>
[2024-03-06T12:04:23.709-0300] {taskinstance.py:2193} INFO - Starting attempt 1 of 1
[2024-03-06T12:04:23.766-0300] {taskinstance.py:2214} INFO - Executing <Task(_PythonDecoratedOperator): TSLA> on 2024-01-11 00:00:00+00:00
[2024-03-06T12:04:23.785-0300] {standard_task_runner.py:60} INFO - Started process 39614 to run task
[2024-03-06T12:04:23.798-0300] {standard_task_runner.py:87} INFO - Running: ['airflow', 'tasks', 'run', 'get_stocks_dag', 'TSLA', 'scheduled__2024-01-11T00:00:00+00:00', '--job-id', '32', '--raw', '--subdir', 'DAGS_FOLDER/get_stoks.py', '--cfg-path', '/tmp/tmpa2v7yydj']
[2024-03-06T12:04:23.813-0300] {standard_task_runner.py:88} INFO - Job 32: Subtask TSLA
[2024-03-06T12:04:24.058-0300] {task_command.py:423} INFO - Running <TaskInstance: get_stocks_dag.TSLA scheduled__2024-01-11T00:00:00+00:00 [running]> on host BITL0401.
[2024-03-06T12:04:24.439-0300] {taskinstance.py:2510} INFO - Exporting env vars: AIRFLOW_CTX_DAG_OWNER='airflow' AIRFLOW_CTX_DAG_ID='get_stocks_dag' AIRFLOW_CTX_TASK_ID='TSLA' AIRFLOW_CTX_EXECUTION_DATE='2024-01-11T00:00:00+00:00' AIRFLOW_CTX_TRY_NUMBER='1' AIRFLOW_CTX_DAG_RUN_ID='scheduled__2024-01-11T00:00:00+00:00'
[2024-03-06T12:04:25.313-0300] {python.py:202} INFO - Done. Returned value was: None
[2024-03-06T12:04:25.335-0300] {taskinstance.py:1149} INFO - Marking task as SUCCESS. dag_id=get_stocks_dag, task_id=TSLA, execution_date=20240111T000000, start_date=20240306T150423, end_date=20240306T150425
[2024-03-06T12:04:25.396-0300] {local_task_job_runner.py:234} INFO - Task exited with return code 0
[2024-03-06T12:04:25.492-0300] {taskinstance.py:3309} INFO - 0 downstream tasks scheduled from follow-on schedule check
[2024-03-06T12:15:45.789-0300] {taskinstance.py:1979} INFO - Dependencies all met for dep_context=non-requeueable deps ti=<TaskInstance: get_stocks_dag.TSLA scheduled__2024-01-11T00:00:00+00:00 [queued]>
[2024-03-06T12:15:45.830-0300] {taskinstance.py:1979} INFO - Dependencies all met for dep_context=requeueable deps ti=<TaskInstance: get_stocks_dag.TSLA scheduled__2024-01-11T00:00:00+00:00 [queued]>
[2024-03-06T12:15:45.831-0300] {taskinstance.py:2193} INFO - Starting attempt 1 of 1
[2024-03-06T12:15:45.887-0300] {taskinstance.py:2214} INFO - Executing <Task(_PythonDecoratedOperator): TSLA> on 2024-01-11 00:00:00+00:00
[2024-03-06T12:15:45.901-0300] {standard_task_runner.py:60} INFO - Started process 47127 to run task
[2024-03-06T12:15:45.921-0300] {standard_task_runner.py:87} INFO - Running: ['airflow', 'tasks', 'run', 'get_stocks_dag', 'TSLA', 'scheduled__2024-01-11T00:00:00+00:00', '--job-id', '167', '--raw', '--subdir', 'DAGS_FOLDER/get_stoks.py', '--cfg-path', '/tmp/tmp0lrf_b6l']
[2024-03-06T12:15:45.925-0300] {standard_task_runner.py:88} INFO - Job 167: Subtask TSLA
[2024-03-06T12:15:46.154-0300] {task_command.py:423} INFO - Running <TaskInstance: get_stocks_dag.TSLA scheduled__2024-01-11T00:00:00+00:00 [running]> on host BITL0401.
[2024-03-06T12:15:46.391-0300] {taskinstance.py:2510} INFO - Exporting env vars: AIRFLOW_CTX_DAG_OWNER='airflow' AIRFLOW_CTX_DAG_ID='get_stocks_dag' AIRFLOW_CTX_TASK_ID='TSLA' AIRFLOW_CTX_EXECUTION_DATE='2024-01-11T00:00:00+00:00' AIRFLOW_CTX_TRY_NUMBER='1' AIRFLOW_CTX_DAG_RUN_ID='scheduled__2024-01-11T00:00:00+00:00'
[2024-03-06T12:15:47.383-0300] {python.py:202} INFO - Done. Returned value was: None
[2024-03-06T12:15:47.412-0300] {taskinstance.py:1149} INFO - Marking task as SUCCESS. dag_id=get_stocks_dag, task_id=TSLA, execution_date=20240111T000000, start_date=20240306T151545, end_date=20240306T151547
[2024-03-06T12:15:47.461-0300] {local_task_job_runner.py:234} INFO - Task exited with return code 0
[2024-03-06T12:15:47.494-0300] {taskinstance.py:3309} INFO - 0 downstream tasks scheduled from follow-on schedule check
[2024-03-06T12:17:32.384-0300] {taskinstance.py:1979} INFO - Dependencies all met for dep_context=non-requeueable deps ti=<TaskInstance: get_stocks_dag.TSLA scheduled__2024-01-11T00:00:00+00:00 [queued]>
[2024-03-06T12:17:32.396-0300] {taskinstance.py:1979} INFO - Dependencies all met for dep_context=requeueable deps ti=<TaskInstance: get_stocks_dag.TSLA scheduled__2024-01-11T00:00:00+00:00 [queued]>
[2024-03-06T12:17:32.396-0300] {taskinstance.py:2193} INFO - Starting attempt 1 of 1
[2024-03-06T12:17:32.415-0300] {taskinstance.py:2214} INFO - Executing <Task(_PythonDecoratedOperator): TSLA> on 2024-01-11 00:00:00+00:00
[2024-03-06T12:17:32.423-0300] {standard_task_runner.py:60} INFO - Started process 49548 to run task
[2024-03-06T12:17:32.427-0300] {standard_task_runner.py:87} INFO - Running: ['airflow', 'tasks', 'run', 'get_stocks_dag', 'TSLA', 'scheduled__2024-01-11T00:00:00+00:00', '--job-id', '232', '--raw', '--subdir', 'DAGS_FOLDER/get_stoks.py', '--cfg-path', '/tmp/tmpwltjwzmb']
[2024-03-06T12:17:32.430-0300] {standard_task_runner.py:88} INFO - Job 232: Subtask TSLA
[2024-03-06T12:17:32.550-0300] {task_command.py:423} INFO - Running <TaskInstance: get_stocks_dag.TSLA scheduled__2024-01-11T00:00:00+00:00 [running]> on host BITL0401.
[2024-03-06T12:17:32.668-0300] {taskinstance.py:2510} INFO - Exporting env vars: AIRFLOW_CTX_DAG_OWNER='airflow' AIRFLOW_CTX_DAG_ID='get_stocks_dag' AIRFLOW_CTX_TASK_ID='TSLA' AIRFLOW_CTX_EXECUTION_DATE='2024-01-11T00:00:00+00:00' AIRFLOW_CTX_TRY_NUMBER='1' AIRFLOW_CTX_DAG_RUN_ID='scheduled__2024-01-11T00:00:00+00:00'
[2024-03-06T12:17:33.233-0300] {python.py:202} INFO - Done. Returned value was: None
[2024-03-06T12:17:33.251-0300] {taskinstance.py:1149} INFO - Marking task as SUCCESS. dag_id=get_stocks_dag, task_id=TSLA, execution_date=20240111T000000, start_date=20240306T151732, end_date=20240306T151733
[2024-03-06T12:17:33.284-0300] {local_task_job_runner.py:234} INFO - Task exited with return code 0
[2024-03-06T12:17:33.308-0300] {taskinstance.py:3309} INFO - 0 downstream tasks scheduled from follow-on schedule check
