[2024-03-06T11:01:04.164-0300] {taskinstance.py:1979} INFO - Dependencies all met for dep_context=non-requeueable deps ti=<TaskInstance: get_stocks_dag.MSFT scheduled__2024-01-17T00:00:00+00:00 [queued]>
[2024-03-06T11:01:04.169-0300] {taskinstance.py:1979} INFO - Dependencies all met for dep_context=requeueable deps ti=<TaskInstance: get_stocks_dag.MSFT scheduled__2024-01-17T00:00:00+00:00 [queued]>
[2024-03-06T11:01:04.170-0300] {taskinstance.py:2193} INFO - Starting attempt 1 of 1
[2024-03-06T11:01:04.230-0300] {taskinstance.py:2214} INFO - Executing <Task(_PythonDecoratedOperator): MSFT> on 2024-01-17 00:00:00+00:00
[2024-03-06T11:01:04.234-0300] {standard_task_runner.py:60} INFO - Started process 19894 to run task
[2024-03-06T11:01:04.236-0300] {standard_task_runner.py:87} INFO - Running: ['airflow', 'tasks', 'run', 'get_stocks_dag', 'MSFT', 'scheduled__2024-01-17T00:00:00+00:00', '--job-id', '54', '--raw', '--subdir', 'DAGS_FOLDER/get_stoks.py', '--cfg-path', '/tmp/tmpuw4g_u1f']
[2024-03-06T11:01:04.238-0300] {standard_task_runner.py:88} INFO - Job 54: Subtask MSFT
[2024-03-06T11:01:04.282-0300] {task_command.py:423} INFO - Running <TaskInstance: get_stocks_dag.MSFT scheduled__2024-01-17T00:00:00+00:00 [running]> on host BITL0401.
[2024-03-06T11:01:04.385-0300] {taskinstance.py:2510} INFO - Exporting env vars: AIRFLOW_CTX_DAG_OWNER='airflow' AIRFLOW_CTX_DAG_ID='get_stocks_dag' AIRFLOW_CTX_TASK_ID='MSFT' AIRFLOW_CTX_EXECUTION_DATE='2024-01-17T00:00:00+00:00' AIRFLOW_CTX_TRY_NUMBER='1' AIRFLOW_CTX_DAG_RUN_ID='scheduled__2024-01-17T00:00:00+00:00'
[2024-03-06T11:01:05.017-0300] {python.py:202} INFO - Done. Returned value was: None
[2024-03-06T11:01:05.021-0300] {taskinstance.py:1149} INFO - Marking task as SUCCESS. dag_id=get_stocks_dag, task_id=MSFT, execution_date=20240117T000000, start_date=20240306T140104, end_date=20240306T140105
[2024-03-06T11:01:05.055-0300] {local_task_job_runner.py:234} INFO - Task exited with return code 0
[2024-03-06T11:01:05.065-0300] {taskinstance.py:3309} INFO - 0 downstream tasks scheduled from follow-on schedule check
[2024-03-06T12:04:29.392-0300] {taskinstance.py:1979} INFO - Dependencies all met for dep_context=non-requeueable deps ti=<TaskInstance: get_stocks_dag.MSFT scheduled__2024-01-17T00:00:00+00:00 [queued]>
[2024-03-06T12:04:29.425-0300] {taskinstance.py:1979} INFO - Dependencies all met for dep_context=requeueable deps ti=<TaskInstance: get_stocks_dag.MSFT scheduled__2024-01-17T00:00:00+00:00 [queued]>
[2024-03-06T12:04:29.425-0300] {taskinstance.py:2193} INFO - Starting attempt 1 of 1
[2024-03-06T12:04:29.456-0300] {taskinstance.py:2214} INFO - Executing <Task(_PythonDecoratedOperator): MSFT> on 2024-01-17 00:00:00+00:00
[2024-03-06T12:04:29.465-0300] {standard_task_runner.py:60} INFO - Started process 40189 to run task
[2024-03-06T12:04:29.469-0300] {standard_task_runner.py:87} INFO - Running: ['airflow', 'tasks', 'run', 'get_stocks_dag', 'MSFT', 'scheduled__2024-01-17T00:00:00+00:00', '--job-id', '50', '--raw', '--subdir', 'DAGS_FOLDER/get_stoks.py', '--cfg-path', '/tmp/tmpmu83wdf3']
[2024-03-06T12:04:29.471-0300] {standard_task_runner.py:88} INFO - Job 50: Subtask MSFT
[2024-03-06T12:04:29.699-0300] {task_command.py:423} INFO - Running <TaskInstance: get_stocks_dag.MSFT scheduled__2024-01-17T00:00:00+00:00 [running]> on host BITL0401.
[2024-03-06T12:04:30.624-0300] {taskinstance.py:2510} INFO - Exporting env vars: AIRFLOW_CTX_DAG_OWNER='airflow' AIRFLOW_CTX_DAG_ID='get_stocks_dag' AIRFLOW_CTX_TASK_ID='MSFT' AIRFLOW_CTX_EXECUTION_DATE='2024-01-17T00:00:00+00:00' AIRFLOW_CTX_TRY_NUMBER='1' AIRFLOW_CTX_DAG_RUN_ID='scheduled__2024-01-17T00:00:00+00:00'
[2024-03-06T12:04:31.561-0300] {python.py:202} INFO - Done. Returned value was: None
[2024-03-06T12:04:31.605-0300] {taskinstance.py:1149} INFO - Marking task as SUCCESS. dag_id=get_stocks_dag, task_id=MSFT, execution_date=20240117T000000, start_date=20240306T150429, end_date=20240306T150431
[2024-03-06T12:04:31.707-0300] {local_task_job_runner.py:234} INFO - Task exited with return code 0
[2024-03-06T12:04:31.770-0300] {taskinstance.py:3309} INFO - 0 downstream tasks scheduled from follow-on schedule check
