[2024-03-06T11:02:28.107-0300] {taskinstance.py:1979} INFO - Dependencies all met for dep_context=non-requeueable deps ti=<TaskInstance: get_stocks_dag.TSLA scheduled__2024-01-26T00:00:00+00:00 [queued]>
[2024-03-06T11:02:28.113-0300] {taskinstance.py:1979} INFO - Dependencies all met for dep_context=requeueable deps ti=<TaskInstance: get_stocks_dag.TSLA scheduled__2024-01-26T00:00:00+00:00 [queued]>
[2024-03-06T11:02:28.113-0300] {taskinstance.py:2193} INFO - Starting attempt 1 of 1
[2024-03-06T11:02:28.128-0300] {taskinstance.py:2214} INFO - Executing <Task(_PythonDecoratedOperator): TSLA> on 2024-01-26 00:00:00+00:00
[2024-03-06T11:02:28.132-0300] {standard_task_runner.py:60} INFO - Started process 20556 to run task
[2024-03-06T11:02:28.134-0300] {standard_task_runner.py:87} INFO - Running: ['airflow', 'tasks', 'run', 'get_stocks_dag', 'TSLA', 'scheduled__2024-01-26T00:00:00+00:00', '--job-id', '84', '--raw', '--subdir', 'DAGS_FOLDER/get_stoks.py', '--cfg-path', '/tmp/tmp76oqtq9i']
[2024-03-06T11:02:28.135-0300] {standard_task_runner.py:88} INFO - Job 84: Subtask TSLA
[2024-03-06T11:02:28.165-0300] {task_command.py:423} INFO - Running <TaskInstance: get_stocks_dag.TSLA scheduled__2024-01-26T00:00:00+00:00 [running]> on host BITL0401.
[2024-03-06T11:02:28.219-0300] {taskinstance.py:2510} INFO - Exporting env vars: AIRFLOW_CTX_DAG_OWNER='airflow' AIRFLOW_CTX_DAG_ID='get_stocks_dag' AIRFLOW_CTX_TASK_ID='TSLA' AIRFLOW_CTX_EXECUTION_DATE='2024-01-26T00:00:00+00:00' AIRFLOW_CTX_TRY_NUMBER='1' AIRFLOW_CTX_DAG_RUN_ID='scheduled__2024-01-26T00:00:00+00:00'
[2024-03-06T11:02:28.730-0300] {python.py:202} INFO - Done. Returned value was: None
[2024-03-06T11:02:28.734-0300] {taskinstance.py:1149} INFO - Marking task as SUCCESS. dag_id=get_stocks_dag, task_id=TSLA, execution_date=20240126T000000, start_date=20240306T140228, end_date=20240306T140228
[2024-03-06T11:02:28.792-0300] {local_task_job_runner.py:234} INFO - Task exited with return code 0
[2024-03-06T11:02:28.803-0300] {taskinstance.py:3309} INFO - 0 downstream tasks scheduled from follow-on schedule check
[2024-03-06T12:04:40.545-0300] {taskinstance.py:1979} INFO - Dependencies all met for dep_context=non-requeueable deps ti=<TaskInstance: get_stocks_dag.TSLA scheduled__2024-01-26T00:00:00+00:00 [queued]>
[2024-03-06T12:04:40.576-0300] {taskinstance.py:1979} INFO - Dependencies all met for dep_context=requeueable deps ti=<TaskInstance: get_stocks_dag.TSLA scheduled__2024-01-26T00:00:00+00:00 [queued]>
[2024-03-06T12:04:40.576-0300] {taskinstance.py:2193} INFO - Starting attempt 1 of 1
[2024-03-06T12:04:40.641-0300] {taskinstance.py:2214} INFO - Executing <Task(_PythonDecoratedOperator): TSLA> on 2024-01-26 00:00:00+00:00
[2024-03-06T12:04:40.651-0300] {standard_task_runner.py:60} INFO - Started process 41040 to run task
[2024-03-06T12:04:40.660-0300] {standard_task_runner.py:87} INFO - Running: ['airflow', 'tasks', 'run', 'get_stocks_dag', 'TSLA', 'scheduled__2024-01-26T00:00:00+00:00', '--job-id', '77', '--raw', '--subdir', 'DAGS_FOLDER/get_stoks.py', '--cfg-path', '/tmp/tmpwh8d9xef']
[2024-03-06T12:04:40.664-0300] {standard_task_runner.py:88} INFO - Job 77: Subtask TSLA
[2024-03-06T12:04:40.931-0300] {task_command.py:423} INFO - Running <TaskInstance: get_stocks_dag.TSLA scheduled__2024-01-26T00:00:00+00:00 [running]> on host BITL0401.
[2024-03-06T12:04:41.162-0300] {taskinstance.py:2510} INFO - Exporting env vars: AIRFLOW_CTX_DAG_OWNER='airflow' AIRFLOW_CTX_DAG_ID='get_stocks_dag' AIRFLOW_CTX_TASK_ID='TSLA' AIRFLOW_CTX_EXECUTION_DATE='2024-01-26T00:00:00+00:00' AIRFLOW_CTX_TRY_NUMBER='1' AIRFLOW_CTX_DAG_RUN_ID='scheduled__2024-01-26T00:00:00+00:00'
[2024-03-06T12:04:41.853-0300] {python.py:202} INFO - Done. Returned value was: None
[2024-03-06T12:04:41.868-0300] {taskinstance.py:1149} INFO - Marking task as SUCCESS. dag_id=get_stocks_dag, task_id=TSLA, execution_date=20240126T000000, start_date=20240306T150440, end_date=20240306T150441
[2024-03-06T12:04:41.903-0300] {local_task_job_runner.py:234} INFO - Task exited with return code 0
[2024-03-06T12:04:41.925-0300] {taskinstance.py:3309} INFO - 0 downstream tasks scheduled from follow-on schedule check
