[2024-03-06T11:00:13.497-0300] {taskinstance.py:1979} INFO - Dependencies all met for dep_context=non-requeueable deps ti=<TaskInstance: get_stocks_dag.AAPL scheduled__2024-01-11T00:00:00+00:00 [queued]>
[2024-03-06T11:00:13.502-0300] {taskinstance.py:1979} INFO - Dependencies all met for dep_context=requeueable deps ti=<TaskInstance: get_stocks_dag.AAPL scheduled__2024-01-11T00:00:00+00:00 [queued]>
[2024-03-06T11:00:13.502-0300] {taskinstance.py:2193} INFO - Starting attempt 1 of 1
[2024-03-06T11:00:13.517-0300] {taskinstance.py:2214} INFO - Executing <Task(_PythonDecoratedOperator): AAPL> on 2024-01-11 00:00:00+00:00
[2024-03-06T11:00:13.521-0300] {standard_task_runner.py:60} INFO - Started process 19510 to run task
[2024-03-06T11:00:13.523-0300] {standard_task_runner.py:87} INFO - Running: ['airflow', 'tasks', 'run', 'get_stocks_dag', 'AAPL', 'scheduled__2024-01-11T00:00:00+00:00', '--job-id', '37', '--raw', '--subdir', 'DAGS_FOLDER/get_stoks.py', '--cfg-path', '/tmp/tmplnyywpvr']
[2024-03-06T11:00:13.524-0300] {standard_task_runner.py:88} INFO - Job 37: Subtask AAPL
[2024-03-06T11:00:13.556-0300] {task_command.py:423} INFO - Running <TaskInstance: get_stocks_dag.AAPL scheduled__2024-01-11T00:00:00+00:00 [running]> on host BITL0401.
[2024-03-06T11:00:13.614-0300] {taskinstance.py:2510} INFO - Exporting env vars: AIRFLOW_CTX_DAG_OWNER='airflow' AIRFLOW_CTX_DAG_ID='get_stocks_dag' AIRFLOW_CTX_TASK_ID='AAPL' AIRFLOW_CTX_EXECUTION_DATE='2024-01-11T00:00:00+00:00' AIRFLOW_CTX_TRY_NUMBER='1' AIRFLOW_CTX_DAG_RUN_ID='scheduled__2024-01-11T00:00:00+00:00'
[2024-03-06T11:00:15.438-0300] {python.py:202} INFO - Done. Returned value was: None
[2024-03-06T11:00:15.442-0300] {taskinstance.py:1149} INFO - Marking task as SUCCESS. dag_id=get_stocks_dag, task_id=AAPL, execution_date=20240111T000000, start_date=20240306T140013, end_date=20240306T140015
[2024-03-06T11:00:15.471-0300] {local_task_job_runner.py:234} INFO - Task exited with return code 0
[2024-03-06T11:00:15.482-0300] {taskinstance.py:3309} INFO - 0 downstream tasks scheduled from follow-on schedule check
[2024-03-06T12:04:23.612-0300] {taskinstance.py:1979} INFO - Dependencies all met for dep_context=non-requeueable deps ti=<TaskInstance: get_stocks_dag.AAPL scheduled__2024-01-11T00:00:00+00:00 [queued]>
[2024-03-06T12:04:23.635-0300] {taskinstance.py:1979} INFO - Dependencies all met for dep_context=requeueable deps ti=<TaskInstance: get_stocks_dag.AAPL scheduled__2024-01-11T00:00:00+00:00 [queued]>
[2024-03-06T12:04:23.636-0300] {taskinstance.py:2193} INFO - Starting attempt 1 of 1
[2024-03-06T12:04:23.682-0300] {taskinstance.py:2214} INFO - Executing <Task(_PythonDecoratedOperator): AAPL> on 2024-01-11 00:00:00+00:00
[2024-03-06T12:04:23.699-0300] {standard_task_runner.py:60} INFO - Started process 39591 to run task
[2024-03-06T12:04:23.727-0300] {standard_task_runner.py:87} INFO - Running: ['airflow', 'tasks', 'run', 'get_stocks_dag', 'AAPL', 'scheduled__2024-01-11T00:00:00+00:00', '--job-id', '34', '--raw', '--subdir', 'DAGS_FOLDER/get_stoks.py', '--cfg-path', '/tmp/tmp394jbxh7']
[2024-03-06T12:04:23.730-0300] {standard_task_runner.py:88} INFO - Job 34: Subtask AAPL
[2024-03-06T12:04:24.025-0300] {task_command.py:423} INFO - Running <TaskInstance: get_stocks_dag.AAPL scheduled__2024-01-11T00:00:00+00:00 [running]> on host BITL0401.
[2024-03-06T12:04:24.408-0300] {taskinstance.py:2510} INFO - Exporting env vars: AIRFLOW_CTX_DAG_OWNER='airflow' AIRFLOW_CTX_DAG_ID='get_stocks_dag' AIRFLOW_CTX_TASK_ID='AAPL' AIRFLOW_CTX_EXECUTION_DATE='2024-01-11T00:00:00+00:00' AIRFLOW_CTX_TRY_NUMBER='1' AIRFLOW_CTX_DAG_RUN_ID='scheduled__2024-01-11T00:00:00+00:00'
[2024-03-06T12:04:25.255-0300] {python.py:202} INFO - Done. Returned value was: None
[2024-03-06T12:04:25.273-0300] {taskinstance.py:1149} INFO - Marking task as SUCCESS. dag_id=get_stocks_dag, task_id=AAPL, execution_date=20240111T000000, start_date=20240306T150423, end_date=20240306T150425
[2024-03-06T12:04:25.309-0300] {local_task_job_runner.py:234} INFO - Task exited with return code 0
[2024-03-06T12:04:25.341-0300] {taskinstance.py:3309} INFO - 0 downstream tasks scheduled from follow-on schedule check
