[2024-03-06T11:04:36.293-0300] {taskinstance.py:1979} INFO - Dependencies all met for dep_context=non-requeueable deps ti=<TaskInstance: get_stocks_dag.GOOG scheduled__2024-02-10T00:00:00+00:00 [queued]>
[2024-03-06T11:04:36.300-0300] {taskinstance.py:1979} INFO - Dependencies all met for dep_context=requeueable deps ti=<TaskInstance: get_stocks_dag.GOOG scheduled__2024-02-10T00:00:00+00:00 [queued]>
[2024-03-06T11:04:36.300-0300] {taskinstance.py:2193} INFO - Starting attempt 1 of 1
[2024-03-06T11:04:36.317-0300] {taskinstance.py:2214} INFO - Executing <Task(_PythonDecoratedOperator): GOOG> on 2024-02-10 00:00:00+00:00
[2024-03-06T11:04:36.321-0300] {standard_task_runner.py:60} INFO - Started process 21614 to run task
[2024-03-06T11:04:36.324-0300] {standard_task_runner.py:87} INFO - Running: ['airflow', 'tasks', 'run', 'get_stocks_dag', 'GOOG', 'scheduled__2024-02-10T00:00:00+00:00', '--job-id', '127', '--raw', '--subdir', 'DAGS_FOLDER/get_stoks.py', '--cfg-path', '/tmp/tmp8jsl_vtr']
[2024-03-06T11:04:36.326-0300] {standard_task_runner.py:88} INFO - Job 127: Subtask GOOG
[2024-03-06T11:04:36.356-0300] {task_command.py:423} INFO - Running <TaskInstance: get_stocks_dag.GOOG scheduled__2024-02-10T00:00:00+00:00 [running]> on host BITL0401.
[2024-03-06T11:04:36.411-0300] {taskinstance.py:2510} INFO - Exporting env vars: AIRFLOW_CTX_DAG_OWNER='airflow' AIRFLOW_CTX_DAG_ID='get_stocks_dag' AIRFLOW_CTX_TASK_ID='GOOG' AIRFLOW_CTX_EXECUTION_DATE='2024-02-10T00:00:00+00:00' AIRFLOW_CTX_TRY_NUMBER='1' AIRFLOW_CTX_DAG_RUN_ID='scheduled__2024-02-10T00:00:00+00:00'
[2024-03-06T11:04:37.079-0300] {python.py:202} INFO - Done. Returned value was: None
[2024-03-06T11:04:37.083-0300] {taskinstance.py:1149} INFO - Marking task as SUCCESS. dag_id=get_stocks_dag, task_id=GOOG, execution_date=20240210T000000, start_date=20240306T140436, end_date=20240306T140437
[2024-03-06T11:04:37.143-0300] {local_task_job_runner.py:234} INFO - Task exited with return code 0
[2024-03-06T11:04:37.155-0300] {taskinstance.py:3309} INFO - 0 downstream tasks scheduled from follow-on schedule check
[2024-03-06T12:04:58.865-0300] {taskinstance.py:1979} INFO - Dependencies all met for dep_context=non-requeueable deps ti=<TaskInstance: get_stocks_dag.GOOG scheduled__2024-02-10T00:00:00+00:00 [queued]>
[2024-03-06T12:04:58.898-0300] {taskinstance.py:1979} INFO - Dependencies all met for dep_context=requeueable deps ti=<TaskInstance: get_stocks_dag.GOOG scheduled__2024-02-10T00:00:00+00:00 [queued]>
[2024-03-06T12:04:58.899-0300] {taskinstance.py:2193} INFO - Starting attempt 1 of 1
[2024-03-06T12:04:58.963-0300] {taskinstance.py:2214} INFO - Executing <Task(_PythonDecoratedOperator): GOOG> on 2024-02-10 00:00:00+00:00
[2024-03-06T12:04:58.986-0300] {standard_task_runner.py:60} INFO - Started process 42502 to run task
[2024-03-06T12:04:59.006-0300] {standard_task_runner.py:87} INFO - Running: ['airflow', 'tasks', 'run', 'get_stocks_dag', 'GOOG', 'scheduled__2024-02-10T00:00:00+00:00', '--job-id', '122', '--raw', '--subdir', 'DAGS_FOLDER/get_stoks.py', '--cfg-path', '/tmp/tmpis_fvu5g']
[2024-03-06T12:04:59.009-0300] {standard_task_runner.py:88} INFO - Job 122: Subtask GOOG
[2024-03-06T12:04:59.191-0300] {task_command.py:423} INFO - Running <TaskInstance: get_stocks_dag.GOOG scheduled__2024-02-10T00:00:00+00:00 [running]> on host BITL0401.
[2024-03-06T12:04:59.536-0300] {taskinstance.py:2510} INFO - Exporting env vars: AIRFLOW_CTX_DAG_OWNER='airflow' AIRFLOW_CTX_DAG_ID='get_stocks_dag' AIRFLOW_CTX_TASK_ID='GOOG' AIRFLOW_CTX_EXECUTION_DATE='2024-02-10T00:00:00+00:00' AIRFLOW_CTX_TRY_NUMBER='1' AIRFLOW_CTX_DAG_RUN_ID='scheduled__2024-02-10T00:00:00+00:00'
[2024-03-06T12:05:00.409-0300] {python.py:202} INFO - Done. Returned value was: None
[2024-03-06T12:05:00.424-0300] {taskinstance.py:1149} INFO - Marking task as SUCCESS. dag_id=get_stocks_dag, task_id=GOOG, execution_date=20240210T000000, start_date=20240306T150458, end_date=20240306T150500
[2024-03-06T12:05:00.449-0300] {local_task_job_runner.py:234} INFO - Task exited with return code 0
[2024-03-06T12:05:00.469-0300] {taskinstance.py:3309} INFO - 0 downstream tasks scheduled from follow-on schedule check
