[2024-03-06T11:03:46.092-0300] {taskinstance.py:1979} INFO - Dependencies all met for dep_context=non-requeueable deps ti=<TaskInstance: get_stocks_dag.AAPL scheduled__2024-02-06T00:00:00+00:00 [queued]>
[2024-03-06T11:03:46.098-0300] {taskinstance.py:1979} INFO - Dependencies all met for dep_context=requeueable deps ti=<TaskInstance: get_stocks_dag.AAPL scheduled__2024-02-06T00:00:00+00:00 [queued]>
[2024-03-06T11:03:46.098-0300] {taskinstance.py:2193} INFO - Starting attempt 1 of 1
[2024-03-06T11:03:46.113-0300] {taskinstance.py:2214} INFO - Executing <Task(_PythonDecoratedOperator): AAPL> on 2024-02-06 00:00:00+00:00
[2024-03-06T11:03:46.118-0300] {standard_task_runner.py:60} INFO - Started process 21223 to run task
[2024-03-06T11:03:46.120-0300] {standard_task_runner.py:87} INFO - Running: ['airflow', 'tasks', 'run', 'get_stocks_dag', 'AAPL', 'scheduled__2024-02-06T00:00:00+00:00', '--job-id', '109', '--raw', '--subdir', 'DAGS_FOLDER/get_stoks.py', '--cfg-path', '/tmp/tmpmrqi4s5s']
[2024-03-06T11:03:46.122-0300] {standard_task_runner.py:88} INFO - Job 109: Subtask AAPL
[2024-03-06T11:03:46.155-0300] {task_command.py:423} INFO - Running <TaskInstance: get_stocks_dag.AAPL scheduled__2024-02-06T00:00:00+00:00 [running]> on host BITL0401.
[2024-03-06T11:03:46.213-0300] {taskinstance.py:2510} INFO - Exporting env vars: AIRFLOW_CTX_DAG_OWNER='airflow' AIRFLOW_CTX_DAG_ID='get_stocks_dag' AIRFLOW_CTX_TASK_ID='AAPL' AIRFLOW_CTX_EXECUTION_DATE='2024-02-06T00:00:00+00:00' AIRFLOW_CTX_TRY_NUMBER='1' AIRFLOW_CTX_DAG_RUN_ID='scheduled__2024-02-06T00:00:00+00:00'
[2024-03-06T11:03:46.786-0300] {python.py:202} INFO - Done. Returned value was: None
[2024-03-06T11:03:46.790-0300] {taskinstance.py:1149} INFO - Marking task as SUCCESS. dag_id=get_stocks_dag, task_id=AAPL, execution_date=20240206T000000, start_date=20240306T140346, end_date=20240306T140346
[2024-03-06T11:03:46.817-0300] {local_task_job_runner.py:234} INFO - Task exited with return code 0
[2024-03-06T11:03:46.828-0300] {taskinstance.py:3309} INFO - 0 downstream tasks scheduled from follow-on schedule check
[2024-03-06T12:04:53.028-0300] {taskinstance.py:1979} INFO - Dependencies all met for dep_context=non-requeueable deps ti=<TaskInstance: get_stocks_dag.AAPL scheduled__2024-02-06T00:00:00+00:00 [queued]>
[2024-03-06T12:04:53.224-0300] {taskinstance.py:1979} INFO - Dependencies all met for dep_context=requeueable deps ti=<TaskInstance: get_stocks_dag.AAPL scheduled__2024-02-06T00:00:00+00:00 [queued]>
[2024-03-06T12:04:53.226-0300] {taskinstance.py:2193} INFO - Starting attempt 1 of 1
[2024-03-06T12:04:53.600-0300] {taskinstance.py:2214} INFO - Executing <Task(_PythonDecoratedOperator): AAPL> on 2024-02-06 00:00:00+00:00
[2024-03-06T12:04:53.617-0300] {standard_task_runner.py:60} INFO - Started process 41985 to run task
[2024-03-06T12:04:53.643-0300] {standard_task_runner.py:87} INFO - Running: ['airflow', 'tasks', 'run', 'get_stocks_dag', 'AAPL', 'scheduled__2024-02-06T00:00:00+00:00', '--job-id', '103', '--raw', '--subdir', 'DAGS_FOLDER/get_stoks.py', '--cfg-path', '/tmp/tmp1l3r6g4m']
[2024-03-06T12:04:53.647-0300] {standard_task_runner.py:88} INFO - Job 103: Subtask AAPL
[2024-03-06T12:04:54.092-0300] {task_command.py:423} INFO - Running <TaskInstance: get_stocks_dag.AAPL scheduled__2024-02-06T00:00:00+00:00 [running]> on host BITL0401.
[2024-03-06T12:04:54.519-0300] {taskinstance.py:2510} INFO - Exporting env vars: AIRFLOW_CTX_DAG_OWNER='airflow' AIRFLOW_CTX_DAG_ID='get_stocks_dag' AIRFLOW_CTX_TASK_ID='AAPL' AIRFLOW_CTX_EXECUTION_DATE='2024-02-06T00:00:00+00:00' AIRFLOW_CTX_TRY_NUMBER='1' AIRFLOW_CTX_DAG_RUN_ID='scheduled__2024-02-06T00:00:00+00:00'
[2024-03-06T12:04:55.524-0300] {python.py:202} INFO - Done. Returned value was: None
[2024-03-06T12:04:55.629-0300] {taskinstance.py:1149} INFO - Marking task as SUCCESS. dag_id=get_stocks_dag, task_id=AAPL, execution_date=20240206T000000, start_date=20240306T150453, end_date=20240306T150455
[2024-03-06T12:04:55.778-0300] {local_task_job_runner.py:234} INFO - Task exited with return code 0
[2024-03-06T12:04:55.985-0300] {taskinstance.py:3309} INFO - 0 downstream tasks scheduled from follow-on schedule check
