[2024-03-06T11:03:12.305-0300] {taskinstance.py:1979} INFO - Dependencies all met for dep_context=non-requeueable deps ti=<TaskInstance: get_stocks_dag.MSFT scheduled__2024-02-01T00:00:00+00:00 [queued]>
[2024-03-06T11:03:12.310-0300] {taskinstance.py:1979} INFO - Dependencies all met for dep_context=requeueable deps ti=<TaskInstance: get_stocks_dag.MSFT scheduled__2024-02-01T00:00:00+00:00 [queued]>
[2024-03-06T11:03:12.311-0300] {taskinstance.py:2193} INFO - Starting attempt 1 of 1
[2024-03-06T11:03:12.325-0300] {taskinstance.py:2214} INFO - Executing <Task(_PythonDecoratedOperator): MSFT> on 2024-02-01 00:00:00+00:00
[2024-03-06T11:03:12.330-0300] {standard_task_runner.py:60} INFO - Started process 20888 to run task
[2024-03-06T11:03:12.333-0300] {standard_task_runner.py:87} INFO - Running: ['airflow', 'tasks', 'run', 'get_stocks_dag', 'MSFT', 'scheduled__2024-02-01T00:00:00+00:00', '--job-id', '98', '--raw', '--subdir', 'DAGS_FOLDER/get_stoks.py', '--cfg-path', '/tmp/tmp9sc5uuq2']
[2024-03-06T11:03:12.334-0300] {standard_task_runner.py:88} INFO - Job 98: Subtask MSFT
[2024-03-06T11:03:12.367-0300] {task_command.py:423} INFO - Running <TaskInstance: get_stocks_dag.MSFT scheduled__2024-02-01T00:00:00+00:00 [running]> on host BITL0401.
[2024-03-06T11:03:12.423-0300] {taskinstance.py:2510} INFO - Exporting env vars: AIRFLOW_CTX_DAG_OWNER='airflow' AIRFLOW_CTX_DAG_ID='get_stocks_dag' AIRFLOW_CTX_TASK_ID='MSFT' AIRFLOW_CTX_EXECUTION_DATE='2024-02-01T00:00:00+00:00' AIRFLOW_CTX_TRY_NUMBER='1' AIRFLOW_CTX_DAG_RUN_ID='scheduled__2024-02-01T00:00:00+00:00'
[2024-03-06T11:03:13.034-0300] {python.py:202} INFO - Done. Returned value was: None
[2024-03-06T11:03:13.038-0300] {taskinstance.py:1149} INFO - Marking task as SUCCESS. dag_id=get_stocks_dag, task_id=MSFT, execution_date=20240201T000000, start_date=20240306T140312, end_date=20240306T140313
[2024-03-06T11:03:13.071-0300] {local_task_job_runner.py:234} INFO - Task exited with return code 0
[2024-03-06T11:03:13.081-0300] {taskinstance.py:3309} INFO - 0 downstream tasks scheduled from follow-on schedule check
[2024-03-06T12:04:45.073-0300] {taskinstance.py:1979} INFO - Dependencies all met for dep_context=non-requeueable deps ti=<TaskInstance: get_stocks_dag.MSFT scheduled__2024-02-01T00:00:00+00:00 [queued]>
[2024-03-06T12:04:45.119-0300] {taskinstance.py:1979} INFO - Dependencies all met for dep_context=requeueable deps ti=<TaskInstance: get_stocks_dag.MSFT scheduled__2024-02-01T00:00:00+00:00 [queued]>
[2024-03-06T12:04:45.120-0300] {taskinstance.py:2193} INFO - Starting attempt 1 of 1
[2024-03-06T12:04:45.147-0300] {taskinstance.py:2214} INFO - Executing <Task(_PythonDecoratedOperator): MSFT> on 2024-02-01 00:00:00+00:00
[2024-03-06T12:04:45.160-0300] {standard_task_runner.py:60} INFO - Started process 41411 to run task
[2024-03-06T12:04:45.175-0300] {standard_task_runner.py:87} INFO - Running: ['airflow', 'tasks', 'run', 'get_stocks_dag', 'MSFT', 'scheduled__2024-02-01T00:00:00+00:00', '--job-id', '81', '--raw', '--subdir', 'DAGS_FOLDER/get_stoks.py', '--cfg-path', '/tmp/tmpoj3h2wop']
[2024-03-06T12:04:45.178-0300] {standard_task_runner.py:88} INFO - Job 81: Subtask MSFT
[2024-03-06T12:04:45.384-0300] {task_command.py:423} INFO - Running <TaskInstance: get_stocks_dag.MSFT scheduled__2024-02-01T00:00:00+00:00 [running]> on host BITL0401.
[2024-03-06T12:04:45.745-0300] {taskinstance.py:2510} INFO - Exporting env vars: AIRFLOW_CTX_DAG_OWNER='airflow' AIRFLOW_CTX_DAG_ID='get_stocks_dag' AIRFLOW_CTX_TASK_ID='MSFT' AIRFLOW_CTX_EXECUTION_DATE='2024-02-01T00:00:00+00:00' AIRFLOW_CTX_TRY_NUMBER='1' AIRFLOW_CTX_DAG_RUN_ID='scheduled__2024-02-01T00:00:00+00:00'
[2024-03-06T12:04:46.858-0300] {python.py:202} INFO - Done. Returned value was: None
[2024-03-06T12:04:46.889-0300] {taskinstance.py:1149} INFO - Marking task as SUCCESS. dag_id=get_stocks_dag, task_id=MSFT, execution_date=20240201T000000, start_date=20240306T150445, end_date=20240306T150446
[2024-03-06T12:04:46.971-0300] {local_task_job_runner.py:234} INFO - Task exited with return code 0
[2024-03-06T12:04:47.069-0300] {taskinstance.py:3309} INFO - 0 downstream tasks scheduled from follow-on schedule check
