[2024-03-06T11:02:33.884-0300] {taskinstance.py:1979} INFO - Dependencies all met for dep_context=non-requeueable deps ti=<TaskInstance: get_stocks_dag.MSFT scheduled__2024-01-27T00:00:00+00:00 [queued]>
[2024-03-06T11:02:33.890-0300] {taskinstance.py:1979} INFO - Dependencies all met for dep_context=requeueable deps ti=<TaskInstance: get_stocks_dag.MSFT scheduled__2024-01-27T00:00:00+00:00 [queued]>
[2024-03-06T11:02:33.890-0300] {taskinstance.py:2193} INFO - Starting attempt 1 of 1
[2024-03-06T11:02:33.905-0300] {taskinstance.py:2214} INFO - Executing <Task(_PythonDecoratedOperator): MSFT> on 2024-01-27 00:00:00+00:00
[2024-03-06T11:02:33.909-0300] {standard_task_runner.py:60} INFO - Started process 20606 to run task
[2024-03-06T11:02:33.912-0300] {standard_task_runner.py:87} INFO - Running: ['airflow', 'tasks', 'run', 'get_stocks_dag', 'MSFT', 'scheduled__2024-01-27T00:00:00+00:00', '--job-id', '86', '--raw', '--subdir', 'DAGS_FOLDER/get_stoks.py', '--cfg-path', '/tmp/tmp621p1ibu']
[2024-03-06T11:02:33.913-0300] {standard_task_runner.py:88} INFO - Job 86: Subtask MSFT
[2024-03-06T11:02:33.943-0300] {task_command.py:423} INFO - Running <TaskInstance: get_stocks_dag.MSFT scheduled__2024-01-27T00:00:00+00:00 [running]> on host BITL0401.
[2024-03-06T11:02:34.000-0300] {taskinstance.py:2510} INFO - Exporting env vars: AIRFLOW_CTX_DAG_OWNER='airflow' AIRFLOW_CTX_DAG_ID='get_stocks_dag' AIRFLOW_CTX_TASK_ID='MSFT' AIRFLOW_CTX_EXECUTION_DATE='2024-01-27T00:00:00+00:00' AIRFLOW_CTX_TRY_NUMBER='1' AIRFLOW_CTX_DAG_RUN_ID='scheduled__2024-01-27T00:00:00+00:00'
[2024-03-06T11:02:34.771-0300] {python.py:202} INFO - Done. Returned value was: None
[2024-03-06T11:02:34.775-0300] {taskinstance.py:1149} INFO - Marking task as SUCCESS. dag_id=get_stocks_dag, task_id=MSFT, execution_date=20240127T000000, start_date=20240306T140233, end_date=20240306T140234
[2024-03-06T11:02:34.811-0300] {local_task_job_runner.py:234} INFO - Task exited with return code 0
[2024-03-06T11:02:34.821-0300] {taskinstance.py:3309} INFO - 0 downstream tasks scheduled from follow-on schedule check
[2024-03-06T12:04:45.427-0300] {taskinstance.py:1979} INFO - Dependencies all met for dep_context=non-requeueable deps ti=<TaskInstance: get_stocks_dag.MSFT scheduled__2024-01-27T00:00:00+00:00 [queued]>
[2024-03-06T12:04:45.462-0300] {taskinstance.py:1979} INFO - Dependencies all met for dep_context=requeueable deps ti=<TaskInstance: get_stocks_dag.MSFT scheduled__2024-01-27T00:00:00+00:00 [queued]>
[2024-03-06T12:04:45.463-0300] {taskinstance.py:2193} INFO - Starting attempt 1 of 1
[2024-03-06T12:04:45.574-0300] {taskinstance.py:2214} INFO - Executing <Task(_PythonDecoratedOperator): MSFT> on 2024-01-27 00:00:00+00:00
[2024-03-06T12:04:45.596-0300] {standard_task_runner.py:60} INFO - Started process 41470 to run task
[2024-03-06T12:04:45.612-0300] {standard_task_runner.py:87} INFO - Running: ['airflow', 'tasks', 'run', 'get_stocks_dag', 'MSFT', 'scheduled__2024-01-27T00:00:00+00:00', '--job-id', '88', '--raw', '--subdir', 'DAGS_FOLDER/get_stoks.py', '--cfg-path', '/tmp/tmp6j7lsibf']
[2024-03-06T12:04:45.623-0300] {standard_task_runner.py:88} INFO - Job 88: Subtask MSFT
[2024-03-06T12:04:45.832-0300] {task_command.py:423} INFO - Running <TaskInstance: get_stocks_dag.MSFT scheduled__2024-01-27T00:00:00+00:00 [running]> on host BITL0401.
[2024-03-06T12:04:46.147-0300] {taskinstance.py:2510} INFO - Exporting env vars: AIRFLOW_CTX_DAG_OWNER='airflow' AIRFLOW_CTX_DAG_ID='get_stocks_dag' AIRFLOW_CTX_TASK_ID='MSFT' AIRFLOW_CTX_EXECUTION_DATE='2024-01-27T00:00:00+00:00' AIRFLOW_CTX_TRY_NUMBER='1' AIRFLOW_CTX_DAG_RUN_ID='scheduled__2024-01-27T00:00:00+00:00'
[2024-03-06T12:04:47.424-0300] {python.py:202} INFO - Done. Returned value was: None
[2024-03-06T12:04:47.455-0300] {taskinstance.py:1149} INFO - Marking task as SUCCESS. dag_id=get_stocks_dag, task_id=MSFT, execution_date=20240127T000000, start_date=20240306T150445, end_date=20240306T150447
[2024-03-06T12:04:47.562-0300] {local_task_job_runner.py:234} INFO - Task exited with return code 0
[2024-03-06T12:04:47.644-0300] {taskinstance.py:3309} INFO - 0 downstream tasks scheduled from follow-on schedule check
