[2024-03-06T11:03:22.176-0300] {taskinstance.py:1979} INFO - Dependencies all met for dep_context=non-requeueable deps ti=<TaskInstance: get_stocks_dag.AAPL scheduled__2024-02-02T00:00:00+00:00 [queued]>
[2024-03-06T11:03:22.184-0300] {taskinstance.py:1979} INFO - Dependencies all met for dep_context=requeueable deps ti=<TaskInstance: get_stocks_dag.AAPL scheduled__2024-02-02T00:00:00+00:00 [queued]>
[2024-03-06T11:03:22.184-0300] {taskinstance.py:2193} INFO - Starting attempt 1 of 1
[2024-03-06T11:03:22.198-0300] {taskinstance.py:2214} INFO - Executing <Task(_PythonDecoratedOperator): AAPL> on 2024-02-02 00:00:00+00:00
[2024-03-06T11:03:22.202-0300] {standard_task_runner.py:60} INFO - Started process 20951 to run task
[2024-03-06T11:03:22.205-0300] {standard_task_runner.py:87} INFO - Running: ['airflow', 'tasks', 'run', 'get_stocks_dag', 'AAPL', 'scheduled__2024-02-02T00:00:00+00:00', '--job-id', '101', '--raw', '--subdir', 'DAGS_FOLDER/get_stoks.py', '--cfg-path', '/tmp/tmpqqb_nt3c']
[2024-03-06T11:03:22.206-0300] {standard_task_runner.py:88} INFO - Job 101: Subtask AAPL
[2024-03-06T11:03:22.240-0300] {task_command.py:423} INFO - Running <TaskInstance: get_stocks_dag.AAPL scheduled__2024-02-02T00:00:00+00:00 [running]> on host BITL0401.
[2024-03-06T11:03:22.299-0300] {taskinstance.py:2510} INFO - Exporting env vars: AIRFLOW_CTX_DAG_OWNER='airflow' AIRFLOW_CTX_DAG_ID='get_stocks_dag' AIRFLOW_CTX_TASK_ID='AAPL' AIRFLOW_CTX_EXECUTION_DATE='2024-02-02T00:00:00+00:00' AIRFLOW_CTX_TRY_NUMBER='1' AIRFLOW_CTX_DAG_RUN_ID='scheduled__2024-02-02T00:00:00+00:00'
[2024-03-06T11:03:24.116-0300] {python.py:202} INFO - Done. Returned value was: None
[2024-03-06T11:03:24.120-0300] {taskinstance.py:1149} INFO - Marking task as SUCCESS. dag_id=get_stocks_dag, task_id=AAPL, execution_date=20240202T000000, start_date=20240306T140322, end_date=20240306T140324
[2024-03-06T11:03:24.149-0300] {local_task_job_runner.py:234} INFO - Task exited with return code 0
[2024-03-06T11:03:24.159-0300] {taskinstance.py:3309} INFO - 0 downstream tasks scheduled from follow-on schedule check
[2024-03-06T12:04:49.669-0300] {taskinstance.py:1979} INFO - Dependencies all met for dep_context=non-requeueable deps ti=<TaskInstance: get_stocks_dag.AAPL scheduled__2024-02-02T00:00:00+00:00 [queued]>
[2024-03-06T12:04:49.684-0300] {taskinstance.py:1979} INFO - Dependencies all met for dep_context=requeueable deps ti=<TaskInstance: get_stocks_dag.AAPL scheduled__2024-02-02T00:00:00+00:00 [queued]>
[2024-03-06T12:04:49.684-0300] {taskinstance.py:2193} INFO - Starting attempt 1 of 1
[2024-03-06T12:04:49.704-0300] {taskinstance.py:2214} INFO - Executing <Task(_PythonDecoratedOperator): AAPL> on 2024-02-02 00:00:00+00:00
[2024-03-06T12:04:49.710-0300] {standard_task_runner.py:60} INFO - Started process 41714 to run task
[2024-03-06T12:04:49.713-0300] {standard_task_runner.py:87} INFO - Running: ['airflow', 'tasks', 'run', 'get_stocks_dag', 'AAPL', 'scheduled__2024-02-02T00:00:00+00:00', '--job-id', '95', '--raw', '--subdir', 'DAGS_FOLDER/get_stoks.py', '--cfg-path', '/tmp/tmpyvwltaf1']
[2024-03-06T12:04:49.715-0300] {standard_task_runner.py:88} INFO - Job 95: Subtask AAPL
[2024-03-06T12:04:49.805-0300] {task_command.py:423} INFO - Running <TaskInstance: get_stocks_dag.AAPL scheduled__2024-02-02T00:00:00+00:00 [running]> on host BITL0401.
[2024-03-06T12:04:49.960-0300] {taskinstance.py:2510} INFO - Exporting env vars: AIRFLOW_CTX_DAG_OWNER='airflow' AIRFLOW_CTX_DAG_ID='get_stocks_dag' AIRFLOW_CTX_TASK_ID='AAPL' AIRFLOW_CTX_EXECUTION_DATE='2024-02-02T00:00:00+00:00' AIRFLOW_CTX_TRY_NUMBER='1' AIRFLOW_CTX_DAG_RUN_ID='scheduled__2024-02-02T00:00:00+00:00'
[2024-03-06T12:04:50.489-0300] {python.py:202} INFO - Done. Returned value was: None
[2024-03-06T12:04:50.503-0300] {taskinstance.py:1149} INFO - Marking task as SUCCESS. dag_id=get_stocks_dag, task_id=AAPL, execution_date=20240202T000000, start_date=20240306T150449, end_date=20240306T150450
[2024-03-06T12:04:50.531-0300] {local_task_job_runner.py:234} INFO - Task exited with return code 0
[2024-03-06T12:04:50.552-0300] {taskinstance.py:3309} INFO - 0 downstream tasks scheduled from follow-on schedule check
