[2024-03-06T11:00:30.281-0300] {taskinstance.py:1979} INFO - Dependencies all met for dep_context=non-requeueable deps ti=<TaskInstance: get_stocks_dag.MSFT scheduled__2024-01-12T00:00:00+00:00 [queued]>
[2024-03-06T11:00:30.286-0300] {taskinstance.py:1979} INFO - Dependencies all met for dep_context=requeueable deps ti=<TaskInstance: get_stocks_dag.MSFT scheduled__2024-01-12T00:00:00+00:00 [queued]>
[2024-03-06T11:00:30.286-0300] {taskinstance.py:2193} INFO - Starting attempt 1 of 1
[2024-03-06T11:00:30.303-0300] {taskinstance.py:2214} INFO - Executing <Task(_PythonDecoratedOperator): MSFT> on 2024-01-12 00:00:00+00:00
[2024-03-06T11:00:30.306-0300] {standard_task_runner.py:60} INFO - Started process 19630 to run task
[2024-03-06T11:00:30.309-0300] {standard_task_runner.py:87} INFO - Running: ['airflow', 'tasks', 'run', 'get_stocks_dag', 'MSFT', 'scheduled__2024-01-12T00:00:00+00:00', '--job-id', '42', '--raw', '--subdir', 'DAGS_FOLDER/get_stoks.py', '--cfg-path', '/tmp/tmpxiz74p5k']
[2024-03-06T11:00:30.310-0300] {standard_task_runner.py:88} INFO - Job 42: Subtask MSFT
[2024-03-06T11:00:30.342-0300] {task_command.py:423} INFO - Running <TaskInstance: get_stocks_dag.MSFT scheduled__2024-01-12T00:00:00+00:00 [running]> on host BITL0401.
[2024-03-06T11:00:30.524-0300] {taskinstance.py:2510} INFO - Exporting env vars: AIRFLOW_CTX_DAG_OWNER='airflow' AIRFLOW_CTX_DAG_ID='get_stocks_dag' AIRFLOW_CTX_TASK_ID='MSFT' AIRFLOW_CTX_EXECUTION_DATE='2024-01-12T00:00:00+00:00' AIRFLOW_CTX_TRY_NUMBER='1' AIRFLOW_CTX_DAG_RUN_ID='scheduled__2024-01-12T00:00:00+00:00'
[2024-03-06T11:00:31.193-0300] {python.py:202} INFO - Done. Returned value was: None
[2024-03-06T11:00:31.196-0300] {taskinstance.py:1149} INFO - Marking task as SUCCESS. dag_id=get_stocks_dag, task_id=MSFT, execution_date=20240112T000000, start_date=20240306T140030, end_date=20240306T140031
[2024-03-06T11:00:31.249-0300] {local_task_job_runner.py:234} INFO - Task exited with return code 0
[2024-03-06T11:00:31.260-0300] {taskinstance.py:3309} INFO - 0 downstream tasks scheduled from follow-on schedule check
[2024-03-06T12:04:28.276-0300] {taskinstance.py:1979} INFO - Dependencies all met for dep_context=non-requeueable deps ti=<TaskInstance: get_stocks_dag.MSFT scheduled__2024-01-12T00:00:00+00:00 [queued]>
[2024-03-06T12:04:28.326-0300] {taskinstance.py:1979} INFO - Dependencies all met for dep_context=requeueable deps ti=<TaskInstance: get_stocks_dag.MSFT scheduled__2024-01-12T00:00:00+00:00 [queued]>
[2024-03-06T12:04:28.331-0300] {taskinstance.py:2193} INFO - Starting attempt 1 of 1
[2024-03-06T12:04:28.389-0300] {taskinstance.py:2214} INFO - Executing <Task(_PythonDecoratedOperator): MSFT> on 2024-01-12 00:00:00+00:00
[2024-03-06T12:04:28.420-0300] {standard_task_runner.py:60} INFO - Started process 40050 to run task
[2024-03-06T12:04:28.438-0300] {standard_task_runner.py:87} INFO - Running: ['airflow', 'tasks', 'run', 'get_stocks_dag', 'MSFT', 'scheduled__2024-01-12T00:00:00+00:00', '--job-id', '39', '--raw', '--subdir', 'DAGS_FOLDER/get_stoks.py', '--cfg-path', '/tmp/tmprn950a_7']
[2024-03-06T12:04:28.441-0300] {standard_task_runner.py:88} INFO - Job 39: Subtask MSFT
[2024-03-06T12:04:28.661-0300] {task_command.py:423} INFO - Running <TaskInstance: get_stocks_dag.MSFT scheduled__2024-01-12T00:00:00+00:00 [running]> on host BITL0401.
[2024-03-06T12:04:29.067-0300] {taskinstance.py:2510} INFO - Exporting env vars: AIRFLOW_CTX_DAG_OWNER='airflow' AIRFLOW_CTX_DAG_ID='get_stocks_dag' AIRFLOW_CTX_TASK_ID='MSFT' AIRFLOW_CTX_EXECUTION_DATE='2024-01-12T00:00:00+00:00' AIRFLOW_CTX_TRY_NUMBER='1' AIRFLOW_CTX_DAG_RUN_ID='scheduled__2024-01-12T00:00:00+00:00'
[2024-03-06T12:04:29.841-0300] {python.py:202} INFO - Done. Returned value was: None
[2024-03-06T12:04:29.854-0300] {taskinstance.py:1149} INFO - Marking task as SUCCESS. dag_id=get_stocks_dag, task_id=MSFT, execution_date=20240112T000000, start_date=20240306T150428, end_date=20240306T150429
[2024-03-06T12:04:30.630-0300] {local_task_job_runner.py:234} INFO - Task exited with return code 0
[2024-03-06T12:04:30.682-0300] {taskinstance.py:3309} INFO - 0 downstream tasks scheduled from follow-on schedule check
