[2024-03-06T11:01:26.981-0300] {taskinstance.py:1979} INFO - Dependencies all met for dep_context=non-requeueable deps ti=<TaskInstance: get_stocks_dag.MSFT scheduled__2024-01-19T00:00:00+00:00 [queued]>
[2024-03-06T11:01:26.986-0300] {taskinstance.py:1979} INFO - Dependencies all met for dep_context=requeueable deps ti=<TaskInstance: get_stocks_dag.MSFT scheduled__2024-01-19T00:00:00+00:00 [queued]>
[2024-03-06T11:01:26.986-0300] {taskinstance.py:2193} INFO - Starting attempt 1 of 1
[2024-03-06T11:01:27.002-0300] {taskinstance.py:2214} INFO - Executing <Task(_PythonDecoratedOperator): MSFT> on 2024-01-19 00:00:00+00:00
[2024-03-06T11:01:27.006-0300] {standard_task_runner.py:60} INFO - Started process 20078 to run task
[2024-03-06T11:01:27.008-0300] {standard_task_runner.py:87} INFO - Running: ['airflow', 'tasks', 'run', 'get_stocks_dag', 'MSFT', 'scheduled__2024-01-19T00:00:00+00:00', '--job-id', '62', '--raw', '--subdir', 'DAGS_FOLDER/get_stoks.py', '--cfg-path', '/tmp/tmp4ebbdp98']
[2024-03-06T11:01:27.010-0300] {standard_task_runner.py:88} INFO - Job 62: Subtask MSFT
[2024-03-06T11:01:27.042-0300] {task_command.py:423} INFO - Running <TaskInstance: get_stocks_dag.MSFT scheduled__2024-01-19T00:00:00+00:00 [running]> on host BITL0401.
[2024-03-06T11:01:27.102-0300] {taskinstance.py:2510} INFO - Exporting env vars: AIRFLOW_CTX_DAG_OWNER='airflow' AIRFLOW_CTX_DAG_ID='get_stocks_dag' AIRFLOW_CTX_TASK_ID='MSFT' AIRFLOW_CTX_EXECUTION_DATE='2024-01-19T00:00:00+00:00' AIRFLOW_CTX_TRY_NUMBER='1' AIRFLOW_CTX_DAG_RUN_ID='scheduled__2024-01-19T00:00:00+00:00'
[2024-03-06T11:01:27.971-0300] {python.py:202} INFO - Done. Returned value was: None
[2024-03-06T11:01:27.974-0300] {taskinstance.py:1149} INFO - Marking task as SUCCESS. dag_id=get_stocks_dag, task_id=MSFT, execution_date=20240119T000000, start_date=20240306T140126, end_date=20240306T140127
[2024-03-06T11:01:28.029-0300] {local_task_job_runner.py:234} INFO - Task exited with return code 0
[2024-03-06T11:01:28.040-0300] {taskinstance.py:3309} INFO - 0 downstream tasks scheduled from follow-on schedule check
[2024-03-06T12:04:33.566-0300] {taskinstance.py:1979} INFO - Dependencies all met for dep_context=non-requeueable deps ti=<TaskInstance: get_stocks_dag.MSFT scheduled__2024-01-19T00:00:00+00:00 [queued]>
[2024-03-06T12:04:33.604-0300] {taskinstance.py:1979} INFO - Dependencies all met for dep_context=requeueable deps ti=<TaskInstance: get_stocks_dag.MSFT scheduled__2024-01-19T00:00:00+00:00 [queued]>
[2024-03-06T12:04:33.618-0300] {taskinstance.py:2193} INFO - Starting attempt 1 of 1
[2024-03-06T12:04:33.690-0300] {taskinstance.py:2214} INFO - Executing <Task(_PythonDecoratedOperator): MSFT> on 2024-01-19 00:00:00+00:00
[2024-03-06T12:04:33.729-0300] {standard_task_runner.py:60} INFO - Started process 40541 to run task
[2024-03-06T12:04:33.735-0300] {standard_task_runner.py:87} INFO - Running: ['airflow', 'tasks', 'run', 'get_stocks_dag', 'MSFT', 'scheduled__2024-01-19T00:00:00+00:00', '--job-id', '58', '--raw', '--subdir', 'DAGS_FOLDER/get_stoks.py', '--cfg-path', '/tmp/tmp4gz9gc_x']
[2024-03-06T12:04:33.752-0300] {standard_task_runner.py:88} INFO - Job 58: Subtask MSFT
[2024-03-06T12:04:33.924-0300] {task_command.py:423} INFO - Running <TaskInstance: get_stocks_dag.MSFT scheduled__2024-01-19T00:00:00+00:00 [running]> on host BITL0401.
[2024-03-06T12:04:34.191-0300] {taskinstance.py:2510} INFO - Exporting env vars: AIRFLOW_CTX_DAG_OWNER='airflow' AIRFLOW_CTX_DAG_ID='get_stocks_dag' AIRFLOW_CTX_TASK_ID='MSFT' AIRFLOW_CTX_EXECUTION_DATE='2024-01-19T00:00:00+00:00' AIRFLOW_CTX_TRY_NUMBER='1' AIRFLOW_CTX_DAG_RUN_ID='scheduled__2024-01-19T00:00:00+00:00'
[2024-03-06T12:04:34.779-0300] {python.py:202} INFO - Done. Returned value was: None
[2024-03-06T12:04:34.793-0300] {taskinstance.py:1149} INFO - Marking task as SUCCESS. dag_id=get_stocks_dag, task_id=MSFT, execution_date=20240119T000000, start_date=20240306T150433, end_date=20240306T150434
[2024-03-06T12:04:34.828-0300] {local_task_job_runner.py:234} INFO - Task exited with return code 0
[2024-03-06T12:04:34.852-0300] {taskinstance.py:3309} INFO - 0 downstream tasks scheduled from follow-on schedule check
[2024-03-06T12:15:55.439-0300] {taskinstance.py:1979} INFO - Dependencies all met for dep_context=non-requeueable deps ti=<TaskInstance: get_stocks_dag.MSFT scheduled__2024-01-19T00:00:00+00:00 [queued]>
[2024-03-06T12:15:55.464-0300] {taskinstance.py:1979} INFO - Dependencies all met for dep_context=requeueable deps ti=<TaskInstance: get_stocks_dag.MSFT scheduled__2024-01-19T00:00:00+00:00 [queued]>
[2024-03-06T12:15:55.465-0300] {taskinstance.py:2193} INFO - Starting attempt 1 of 1
[2024-03-06T12:15:55.495-0300] {taskinstance.py:2214} INFO - Executing <Task(_PythonDecoratedOperator): MSFT> on 2024-01-19 00:00:00+00:00
[2024-03-06T12:15:55.505-0300] {standard_task_runner.py:60} INFO - Started process 47929 to run task
[2024-03-06T12:15:55.510-0300] {standard_task_runner.py:87} INFO - Running: ['airflow', 'tasks', 'run', 'get_stocks_dag', 'MSFT', 'scheduled__2024-01-19T00:00:00+00:00', '--job-id', '197', '--raw', '--subdir', 'DAGS_FOLDER/get_stoks.py', '--cfg-path', '/tmp/tmp965p_i8l']
[2024-03-06T12:15:55.514-0300] {standard_task_runner.py:88} INFO - Job 197: Subtask MSFT
[2024-03-06T12:15:55.617-0300] {task_command.py:423} INFO - Running <TaskInstance: get_stocks_dag.MSFT scheduled__2024-01-19T00:00:00+00:00 [running]> on host BITL0401.
[2024-03-06T12:15:55.766-0300] {taskinstance.py:2510} INFO - Exporting env vars: AIRFLOW_CTX_DAG_OWNER='airflow' AIRFLOW_CTX_DAG_ID='get_stocks_dag' AIRFLOW_CTX_TASK_ID='MSFT' AIRFLOW_CTX_EXECUTION_DATE='2024-01-19T00:00:00+00:00' AIRFLOW_CTX_TRY_NUMBER='1' AIRFLOW_CTX_DAG_RUN_ID='scheduled__2024-01-19T00:00:00+00:00'
[2024-03-06T12:15:56.399-0300] {python.py:202} INFO - Done. Returned value was: None
[2024-03-06T12:15:56.420-0300] {taskinstance.py:1149} INFO - Marking task as SUCCESS. dag_id=get_stocks_dag, task_id=MSFT, execution_date=20240119T000000, start_date=20240306T151555, end_date=20240306T151556
[2024-03-06T12:15:56.488-0300] {local_task_job_runner.py:234} INFO - Task exited with return code 0
[2024-03-06T12:15:56.516-0300] {taskinstance.py:3309} INFO - 0 downstream tasks scheduled from follow-on schedule check
