[2024-03-06T11:01:29.893-0300] {taskinstance.py:1979} INFO - Dependencies all met for dep_context=non-requeueable deps ti=<TaskInstance: get_stocks_dag.GOOG scheduled__2024-01-19T00:00:00+00:00 [queued]>
[2024-03-06T11:01:29.899-0300] {taskinstance.py:1979} INFO - Dependencies all met for dep_context=requeueable deps ti=<TaskInstance: get_stocks_dag.GOOG scheduled__2024-01-19T00:00:00+00:00 [queued]>
[2024-03-06T11:01:29.899-0300] {taskinstance.py:2193} INFO - Starting attempt 1 of 1
[2024-03-06T11:01:29.916-0300] {taskinstance.py:2214} INFO - Executing <Task(_PythonDecoratedOperator): GOOG> on 2024-01-19 00:00:00+00:00
[2024-03-06T11:01:29.920-0300] {standard_task_runner.py:60} INFO - Started process 20103 to run task
[2024-03-06T11:01:29.922-0300] {standard_task_runner.py:87} INFO - Running: ['airflow', 'tasks', 'run', 'get_stocks_dag', 'GOOG', 'scheduled__2024-01-19T00:00:00+00:00', '--job-id', '63', '--raw', '--subdir', 'DAGS_FOLDER/get_stoks.py', '--cfg-path', '/tmp/tmpu_hbxhab']
[2024-03-06T11:01:29.923-0300] {standard_task_runner.py:88} INFO - Job 63: Subtask GOOG
[2024-03-06T11:01:29.955-0300] {task_command.py:423} INFO - Running <TaskInstance: get_stocks_dag.GOOG scheduled__2024-01-19T00:00:00+00:00 [running]> on host BITL0401.
[2024-03-06T11:01:30.008-0300] {taskinstance.py:2510} INFO - Exporting env vars: AIRFLOW_CTX_DAG_OWNER='airflow' AIRFLOW_CTX_DAG_ID='get_stocks_dag' AIRFLOW_CTX_TASK_ID='GOOG' AIRFLOW_CTX_EXECUTION_DATE='2024-01-19T00:00:00+00:00' AIRFLOW_CTX_TRY_NUMBER='1' AIRFLOW_CTX_DAG_RUN_ID='scheduled__2024-01-19T00:00:00+00:00'
[2024-03-06T11:01:30.518-0300] {python.py:202} INFO - Done. Returned value was: None
[2024-03-06T11:01:30.522-0300] {taskinstance.py:1149} INFO - Marking task as SUCCESS. dag_id=get_stocks_dag, task_id=GOOG, execution_date=20240119T000000, start_date=20240306T140129, end_date=20240306T140130
[2024-03-06T11:01:30.579-0300] {local_task_job_runner.py:234} INFO - Task exited with return code 0
[2024-03-06T11:01:30.590-0300] {taskinstance.py:3309} INFO - 0 downstream tasks scheduled from follow-on schedule check
[2024-03-06T12:04:33.148-0300] {taskinstance.py:1979} INFO - Dependencies all met for dep_context=non-requeueable deps ti=<TaskInstance: get_stocks_dag.GOOG scheduled__2024-01-19T00:00:00+00:00 [queued]>
[2024-03-06T12:04:33.182-0300] {taskinstance.py:1979} INFO - Dependencies all met for dep_context=requeueable deps ti=<TaskInstance: get_stocks_dag.GOOG scheduled__2024-01-19T00:00:00+00:00 [queued]>
[2024-03-06T12:04:33.183-0300] {taskinstance.py:2193} INFO - Starting attempt 1 of 1
[2024-03-06T12:04:33.221-0300] {taskinstance.py:2214} INFO - Executing <Task(_PythonDecoratedOperator): GOOG> on 2024-01-19 00:00:00+00:00
[2024-03-06T12:04:33.233-0300] {standard_task_runner.py:60} INFO - Started process 40481 to run task
[2024-03-06T12:04:33.240-0300] {standard_task_runner.py:87} INFO - Running: ['airflow', 'tasks', 'run', 'get_stocks_dag', 'GOOG', 'scheduled__2024-01-19T00:00:00+00:00', '--job-id', '53', '--raw', '--subdir', 'DAGS_FOLDER/get_stoks.py', '--cfg-path', '/tmp/tmptyaau032']
[2024-03-06T12:04:33.244-0300] {standard_task_runner.py:88} INFO - Job 53: Subtask GOOG
[2024-03-06T12:04:33.490-0300] {task_command.py:423} INFO - Running <TaskInstance: get_stocks_dag.GOOG scheduled__2024-01-19T00:00:00+00:00 [running]> on host BITL0401.
[2024-03-06T12:04:33.887-0300] {taskinstance.py:2510} INFO - Exporting env vars: AIRFLOW_CTX_DAG_OWNER='airflow' AIRFLOW_CTX_DAG_ID='get_stocks_dag' AIRFLOW_CTX_TASK_ID='GOOG' AIRFLOW_CTX_EXECUTION_DATE='2024-01-19T00:00:00+00:00' AIRFLOW_CTX_TRY_NUMBER='1' AIRFLOW_CTX_DAG_RUN_ID='scheduled__2024-01-19T00:00:00+00:00'
[2024-03-06T12:04:34.881-0300] {python.py:202} INFO - Done. Returned value was: None
[2024-03-06T12:04:34.895-0300] {taskinstance.py:1149} INFO - Marking task as SUCCESS. dag_id=get_stocks_dag, task_id=GOOG, execution_date=20240119T000000, start_date=20240306T150433, end_date=20240306T150434
[2024-03-06T12:04:34.949-0300] {local_task_job_runner.py:234} INFO - Task exited with return code 0
[2024-03-06T12:04:34.970-0300] {taskinstance.py:3309} INFO - 0 downstream tasks scheduled from follow-on schedule check
