[2024-03-06T11:00:33.083-0300] {taskinstance.py:1979} INFO - Dependencies all met for dep_context=non-requeueable deps ti=<TaskInstance: get_stocks_dag.GOOG scheduled__2024-01-12T00:00:00+00:00 [queued]>
[2024-03-06T11:00:33.088-0300] {taskinstance.py:1979} INFO - Dependencies all met for dep_context=requeueable deps ti=<TaskInstance: get_stocks_dag.GOOG scheduled__2024-01-12T00:00:00+00:00 [queued]>
[2024-03-06T11:00:33.089-0300] {taskinstance.py:2193} INFO - Starting attempt 1 of 1
[2024-03-06T11:00:33.105-0300] {taskinstance.py:2214} INFO - Executing <Task(_PythonDecoratedOperator): GOOG> on 2024-01-12 00:00:00+00:00
[2024-03-06T11:00:33.109-0300] {standard_task_runner.py:60} INFO - Started process 19655 to run task
[2024-03-06T11:00:33.111-0300] {standard_task_runner.py:87} INFO - Running: ['airflow', 'tasks', 'run', 'get_stocks_dag', 'GOOG', 'scheduled__2024-01-12T00:00:00+00:00', '--job-id', '43', '--raw', '--subdir', 'DAGS_FOLDER/get_stoks.py', '--cfg-path', '/tmp/tmpabnpcxd6']
[2024-03-06T11:00:33.112-0300] {standard_task_runner.py:88} INFO - Job 43: Subtask GOOG
[2024-03-06T11:00:33.143-0300] {task_command.py:423} INFO - Running <TaskInstance: get_stocks_dag.GOOG scheduled__2024-01-12T00:00:00+00:00 [running]> on host BITL0401.
[2024-03-06T11:00:33.197-0300] {taskinstance.py:2510} INFO - Exporting env vars: AIRFLOW_CTX_DAG_OWNER='airflow' AIRFLOW_CTX_DAG_ID='get_stocks_dag' AIRFLOW_CTX_TASK_ID='GOOG' AIRFLOW_CTX_EXECUTION_DATE='2024-01-12T00:00:00+00:00' AIRFLOW_CTX_TRY_NUMBER='1' AIRFLOW_CTX_DAG_RUN_ID='scheduled__2024-01-12T00:00:00+00:00'
[2024-03-06T11:00:34.216-0300] {python.py:202} INFO - Done. Returned value was: None
[2024-03-06T11:00:34.220-0300] {taskinstance.py:1149} INFO - Marking task as SUCCESS. dag_id=get_stocks_dag, task_id=GOOG, execution_date=20240112T000000, start_date=20240306T140033, end_date=20240306T140034
[2024-03-06T11:00:34.254-0300] {local_task_job_runner.py:234} INFO - Task exited with return code 0
[2024-03-06T11:00:34.264-0300] {taskinstance.py:3309} INFO - 0 downstream tasks scheduled from follow-on schedule check
[2024-03-06T12:04:28.578-0300] {taskinstance.py:1979} INFO - Dependencies all met for dep_context=non-requeueable deps ti=<TaskInstance: get_stocks_dag.GOOG scheduled__2024-01-12T00:00:00+00:00 [queued]>
[2024-03-06T12:04:28.620-0300] {taskinstance.py:1979} INFO - Dependencies all met for dep_context=requeueable deps ti=<TaskInstance: get_stocks_dag.GOOG scheduled__2024-01-12T00:00:00+00:00 [queued]>
[2024-03-06T12:04:28.621-0300] {taskinstance.py:2193} INFO - Starting attempt 1 of 1
[2024-03-06T12:04:28.661-0300] {taskinstance.py:2214} INFO - Executing <Task(_PythonDecoratedOperator): GOOG> on 2024-01-12 00:00:00+00:00
[2024-03-06T12:04:28.684-0300] {standard_task_runner.py:60} INFO - Started process 40087 to run task
[2024-03-06T12:04:28.699-0300] {standard_task_runner.py:87} INFO - Running: ['airflow', 'tasks', 'run', 'get_stocks_dag', 'GOOG', 'scheduled__2024-01-12T00:00:00+00:00', '--job-id', '43', '--raw', '--subdir', 'DAGS_FOLDER/get_stoks.py', '--cfg-path', '/tmp/tmpzr0y32pg']
[2024-03-06T12:04:28.702-0300] {standard_task_runner.py:88} INFO - Job 43: Subtask GOOG
[2024-03-06T12:04:28.939-0300] {task_command.py:423} INFO - Running <TaskInstance: get_stocks_dag.GOOG scheduled__2024-01-12T00:00:00+00:00 [running]> on host BITL0401.
[2024-03-06T12:04:29.260-0300] {taskinstance.py:2510} INFO - Exporting env vars: AIRFLOW_CTX_DAG_OWNER='airflow' AIRFLOW_CTX_DAG_ID='get_stocks_dag' AIRFLOW_CTX_TASK_ID='GOOG' AIRFLOW_CTX_EXECUTION_DATE='2024-01-12T00:00:00+00:00' AIRFLOW_CTX_TRY_NUMBER='1' AIRFLOW_CTX_DAG_RUN_ID='scheduled__2024-01-12T00:00:00+00:00'
[2024-03-06T12:04:29.920-0300] {python.py:202} INFO - Done. Returned value was: None
[2024-03-06T12:04:29.936-0300] {taskinstance.py:1149} INFO - Marking task as SUCCESS. dag_id=get_stocks_dag, task_id=GOOG, execution_date=20240112T000000, start_date=20240306T150428, end_date=20240306T150429
[2024-03-06T12:04:30.659-0300] {local_task_job_runner.py:234} INFO - Task exited with return code 0
[2024-03-06T12:04:30.702-0300] {taskinstance.py:3309} INFO - 0 downstream tasks scheduled from follow-on schedule check
