[2024-03-06T11:02:25.543-0300] {taskinstance.py:1979} INFO - Dependencies all met for dep_context=non-requeueable deps ti=<TaskInstance: get_stocks_dag.GOOG scheduled__2024-01-26T00:00:00+00:00 [queued]>
[2024-03-06T11:02:25.548-0300] {taskinstance.py:1979} INFO - Dependencies all met for dep_context=requeueable deps ti=<TaskInstance: get_stocks_dag.GOOG scheduled__2024-01-26T00:00:00+00:00 [queued]>
[2024-03-06T11:02:25.549-0300] {taskinstance.py:2193} INFO - Starting attempt 1 of 1
[2024-03-06T11:02:25.564-0300] {taskinstance.py:2214} INFO - Executing <Task(_PythonDecoratedOperator): GOOG> on 2024-01-26 00:00:00+00:00
[2024-03-06T11:02:25.568-0300] {standard_task_runner.py:60} INFO - Started process 20531 to run task
[2024-03-06T11:02:25.570-0300] {standard_task_runner.py:87} INFO - Running: ['airflow', 'tasks', 'run', 'get_stocks_dag', 'GOOG', 'scheduled__2024-01-26T00:00:00+00:00', '--job-id', '83', '--raw', '--subdir', 'DAGS_FOLDER/get_stoks.py', '--cfg-path', '/tmp/tmpnce4xreu']
[2024-03-06T11:02:25.572-0300] {standard_task_runner.py:88} INFO - Job 83: Subtask GOOG
[2024-03-06T11:02:25.604-0300] {task_command.py:423} INFO - Running <TaskInstance: get_stocks_dag.GOOG scheduled__2024-01-26T00:00:00+00:00 [running]> on host BITL0401.
[2024-03-06T11:02:25.660-0300] {taskinstance.py:2510} INFO - Exporting env vars: AIRFLOW_CTX_DAG_OWNER='airflow' AIRFLOW_CTX_DAG_ID='get_stocks_dag' AIRFLOW_CTX_TASK_ID='GOOG' AIRFLOW_CTX_EXECUTION_DATE='2024-01-26T00:00:00+00:00' AIRFLOW_CTX_TRY_NUMBER='1' AIRFLOW_CTX_DAG_RUN_ID='scheduled__2024-01-26T00:00:00+00:00'
[2024-03-06T11:02:26.251-0300] {python.py:202} INFO - Done. Returned value was: None
[2024-03-06T11:02:26.254-0300] {taskinstance.py:1149} INFO - Marking task as SUCCESS. dag_id=get_stocks_dag, task_id=GOOG, execution_date=20240126T000000, start_date=20240306T140225, end_date=20240306T140226
[2024-03-06T11:02:26.307-0300] {local_task_job_runner.py:234} INFO - Task exited with return code 0
[2024-03-06T11:02:26.318-0300] {taskinstance.py:3309} INFO - 0 downstream tasks scheduled from follow-on schedule check
[2024-03-06T12:04:40.565-0300] {taskinstance.py:1979} INFO - Dependencies all met for dep_context=non-requeueable deps ti=<TaskInstance: get_stocks_dag.GOOG scheduled__2024-01-26T00:00:00+00:00 [queued]>
[2024-03-06T12:04:40.615-0300] {taskinstance.py:1979} INFO - Dependencies all met for dep_context=requeueable deps ti=<TaskInstance: get_stocks_dag.GOOG scheduled__2024-01-26T00:00:00+00:00 [queued]>
[2024-03-06T12:04:40.615-0300] {taskinstance.py:2193} INFO - Starting attempt 1 of 1
[2024-03-06T12:04:40.666-0300] {taskinstance.py:2214} INFO - Executing <Task(_PythonDecoratedOperator): GOOG> on 2024-01-26 00:00:00+00:00
[2024-03-06T12:04:40.684-0300] {standard_task_runner.py:87} INFO - Running: ['airflow', 'tasks', 'run', 'get_stocks_dag', 'GOOG', 'scheduled__2024-01-26T00:00:00+00:00', '--job-id', '78', '--raw', '--subdir', 'DAGS_FOLDER/get_stoks.py', '--cfg-path', '/tmp/tmpdxe9kexw']
[2024-03-06T12:04:40.688-0300] {standard_task_runner.py:88} INFO - Job 78: Subtask GOOG
[2024-03-06T12:04:40.674-0300] {standard_task_runner.py:60} INFO - Started process 41046 to run task
[2024-03-06T12:04:40.933-0300] {task_command.py:423} INFO - Running <TaskInstance: get_stocks_dag.GOOG scheduled__2024-01-26T00:00:00+00:00 [running]> on host BITL0401.
[2024-03-06T12:04:41.143-0300] {taskinstance.py:2510} INFO - Exporting env vars: AIRFLOW_CTX_DAG_OWNER='airflow' AIRFLOW_CTX_DAG_ID='get_stocks_dag' AIRFLOW_CTX_TASK_ID='GOOG' AIRFLOW_CTX_EXECUTION_DATE='2024-01-26T00:00:00+00:00' AIRFLOW_CTX_TRY_NUMBER='1' AIRFLOW_CTX_DAG_RUN_ID='scheduled__2024-01-26T00:00:00+00:00'
[2024-03-06T12:04:42.266-0300] {python.py:202} INFO - Done. Returned value was: None
[2024-03-06T12:04:42.475-0300] {taskinstance.py:1149} INFO - Marking task as SUCCESS. dag_id=get_stocks_dag, task_id=GOOG, execution_date=20240126T000000, start_date=20240306T150440, end_date=20240306T150442
[2024-03-06T12:04:42.686-0300] {local_task_job_runner.py:234} INFO - Task exited with return code 0
[2024-03-06T12:04:42.755-0300] {taskinstance.py:3309} INFO - 0 downstream tasks scheduled from follow-on schedule check
