[2024-03-06T10:59:53.170-0300] {taskinstance.py:1979} INFO - Dependencies all met for dep_context=non-requeueable deps ti=<TaskInstance: get_stocks_dag.MSFT scheduled__2024-01-09T00:00:00+00:00 [queued]>
[2024-03-06T10:59:53.178-0300] {taskinstance.py:1979} INFO - Dependencies all met for dep_context=requeueable deps ti=<TaskInstance: get_stocks_dag.MSFT scheduled__2024-01-09T00:00:00+00:00 [queued]>
[2024-03-06T10:59:53.178-0300] {taskinstance.py:2193} INFO - Starting attempt 1 of 1
[2024-03-06T10:59:53.193-0300] {taskinstance.py:2214} INFO - Executing <Task(_PythonDecoratedOperator): MSFT> on 2024-01-09 00:00:00+00:00
[2024-03-06T10:59:53.197-0300] {standard_task_runner.py:60} INFO - Started process 19326 to run task
[2024-03-06T10:59:53.200-0300] {standard_task_runner.py:87} INFO - Running: ['airflow', 'tasks', 'run', 'get_stocks_dag', 'MSFT', 'scheduled__2024-01-09T00:00:00+00:00', '--job-id', '30', '--raw', '--subdir', 'DAGS_FOLDER/get_stoks.py', '--cfg-path', '/tmp/tmpesrq4hcm']
[2024-03-06T10:59:53.202-0300] {standard_task_runner.py:88} INFO - Job 30: Subtask MSFT
[2024-03-06T10:59:53.235-0300] {task_command.py:423} INFO - Running <TaskInstance: get_stocks_dag.MSFT scheduled__2024-01-09T00:00:00+00:00 [running]> on host BITL0401.
[2024-03-06T10:59:53.290-0300] {taskinstance.py:2510} INFO - Exporting env vars: AIRFLOW_CTX_DAG_OWNER='airflow' AIRFLOW_CTX_DAG_ID='get_stocks_dag' AIRFLOW_CTX_TASK_ID='MSFT' AIRFLOW_CTX_EXECUTION_DATE='2024-01-09T00:00:00+00:00' AIRFLOW_CTX_TRY_NUMBER='1' AIRFLOW_CTX_DAG_RUN_ID='scheduled__2024-01-09T00:00:00+00:00'
[2024-03-06T10:59:53.982-0300] {python.py:202} INFO - Done. Returned value was: None
[2024-03-06T10:59:53.985-0300] {taskinstance.py:1149} INFO - Marking task as SUCCESS. dag_id=get_stocks_dag, task_id=MSFT, execution_date=20240109T000000, start_date=20240306T135953, end_date=20240306T135953
[2024-03-06T10:59:54.020-0300] {local_task_job_runner.py:234} INFO - Task exited with return code 0
[2024-03-06T10:59:54.029-0300] {taskinstance.py:3309} INFO - 0 downstream tasks scheduled from follow-on schedule check
[2024-03-06T12:04:23.530-0300] {taskinstance.py:1979} INFO - Dependencies all met for dep_context=non-requeueable deps ti=<TaskInstance: get_stocks_dag.MSFT scheduled__2024-01-09T00:00:00+00:00 [queued]>
[2024-03-06T12:04:23.569-0300] {taskinstance.py:1979} INFO - Dependencies all met for dep_context=requeueable deps ti=<TaskInstance: get_stocks_dag.MSFT scheduled__2024-01-09T00:00:00+00:00 [queued]>
[2024-03-06T12:04:23.571-0300] {taskinstance.py:2193} INFO - Starting attempt 1 of 1
[2024-03-06T12:04:23.602-0300] {taskinstance.py:2214} INFO - Executing <Task(_PythonDecoratedOperator): MSFT> on 2024-01-09 00:00:00+00:00
[2024-03-06T12:04:23.624-0300] {standard_task_runner.py:60} INFO - Started process 39576 to run task
[2024-03-06T12:04:23.638-0300] {standard_task_runner.py:87} INFO - Running: ['airflow', 'tasks', 'run', 'get_stocks_dag', 'MSFT', 'scheduled__2024-01-09T00:00:00+00:00', '--job-id', '23', '--raw', '--subdir', 'DAGS_FOLDER/get_stoks.py', '--cfg-path', '/tmp/tmp8qnmmvkp']
[2024-03-06T12:04:23.642-0300] {standard_task_runner.py:88} INFO - Job 23: Subtask MSFT
[2024-03-06T12:04:23.838-0300] {task_command.py:423} INFO - Running <TaskInstance: get_stocks_dag.MSFT scheduled__2024-01-09T00:00:00+00:00 [running]> on host BITL0401.
[2024-03-06T12:04:24.217-0300] {taskinstance.py:2510} INFO - Exporting env vars: AIRFLOW_CTX_DAG_OWNER='airflow' AIRFLOW_CTX_DAG_ID='get_stocks_dag' AIRFLOW_CTX_TASK_ID='MSFT' AIRFLOW_CTX_EXECUTION_DATE='2024-01-09T00:00:00+00:00' AIRFLOW_CTX_TRY_NUMBER='1' AIRFLOW_CTX_DAG_RUN_ID='scheduled__2024-01-09T00:00:00+00:00'
[2024-03-06T12:04:25.106-0300] {python.py:202} INFO - Done. Returned value was: None
[2024-03-06T12:04:25.125-0300] {taskinstance.py:1149} INFO - Marking task as SUCCESS. dag_id=get_stocks_dag, task_id=MSFT, execution_date=20240109T000000, start_date=20240306T150423, end_date=20240306T150425
[2024-03-06T12:04:25.185-0300] {local_task_job_runner.py:234} INFO - Task exited with return code 0
[2024-03-06T12:04:25.212-0300] {taskinstance.py:3309} INFO - 0 downstream tasks scheduled from follow-on schedule check
