[2024-03-06T15:00:15.684-0300] {taskinstance.py:1979} INFO - Dependencies all met for dep_context=non-requeueable deps ti=<TaskInstance: get_crypto_dag.DOGE scheduled__2024-01-01T00:00:00+00:00 [queued]>
[2024-03-06T15:00:15.695-0300] {taskinstance.py:1979} INFO - Dependencies all met for dep_context=requeueable deps ti=<TaskInstance: get_crypto_dag.DOGE scheduled__2024-01-01T00:00:00+00:00 [queued]>
[2024-03-06T15:00:15.695-0300] {taskinstance.py:2193} INFO - Starting attempt 1 of 1
[2024-03-06T15:00:15.712-0300] {taskinstance.py:2214} INFO - Executing <Task(_PythonDecoratedOperator): DOGE> on 2024-01-01 00:00:00+00:00
[2024-03-06T15:00:15.716-0300] {standard_task_runner.py:60} INFO - Started process 90932 to run task
[2024-03-06T15:00:15.718-0300] {standard_task_runner.py:87} INFO - Running: ['airflow', 'tasks', 'run', 'get_crypto_dag', 'DOGE', 'scheduled__2024-01-01T00:00:00+00:00', '--job-id', '317', '--raw', '--subdir', 'DAGS_FOLDER/get_crypto.py', '--cfg-path', '/tmp/tmpub1z25l0']
[2024-03-06T15:00:15.719-0300] {standard_task_runner.py:88} INFO - Job 317: Subtask DOGE
[2024-03-06T15:00:15.783-0300] {task_command.py:423} INFO - Running <TaskInstance: get_crypto_dag.DOGE scheduled__2024-01-01T00:00:00+00:00 [running]> on host BITL0401.
[2024-03-06T15:00:15.883-0300] {taskinstance.py:2510} INFO - Exporting env vars: AIRFLOW_CTX_DAG_OWNER='airflow' AIRFLOW_CTX_DAG_ID='get_crypto_dag' AIRFLOW_CTX_TASK_ID='DOGE' AIRFLOW_CTX_EXECUTION_DATE='2024-01-01T00:00:00+00:00' AIRFLOW_CTX_TRY_NUMBER='1' AIRFLOW_CTX_DAG_RUN_ID='scheduled__2024-01-01T00:00:00+00:00'
[2024-03-06T15:00:30.283-0300] {history.py:90} ERROR - DOGE: No timezone found, symbol may be delisted
[2024-03-06T15:00:40.292-0300] {python.py:202} INFO - Done. Returned value was: None
[2024-03-06T15:00:40.310-0300] {taskinstance.py:1149} INFO - Marking task as SUCCESS. dag_id=get_crypto_dag, task_id=DOGE, execution_date=20240101T000000, start_date=20240306T180015, end_date=20240306T180040
[2024-03-06T15:00:40.336-0300] {local_task_job_runner.py:234} INFO - Task exited with return code 0
[2024-03-06T15:00:40.360-0300] {taskinstance.py:3309} INFO - 0 downstream tasks scheduled from follow-on schedule check
[2024-03-06T15:47:46.089-0300] {taskinstance.py:1979} INFO - Dependencies all met for dep_context=non-requeueable deps ti=<TaskInstance: get_crypto_dag.DOGE scheduled__2024-01-01T00:00:00+00:00 [queued]>
[2024-03-06T15:47:46.102-0300] {taskinstance.py:1979} INFO - Dependencies all met for dep_context=requeueable deps ti=<TaskInstance: get_crypto_dag.DOGE scheduled__2024-01-01T00:00:00+00:00 [queued]>
[2024-03-06T15:47:46.102-0300] {taskinstance.py:2193} INFO - Starting attempt 1 of 1
[2024-03-06T15:47:46.119-0300] {taskinstance.py:2214} INFO - Executing <Task(_PythonDecoratedOperator): DOGE> on 2024-01-01 00:00:00+00:00
[2024-03-06T15:47:46.126-0300] {standard_task_runner.py:60} INFO - Started process 103978 to run task
[2024-03-06T15:47:46.128-0300] {standard_task_runner.py:87} INFO - Running: ['airflow', 'tasks', 'run', 'get_crypto_dag', 'DOGE', 'scheduled__2024-01-01T00:00:00+00:00', '--job-id', '356', '--raw', '--subdir', 'DAGS_FOLDER/get_crypto.py', '--cfg-path', '/tmp/tmp4alaplgl']
[2024-03-06T15:47:46.130-0300] {standard_task_runner.py:88} INFO - Job 356: Subtask DOGE
[2024-03-06T15:47:46.206-0300] {task_command.py:423} INFO - Running <TaskInstance: get_crypto_dag.DOGE scheduled__2024-01-01T00:00:00+00:00 [running]> on host BITL0401.
[2024-03-06T15:47:46.307-0300] {taskinstance.py:2510} INFO - Exporting env vars: AIRFLOW_CTX_DAG_OWNER='airflow' AIRFLOW_CTX_DAG_ID='get_crypto_dag' AIRFLOW_CTX_TASK_ID='DOGE' AIRFLOW_CTX_EXECUTION_DATE='2024-01-01T00:00:00+00:00' AIRFLOW_CTX_TRY_NUMBER='1' AIRFLOW_CTX_DAG_RUN_ID='scheduled__2024-01-01T00:00:00+00:00'
[2024-03-06T15:47:57.420-0300] {history.py:90} ERROR - DOGE: No timezone found, symbol may be delisted
[2024-03-06T15:48:07.426-0300] {python.py:202} INFO - Done. Returned value was: None
[2024-03-06T15:48:07.446-0300] {taskinstance.py:1149} INFO - Marking task as SUCCESS. dag_id=get_crypto_dag, task_id=DOGE, execution_date=20240101T000000, start_date=20240306T184746, end_date=20240306T184807
[2024-03-06T15:48:07.503-0300] {local_task_job_runner.py:234} INFO - Task exited with return code 0
[2024-03-06T15:48:07.548-0300] {taskinstance.py:3309} INFO - 0 downstream tasks scheduled from follow-on schedule check
