[2024-03-06T11:00:17.367-0300] {taskinstance.py:1979} INFO - Dependencies all met for dep_context=non-requeueable deps ti=<TaskInstance: get_stocks_dag.MSFT scheduled__2024-01-11T00:00:00+00:00 [queued]>
[2024-03-06T11:00:17.372-0300] {taskinstance.py:1979} INFO - Dependencies all met for dep_context=requeueable deps ti=<TaskInstance: get_stocks_dag.MSFT scheduled__2024-01-11T00:00:00+00:00 [queued]>
[2024-03-06T11:00:17.372-0300] {taskinstance.py:2193} INFO - Starting attempt 1 of 1
[2024-03-06T11:00:17.388-0300] {taskinstance.py:2214} INFO - Executing <Task(_PythonDecoratedOperator): MSFT> on 2024-01-11 00:00:00+00:00
[2024-03-06T11:00:17.392-0300] {standard_task_runner.py:60} INFO - Started process 19535 to run task
[2024-03-06T11:00:17.394-0300] {standard_task_runner.py:87} INFO - Running: ['airflow', 'tasks', 'run', 'get_stocks_dag', 'MSFT', 'scheduled__2024-01-11T00:00:00+00:00', '--job-id', '38', '--raw', '--subdir', 'DAGS_FOLDER/get_stoks.py', '--cfg-path', '/tmp/tmpjndsa_fy']
[2024-03-06T11:00:17.396-0300] {standard_task_runner.py:88} INFO - Job 38: Subtask MSFT
[2024-03-06T11:00:17.429-0300] {task_command.py:423} INFO - Running <TaskInstance: get_stocks_dag.MSFT scheduled__2024-01-11T00:00:00+00:00 [running]> on host BITL0401.
[2024-03-06T11:00:17.484-0300] {taskinstance.py:2510} INFO - Exporting env vars: AIRFLOW_CTX_DAG_OWNER='airflow' AIRFLOW_CTX_DAG_ID='get_stocks_dag' AIRFLOW_CTX_TASK_ID='MSFT' AIRFLOW_CTX_EXECUTION_DATE='2024-01-11T00:00:00+00:00' AIRFLOW_CTX_TRY_NUMBER='1' AIRFLOW_CTX_DAG_RUN_ID='scheduled__2024-01-11T00:00:00+00:00'
[2024-03-06T11:00:18.053-0300] {python.py:202} INFO - Done. Returned value was: None
[2024-03-06T11:00:18.057-0300] {taskinstance.py:1149} INFO - Marking task as SUCCESS. dag_id=get_stocks_dag, task_id=MSFT, execution_date=20240111T000000, start_date=20240306T140017, end_date=20240306T140018
[2024-03-06T11:00:18.093-0300] {local_task_job_runner.py:234} INFO - Task exited with return code 0
[2024-03-06T11:00:18.103-0300] {taskinstance.py:3309} INFO - 0 downstream tasks scheduled from follow-on schedule check
[2024-03-06T12:04:23.489-0300] {taskinstance.py:1979} INFO - Dependencies all met for dep_context=non-requeueable deps ti=<TaskInstance: get_stocks_dag.MSFT scheduled__2024-01-11T00:00:00+00:00 [queued]>
[2024-03-06T12:04:23.511-0300] {taskinstance.py:1979} INFO - Dependencies all met for dep_context=requeueable deps ti=<TaskInstance: get_stocks_dag.MSFT scheduled__2024-01-11T00:00:00+00:00 [queued]>
[2024-03-06T12:04:23.512-0300] {taskinstance.py:2193} INFO - Starting attempt 1 of 1
[2024-03-06T12:04:23.545-0300] {taskinstance.py:2214} INFO - Executing <Task(_PythonDecoratedOperator): MSFT> on 2024-01-11 00:00:00+00:00
[2024-03-06T12:04:23.557-0300] {standard_task_runner.py:60} INFO - Started process 39562 to run task
[2024-03-06T12:04:23.566-0300] {standard_task_runner.py:87} INFO - Running: ['airflow', 'tasks', 'run', 'get_stocks_dag', 'MSFT', 'scheduled__2024-01-11T00:00:00+00:00', '--job-id', '24', '--raw', '--subdir', 'DAGS_FOLDER/get_stoks.py', '--cfg-path', '/tmp/tmpui7mru3o']
[2024-03-06T12:04:23.569-0300] {standard_task_runner.py:88} INFO - Job 24: Subtask MSFT
[2024-03-06T12:04:23.842-0300] {task_command.py:423} INFO - Running <TaskInstance: get_stocks_dag.MSFT scheduled__2024-01-11T00:00:00+00:00 [running]> on host BITL0401.
[2024-03-06T12:04:24.205-0300] {taskinstance.py:2510} INFO - Exporting env vars: AIRFLOW_CTX_DAG_OWNER='airflow' AIRFLOW_CTX_DAG_ID='get_stocks_dag' AIRFLOW_CTX_TASK_ID='MSFT' AIRFLOW_CTX_EXECUTION_DATE='2024-01-11T00:00:00+00:00' AIRFLOW_CTX_TRY_NUMBER='1' AIRFLOW_CTX_DAG_RUN_ID='scheduled__2024-01-11T00:00:00+00:00'
[2024-03-06T12:04:25.437-0300] {python.py:202} INFO - Done. Returned value was: None
[2024-03-06T12:04:25.452-0300] {taskinstance.py:1149} INFO - Marking task as SUCCESS. dag_id=get_stocks_dag, task_id=MSFT, execution_date=20240111T000000, start_date=20240306T150423, end_date=20240306T150425
[2024-03-06T12:04:25.482-0300] {local_task_job_runner.py:234} INFO - Task exited with return code 0
[2024-03-06T12:04:25.510-0300] {taskinstance.py:3309} INFO - 0 downstream tasks scheduled from follow-on schedule check
