[2024-03-06T14:59:50.145-0300] {taskinstance.py:1979} INFO - Dependencies all met for dep_context=non-requeueable deps ti=<TaskInstance: get_crypto_dag.ETH scheduled__2024-01-01T00:00:00+00:00 [queued]>
[2024-03-06T14:59:50.156-0300] {taskinstance.py:1979} INFO - Dependencies all met for dep_context=requeueable deps ti=<TaskInstance: get_crypto_dag.ETH scheduled__2024-01-01T00:00:00+00:00 [queued]>
[2024-03-06T14:59:50.156-0300] {taskinstance.py:2193} INFO - Starting attempt 1 of 1
[2024-03-06T14:59:50.175-0300] {taskinstance.py:2214} INFO - Executing <Task(_PythonDecoratedOperator): ETH> on 2024-01-01 00:00:00+00:00
[2024-03-06T14:59:50.180-0300] {standard_task_runner.py:60} INFO - Started process 90645 to run task
[2024-03-06T14:59:50.183-0300] {standard_task_runner.py:87} INFO - Running: ['airflow', 'tasks', 'run', 'get_crypto_dag', 'ETH', 'scheduled__2024-01-01T00:00:00+00:00', '--job-id', '311', '--raw', '--subdir', 'DAGS_FOLDER/get_crypto.py', '--cfg-path', '/tmp/tmpqg7cdl3k']
[2024-03-06T14:59:50.184-0300] {standard_task_runner.py:88} INFO - Job 311: Subtask ETH
[2024-03-06T14:59:50.264-0300] {task_command.py:423} INFO - Running <TaskInstance: get_crypto_dag.ETH scheduled__2024-01-01T00:00:00+00:00 [running]> on host BITL0401.
[2024-03-06T14:59:50.373-0300] {taskinstance.py:2510} INFO - Exporting env vars: AIRFLOW_CTX_DAG_OWNER='airflow' AIRFLOW_CTX_DAG_ID='get_crypto_dag' AIRFLOW_CTX_TASK_ID='ETH' AIRFLOW_CTX_EXECUTION_DATE='2024-01-01T00:00:00+00:00' AIRFLOW_CTX_TRY_NUMBER='1' AIRFLOW_CTX_DAG_RUN_ID='scheduled__2024-01-01T00:00:00+00:00'
[2024-03-06T14:59:53.347-0300] {history.py:90} ERROR - ETH: No timezone found, symbol may be delisted
[2024-03-06T15:00:03.361-0300] {python.py:202} INFO - Done. Returned value was: None
[2024-03-06T15:00:03.380-0300] {taskinstance.py:1149} INFO - Marking task as SUCCESS. dag_id=get_crypto_dag, task_id=ETH, execution_date=20240101T000000, start_date=20240306T175950, end_date=20240306T180003
[2024-03-06T15:00:03.411-0300] {local_task_job_runner.py:234} INFO - Task exited with return code 0
[2024-03-06T15:00:03.433-0300] {taskinstance.py:3309} INFO - 0 downstream tasks scheduled from follow-on schedule check
[2024-03-06T15:47:33.142-0300] {taskinstance.py:1979} INFO - Dependencies all met for dep_context=non-requeueable deps ti=<TaskInstance: get_crypto_dag.ETH scheduled__2024-01-01T00:00:00+00:00 [queued]>
[2024-03-06T15:47:33.153-0300] {taskinstance.py:1979} INFO - Dependencies all met for dep_context=requeueable deps ti=<TaskInstance: get_crypto_dag.ETH scheduled__2024-01-01T00:00:00+00:00 [queued]>
[2024-03-06T15:47:33.154-0300] {taskinstance.py:2193} INFO - Starting attempt 1 of 1
[2024-03-06T15:47:33.172-0300] {taskinstance.py:2214} INFO - Executing <Task(_PythonDecoratedOperator): ETH> on 2024-01-01 00:00:00+00:00
[2024-03-06T15:47:33.178-0300] {standard_task_runner.py:60} INFO - Started process 103861 to run task
[2024-03-06T15:47:33.181-0300] {standard_task_runner.py:87} INFO - Running: ['airflow', 'tasks', 'run', 'get_crypto_dag', 'ETH', 'scheduled__2024-01-01T00:00:00+00:00', '--job-id', '355', '--raw', '--subdir', 'DAGS_FOLDER/get_crypto.py', '--cfg-path', '/tmp/tmpopwfyn71']
[2024-03-06T15:47:33.183-0300] {standard_task_runner.py:88} INFO - Job 355: Subtask ETH
[2024-03-06T15:47:33.252-0300] {task_command.py:423} INFO - Running <TaskInstance: get_crypto_dag.ETH scheduled__2024-01-01T00:00:00+00:00 [running]> on host BITL0401.
[2024-03-06T15:47:33.365-0300] {taskinstance.py:2510} INFO - Exporting env vars: AIRFLOW_CTX_DAG_OWNER='airflow' AIRFLOW_CTX_DAG_ID='get_crypto_dag' AIRFLOW_CTX_TASK_ID='ETH' AIRFLOW_CTX_EXECUTION_DATE='2024-01-01T00:00:00+00:00' AIRFLOW_CTX_TRY_NUMBER='1' AIRFLOW_CTX_DAG_RUN_ID='scheduled__2024-01-01T00:00:00+00:00'
[2024-03-06T15:47:38.569-0300] {history.py:90} ERROR - ETH: No timezone found, symbol may be delisted
[2024-03-06T15:47:48.583-0300] {python.py:202} INFO - Done. Returned value was: None
[2024-03-06T15:47:48.598-0300] {taskinstance.py:1149} INFO - Marking task as SUCCESS. dag_id=get_crypto_dag, task_id=ETH, execution_date=20240101T000000, start_date=20240306T184733, end_date=20240306T184748
[2024-03-06T15:47:48.635-0300] {local_task_job_runner.py:234} INFO - Task exited with return code 0
[2024-03-06T15:47:48.655-0300] {taskinstance.py:3309} INFO - 0 downstream tasks scheduled from follow-on schedule check
