[2024-03-06T11:03:31.776-0300] {taskinstance.py:1979} INFO - Dependencies all met for dep_context=non-requeueable deps ti=<TaskInstance: get_stocks_dag.TSLA scheduled__2024-02-02T00:00:00+00:00 [queued]>
[2024-03-06T11:03:31.783-0300] {taskinstance.py:1979} INFO - Dependencies all met for dep_context=requeueable deps ti=<TaskInstance: get_stocks_dag.TSLA scheduled__2024-02-02T00:00:00+00:00 [queued]>
[2024-03-06T11:03:31.783-0300] {taskinstance.py:2193} INFO - Starting attempt 1 of 1
[2024-03-06T11:03:31.798-0300] {taskinstance.py:2214} INFO - Executing <Task(_PythonDecoratedOperator): TSLA> on 2024-02-02 00:00:00+00:00
[2024-03-06T11:03:31.802-0300] {standard_task_runner.py:60} INFO - Started process 21073 to run task
[2024-03-06T11:03:31.805-0300] {standard_task_runner.py:87} INFO - Running: ['airflow', 'tasks', 'run', 'get_stocks_dag', 'TSLA', 'scheduled__2024-02-02T00:00:00+00:00', '--job-id', '104', '--raw', '--subdir', 'DAGS_FOLDER/get_stoks.py', '--cfg-path', '/tmp/tmpecap3wpj']
[2024-03-06T11:03:31.806-0300] {standard_task_runner.py:88} INFO - Job 104: Subtask TSLA
[2024-03-06T11:03:31.836-0300] {task_command.py:423} INFO - Running <TaskInstance: get_stocks_dag.TSLA scheduled__2024-02-02T00:00:00+00:00 [running]> on host BITL0401.
[2024-03-06T11:03:31.895-0300] {taskinstance.py:2510} INFO - Exporting env vars: AIRFLOW_CTX_DAG_OWNER='airflow' AIRFLOW_CTX_DAG_ID='get_stocks_dag' AIRFLOW_CTX_TASK_ID='TSLA' AIRFLOW_CTX_EXECUTION_DATE='2024-02-02T00:00:00+00:00' AIRFLOW_CTX_TRY_NUMBER='1' AIRFLOW_CTX_DAG_RUN_ID='scheduled__2024-02-02T00:00:00+00:00'
[2024-03-06T11:03:32.471-0300] {python.py:202} INFO - Done. Returned value was: None
[2024-03-06T11:03:32.474-0300] {taskinstance.py:1149} INFO - Marking task as SUCCESS. dag_id=get_stocks_dag, task_id=TSLA, execution_date=20240202T000000, start_date=20240306T140331, end_date=20240306T140332
[2024-03-06T11:03:32.501-0300] {local_task_job_runner.py:234} INFO - Task exited with return code 0
[2024-03-06T11:03:32.510-0300] {taskinstance.py:3309} INFO - 0 downstream tasks scheduled from follow-on schedule check
[2024-03-06T12:04:49.668-0300] {taskinstance.py:1979} INFO - Dependencies all met for dep_context=non-requeueable deps ti=<TaskInstance: get_stocks_dag.TSLA scheduled__2024-02-02T00:00:00+00:00 [queued]>
[2024-03-06T12:04:49.684-0300] {taskinstance.py:1979} INFO - Dependencies all met for dep_context=requeueable deps ti=<TaskInstance: get_stocks_dag.TSLA scheduled__2024-02-02T00:00:00+00:00 [queued]>
[2024-03-06T12:04:49.684-0300] {taskinstance.py:2193} INFO - Starting attempt 1 of 1
[2024-03-06T12:04:49.703-0300] {taskinstance.py:2214} INFO - Executing <Task(_PythonDecoratedOperator): TSLA> on 2024-02-02 00:00:00+00:00
[2024-03-06T12:04:49.708-0300] {standard_task_runner.py:60} INFO - Started process 41713 to run task
[2024-03-06T12:04:49.711-0300] {standard_task_runner.py:87} INFO - Running: ['airflow', 'tasks', 'run', 'get_stocks_dag', 'TSLA', 'scheduled__2024-02-02T00:00:00+00:00', '--job-id', '96', '--raw', '--subdir', 'DAGS_FOLDER/get_stoks.py', '--cfg-path', '/tmp/tmpebft3hnh']
[2024-03-06T12:04:49.714-0300] {standard_task_runner.py:88} INFO - Job 96: Subtask TSLA
[2024-03-06T12:04:49.807-0300] {task_command.py:423} INFO - Running <TaskInstance: get_stocks_dag.TSLA scheduled__2024-02-02T00:00:00+00:00 [running]> on host BITL0401.
[2024-03-06T12:04:49.966-0300] {taskinstance.py:2510} INFO - Exporting env vars: AIRFLOW_CTX_DAG_OWNER='airflow' AIRFLOW_CTX_DAG_ID='get_stocks_dag' AIRFLOW_CTX_TASK_ID='TSLA' AIRFLOW_CTX_EXECUTION_DATE='2024-02-02T00:00:00+00:00' AIRFLOW_CTX_TRY_NUMBER='1' AIRFLOW_CTX_DAG_RUN_ID='scheduled__2024-02-02T00:00:00+00:00'
[2024-03-06T12:04:50.739-0300] {python.py:202} INFO - Done. Returned value was: None
[2024-03-06T12:04:50.753-0300] {taskinstance.py:1149} INFO - Marking task as SUCCESS. dag_id=get_stocks_dag, task_id=TSLA, execution_date=20240202T000000, start_date=20240306T150449, end_date=20240306T150450
[2024-03-06T12:04:50.810-0300] {local_task_job_runner.py:234} INFO - Task exited with return code 0
[2024-03-06T12:04:50.831-0300] {taskinstance.py:3309} INFO - 0 downstream tasks scheduled from follow-on schedule check
