[2024-03-06T11:00:47.048-0300] {taskinstance.py:1979} INFO - Dependencies all met for dep_context=non-requeueable deps ti=<TaskInstance: get_stocks_dag.TSLA scheduled__2024-01-13T00:00:00+00:00 [queued]>
[2024-03-06T11:00:47.054-0300] {taskinstance.py:1979} INFO - Dependencies all met for dep_context=requeueable deps ti=<TaskInstance: get_stocks_dag.TSLA scheduled__2024-01-13T00:00:00+00:00 [queued]>
[2024-03-06T11:00:47.054-0300] {taskinstance.py:2193} INFO - Starting attempt 1 of 1
[2024-03-06T11:00:47.069-0300] {taskinstance.py:2214} INFO - Executing <Task(_PythonDecoratedOperator): TSLA> on 2024-01-13 00:00:00+00:00
[2024-03-06T11:00:47.073-0300] {standard_task_runner.py:60} INFO - Started process 19756 to run task
[2024-03-06T11:00:47.077-0300] {standard_task_runner.py:87} INFO - Running: ['airflow', 'tasks', 'run', 'get_stocks_dag', 'TSLA', 'scheduled__2024-01-13T00:00:00+00:00', '--job-id', '48', '--raw', '--subdir', 'DAGS_FOLDER/get_stoks.py', '--cfg-path', '/tmp/tmpz5zyt06u']
[2024-03-06T11:00:47.079-0300] {standard_task_runner.py:88} INFO - Job 48: Subtask TSLA
[2024-03-06T11:00:47.116-0300] {task_command.py:423} INFO - Running <TaskInstance: get_stocks_dag.TSLA scheduled__2024-01-13T00:00:00+00:00 [running]> on host BITL0401.
[2024-03-06T11:00:47.171-0300] {taskinstance.py:2510} INFO - Exporting env vars: AIRFLOW_CTX_DAG_OWNER='airflow' AIRFLOW_CTX_DAG_ID='get_stocks_dag' AIRFLOW_CTX_TASK_ID='TSLA' AIRFLOW_CTX_EXECUTION_DATE='2024-01-13T00:00:00+00:00' AIRFLOW_CTX_TRY_NUMBER='1' AIRFLOW_CTX_DAG_RUN_ID='scheduled__2024-01-13T00:00:00+00:00'
[2024-03-06T11:00:47.744-0300] {python.py:202} INFO - Done. Returned value was: None
[2024-03-06T11:00:47.748-0300] {taskinstance.py:1149} INFO - Marking task as SUCCESS. dag_id=get_stocks_dag, task_id=TSLA, execution_date=20240113T000000, start_date=20240306T140047, end_date=20240306T140047
[2024-03-06T11:00:47.775-0300] {local_task_job_runner.py:234} INFO - Task exited with return code 0
[2024-03-06T11:00:47.785-0300] {taskinstance.py:3309} INFO - 0 downstream tasks scheduled from follow-on schedule check
[2024-03-06T12:04:28.888-0300] {taskinstance.py:1979} INFO - Dependencies all met for dep_context=non-requeueable deps ti=<TaskInstance: get_stocks_dag.TSLA scheduled__2024-01-13T00:00:00+00:00 [queued]>
[2024-03-06T12:04:28.925-0300] {taskinstance.py:1979} INFO - Dependencies all met for dep_context=requeueable deps ti=<TaskInstance: get_stocks_dag.TSLA scheduled__2024-01-13T00:00:00+00:00 [queued]>
[2024-03-06T12:04:28.926-0300] {taskinstance.py:2193} INFO - Starting attempt 1 of 1
[2024-03-06T12:04:28.985-0300] {taskinstance.py:2214} INFO - Executing <Task(_PythonDecoratedOperator): TSLA> on 2024-01-13 00:00:00+00:00
[2024-03-06T12:04:28.999-0300] {standard_task_runner.py:60} INFO - Started process 40143 to run task
[2024-03-06T12:04:29.011-0300] {standard_task_runner.py:87} INFO - Running: ['airflow', 'tasks', 'run', 'get_stocks_dag', 'TSLA', 'scheduled__2024-01-13T00:00:00+00:00', '--job-id', '42', '--raw', '--subdir', 'DAGS_FOLDER/get_stoks.py', '--cfg-path', '/tmp/tmpgyfkqsua']
[2024-03-06T12:04:29.015-0300] {standard_task_runner.py:88} INFO - Job 42: Subtask TSLA
[2024-03-06T12:04:29.210-0300] {task_command.py:423} INFO - Running <TaskInstance: get_stocks_dag.TSLA scheduled__2024-01-13T00:00:00+00:00 [running]> on host BITL0401.
[2024-03-06T12:04:29.486-0300] {taskinstance.py:2510} INFO - Exporting env vars: AIRFLOW_CTX_DAG_OWNER='airflow' AIRFLOW_CTX_DAG_ID='get_stocks_dag' AIRFLOW_CTX_TASK_ID='TSLA' AIRFLOW_CTX_EXECUTION_DATE='2024-01-13T00:00:00+00:00' AIRFLOW_CTX_TRY_NUMBER='1' AIRFLOW_CTX_DAG_RUN_ID='scheduled__2024-01-13T00:00:00+00:00'
[2024-03-06T12:04:30.051-0300] {python.py:202} INFO - Done. Returned value was: None
[2024-03-06T12:04:30.067-0300] {taskinstance.py:1149} INFO - Marking task as SUCCESS. dag_id=get_stocks_dag, task_id=TSLA, execution_date=20240113T000000, start_date=20240306T150428, end_date=20240306T150430
[2024-03-06T12:04:30.631-0300] {local_task_job_runner.py:234} INFO - Task exited with return code 0
[2024-03-06T12:04:30.699-0300] {taskinstance.py:3309} INFO - 0 downstream tasks scheduled from follow-on schedule check
