[2024-03-06T10:59:39.721-0300] {taskinstance.py:1979} INFO - Dependencies all met for dep_context=non-requeueable deps ti=<TaskInstance: get_stocks_dag.MSFT scheduled__2024-01-06T00:00:00+00:00 [queued]>
[2024-03-06T10:59:39.728-0300] {taskinstance.py:1979} INFO - Dependencies all met for dep_context=requeueable deps ti=<TaskInstance: get_stocks_dag.MSFT scheduled__2024-01-06T00:00:00+00:00 [queued]>
[2024-03-06T10:59:39.728-0300] {taskinstance.py:2193} INFO - Starting attempt 1 of 1
[2024-03-06T10:59:39.743-0300] {taskinstance.py:2214} INFO - Executing <Task(_PythonDecoratedOperator): MSFT> on 2024-01-06 00:00:00+00:00
[2024-03-06T10:59:39.747-0300] {standard_task_runner.py:60} INFO - Started process 19228 to run task
[2024-03-06T10:59:39.749-0300] {standard_task_runner.py:87} INFO - Running: ['airflow', 'tasks', 'run', 'get_stocks_dag', 'MSFT', 'scheduled__2024-01-06T00:00:00+00:00', '--job-id', '26', '--raw', '--subdir', 'DAGS_FOLDER/get_stoks.py', '--cfg-path', '/tmp/tmpe78z9li7']
[2024-03-06T10:59:39.750-0300] {standard_task_runner.py:88} INFO - Job 26: Subtask MSFT
[2024-03-06T10:59:39.782-0300] {task_command.py:423} INFO - Running <TaskInstance: get_stocks_dag.MSFT scheduled__2024-01-06T00:00:00+00:00 [running]> on host BITL0401.
[2024-03-06T10:59:39.836-0300] {taskinstance.py:2510} INFO - Exporting env vars: AIRFLOW_CTX_DAG_OWNER='airflow' AIRFLOW_CTX_DAG_ID='get_stocks_dag' AIRFLOW_CTX_TASK_ID='MSFT' AIRFLOW_CTX_EXECUTION_DATE='2024-01-06T00:00:00+00:00' AIRFLOW_CTX_TRY_NUMBER='1' AIRFLOW_CTX_DAG_RUN_ID='scheduled__2024-01-06T00:00:00+00:00'
[2024-03-06T10:59:40.471-0300] {python.py:202} INFO - Done. Returned value was: None
[2024-03-06T10:59:40.476-0300] {taskinstance.py:1149} INFO - Marking task as SUCCESS. dag_id=get_stocks_dag, task_id=MSFT, execution_date=20240106T000000, start_date=20240306T135939, end_date=20240306T135940
[2024-03-06T10:59:40.526-0300] {local_task_job_runner.py:234} INFO - Task exited with return code 0
[2024-03-06T10:59:40.536-0300] {taskinstance.py:3309} INFO - 0 downstream tasks scheduled from follow-on schedule check
[2024-03-06T12:04:23.568-0300] {taskinstance.py:1979} INFO - Dependencies all met for dep_context=non-requeueable deps ti=<TaskInstance: get_stocks_dag.MSFT scheduled__2024-01-06T00:00:00+00:00 [queued]>
[2024-03-06T12:04:23.597-0300] {taskinstance.py:1979} INFO - Dependencies all met for dep_context=requeueable deps ti=<TaskInstance: get_stocks_dag.MSFT scheduled__2024-01-06T00:00:00+00:00 [queued]>
[2024-03-06T12:04:23.598-0300] {taskinstance.py:2193} INFO - Starting attempt 1 of 1
[2024-03-06T12:04:23.635-0300] {taskinstance.py:2214} INFO - Executing <Task(_PythonDecoratedOperator): MSFT> on 2024-01-06 00:00:00+00:00
[2024-03-06T12:04:23.644-0300] {standard_task_runner.py:60} INFO - Started process 39579 to run task
[2024-03-06T12:04:23.653-0300] {standard_task_runner.py:87} INFO - Running: ['airflow', 'tasks', 'run', 'get_stocks_dag', 'MSFT', 'scheduled__2024-01-06T00:00:00+00:00', '--job-id', '28', '--raw', '--subdir', 'DAGS_FOLDER/get_stoks.py', '--cfg-path', '/tmp/tmpqieaeqp_']
[2024-03-06T12:04:23.657-0300] {standard_task_runner.py:88} INFO - Job 28: Subtask MSFT
[2024-03-06T12:04:23.840-0300] {task_command.py:423} INFO - Running <TaskInstance: get_stocks_dag.MSFT scheduled__2024-01-06T00:00:00+00:00 [running]> on host BITL0401.
[2024-03-06T12:04:24.174-0300] {taskinstance.py:2510} INFO - Exporting env vars: AIRFLOW_CTX_DAG_OWNER='airflow' AIRFLOW_CTX_DAG_ID='get_stocks_dag' AIRFLOW_CTX_TASK_ID='MSFT' AIRFLOW_CTX_EXECUTION_DATE='2024-01-06T00:00:00+00:00' AIRFLOW_CTX_TRY_NUMBER='1' AIRFLOW_CTX_DAG_RUN_ID='scheduled__2024-01-06T00:00:00+00:00'
[2024-03-06T12:04:25.198-0300] {python.py:202} INFO - Done. Returned value was: None
[2024-03-06T12:04:25.214-0300] {taskinstance.py:1149} INFO - Marking task as SUCCESS. dag_id=get_stocks_dag, task_id=MSFT, execution_date=20240106T000000, start_date=20240306T150423, end_date=20240306T150425
[2024-03-06T12:04:25.248-0300] {local_task_job_runner.py:234} INFO - Task exited with return code 0
[2024-03-06T12:04:25.273-0300] {taskinstance.py:3309} INFO - 0 downstream tasks scheduled from follow-on schedule check
[2024-03-06T12:15:45.458-0300] {taskinstance.py:1979} INFO - Dependencies all met for dep_context=non-requeueable deps ti=<TaskInstance: get_stocks_dag.MSFT scheduled__2024-01-06T00:00:00+00:00 [queued]>
[2024-03-06T12:15:45.517-0300] {taskinstance.py:1979} INFO - Dependencies all met for dep_context=requeueable deps ti=<TaskInstance: get_stocks_dag.MSFT scheduled__2024-01-06T00:00:00+00:00 [queued]>
[2024-03-06T12:15:45.518-0300] {taskinstance.py:2193} INFO - Starting attempt 1 of 1
[2024-03-06T12:15:45.578-0300] {taskinstance.py:2214} INFO - Executing <Task(_PythonDecoratedOperator): MSFT> on 2024-01-06 00:00:00+00:00
[2024-03-06T12:15:45.588-0300] {standard_task_runner.py:60} INFO - Started process 47092 to run task
[2024-03-06T12:15:45.606-0300] {standard_task_runner.py:87} INFO - Running: ['airflow', 'tasks', 'run', 'get_stocks_dag', 'MSFT', 'scheduled__2024-01-06T00:00:00+00:00', '--job-id', '169', '--raw', '--subdir', 'DAGS_FOLDER/get_stoks.py', '--cfg-path', '/tmp/tmpzjepbc8x']
[2024-03-06T12:15:45.616-0300] {standard_task_runner.py:88} INFO - Job 169: Subtask MSFT
[2024-03-06T12:15:45.887-0300] {task_command.py:423} INFO - Running <TaskInstance: get_stocks_dag.MSFT scheduled__2024-01-06T00:00:00+00:00 [running]> on host BITL0401.
[2024-03-06T12:15:46.306-0300] {taskinstance.py:2510} INFO - Exporting env vars: AIRFLOW_CTX_DAG_OWNER='airflow' AIRFLOW_CTX_DAG_ID='get_stocks_dag' AIRFLOW_CTX_TASK_ID='MSFT' AIRFLOW_CTX_EXECUTION_DATE='2024-01-06T00:00:00+00:00' AIRFLOW_CTX_TRY_NUMBER='1' AIRFLOW_CTX_DAG_RUN_ID='scheduled__2024-01-06T00:00:00+00:00'
[2024-03-06T12:15:47.241-0300] {python.py:202} INFO - Done. Returned value was: None
[2024-03-06T12:15:47.267-0300] {taskinstance.py:1149} INFO - Marking task as SUCCESS. dag_id=get_stocks_dag, task_id=MSFT, execution_date=20240106T000000, start_date=20240306T151545, end_date=20240306T151547
[2024-03-06T12:15:47.340-0300] {local_task_job_runner.py:234} INFO - Task exited with return code 0
[2024-03-06T12:15:47.385-0300] {taskinstance.py:3309} INFO - 0 downstream tasks scheduled from follow-on schedule check
[2024-03-06T12:17:16.978-0300] {taskinstance.py:1979} INFO - Dependencies all met for dep_context=non-requeueable deps ti=<TaskInstance: get_stocks_dag.MSFT scheduled__2024-01-06T00:00:00+00:00 [queued]>
[2024-03-06T12:17:16.989-0300] {taskinstance.py:1979} INFO - Dependencies all met for dep_context=requeueable deps ti=<TaskInstance: get_stocks_dag.MSFT scheduled__2024-01-06T00:00:00+00:00 [queued]>
[2024-03-06T12:17:16.989-0300] {taskinstance.py:2193} INFO - Starting attempt 1 of 1
[2024-03-06T12:17:17.004-0300] {taskinstance.py:2214} INFO - Executing <Task(_PythonDecoratedOperator): MSFT> on 2024-01-06 00:00:00+00:00
[2024-03-06T12:17:17.008-0300] {standard_task_runner.py:60} INFO - Started process 49128 to run task
[2024-03-06T12:17:17.010-0300] {standard_task_runner.py:87} INFO - Running: ['airflow', 'tasks', 'run', 'get_stocks_dag', 'MSFT', 'scheduled__2024-01-06T00:00:00+00:00', '--job-id', '219', '--raw', '--subdir', 'DAGS_FOLDER/get_stoks.py', '--cfg-path', '/tmp/tmp37sfyscb']
[2024-03-06T12:17:17.012-0300] {standard_task_runner.py:88} INFO - Job 219: Subtask MSFT
[2024-03-06T12:17:17.076-0300] {task_command.py:423} INFO - Running <TaskInstance: get_stocks_dag.MSFT scheduled__2024-01-06T00:00:00+00:00 [running]> on host BITL0401.
[2024-03-06T12:17:17.179-0300] {taskinstance.py:2510} INFO - Exporting env vars: AIRFLOW_CTX_DAG_OWNER='airflow' AIRFLOW_CTX_DAG_ID='get_stocks_dag' AIRFLOW_CTX_TASK_ID='MSFT' AIRFLOW_CTX_EXECUTION_DATE='2024-01-06T00:00:00+00:00' AIRFLOW_CTX_TRY_NUMBER='1' AIRFLOW_CTX_DAG_RUN_ID='scheduled__2024-01-06T00:00:00+00:00'
[2024-03-06T12:17:17.719-0300] {python.py:202} INFO - Done. Returned value was: None
[2024-03-06T12:17:17.733-0300] {taskinstance.py:1149} INFO - Marking task as SUCCESS. dag_id=get_stocks_dag, task_id=MSFT, execution_date=20240106T000000, start_date=20240306T151716, end_date=20240306T151717
[2024-03-06T12:17:17.787-0300] {local_task_job_runner.py:234} INFO - Task exited with return code 0
[2024-03-06T12:17:17.809-0300] {taskinstance.py:3309} INFO - 0 downstream tasks scheduled from follow-on schedule check
[2024-03-06T14:39:04.099-0300] {taskinstance.py:1979} INFO - Dependencies all met for dep_context=non-requeueable deps ti=<TaskInstance: get_stocks_dag.MSFT scheduled__2024-01-06T00:00:00+00:00 [queued]>
[2024-03-06T14:39:04.112-0300] {taskinstance.py:1979} INFO - Dependencies all met for dep_context=requeueable deps ti=<TaskInstance: get_stocks_dag.MSFT scheduled__2024-01-06T00:00:00+00:00 [queued]>
[2024-03-06T14:39:04.113-0300] {taskinstance.py:2193} INFO - Starting attempt 1 of 1
[2024-03-06T14:39:04.128-0300] {taskinstance.py:2214} INFO - Executing <Task(_PythonDecoratedOperator): MSFT> on 2024-01-06 00:00:00+00:00
[2024-03-06T14:39:04.132-0300] {standard_task_runner.py:60} INFO - Started process 83235 to run task
[2024-03-06T14:39:04.136-0300] {standard_task_runner.py:87} INFO - Running: ['airflow', 'tasks', 'run', 'get_stocks_dag', 'MSFT', 'scheduled__2024-01-06T00:00:00+00:00', '--job-id', '271', '--raw', '--subdir', 'DAGS_FOLDER/get_stoks.py', '--cfg-path', '/tmp/tmpad0zflwh']
[2024-03-06T14:39:04.138-0300] {standard_task_runner.py:88} INFO - Job 271: Subtask MSFT
[2024-03-06T14:39:04.203-0300] {task_command.py:423} INFO - Running <TaskInstance: get_stocks_dag.MSFT scheduled__2024-01-06T00:00:00+00:00 [running]> on host BITL0401.
[2024-03-06T14:39:04.312-0300] {taskinstance.py:2510} INFO - Exporting env vars: AIRFLOW_CTX_DAG_OWNER='airflow' AIRFLOW_CTX_DAG_ID='get_stocks_dag' AIRFLOW_CTX_TASK_ID='MSFT' AIRFLOW_CTX_EXECUTION_DATE='2024-01-06T00:00:00+00:00' AIRFLOW_CTX_TRY_NUMBER='1' AIRFLOW_CTX_DAG_RUN_ID='scheduled__2024-01-06T00:00:00+00:00'
[2024-03-06T14:39:05.310-0300] {python.py:202} INFO - Done. Returned value was: None
[2024-03-06T14:39:05.325-0300] {taskinstance.py:1149} INFO - Marking task as SUCCESS. dag_id=get_stocks_dag, task_id=MSFT, execution_date=20240106T000000, start_date=20240306T173904, end_date=20240306T173905
[2024-03-06T14:39:05.354-0300] {local_task_job_runner.py:234} INFO - Task exited with return code 0
[2024-03-06T14:39:05.376-0300] {taskinstance.py:3309} INFO - 0 downstream tasks scheduled from follow-on schedule check
[2024-03-06T14:49:21.289-0300] {taskinstance.py:1979} INFO - Dependencies all met for dep_context=non-requeueable deps ti=<TaskInstance: get_stocks_dag.MSFT scheduled__2024-01-06T00:00:00+00:00 [queued]>
[2024-03-06T14:49:21.303-0300] {taskinstance.py:1979} INFO - Dependencies all met for dep_context=requeueable deps ti=<TaskInstance: get_stocks_dag.MSFT scheduled__2024-01-06T00:00:00+00:00 [queued]>
[2024-03-06T14:49:21.304-0300] {taskinstance.py:2193} INFO - Starting attempt 1 of 1
[2024-03-06T14:49:21.320-0300] {taskinstance.py:2214} INFO - Executing <Task(_PythonDecoratedOperator): MSFT> on 2024-01-06 00:00:00+00:00
[2024-03-06T14:49:21.324-0300] {standard_task_runner.py:60} INFO - Started process 86926 to run task
[2024-03-06T14:49:21.327-0300] {standard_task_runner.py:87} INFO - Running: ['airflow', 'tasks', 'run', 'get_stocks_dag', 'MSFT', 'scheduled__2024-01-06T00:00:00+00:00', '--job-id', '297', '--raw', '--subdir', 'DAGS_FOLDER/get_stoks.py', '--cfg-path', '/tmp/tmp6o7x_s2i']
[2024-03-06T14:49:21.329-0300] {standard_task_runner.py:88} INFO - Job 297: Subtask MSFT
[2024-03-06T14:49:21.399-0300] {task_command.py:423} INFO - Running <TaskInstance: get_stocks_dag.MSFT scheduled__2024-01-06T00:00:00+00:00 [running]> on host BITL0401.
[2024-03-06T14:49:21.498-0300] {taskinstance.py:2510} INFO - Exporting env vars: AIRFLOW_CTX_DAG_OWNER='airflow' AIRFLOW_CTX_DAG_ID='get_stocks_dag' AIRFLOW_CTX_TASK_ID='MSFT' AIRFLOW_CTX_EXECUTION_DATE='2024-01-06T00:00:00+00:00' AIRFLOW_CTX_TRY_NUMBER='1' AIRFLOW_CTX_DAG_RUN_ID='scheduled__2024-01-06T00:00:00+00:00'
[2024-03-06T14:49:22.184-0300] {python.py:202} INFO - Done. Returned value was: None
[2024-03-06T14:49:22.200-0300] {taskinstance.py:1149} INFO - Marking task as SUCCESS. dag_id=get_stocks_dag, task_id=MSFT, execution_date=20240106T000000, start_date=20240306T174921, end_date=20240306T174922
[2024-03-06T14:49:22.224-0300] {local_task_job_runner.py:234} INFO - Task exited with return code 0
[2024-03-06T14:49:22.246-0300] {taskinstance.py:3309} INFO - 0 downstream tasks scheduled from follow-on schedule check
