[2024-03-06T10:59:33.470-0300] {taskinstance.py:1979} INFO - Dependencies all met for dep_context=non-requeueable deps ti=<TaskInstance: get_stocks_dag.TSLA scheduled__2024-01-05T00:00:00+00:00 [queued]>
[2024-03-06T10:59:33.477-0300] {taskinstance.py:1979} INFO - Dependencies all met for dep_context=requeueable deps ti=<TaskInstance: get_stocks_dag.TSLA scheduled__2024-01-05T00:00:00+00:00 [queued]>
[2024-03-06T10:59:33.477-0300] {taskinstance.py:2193} INFO - Starting attempt 1 of 1
[2024-03-06T10:59:33.491-0300] {taskinstance.py:2214} INFO - Executing <Task(_PythonDecoratedOperator): TSLA> on 2024-01-05 00:00:00+00:00
[2024-03-06T10:59:33.495-0300] {standard_task_runner.py:60} INFO - Started process 19171 to run task
[2024-03-06T10:59:33.498-0300] {standard_task_runner.py:87} INFO - Running: ['airflow', 'tasks', 'run', 'get_stocks_dag', 'TSLA', 'scheduled__2024-01-05T00:00:00+00:00', '--job-id', '24', '--raw', '--subdir', 'DAGS_FOLDER/get_stoks.py', '--cfg-path', '/tmp/tmpvx6up42k']
[2024-03-06T10:59:33.499-0300] {standard_task_runner.py:88} INFO - Job 24: Subtask TSLA
[2024-03-06T10:59:33.531-0300] {task_command.py:423} INFO - Running <TaskInstance: get_stocks_dag.TSLA scheduled__2024-01-05T00:00:00+00:00 [running]> on host BITL0401.
[2024-03-06T10:59:33.585-0300] {taskinstance.py:2510} INFO - Exporting env vars: AIRFLOW_CTX_DAG_OWNER='airflow' AIRFLOW_CTX_DAG_ID='get_stocks_dag' AIRFLOW_CTX_TASK_ID='TSLA' AIRFLOW_CTX_EXECUTION_DATE='2024-01-05T00:00:00+00:00' AIRFLOW_CTX_TRY_NUMBER='1' AIRFLOW_CTX_DAG_RUN_ID='scheduled__2024-01-05T00:00:00+00:00'
[2024-03-06T10:59:34.226-0300] {python.py:202} INFO - Done. Returned value was: None
[2024-03-06T10:59:34.229-0300] {taskinstance.py:1149} INFO - Marking task as SUCCESS. dag_id=get_stocks_dag, task_id=TSLA, execution_date=20240105T000000, start_date=20240306T135933, end_date=20240306T135934
[2024-03-06T10:59:34.275-0300] {local_task_job_runner.py:234} INFO - Task exited with return code 0
[2024-03-06T10:59:34.285-0300] {taskinstance.py:3309} INFO - 0 downstream tasks scheduled from follow-on schedule check
[2024-03-06T12:04:08.441-0300] {taskinstance.py:1979} INFO - Dependencies all met for dep_context=non-requeueable deps ti=<TaskInstance: get_stocks_dag.TSLA scheduled__2024-01-05T00:00:00+00:00 [queued]>
[2024-03-06T12:04:08.510-0300] {taskinstance.py:1979} INFO - Dependencies all met for dep_context=requeueable deps ti=<TaskInstance: get_stocks_dag.TSLA scheduled__2024-01-05T00:00:00+00:00 [queued]>
[2024-03-06T12:04:08.511-0300] {taskinstance.py:2193} INFO - Starting attempt 1 of 1
[2024-03-06T12:04:08.578-0300] {taskinstance.py:2214} INFO - Executing <Task(_PythonDecoratedOperator): TSLA> on 2024-01-05 00:00:00+00:00
[2024-03-06T12:04:08.655-0300] {standard_task_runner.py:60} INFO - Started process 39027 to run task
[2024-03-06T12:04:08.732-0300] {standard_task_runner.py:87} INFO - Running: ['airflow', 'tasks', 'run', 'get_stocks_dag', 'TSLA', 'scheduled__2024-01-05T00:00:00+00:00', '--job-id', '16', '--raw', '--subdir', 'DAGS_FOLDER/get_stoks.py', '--cfg-path', '/tmp/tmpcqhmdq2x']
[2024-03-06T12:04:08.737-0300] {standard_task_runner.py:88} INFO - Job 16: Subtask TSLA
[2024-03-06T12:04:09.420-0300] {task_command.py:423} INFO - Running <TaskInstance: get_stocks_dag.TSLA scheduled__2024-01-05T00:00:00+00:00 [running]> on host BITL0401.
[2024-03-06T12:04:10.021-0300] {taskinstance.py:2510} INFO - Exporting env vars: AIRFLOW_CTX_DAG_OWNER='airflow' AIRFLOW_CTX_DAG_ID='get_stocks_dag' AIRFLOW_CTX_TASK_ID='TSLA' AIRFLOW_CTX_EXECUTION_DATE='2024-01-05T00:00:00+00:00' AIRFLOW_CTX_TRY_NUMBER='1' AIRFLOW_CTX_DAG_RUN_ID='scheduled__2024-01-05T00:00:00+00:00'
[2024-03-06T12:04:12.220-0300] {python.py:202} INFO - Done. Returned value was: None
[2024-03-06T12:04:14.178-0300] {taskinstance.py:1149} INFO - Marking task as SUCCESS. dag_id=get_stocks_dag, task_id=TSLA, execution_date=20240105T000000, start_date=20240306T150408, end_date=20240306T150414
[2024-03-06T12:04:15.480-0300] {local_task_job_runner.py:234} INFO - Task exited with return code 0
[2024-03-06T12:04:15.560-0300] {taskinstance.py:3309} INFO - 0 downstream tasks scheduled from follow-on schedule check
[2024-03-06T12:15:34.731-0300] {taskinstance.py:1979} INFO - Dependencies all met for dep_context=non-requeueable deps ti=<TaskInstance: get_stocks_dag.TSLA scheduled__2024-01-05T00:00:00+00:00 [queued]>
[2024-03-06T12:15:34.755-0300] {taskinstance.py:1979} INFO - Dependencies all met for dep_context=requeueable deps ti=<TaskInstance: get_stocks_dag.TSLA scheduled__2024-01-05T00:00:00+00:00 [queued]>
[2024-03-06T12:15:34.755-0300] {taskinstance.py:2193} INFO - Starting attempt 1 of 1
[2024-03-06T12:15:34.795-0300] {taskinstance.py:2214} INFO - Executing <Task(_PythonDecoratedOperator): TSLA> on 2024-01-05 00:00:00+00:00
[2024-03-06T12:15:34.811-0300] {standard_task_runner.py:60} INFO - Started process 46550 to run task
[2024-03-06T12:15:34.832-0300] {standard_task_runner.py:87} INFO - Running: ['airflow', 'tasks', 'run', 'get_stocks_dag', 'TSLA', 'scheduled__2024-01-05T00:00:00+00:00', '--job-id', '152', '--raw', '--subdir', 'DAGS_FOLDER/get_stoks.py', '--cfg-path', '/tmp/tmpalkcw063']
[2024-03-06T12:15:34.836-0300] {standard_task_runner.py:88} INFO - Job 152: Subtask TSLA
[2024-03-06T12:15:35.088-0300] {task_command.py:423} INFO - Running <TaskInstance: get_stocks_dag.TSLA scheduled__2024-01-05T00:00:00+00:00 [running]> on host BITL0401.
[2024-03-06T12:15:35.406-0300] {taskinstance.py:2510} INFO - Exporting env vars: AIRFLOW_CTX_DAG_OWNER='airflow' AIRFLOW_CTX_DAG_ID='get_stocks_dag' AIRFLOW_CTX_TASK_ID='TSLA' AIRFLOW_CTX_EXECUTION_DATE='2024-01-05T00:00:00+00:00' AIRFLOW_CTX_TRY_NUMBER='1' AIRFLOW_CTX_DAG_RUN_ID='scheduled__2024-01-05T00:00:00+00:00'
[2024-03-06T12:15:39.029-0300] {python.py:202} INFO - Done. Returned value was: None
[2024-03-06T12:15:40.976-0300] {taskinstance.py:1149} INFO - Marking task as SUCCESS. dag_id=get_stocks_dag, task_id=TSLA, execution_date=20240105T000000, start_date=20240306T151534, end_date=20240306T151540
[2024-03-06T12:15:41.202-0300] {local_task_job_runner.py:234} INFO - Task exited with return code 0
[2024-03-06T12:15:41.331-0300] {taskinstance.py:3309} INFO - 0 downstream tasks scheduled from follow-on schedule check
[2024-03-06T12:17:13.210-0300] {taskinstance.py:1979} INFO - Dependencies all met for dep_context=non-requeueable deps ti=<TaskInstance: get_stocks_dag.TSLA scheduled__2024-01-05T00:00:00+00:00 [queued]>
[2024-03-06T12:17:13.221-0300] {taskinstance.py:1979} INFO - Dependencies all met for dep_context=requeueable deps ti=<TaskInstance: get_stocks_dag.TSLA scheduled__2024-01-05T00:00:00+00:00 [queued]>
[2024-03-06T12:17:13.221-0300] {taskinstance.py:2193} INFO - Starting attempt 1 of 1
[2024-03-06T12:17:13.234-0300] {taskinstance.py:2214} INFO - Executing <Task(_PythonDecoratedOperator): TSLA> on 2024-01-05 00:00:00+00:00
[2024-03-06T12:17:13.239-0300] {standard_task_runner.py:60} INFO - Started process 49027 to run task
[2024-03-06T12:17:13.241-0300] {standard_task_runner.py:87} INFO - Running: ['airflow', 'tasks', 'run', 'get_stocks_dag', 'TSLA', 'scheduled__2024-01-05T00:00:00+00:00', '--job-id', '216', '--raw', '--subdir', 'DAGS_FOLDER/get_stoks.py', '--cfg-path', '/tmp/tmppob1jnrk']
[2024-03-06T12:17:13.243-0300] {standard_task_runner.py:88} INFO - Job 216: Subtask TSLA
[2024-03-06T12:17:13.308-0300] {task_command.py:423} INFO - Running <TaskInstance: get_stocks_dag.TSLA scheduled__2024-01-05T00:00:00+00:00 [running]> on host BITL0401.
[2024-03-06T12:17:13.414-0300] {taskinstance.py:2510} INFO - Exporting env vars: AIRFLOW_CTX_DAG_OWNER='airflow' AIRFLOW_CTX_DAG_ID='get_stocks_dag' AIRFLOW_CTX_TASK_ID='TSLA' AIRFLOW_CTX_EXECUTION_DATE='2024-01-05T00:00:00+00:00' AIRFLOW_CTX_TRY_NUMBER='1' AIRFLOW_CTX_DAG_RUN_ID='scheduled__2024-01-05T00:00:00+00:00'
[2024-03-06T12:17:13.939-0300] {python.py:202} INFO - Done. Returned value was: None
[2024-03-06T12:17:13.956-0300] {taskinstance.py:1149} INFO - Marking task as SUCCESS. dag_id=get_stocks_dag, task_id=TSLA, execution_date=20240105T000000, start_date=20240306T151713, end_date=20240306T151713
[2024-03-06T12:17:14.018-0300] {local_task_job_runner.py:234} INFO - Task exited with return code 0
[2024-03-06T12:17:14.040-0300] {taskinstance.py:3309} INFO - 0 downstream tasks scheduled from follow-on schedule check
[2024-03-06T14:38:51.594-0300] {taskinstance.py:1979} INFO - Dependencies all met for dep_context=non-requeueable deps ti=<TaskInstance: get_stocks_dag.TSLA scheduled__2024-01-05T00:00:00+00:00 [queued]>
[2024-03-06T14:38:51.606-0300] {taskinstance.py:1979} INFO - Dependencies all met for dep_context=requeueable deps ti=<TaskInstance: get_stocks_dag.TSLA scheduled__2024-01-05T00:00:00+00:00 [queued]>
[2024-03-06T14:38:51.607-0300] {taskinstance.py:2193} INFO - Starting attempt 1 of 1
[2024-03-06T14:38:51.623-0300] {taskinstance.py:2214} INFO - Executing <Task(_PythonDecoratedOperator): TSLA> on 2024-01-05 00:00:00+00:00
[2024-03-06T14:38:51.627-0300] {standard_task_runner.py:60} INFO - Started process 82961 to run task
[2024-03-06T14:38:51.630-0300] {standard_task_runner.py:87} INFO - Running: ['airflow', 'tasks', 'run', 'get_stocks_dag', 'TSLA', 'scheduled__2024-01-05T00:00:00+00:00', '--job-id', '264', '--raw', '--subdir', 'DAGS_FOLDER/get_stoks.py', '--cfg-path', '/tmp/tmplpmh1_0n']
[2024-03-06T14:38:51.632-0300] {standard_task_runner.py:88} INFO - Job 264: Subtask TSLA
[2024-03-06T14:38:51.697-0300] {task_command.py:423} INFO - Running <TaskInstance: get_stocks_dag.TSLA scheduled__2024-01-05T00:00:00+00:00 [running]> on host BITL0401.
[2024-03-06T14:38:51.801-0300] {taskinstance.py:2510} INFO - Exporting env vars: AIRFLOW_CTX_DAG_OWNER='airflow' AIRFLOW_CTX_DAG_ID='get_stocks_dag' AIRFLOW_CTX_TASK_ID='TSLA' AIRFLOW_CTX_EXECUTION_DATE='2024-01-05T00:00:00+00:00' AIRFLOW_CTX_TRY_NUMBER='1' AIRFLOW_CTX_DAG_RUN_ID='scheduled__2024-01-05T00:00:00+00:00'
[2024-03-06T14:38:52.969-0300] {python.py:202} INFO - Done. Returned value was: None
[2024-03-06T14:38:52.985-0300] {taskinstance.py:1149} INFO - Marking task as SUCCESS. dag_id=get_stocks_dag, task_id=TSLA, execution_date=20240105T000000, start_date=20240306T173851, end_date=20240306T173852
[2024-03-06T14:38:53.012-0300] {local_task_job_runner.py:234} INFO - Task exited with return code 0
[2024-03-06T14:38:53.035-0300] {taskinstance.py:3309} INFO - 0 downstream tasks scheduled from follow-on schedule check
[2024-03-06T14:49:18.691-0300] {taskinstance.py:1979} INFO - Dependencies all met for dep_context=non-requeueable deps ti=<TaskInstance: get_stocks_dag.TSLA scheduled__2024-01-05T00:00:00+00:00 [queued]>
[2024-03-06T14:49:18.703-0300] {taskinstance.py:1979} INFO - Dependencies all met for dep_context=requeueable deps ti=<TaskInstance: get_stocks_dag.TSLA scheduled__2024-01-05T00:00:00+00:00 [queued]>
[2024-03-06T14:49:18.704-0300] {taskinstance.py:2193} INFO - Starting attempt 1 of 1
[2024-03-06T14:49:18.719-0300] {taskinstance.py:2214} INFO - Executing <Task(_PythonDecoratedOperator): TSLA> on 2024-01-05 00:00:00+00:00
[2024-03-06T14:49:18.723-0300] {standard_task_runner.py:60} INFO - Started process 86871 to run task
[2024-03-06T14:49:18.726-0300] {standard_task_runner.py:87} INFO - Running: ['airflow', 'tasks', 'run', 'get_stocks_dag', 'TSLA', 'scheduled__2024-01-05T00:00:00+00:00', '--job-id', '295', '--raw', '--subdir', 'DAGS_FOLDER/get_stoks.py', '--cfg-path', '/tmp/tmp8w9nebfk']
[2024-03-06T14:49:18.727-0300] {standard_task_runner.py:88} INFO - Job 295: Subtask TSLA
[2024-03-06T14:49:18.795-0300] {task_command.py:423} INFO - Running <TaskInstance: get_stocks_dag.TSLA scheduled__2024-01-05T00:00:00+00:00 [running]> on host BITL0401.
[2024-03-06T14:49:18.904-0300] {taskinstance.py:2510} INFO - Exporting env vars: AIRFLOW_CTX_DAG_OWNER='airflow' AIRFLOW_CTX_DAG_ID='get_stocks_dag' AIRFLOW_CTX_TASK_ID='TSLA' AIRFLOW_CTX_EXECUTION_DATE='2024-01-05T00:00:00+00:00' AIRFLOW_CTX_TRY_NUMBER='1' AIRFLOW_CTX_DAG_RUN_ID='scheduled__2024-01-05T00:00:00+00:00'
[2024-03-06T14:49:19.405-0300] {python.py:202} INFO - Done. Returned value was: None
[2024-03-06T14:49:19.420-0300] {taskinstance.py:1149} INFO - Marking task as SUCCESS. dag_id=get_stocks_dag, task_id=TSLA, execution_date=20240105T000000, start_date=20240306T174918, end_date=20240306T174919
[2024-03-06T14:49:19.461-0300] {local_task_job_runner.py:234} INFO - Task exited with return code 0
[2024-03-06T14:49:19.482-0300] {taskinstance.py:3309} INFO - 0 downstream tasks scheduled from follow-on schedule check
