[2024-03-06T11:01:55.070-0300] {taskinstance.py:1979} INFO - Dependencies all met for dep_context=non-requeueable deps ti=<TaskInstance: get_stocks_dag.TSLA scheduled__2024-01-23T00:00:00+00:00 [queued]>
[2024-03-06T11:01:55.075-0300] {taskinstance.py:1979} INFO - Dependencies all met for dep_context=requeueable deps ti=<TaskInstance: get_stocks_dag.TSLA scheduled__2024-01-23T00:00:00+00:00 [queued]>
[2024-03-06T11:01:55.075-0300] {taskinstance.py:2193} INFO - Starting attempt 1 of 1
[2024-03-06T11:01:55.090-0300] {taskinstance.py:2214} INFO - Executing <Task(_PythonDecoratedOperator): TSLA> on 2024-01-23 00:00:00+00:00
[2024-03-06T11:01:55.095-0300] {standard_task_runner.py:60} INFO - Started process 20292 to run task
[2024-03-06T11:01:55.097-0300] {standard_task_runner.py:87} INFO - Running: ['airflow', 'tasks', 'run', 'get_stocks_dag', 'TSLA', 'scheduled__2024-01-23T00:00:00+00:00', '--job-id', '72', '--raw', '--subdir', 'DAGS_FOLDER/get_stoks.py', '--cfg-path', '/tmp/tmpnbwe7yxv']
[2024-03-06T11:01:55.098-0300] {standard_task_runner.py:88} INFO - Job 72: Subtask TSLA
[2024-03-06T11:01:55.129-0300] {task_command.py:423} INFO - Running <TaskInstance: get_stocks_dag.TSLA scheduled__2024-01-23T00:00:00+00:00 [running]> on host BITL0401.
[2024-03-06T11:01:55.182-0300] {taskinstance.py:2510} INFO - Exporting env vars: AIRFLOW_CTX_DAG_OWNER='airflow' AIRFLOW_CTX_DAG_ID='get_stocks_dag' AIRFLOW_CTX_TASK_ID='TSLA' AIRFLOW_CTX_EXECUTION_DATE='2024-01-23T00:00:00+00:00' AIRFLOW_CTX_TRY_NUMBER='1' AIRFLOW_CTX_DAG_RUN_ID='scheduled__2024-01-23T00:00:00+00:00'
[2024-03-06T11:01:55.705-0300] {python.py:202} INFO - Done. Returned value was: None
[2024-03-06T11:01:55.709-0300] {taskinstance.py:1149} INFO - Marking task as SUCCESS. dag_id=get_stocks_dag, task_id=TSLA, execution_date=20240123T000000, start_date=20240306T140155, end_date=20240306T140155
[2024-03-06T11:01:55.755-0300] {local_task_job_runner.py:234} INFO - Task exited with return code 0
[2024-03-06T11:01:55.765-0300] {taskinstance.py:3309} INFO - 0 downstream tasks scheduled from follow-on schedule check
[2024-03-06T12:04:39.867-0300] {taskinstance.py:1979} INFO - Dependencies all met for dep_context=non-requeueable deps ti=<TaskInstance: get_stocks_dag.TSLA scheduled__2024-01-23T00:00:00+00:00 [queued]>
[2024-03-06T12:04:39.919-0300] {taskinstance.py:1979} INFO - Dependencies all met for dep_context=requeueable deps ti=<TaskInstance: get_stocks_dag.TSLA scheduled__2024-01-23T00:00:00+00:00 [queued]>
[2024-03-06T12:04:39.920-0300] {taskinstance.py:2193} INFO - Starting attempt 1 of 1
[2024-03-06T12:04:39.970-0300] {taskinstance.py:2214} INFO - Executing <Task(_PythonDecoratedOperator): TSLA> on 2024-01-23 00:00:00+00:00
[2024-03-06T12:04:39.981-0300] {standard_task_runner.py:60} INFO - Started process 40938 to run task
[2024-03-06T12:04:39.989-0300] {standard_task_runner.py:87} INFO - Running: ['airflow', 'tasks', 'run', 'get_stocks_dag', 'TSLA', 'scheduled__2024-01-23T00:00:00+00:00', '--job-id', '65', '--raw', '--subdir', 'DAGS_FOLDER/get_stoks.py', '--cfg-path', '/tmp/tmpk5ijpd1f']
[2024-03-06T12:04:39.992-0300] {standard_task_runner.py:88} INFO - Job 65: Subtask TSLA
[2024-03-06T12:04:40.194-0300] {task_command.py:423} INFO - Running <TaskInstance: get_stocks_dag.TSLA scheduled__2024-01-23T00:00:00+00:00 [running]> on host BITL0401.
[2024-03-06T12:04:40.599-0300] {taskinstance.py:2510} INFO - Exporting env vars: AIRFLOW_CTX_DAG_OWNER='airflow' AIRFLOW_CTX_DAG_ID='get_stocks_dag' AIRFLOW_CTX_TASK_ID='TSLA' AIRFLOW_CTX_EXECUTION_DATE='2024-01-23T00:00:00+00:00' AIRFLOW_CTX_TRY_NUMBER='1' AIRFLOW_CTX_DAG_RUN_ID='scheduled__2024-01-23T00:00:00+00:00'
[2024-03-06T12:04:41.454-0300] {python.py:202} INFO - Done. Returned value was: None
[2024-03-06T12:04:41.474-0300] {taskinstance.py:1149} INFO - Marking task as SUCCESS. dag_id=get_stocks_dag, task_id=TSLA, execution_date=20240123T000000, start_date=20240306T150439, end_date=20240306T150441
[2024-03-06T12:04:41.540-0300] {local_task_job_runner.py:234} INFO - Task exited with return code 0
[2024-03-06T12:04:41.566-0300] {taskinstance.py:3309} INFO - 0 downstream tasks scheduled from follow-on schedule check
