[2024-03-05T16:06:31.220-0300] {manager.py:469} INFO - Processing files using up to 1 processes at a time 
[2024-03-05T16:06:31.220-0300] {manager.py:470} INFO - Process each file at most once every 30 seconds
[2024-03-05T16:06:31.221-0300] {manager.py:471} INFO - Checking for new files in /home/luan/Documents/airflow-executores-local-celery/dags every 300 seconds
[2024-03-05T16:06:31.221-0300] {manager.py:738} INFO - Searching for files in /home/luan/Documents/airflow-executores-local-celery/dags
[2024-03-05T16:06:31.230-0300] {manager.py:741} INFO - There are 48 files in /home/luan/Documents/airflow-executores-local-celery/dags
[2024-03-05T16:06:31.537-0300] {manager.py:879} INFO - 
================================================================================
DAG File Processing Stats

File Path                                                                                                                                                              PID    Runtime      # DAGs    # Errors  Last Runtime    Last Run
---------------------------------------------------------------------------------------------------------------------------------------------------------------------  -----  ---------  --------  ----------  --------------  -------------------
/home/luan/Documents/airflow-executores-local-celery/venv/lib/python3.9/site-packages/airflow/example_dags/example_branch_labels.py                                                             1           0  0.10s           2024-03-05T19:06:31
/home/luan/Documents/airflow-executores-local-celery/venv/lib/python3.9/site-packages/airflow/example_dags/example_latest_only_with_trigger.py                                                  0           0
/home/luan/Documents/airflow-executores-local-celery/venv/lib/python3.9/site-packages/airflow/example_dags/example_branch_python_dop_operator_3.py                                              0           0
/home/luan/Documents/airflow-executores-local-celery/venv/lib/python3.9/site-packages/airflow/example_dags/example_short_circuit_operator.py                                                    0           0
/home/luan/Documents/airflow-executores-local-celery/venv/lib/python3.9/site-packages/airflow/example_dags/example_sensors.py                                                                   0           0
/home/luan/Documents/airflow-executores-local-celery/venv/lib/python3.9/site-packages/airflow/example_dags/example_dynamic_task_mapping_with_no_taskflow_operators.py                           0           0
/home/luan/Documents/airflow-executores-local-celery/venv/lib/python3.9/site-packages/airflow/example_dags/example_bash_operator.py                                                             0           0
/home/luan/Documents/airflow-executores-local-celery/venv/lib/python3.9/site-packages/airflow/example_dags/example_external_task_marker_dag.py                                                  0           0
/home/luan/Documents/airflow-executores-local-celery/venv/lib/python3.9/site-packages/airflow/example_dags/example_trigger_target_dag.py                                                        0           0
/home/luan/Documents/airflow-executores-local-celery/venv/lib/python3.9/site-packages/airflow/example_dags/example_passing_params_via_test_command.py                                           0           0
/home/luan/Documents/airflow-executores-local-celery/venv/lib/python3.9/site-packages/airflow/example_dags/example_branch_day_of_week_operator.py                                               0           0
/home/luan/Documents/airflow-executores-local-celery/venv/lib/python3.9/site-packages/airflow/example_dags/example_sla_dag.py                                                                   0           0
/home/luan/Documents/airflow-executores-local-celery/venv/lib/python3.9/site-packages/airflow/example_dags/example_setup_teardown_taskflow.py                                                   0           0
/home/luan/Documents/airflow-executores-local-celery/venv/lib/python3.9/site-packages/airflow/example_dags/example_trigger_controller_dag.py                                                    0           0
/home/luan/Documents/airflow-executores-local-celery/venv/lib/python3.9/site-packages/airflow/example_dags/example_params_ui_tutorial.py                                                        0           0
/home/luan/Documents/airflow-executores-local-celery/venv/lib/python3.9/site-packages/airflow/example_dags/example_xcomargs.py                                                                  0           0
/home/luan/Documents/airflow-executores-local-celery/venv/lib/python3.9/site-packages/airflow/example_dags/tutorial_taskflow_api.py                                                             0           0
/home/luan/Documents/airflow-executores-local-celery/venv/lib/python3.9/site-packages/airflow/example_dags/example_python_decorator.py                                                          0           0
/home/luan/Documents/airflow-executores-local-celery/venv/lib/python3.9/site-packages/airflow/example_dags/example_task_group.py                                                                0           0
/home/luan/Documents/airflow-executores-local-celery/venv/lib/python3.9/site-packages/airflow/example_dags/example_skip_dag.py                                                                  0           0
/home/luan/Documents/airflow-executores-local-celery/venv/lib/python3.9/site-packages/airflow/example_dags/example_branch_datetime_operator.py                                                  0           0
/home/luan/Documents/airflow-executores-local-celery/venv/lib/python3.9/site-packages/airflow/example_dags/example_datasets.py                                                                  0           0
/home/luan/Documents/airflow-executores-local-celery/venv/lib/python3.9/site-packages/airflow/example_dags/example_branch_operator_decorator.py                                                 0           0
/home/luan/Documents/airflow-executores-local-celery/venv/lib/python3.9/site-packages/airflow/example_dags/example_sensor_decorator.py                                                          0           0
/home/luan/Documents/airflow-executores-local-celery/venv/lib/python3.9/site-packages/airflow/example_dags/example_setup_teardown.py                                                            0           0
/home/luan/Documents/airflow-executores-local-celery/venv/lib/python3.9/site-packages/airflow/example_dags/example_kubernetes_executor.py                                                       0           0
/home/luan/Documents/airflow-executores-local-celery/venv/lib/python3.9/site-packages/airflow/example_dags/example_time_delta_sensor_async.py                                                   0           0
/home/luan/Documents/airflow-executores-local-celery/venv/lib/python3.9/site-packages/airflow/example_dags/tutorial_dag.py                                                                      0           0
/home/luan/Documents/airflow-executores-local-celery/venv/lib/python3.9/site-packages/airflow/example_dags/example_task_group_decorator.py                                                      0           0
/home/luan/Documents/airflow-executores-local-celery/venv/lib/python3.9/site-packages/airflow/example_dags/example_nested_branch_dag.py                                                         0           0
/home/luan/Documents/airflow-executores-local-celery/venv/lib/python3.9/site-packages/airflow/example_dags/example_complex.py                                                                   0           0
/home/luan/Documents/airflow-executores-local-celery/venv/lib/python3.9/site-packages/airflow/example_dags/example_branch_operator.py                                                           0           0
/home/luan/Documents/airflow-executores-local-celery/venv/lib/python3.9/site-packages/airflow/example_dags/example_xcom.py                                                                      0           0
/home/luan/Documents/airflow-executores-local-celery/venv/lib/python3.9/site-packages/airflow/example_dags/example_params_trigger_ui.py                                                         0           0
/home/luan/Documents/airflow-executores-local-celery/venv/lib/python3.9/site-packages/airflow/example_dags/tutorial_taskflow_api_virtualenv.py                                                  0           0
/home/luan/Documents/airflow-executores-local-celery/venv/lib/python3.9/site-packages/airflow/example_dags/example_subdag_operator.py                                                           0           0
/home/luan/Documents/airflow-executores-local-celery/venv/lib/python3.9/site-packages/airflow/example_dags/example_dag_decorator.py                                                             0           0
/home/luan/Documents/airflow-executores-local-celery/venv/lib/python3.9/site-packages/airflow/example_dags/tutorial_objectstorage.py                                                            0           0
/home/luan/Documents/airflow-executores-local-celery/venv/lib/python3.9/site-packages/airflow/example_dags/example_python_operator.py                                                           0           0
/home/luan/Documents/airflow-executores-local-celery/venv/lib/python3.9/site-packages/airflow/example_dags/tutorial.py                                                                          0           0
/home/luan/Documents/airflow-executores-local-celery/venv/lib/python3.9/site-packages/airflow/example_dags/example_short_circuit_decorator.py                                                   0           0
/home/luan/Documents/airflow-executores-local-celery/venv/lib/python3.9/site-packages/airflow/example_dags/example_dynamic_task_mapping.py                                                      0           0
/home/luan/Documents/airflow-executores-local-celery/venv/lib/python3.9/site-packages/airflow/example_dags/example_local_kubernetes_executor.py                                                 0           0
/home/luan/Documents/airflow-executores-local-celery/venv/lib/python3.9/site-packages/airflow/example_dags/example_latest_only.py                                                               0           0
/home/luan/Documents/airflow-executores-local-celery/venv/lib/python3.9/site-packages/airflow/example_dags/subdags/subdag.py                                                                    0           0
/home/luan/Documents/airflow-executores-local-celery/venv/lib/python3.9/site-packages/airflow/example_dags/plugins/workday.py                                                                   0           0
/home/luan/Documents/airflow-executores-local-celery/venv/lib/python3.9/site-packages/airflow/example_dags/plugins/event_listener.py                                                            0           0
/home/luan/Documents/airflow-executores-local-celery/venv/lib/python3.9/site-packages/airflow/example_dags/plugins/listener_plugin.py                                                           0           0
================================================================================
[2024-03-05T16:07:01.623-0300] {manager.py:879} INFO - 
================================================================================
DAG File Processing Stats

File Path                                                                                                                                                              PID    Runtime      # DAGs    # Errors  Last Runtime    Last Run
---------------------------------------------------------------------------------------------------------------------------------------------------------------------  -----  ---------  --------  ----------  --------------  -------------------
/home/luan/Documents/airflow-executores-local-celery/venv/lib/python3.9/site-packages/airflow/example_dags/example_short_circuit_operator.py                                                    1           0  0.50s           2024-03-05T19:06:35
/home/luan/Documents/airflow-executores-local-celery/venv/lib/python3.9/site-packages/airflow/example_dags/example_complex.py                                                                   1           0  0.20s           2024-03-05T19:07:00
/home/luan/Documents/airflow-executores-local-celery/venv/lib/python3.9/site-packages/airflow/example_dags/example_python_decorator.py                                                          1           0  0.20s           2024-03-05T19:06:47
/home/luan/Documents/airflow-executores-local-celery/venv/lib/python3.9/site-packages/airflow/example_dags/example_latest_only_with_trigger.py                                                  1           0  0.20s           2024-03-05T19:06:32
/home/luan/Documents/airflow-executores-local-celery/venv/lib/python3.9/site-packages/airflow/example_dags/example_branch_operator.py                                                           0           1  0.20s           2024-03-05T19:07:01
/home/luan/Documents/airflow-executores-local-celery/venv/lib/python3.9/site-packages/airflow/example_dags/example_branch_operator_decorator.py                                                 0           1  0.20s           2024-03-05T19:06:51
/home/luan/Documents/airflow-executores-local-celery/venv/lib/python3.9/site-packages/airflow/example_dags/example_trigger_controller_dag.py                                                    1           0  0.10s           2024-03-05T19:06:44
/home/luan/Documents/airflow-executores-local-celery/venv/lib/python3.9/site-packages/airflow/example_dags/example_kubernetes_executor.py                                                       0           0  0.10s           2024-03-05T19:06:55
/home/luan/Documents/airflow-executores-local-celery/venv/lib/python3.9/site-packages/airflow/example_dags/example_task_group.py                                                                1           0  0.10s           2024-03-05T19:06:49
/home/luan/Documents/airflow-executores-local-celery/venv/lib/python3.9/site-packages/airflow/example_dags/example_sensor_decorator.py                                                          1           0  0.10s           2024-03-05T19:06:53
/home/luan/Documents/airflow-executores-local-celery/venv/lib/python3.9/site-packages/airflow/example_dags/example_branch_labels.py                                                             1           0  0.10s           2024-03-05T19:06:31
/home/luan/Documents/airflow-executores-local-celery/venv/lib/python3.9/site-packages/airflow/example_dags/example_bash_operator.py                                                             1           0  0.10s           2024-03-05T19:06:38
/home/luan/Documents/airflow-executores-local-celery/venv/lib/python3.9/site-packages/airflow/example_dags/example_setup_teardown.py                                                            1           0  0.10s           2024-03-05T19:06:54
/home/luan/Documents/airflow-executores-local-celery/venv/lib/python3.9/site-packages/airflow/example_dags/example_skip_dag.py                                                                  1           0  0.10s           2024-03-05T19:06:50
/home/luan/Documents/airflow-executores-local-celery/venv/lib/python3.9/site-packages/airflow/example_dags/example_xcomargs.py                                                                  2           0  0.10s           2024-03-05T19:06:46
/home/luan/Documents/airflow-executores-local-celery/venv/lib/python3.9/site-packages/airflow/example_dags/example_trigger_target_dag.py                                                        1           0  0.10s           2024-03-05T19:06:40
/home/luan/Documents/airflow-executores-local-celery/venv/lib/python3.9/site-packages/airflow/example_dags/tutorial_taskflow_api.py                                                             1           0  0.10s           2024-03-05T19:06:46
/home/luan/Documents/airflow-executores-local-celery/venv/lib/python3.9/site-packages/airflow/example_dags/example_sensors.py                                                                   1           0  0.10s           2024-03-05T19:06:36
/home/luan/Documents/airflow-executores-local-celery/venv/lib/python3.9/site-packages/airflow/example_dags/example_nested_branch_dag.py                                                         1           0  0.10s           2024-03-05T19:06:59
/home/luan/Documents/airflow-executores-local-celery/venv/lib/python3.9/site-packages/airflow/example_dags/example_passing_params_via_test_command.py                                           1           0  0.10s           2024-03-05T19:06:41
/home/luan/Documents/airflow-executores-local-celery/venv/lib/python3.9/site-packages/airflow/example_dags/tutorial_dag.py                                                                      1           0  0.10s           2024-03-05T19:06:57
/home/luan/Documents/airflow-executores-local-celery/venv/lib/python3.9/site-packages/airflow/example_dags/example_params_ui_tutorial.py                                                        1           0  0.10s           2024-03-05T19:06:46
/home/luan/Documents/airflow-executores-local-celery/venv/lib/python3.9/site-packages/airflow/example_dags/example_external_task_marker_dag.py                                                  2           0  0.10s           2024-03-05T19:06:39
/home/luan/Documents/airflow-executores-local-celery/venv/lib/python3.9/site-packages/airflow/example_dags/example_branch_datetime_operator.py                                                  3           0  0.10s           2024-03-05T19:06:51
/home/luan/Documents/airflow-executores-local-celery/venv/lib/python3.9/site-packages/airflow/example_dags/example_dynamic_task_mapping_with_no_taskflow_operators.py                           1           0  0.10s           2024-03-05T19:06:37
/home/luan/Documents/airflow-executores-local-celery/venv/lib/python3.9/site-packages/airflow/example_dags/example_branch_day_of_week_operator.py                                               1           0  0.10s           2024-03-05T19:06:41
/home/luan/Documents/airflow-executores-local-celery/venv/lib/python3.9/site-packages/airflow/example_dags/example_sla_dag.py                                                                   1           0  0.10s           2024-03-05T19:06:42
/home/luan/Documents/airflow-executores-local-celery/venv/lib/python3.9/site-packages/airflow/example_dags/example_task_group_decorator.py                                                      1           0  0.10s           2024-03-05T19:06:58
/home/luan/Documents/airflow-executores-local-celery/venv/lib/python3.9/site-packages/airflow/example_dags/example_time_delta_sensor_async.py                                                   1           0  0.10s           2024-03-05T19:06:56
/home/luan/Documents/airflow-executores-local-celery/venv/lib/python3.9/site-packages/airflow/example_dags/example_datasets.py                                                                  6           0  0.10s           2024-03-05T19:06:51
/home/luan/Documents/airflow-executores-local-celery/venv/lib/python3.9/site-packages/airflow/example_dags/example_setup_teardown_taskflow.py                                                   1           0  0.10s           2024-03-05T19:06:43
/home/luan/Documents/airflow-executores-local-celery/venv/lib/python3.9/site-packages/airflow/example_dags/example_branch_python_dop_operator_3.py                                              1           0  0.10s           2024-03-05T19:06:34
/home/luan/Documents/airflow-executores-local-celery/venv/lib/python3.9/site-packages/airflow/example_dags/example_xcom.py                                                                      0           0
/home/luan/Documents/airflow-executores-local-celery/venv/lib/python3.9/site-packages/airflow/example_dags/example_params_trigger_ui.py                                                         0           0
/home/luan/Documents/airflow-executores-local-celery/venv/lib/python3.9/site-packages/airflow/example_dags/tutorial_taskflow_api_virtualenv.py                                                  0           0
/home/luan/Documents/airflow-executores-local-celery/venv/lib/python3.9/site-packages/airflow/example_dags/example_subdag_operator.py                                                           0           0
/home/luan/Documents/airflow-executores-local-celery/venv/lib/python3.9/site-packages/airflow/example_dags/example_dag_decorator.py                                                             0           0
/home/luan/Documents/airflow-executores-local-celery/venv/lib/python3.9/site-packages/airflow/example_dags/tutorial_objectstorage.py                                                            0           0
/home/luan/Documents/airflow-executores-local-celery/venv/lib/python3.9/site-packages/airflow/example_dags/example_python_operator.py                                                           0           0
/home/luan/Documents/airflow-executores-local-celery/venv/lib/python3.9/site-packages/airflow/example_dags/tutorial.py                                                                          0           0
/home/luan/Documents/airflow-executores-local-celery/venv/lib/python3.9/site-packages/airflow/example_dags/example_short_circuit_decorator.py                                                   0           0
/home/luan/Documents/airflow-executores-local-celery/venv/lib/python3.9/site-packages/airflow/example_dags/example_dynamic_task_mapping.py                                                      0           0
/home/luan/Documents/airflow-executores-local-celery/venv/lib/python3.9/site-packages/airflow/example_dags/example_local_kubernetes_executor.py                                                 0           0
/home/luan/Documents/airflow-executores-local-celery/venv/lib/python3.9/site-packages/airflow/example_dags/example_latest_only.py                                                               0           0
/home/luan/Documents/airflow-executores-local-celery/venv/lib/python3.9/site-packages/airflow/example_dags/subdags/subdag.py                                                                    0           0
/home/luan/Documents/airflow-executores-local-celery/venv/lib/python3.9/site-packages/airflow/example_dags/plugins/workday.py                                                                   0           0
/home/luan/Documents/airflow-executores-local-celery/venv/lib/python3.9/site-packages/airflow/example_dags/plugins/event_listener.py                                                            0           0
/home/luan/Documents/airflow-executores-local-celery/venv/lib/python3.9/site-packages/airflow/example_dags/plugins/listener_plugin.py                                                           0           0
================================================================================
[2024-03-05T16:07:05.418-0300] {manager.py:451} INFO - Exiting gracefully upon receiving signal 15
[2024-03-05T16:07:41.082-0300] {manager.py:469} INFO - Processing files using up to 1 processes at a time 
[2024-03-05T16:07:41.084-0300] {manager.py:470} INFO - Process each file at most once every 30 seconds
[2024-03-05T16:07:41.084-0300] {manager.py:471} INFO - Checking for new files in /home/luan/Documents/airflow-executores-local-celery/dags every 300 seconds
[2024-03-05T16:07:41.084-0300] {manager.py:738} INFO - Searching for files in /home/luan/Documents/airflow-executores-local-celery/dags
[2024-03-05T16:07:41.085-0300] {manager.py:741} INFO - There are 0 files in /home/luan/Documents/airflow-executores-local-celery/dags
[2024-03-05T16:12:41.104-0300] {manager.py:738} INFO - Searching for files in /home/luan/Documents/airflow-executores-local-celery/dags
[2024-03-05T16:12:41.105-0300] {manager.py:741} INFO - There are 0 files in /home/luan/Documents/airflow-executores-local-celery/dags
[2024-03-05T16:17:41.160-0300] {manager.py:738} INFO - Searching for files in /home/luan/Documents/airflow-executores-local-celery/dags
[2024-03-05T16:17:41.161-0300] {manager.py:741} INFO - There are 0 files in /home/luan/Documents/airflow-executores-local-celery/dags
[2024-03-05T16:22:41.218-0300] {manager.py:738} INFO - Searching for files in /home/luan/Documents/airflow-executores-local-celery/dags
[2024-03-05T16:22:41.219-0300] {manager.py:741} INFO - There are 0 files in /home/luan/Documents/airflow-executores-local-celery/dags
[2024-03-05T16:27:41.276-0300] {manager.py:738} INFO - Searching for files in /home/luan/Documents/airflow-executores-local-celery/dags
[2024-03-05T16:27:41.277-0300] {manager.py:741} INFO - There are 0 files in /home/luan/Documents/airflow-executores-local-celery/dags
[2024-03-05T16:32:41.346-0300] {manager.py:738} INFO - Searching for files in /home/luan/Documents/airflow-executores-local-celery/dags
[2024-03-05T16:32:41.347-0300] {manager.py:741} INFO - There are 0 files in /home/luan/Documents/airflow-executores-local-celery/dags
[2024-03-05T16:37:41.418-0300] {manager.py:738} INFO - Searching for files in /home/luan/Documents/airflow-executores-local-celery/dags
[2024-03-05T16:37:41.420-0300] {manager.py:741} INFO - There are 0 files in /home/luan/Documents/airflow-executores-local-celery/dags
[2024-03-05T16:42:41.493-0300] {manager.py:738} INFO - Searching for files in /home/luan/Documents/airflow-executores-local-celery/dags
[2024-03-05T16:42:41.494-0300] {manager.py:741} INFO - There are 0 files in /home/luan/Documents/airflow-executores-local-celery/dags
[2024-03-05T16:47:41.548-0300] {manager.py:738} INFO - Searching for files in /home/luan/Documents/airflow-executores-local-celery/dags
[2024-03-05T16:47:41.549-0300] {manager.py:741} INFO - There are 0 files in /home/luan/Documents/airflow-executores-local-celery/dags
[2024-03-05T16:52:41.602-0300] {manager.py:738} INFO - Searching for files in /home/luan/Documents/airflow-executores-local-celery/dags
[2024-03-05T16:52:41.603-0300] {manager.py:741} INFO - There are 0 files in /home/luan/Documents/airflow-executores-local-celery/dags
[2024-03-05T16:57:41.656-0300] {manager.py:738} INFO - Searching for files in /home/luan/Documents/airflow-executores-local-celery/dags
[2024-03-05T16:57:41.657-0300] {manager.py:741} INFO - There are 0 files in /home/luan/Documents/airflow-executores-local-celery/dags
[2024-03-05T17:01:32.910-0300] {manager.py:451} INFO - Exiting gracefully upon receiving signal 15
[2024-03-06T09:48:51.568-0300] {manager.py:469} INFO - Processing files using up to 1 processes at a time 
[2024-03-06T09:48:51.569-0300] {manager.py:470} INFO - Process each file at most once every 30 seconds
[2024-03-06T09:48:51.569-0300] {manager.py:471} INFO - Checking for new files in /home/luan/Documents/airflow-executores-local-celery/dags every 300 seconds
[2024-03-06T09:48:51.569-0300] {manager.py:738} INFO - Searching for files in /home/luan/Documents/airflow-executores-local-celery/dags
[2024-03-06T09:48:51.570-0300] {manager.py:741} INFO - There are 0 files in /home/luan/Documents/airflow-executores-local-celery/dags
[2024-03-06T09:49:20.644-0300] {manager.py:451} INFO - Exiting gracefully upon receiving signal 15
