[2024-03-06T11:01:12.512-0300] {taskinstance.py:1979} INFO - Dependencies all met for dep_context=non-requeueable deps ti=<TaskInstance: get_stocks_dag.AAPL scheduled__2024-01-18T00:00:00+00:00 [queued]>
[2024-03-06T11:01:12.517-0300] {taskinstance.py:1979} INFO - Dependencies all met for dep_context=requeueable deps ti=<TaskInstance: get_stocks_dag.AAPL scheduled__2024-01-18T00:00:00+00:00 [queued]>
[2024-03-06T11:01:12.517-0300] {taskinstance.py:2193} INFO - Starting attempt 1 of 1
[2024-03-06T11:01:12.532-0300] {taskinstance.py:2214} INFO - Executing <Task(_PythonDecoratedOperator): AAPL> on 2024-01-18 00:00:00+00:00
[2024-03-06T11:01:12.536-0300] {standard_task_runner.py:60} INFO - Started process 19959 to run task
[2024-03-06T11:01:12.539-0300] {standard_task_runner.py:87} INFO - Running: ['airflow', 'tasks', 'run', 'get_stocks_dag', 'AAPL', 'scheduled__2024-01-18T00:00:00+00:00', '--job-id', '57', '--raw', '--subdir', 'DAGS_FOLDER/get_stoks.py', '--cfg-path', '/tmp/tmpwg1cvlad']
[2024-03-06T11:01:12.540-0300] {standard_task_runner.py:88} INFO - Job 57: Subtask AAPL
[2024-03-06T11:01:12.571-0300] {task_command.py:423} INFO - Running <TaskInstance: get_stocks_dag.AAPL scheduled__2024-01-18T00:00:00+00:00 [running]> on host BITL0401.
[2024-03-06T11:01:12.665-0300] {taskinstance.py:2510} INFO - Exporting env vars: AIRFLOW_CTX_DAG_OWNER='airflow' AIRFLOW_CTX_DAG_ID='get_stocks_dag' AIRFLOW_CTX_TASK_ID='AAPL' AIRFLOW_CTX_EXECUTION_DATE='2024-01-18T00:00:00+00:00' AIRFLOW_CTX_TRY_NUMBER='1' AIRFLOW_CTX_DAG_RUN_ID='scheduled__2024-01-18T00:00:00+00:00'
[2024-03-06T11:01:13.233-0300] {python.py:202} INFO - Done. Returned value was: None
[2024-03-06T11:01:13.236-0300] {taskinstance.py:1149} INFO - Marking task as SUCCESS. dag_id=get_stocks_dag, task_id=AAPL, execution_date=20240118T000000, start_date=20240306T140112, end_date=20240306T140113
[2024-03-06T11:01:13.276-0300] {local_task_job_runner.py:234} INFO - Task exited with return code 0
[2024-03-06T11:01:13.287-0300] {taskinstance.py:3309} INFO - 0 downstream tasks scheduled from follow-on schedule check
[2024-03-06T12:04:33.308-0300] {taskinstance.py:1979} INFO - Dependencies all met for dep_context=non-requeueable deps ti=<TaskInstance: get_stocks_dag.AAPL scheduled__2024-01-18T00:00:00+00:00 [queued]>
[2024-03-06T12:04:33.355-0300] {taskinstance.py:1979} INFO - Dependencies all met for dep_context=requeueable deps ti=<TaskInstance: get_stocks_dag.AAPL scheduled__2024-01-18T00:00:00+00:00 [queued]>
[2024-03-06T12:04:33.357-0300] {taskinstance.py:2193} INFO - Starting attempt 1 of 1
[2024-03-06T12:04:33.439-0300] {taskinstance.py:2214} INFO - Executing <Task(_PythonDecoratedOperator): AAPL> on 2024-01-18 00:00:00+00:00
[2024-03-06T12:04:33.468-0300] {standard_task_runner.py:60} INFO - Started process 40509 to run task
[2024-03-06T12:04:33.476-0300] {standard_task_runner.py:87} INFO - Running: ['airflow', 'tasks', 'run', 'get_stocks_dag', 'AAPL', 'scheduled__2024-01-18T00:00:00+00:00', '--job-id', '56', '--raw', '--subdir', 'DAGS_FOLDER/get_stoks.py', '--cfg-path', '/tmp/tmp0159by9i']
[2024-03-06T12:04:33.479-0300] {standard_task_runner.py:88} INFO - Job 56: Subtask AAPL
[2024-03-06T12:04:33.733-0300] {task_command.py:423} INFO - Running <TaskInstance: get_stocks_dag.AAPL scheduled__2024-01-18T00:00:00+00:00 [running]> on host BITL0401.
[2024-03-06T12:04:34.065-0300] {taskinstance.py:2510} INFO - Exporting env vars: AIRFLOW_CTX_DAG_OWNER='airflow' AIRFLOW_CTX_DAG_ID='get_stocks_dag' AIRFLOW_CTX_TASK_ID='AAPL' AIRFLOW_CTX_EXECUTION_DATE='2024-01-18T00:00:00+00:00' AIRFLOW_CTX_TRY_NUMBER='1' AIRFLOW_CTX_DAG_RUN_ID='scheduled__2024-01-18T00:00:00+00:00'
[2024-03-06T12:04:34.823-0300] {python.py:202} INFO - Done. Returned value was: None
[2024-03-06T12:04:34.840-0300] {taskinstance.py:1149} INFO - Marking task as SUCCESS. dag_id=get_stocks_dag, task_id=AAPL, execution_date=20240118T000000, start_date=20240306T150433, end_date=20240306T150434
[2024-03-06T12:04:34.887-0300] {local_task_job_runner.py:234} INFO - Task exited with return code 0
[2024-03-06T12:04:34.907-0300] {taskinstance.py:3309} INFO - 0 downstream tasks scheduled from follow-on schedule check
[2024-03-06T12:15:55.174-0300] {taskinstance.py:1979} INFO - Dependencies all met for dep_context=non-requeueable deps ti=<TaskInstance: get_stocks_dag.AAPL scheduled__2024-01-18T00:00:00+00:00 [queued]>
[2024-03-06T12:15:55.196-0300] {taskinstance.py:1979} INFO - Dependencies all met for dep_context=requeueable deps ti=<TaskInstance: get_stocks_dag.AAPL scheduled__2024-01-18T00:00:00+00:00 [queued]>
[2024-03-06T12:15:55.198-0300] {taskinstance.py:2193} INFO - Starting attempt 1 of 1
[2024-03-06T12:15:55.234-0300] {taskinstance.py:2214} INFO - Executing <Task(_PythonDecoratedOperator): AAPL> on 2024-01-18 00:00:00+00:00
[2024-03-06T12:15:55.247-0300] {standard_task_runner.py:60} INFO - Started process 47892 to run task
[2024-03-06T12:15:55.252-0300] {standard_task_runner.py:87} INFO - Running: ['airflow', 'tasks', 'run', 'get_stocks_dag', 'AAPL', 'scheduled__2024-01-18T00:00:00+00:00', '--job-id', '192', '--raw', '--subdir', 'DAGS_FOLDER/get_stoks.py', '--cfg-path', '/tmp/tmpgx1t8srs']
[2024-03-06T12:15:55.255-0300] {standard_task_runner.py:88} INFO - Job 192: Subtask AAPL
[2024-03-06T12:15:55.380-0300] {task_command.py:423} INFO - Running <TaskInstance: get_stocks_dag.AAPL scheduled__2024-01-18T00:00:00+00:00 [running]> on host BITL0401.
[2024-03-06T12:15:55.571-0300] {taskinstance.py:2510} INFO - Exporting env vars: AIRFLOW_CTX_DAG_OWNER='airflow' AIRFLOW_CTX_DAG_ID='get_stocks_dag' AIRFLOW_CTX_TASK_ID='AAPL' AIRFLOW_CTX_EXECUTION_DATE='2024-01-18T00:00:00+00:00' AIRFLOW_CTX_TRY_NUMBER='1' AIRFLOW_CTX_DAG_RUN_ID='scheduled__2024-01-18T00:00:00+00:00'
[2024-03-06T12:15:56.201-0300] {python.py:202} INFO - Done. Returned value was: None
[2024-03-06T12:15:56.214-0300] {taskinstance.py:1149} INFO - Marking task as SUCCESS. dag_id=get_stocks_dag, task_id=AAPL, execution_date=20240118T000000, start_date=20240306T151555, end_date=20240306T151556
[2024-03-06T12:15:56.272-0300] {local_task_job_runner.py:234} INFO - Task exited with return code 0
[2024-03-06T12:15:56.295-0300] {taskinstance.py:3309} INFO - 0 downstream tasks scheduled from follow-on schedule check
[2024-03-06T12:17:52.689-0300] {taskinstance.py:1979} INFO - Dependencies all met for dep_context=non-requeueable deps ti=<TaskInstance: get_stocks_dag.AAPL scheduled__2024-01-18T00:00:00+00:00 [queued]>
[2024-03-06T12:17:52.700-0300] {taskinstance.py:1979} INFO - Dependencies all met for dep_context=requeueable deps ti=<TaskInstance: get_stocks_dag.AAPL scheduled__2024-01-18T00:00:00+00:00 [queued]>
[2024-03-06T12:17:52.700-0300] {taskinstance.py:2193} INFO - Starting attempt 1 of 1
[2024-03-06T12:17:52.714-0300] {taskinstance.py:2214} INFO - Executing <Task(_PythonDecoratedOperator): AAPL> on 2024-01-18 00:00:00+00:00
[2024-03-06T12:17:52.719-0300] {standard_task_runner.py:60} INFO - Started process 50147 to run task
[2024-03-06T12:17:52.721-0300] {standard_task_runner.py:87} INFO - Running: ['airflow', 'tasks', 'run', 'get_stocks_dag', 'AAPL', 'scheduled__2024-01-18T00:00:00+00:00', '--job-id', '250', '--raw', '--subdir', 'DAGS_FOLDER/get_stoks.py', '--cfg-path', '/tmp/tmp9_3h704r']
[2024-03-06T12:17:52.722-0300] {standard_task_runner.py:88} INFO - Job 250: Subtask AAPL
[2024-03-06T12:17:52.793-0300] {task_command.py:423} INFO - Running <TaskInstance: get_stocks_dag.AAPL scheduled__2024-01-18T00:00:00+00:00 [running]> on host BITL0401.
[2024-03-06T12:17:52.904-0300] {taskinstance.py:2510} INFO - Exporting env vars: AIRFLOW_CTX_DAG_OWNER='airflow' AIRFLOW_CTX_DAG_ID='get_stocks_dag' AIRFLOW_CTX_TASK_ID='AAPL' AIRFLOW_CTX_EXECUTION_DATE='2024-01-18T00:00:00+00:00' AIRFLOW_CTX_TRY_NUMBER='1' AIRFLOW_CTX_DAG_RUN_ID='scheduled__2024-01-18T00:00:00+00:00'
[2024-03-06T12:17:53.496-0300] {python.py:202} INFO - Done. Returned value was: None
[2024-03-06T12:17:53.514-0300] {taskinstance.py:1149} INFO - Marking task as SUCCESS. dag_id=get_stocks_dag, task_id=AAPL, execution_date=20240118T000000, start_date=20240306T151752, end_date=20240306T151753
[2024-03-06T12:17:53.538-0300] {local_task_job_runner.py:234} INFO - Task exited with return code 0
[2024-03-06T12:17:53.560-0300] {taskinstance.py:3309} INFO - 0 downstream tasks scheduled from follow-on schedule check
