[2024-03-06T11:00:19.985-0300] {taskinstance.py:1979} INFO - Dependencies all met for dep_context=non-requeueable deps ti=<TaskInstance: get_stocks_dag.GOOG scheduled__2024-01-11T00:00:00+00:00 [queued]>
[2024-03-06T11:00:19.990-0300] {taskinstance.py:1979} INFO - Dependencies all met for dep_context=requeueable deps ti=<TaskInstance: get_stocks_dag.GOOG scheduled__2024-01-11T00:00:00+00:00 [queued]>
[2024-03-06T11:00:19.990-0300] {taskinstance.py:2193} INFO - Starting attempt 1 of 1
[2024-03-06T11:00:20.006-0300] {taskinstance.py:2214} INFO - Executing <Task(_PythonDecoratedOperator): GOOG> on 2024-01-11 00:00:00+00:00
[2024-03-06T11:00:20.011-0300] {standard_task_runner.py:60} INFO - Started process 19554 to run task
[2024-03-06T11:00:20.013-0300] {standard_task_runner.py:87} INFO - Running: ['airflow', 'tasks', 'run', 'get_stocks_dag', 'GOOG', 'scheduled__2024-01-11T00:00:00+00:00', '--job-id', '39', '--raw', '--subdir', 'DAGS_FOLDER/get_stoks.py', '--cfg-path', '/tmp/tmpld4rlilo']
[2024-03-06T11:00:20.014-0300] {standard_task_runner.py:88} INFO - Job 39: Subtask GOOG
[2024-03-06T11:00:20.045-0300] {task_command.py:423} INFO - Running <TaskInstance: get_stocks_dag.GOOG scheduled__2024-01-11T00:00:00+00:00 [running]> on host BITL0401.
[2024-03-06T11:00:20.099-0300] {taskinstance.py:2510} INFO - Exporting env vars: AIRFLOW_CTX_DAG_OWNER='airflow' AIRFLOW_CTX_DAG_ID='get_stocks_dag' AIRFLOW_CTX_TASK_ID='GOOG' AIRFLOW_CTX_EXECUTION_DATE='2024-01-11T00:00:00+00:00' AIRFLOW_CTX_TRY_NUMBER='1' AIRFLOW_CTX_DAG_RUN_ID='scheduled__2024-01-11T00:00:00+00:00'
[2024-03-06T11:00:20.798-0300] {python.py:202} INFO - Done. Returned value was: None
[2024-03-06T11:00:20.802-0300] {taskinstance.py:1149} INFO - Marking task as SUCCESS. dag_id=get_stocks_dag, task_id=GOOG, execution_date=20240111T000000, start_date=20240306T140019, end_date=20240306T140020
[2024-03-06T11:00:20.832-0300] {local_task_job_runner.py:234} INFO - Task exited with return code 0
[2024-03-06T11:00:20.842-0300] {taskinstance.py:3309} INFO - 0 downstream tasks scheduled from follow-on schedule check
[2024-03-06T12:04:23.593-0300] {taskinstance.py:1979} INFO - Dependencies all met for dep_context=non-requeueable deps ti=<TaskInstance: get_stocks_dag.GOOG scheduled__2024-01-11T00:00:00+00:00 [queued]>
[2024-03-06T12:04:23.634-0300] {taskinstance.py:1979} INFO - Dependencies all met for dep_context=requeueable deps ti=<TaskInstance: get_stocks_dag.GOOG scheduled__2024-01-11T00:00:00+00:00 [queued]>
[2024-03-06T12:04:23.635-0300] {taskinstance.py:2193} INFO - Starting attempt 1 of 1
[2024-03-06T12:04:23.693-0300] {taskinstance.py:2214} INFO - Executing <Task(_PythonDecoratedOperator): GOOG> on 2024-01-11 00:00:00+00:00
[2024-03-06T12:04:23.710-0300] {standard_task_runner.py:60} INFO - Started process 39596 to run task
[2024-03-06T12:04:23.723-0300] {standard_task_runner.py:87} INFO - Running: ['airflow', 'tasks', 'run', 'get_stocks_dag', 'GOOG', 'scheduled__2024-01-11T00:00:00+00:00', '--job-id', '29', '--raw', '--subdir', 'DAGS_FOLDER/get_stoks.py', '--cfg-path', '/tmp/tmpw7tvfrki']
[2024-03-06T12:04:23.730-0300] {standard_task_runner.py:88} INFO - Job 29: Subtask GOOG
[2024-03-06T12:04:23.961-0300] {task_command.py:423} INFO - Running <TaskInstance: get_stocks_dag.GOOG scheduled__2024-01-11T00:00:00+00:00 [running]> on host BITL0401.
[2024-03-06T12:04:24.311-0300] {taskinstance.py:2510} INFO - Exporting env vars: AIRFLOW_CTX_DAG_OWNER='airflow' AIRFLOW_CTX_DAG_ID='get_stocks_dag' AIRFLOW_CTX_TASK_ID='GOOG' AIRFLOW_CTX_EXECUTION_DATE='2024-01-11T00:00:00+00:00' AIRFLOW_CTX_TRY_NUMBER='1' AIRFLOW_CTX_DAG_RUN_ID='scheduled__2024-01-11T00:00:00+00:00'
[2024-03-06T12:04:25.432-0300] {python.py:202} INFO - Done. Returned value was: None
[2024-03-06T12:04:25.450-0300] {taskinstance.py:1149} INFO - Marking task as SUCCESS. dag_id=get_stocks_dag, task_id=GOOG, execution_date=20240111T000000, start_date=20240306T150423, end_date=20240306T150425
[2024-03-06T12:04:25.514-0300] {local_task_job_runner.py:234} INFO - Task exited with return code 0
[2024-03-06T12:04:25.543-0300] {taskinstance.py:3309} INFO - 0 downstream tasks scheduled from follow-on schedule check
[2024-03-06T12:15:45.136-0300] {taskinstance.py:1979} INFO - Dependencies all met for dep_context=non-requeueable deps ti=<TaskInstance: get_stocks_dag.GOOG scheduled__2024-01-11T00:00:00+00:00 [queued]>
[2024-03-06T12:15:45.168-0300] {taskinstance.py:1979} INFO - Dependencies all met for dep_context=requeueable deps ti=<TaskInstance: get_stocks_dag.GOOG scheduled__2024-01-11T00:00:00+00:00 [queued]>
[2024-03-06T12:15:45.169-0300] {taskinstance.py:2193} INFO - Starting attempt 1 of 1
[2024-03-06T12:15:45.231-0300] {taskinstance.py:2214} INFO - Executing <Task(_PythonDecoratedOperator): GOOG> on 2024-01-11 00:00:00+00:00
[2024-03-06T12:15:45.249-0300] {standard_task_runner.py:60} INFO - Started process 47050 to run task
[2024-03-06T12:15:45.258-0300] {standard_task_runner.py:87} INFO - Running: ['airflow', 'tasks', 'run', 'get_stocks_dag', 'GOOG', 'scheduled__2024-01-11T00:00:00+00:00', '--job-id', '161', '--raw', '--subdir', 'DAGS_FOLDER/get_stoks.py', '--cfg-path', '/tmp/tmp5u_zguho']
[2024-03-06T12:15:45.261-0300] {standard_task_runner.py:88} INFO - Job 161: Subtask GOOG
[2024-03-06T12:15:45.437-0300] {task_command.py:423} INFO - Running <TaskInstance: get_stocks_dag.GOOG scheduled__2024-01-11T00:00:00+00:00 [running]> on host BITL0401.
[2024-03-06T12:15:45.785-0300] {taskinstance.py:2510} INFO - Exporting env vars: AIRFLOW_CTX_DAG_OWNER='airflow' AIRFLOW_CTX_DAG_ID='get_stocks_dag' AIRFLOW_CTX_TASK_ID='GOOG' AIRFLOW_CTX_EXECUTION_DATE='2024-01-11T00:00:00+00:00' AIRFLOW_CTX_TRY_NUMBER='1' AIRFLOW_CTX_DAG_RUN_ID='scheduled__2024-01-11T00:00:00+00:00'
[2024-03-06T12:15:46.785-0300] {python.py:202} INFO - Done. Returned value was: None
[2024-03-06T12:15:46.807-0300] {taskinstance.py:1149} INFO - Marking task as SUCCESS. dag_id=get_stocks_dag, task_id=GOOG, execution_date=20240111T000000, start_date=20240306T151545, end_date=20240306T151546
[2024-03-06T12:15:46.860-0300] {local_task_job_runner.py:234} INFO - Task exited with return code 0
[2024-03-06T12:15:46.907-0300] {taskinstance.py:3309} INFO - 0 downstream tasks scheduled from follow-on schedule check
[2024-03-06T12:17:31.169-0300] {taskinstance.py:1979} INFO - Dependencies all met for dep_context=non-requeueable deps ti=<TaskInstance: get_stocks_dag.GOOG scheduled__2024-01-11T00:00:00+00:00 [queued]>
[2024-03-06T12:17:31.184-0300] {taskinstance.py:1979} INFO - Dependencies all met for dep_context=requeueable deps ti=<TaskInstance: get_stocks_dag.GOOG scheduled__2024-01-11T00:00:00+00:00 [queued]>
[2024-03-06T12:17:31.185-0300] {taskinstance.py:2193} INFO - Starting attempt 1 of 1
[2024-03-06T12:17:31.200-0300] {taskinstance.py:2214} INFO - Executing <Task(_PythonDecoratedOperator): GOOG> on 2024-01-11 00:00:00+00:00
[2024-03-06T12:17:31.204-0300] {standard_task_runner.py:60} INFO - Started process 49513 to run task
[2024-03-06T12:17:31.206-0300] {standard_task_runner.py:87} INFO - Running: ['airflow', 'tasks', 'run', 'get_stocks_dag', 'GOOG', 'scheduled__2024-01-11T00:00:00+00:00', '--job-id', '231', '--raw', '--subdir', 'DAGS_FOLDER/get_stoks.py', '--cfg-path', '/tmp/tmpds7mh_om']
[2024-03-06T12:17:31.208-0300] {standard_task_runner.py:88} INFO - Job 231: Subtask GOOG
[2024-03-06T12:17:31.272-0300] {task_command.py:423} INFO - Running <TaskInstance: get_stocks_dag.GOOG scheduled__2024-01-11T00:00:00+00:00 [running]> on host BITL0401.
[2024-03-06T12:17:31.377-0300] {taskinstance.py:2510} INFO - Exporting env vars: AIRFLOW_CTX_DAG_OWNER='airflow' AIRFLOW_CTX_DAG_ID='get_stocks_dag' AIRFLOW_CTX_TASK_ID='GOOG' AIRFLOW_CTX_EXECUTION_DATE='2024-01-11T00:00:00+00:00' AIRFLOW_CTX_TRY_NUMBER='1' AIRFLOW_CTX_DAG_RUN_ID='scheduled__2024-01-11T00:00:00+00:00'
[2024-03-06T12:17:32.012-0300] {python.py:202} INFO - Done. Returned value was: None
[2024-03-06T12:17:32.029-0300] {taskinstance.py:1149} INFO - Marking task as SUCCESS. dag_id=get_stocks_dag, task_id=GOOG, execution_date=20240111T000000, start_date=20240306T151731, end_date=20240306T151732
[2024-03-06T12:17:32.063-0300] {local_task_job_runner.py:234} INFO - Task exited with return code 0
[2024-03-06T12:17:32.085-0300] {taskinstance.py:3309} INFO - 0 downstream tasks scheduled from follow-on schedule check
