[2024-03-06T11:04:08.743-0300] {taskinstance.py:1979} INFO - Dependencies all met for dep_context=non-requeueable deps ti=<TaskInstance: get_stocks_dag.AAPL scheduled__2024-02-08T00:00:00+00:00 [queued]>
[2024-03-06T11:04:08.749-0300] {taskinstance.py:1979} INFO - Dependencies all met for dep_context=requeueable deps ti=<TaskInstance: get_stocks_dag.AAPL scheduled__2024-02-08T00:00:00+00:00 [queued]>
[2024-03-06T11:04:08.749-0300] {taskinstance.py:2193} INFO - Starting attempt 1 of 1
[2024-03-06T11:04:08.763-0300] {taskinstance.py:2214} INFO - Executing <Task(_PythonDecoratedOperator): AAPL> on 2024-02-08 00:00:00+00:00
[2024-03-06T11:04:08.767-0300] {standard_task_runner.py:60} INFO - Started process 21394 to run task
[2024-03-06T11:04:08.769-0300] {standard_task_runner.py:87} INFO - Running: ['airflow', 'tasks', 'run', 'get_stocks_dag', 'AAPL', 'scheduled__2024-02-08T00:00:00+00:00', '--job-id', '117', '--raw', '--subdir', 'DAGS_FOLDER/get_stoks.py', '--cfg-path', '/tmp/tmphbrjg7ab']
[2024-03-06T11:04:08.770-0300] {standard_task_runner.py:88} INFO - Job 117: Subtask AAPL
[2024-03-06T11:04:08.802-0300] {task_command.py:423} INFO - Running <TaskInstance: get_stocks_dag.AAPL scheduled__2024-02-08T00:00:00+00:00 [running]> on host BITL0401.
[2024-03-06T11:04:08.855-0300] {taskinstance.py:2510} INFO - Exporting env vars: AIRFLOW_CTX_DAG_OWNER='airflow' AIRFLOW_CTX_DAG_ID='get_stocks_dag' AIRFLOW_CTX_TASK_ID='AAPL' AIRFLOW_CTX_EXECUTION_DATE='2024-02-08T00:00:00+00:00' AIRFLOW_CTX_TRY_NUMBER='1' AIRFLOW_CTX_DAG_RUN_ID='scheduled__2024-02-08T00:00:00+00:00'
[2024-03-06T11:04:09.416-0300] {python.py:202} INFO - Done. Returned value was: None
[2024-03-06T11:04:09.420-0300] {taskinstance.py:1149} INFO - Marking task as SUCCESS. dag_id=get_stocks_dag, task_id=AAPL, execution_date=20240208T000000, start_date=20240306T140408, end_date=20240306T140409
[2024-03-06T11:04:09.467-0300] {local_task_job_runner.py:234} INFO - Task exited with return code 0
[2024-03-06T11:04:09.476-0300] {taskinstance.py:3309} INFO - 0 downstream tasks scheduled from follow-on schedule check
[2024-03-06T12:04:55.497-0300] {taskinstance.py:1979} INFO - Dependencies all met for dep_context=non-requeueable deps ti=<TaskInstance: get_stocks_dag.AAPL scheduled__2024-02-08T00:00:00+00:00 [queued]>
[2024-03-06T12:04:55.539-0300] {taskinstance.py:1979} INFO - Dependencies all met for dep_context=requeueable deps ti=<TaskInstance: get_stocks_dag.AAPL scheduled__2024-02-08T00:00:00+00:00 [queued]>
[2024-03-06T12:04:55.539-0300] {taskinstance.py:2193} INFO - Starting attempt 1 of 1
[2024-03-06T12:04:55.622-0300] {taskinstance.py:2214} INFO - Executing <Task(_PythonDecoratedOperator): AAPL> on 2024-02-08 00:00:00+00:00
[2024-03-06T12:04:55.635-0300] {standard_task_runner.py:60} INFO - Started process 42192 to run task
[2024-03-06T12:04:55.653-0300] {standard_task_runner.py:87} INFO - Running: ['airflow', 'tasks', 'run', 'get_stocks_dag', 'AAPL', 'scheduled__2024-02-08T00:00:00+00:00', '--job-id', '113', '--raw', '--subdir', 'DAGS_FOLDER/get_stoks.py', '--cfg-path', '/tmp/tmp8_kikjsc']
[2024-03-06T12:04:55.656-0300] {standard_task_runner.py:88} INFO - Job 113: Subtask AAPL
[2024-03-06T12:04:55.915-0300] {task_command.py:423} INFO - Running <TaskInstance: get_stocks_dag.AAPL scheduled__2024-02-08T00:00:00+00:00 [running]> on host BITL0401.
[2024-03-06T12:04:56.328-0300] {taskinstance.py:2510} INFO - Exporting env vars: AIRFLOW_CTX_DAG_OWNER='airflow' AIRFLOW_CTX_DAG_ID='get_stocks_dag' AIRFLOW_CTX_TASK_ID='AAPL' AIRFLOW_CTX_EXECUTION_DATE='2024-02-08T00:00:00+00:00' AIRFLOW_CTX_TRY_NUMBER='1' AIRFLOW_CTX_DAG_RUN_ID='scheduled__2024-02-08T00:00:00+00:00'
[2024-03-06T12:04:57.394-0300] {python.py:202} INFO - Done. Returned value was: None
[2024-03-06T12:04:57.420-0300] {taskinstance.py:1149} INFO - Marking task as SUCCESS. dag_id=get_stocks_dag, task_id=AAPL, execution_date=20240208T000000, start_date=20240306T150455, end_date=20240306T150457
[2024-03-06T12:04:57.472-0300] {local_task_job_runner.py:234} INFO - Task exited with return code 0
[2024-03-06T12:04:57.515-0300] {taskinstance.py:3309} INFO - 0 downstream tasks scheduled from follow-on schedule check
