[2024-03-06T11:04:47.861-0300] {taskinstance.py:1979} INFO - Dependencies all met for dep_context=non-requeueable deps ti=<TaskInstance: get_stocks_dag.GOOG scheduled__2024-02-13T00:00:00+00:00 [queued]>
[2024-03-06T11:04:47.868-0300] {taskinstance.py:1979} INFO - Dependencies all met for dep_context=requeueable deps ti=<TaskInstance: get_stocks_dag.GOOG scheduled__2024-02-13T00:00:00+00:00 [queued]>
[2024-03-06T11:04:47.869-0300] {taskinstance.py:2193} INFO - Starting attempt 1 of 1
[2024-03-06T11:04:47.883-0300] {taskinstance.py:2214} INFO - Executing <Task(_PythonDecoratedOperator): GOOG> on 2024-02-13 00:00:00+00:00
[2024-03-06T11:04:47.887-0300] {standard_task_runner.py:60} INFO - Started process 21696 to run task
[2024-03-06T11:04:47.890-0300] {standard_task_runner.py:87} INFO - Running: ['airflow', 'tasks', 'run', 'get_stocks_dag', 'GOOG', 'scheduled__2024-02-13T00:00:00+00:00', '--job-id', '131', '--raw', '--subdir', 'DAGS_FOLDER/get_stoks.py', '--cfg-path', '/tmp/tmps12qgb3v']
[2024-03-06T11:04:47.891-0300] {standard_task_runner.py:88} INFO - Job 131: Subtask GOOG
[2024-03-06T11:04:48.053-0300] {task_command.py:423} INFO - Running <TaskInstance: get_stocks_dag.GOOG scheduled__2024-02-13T00:00:00+00:00 [running]> on host BITL0401.
[2024-03-06T11:04:48.114-0300] {taskinstance.py:2510} INFO - Exporting env vars: AIRFLOW_CTX_DAG_OWNER='airflow' AIRFLOW_CTX_DAG_ID='get_stocks_dag' AIRFLOW_CTX_TASK_ID='GOOG' AIRFLOW_CTX_EXECUTION_DATE='2024-02-13T00:00:00+00:00' AIRFLOW_CTX_TRY_NUMBER='1' AIRFLOW_CTX_DAG_RUN_ID='scheduled__2024-02-13T00:00:00+00:00'
[2024-03-06T11:04:48.735-0300] {python.py:202} INFO - Done. Returned value was: None
[2024-03-06T11:04:48.739-0300] {taskinstance.py:1149} INFO - Marking task as SUCCESS. dag_id=get_stocks_dag, task_id=GOOG, execution_date=20240213T000000, start_date=20240306T140447, end_date=20240306T140448
[2024-03-06T11:04:48.868-0300] {local_task_job_runner.py:234} INFO - Task exited with return code 0
[2024-03-06T11:04:48.879-0300] {taskinstance.py:3309} INFO - 0 downstream tasks scheduled from follow-on schedule check
[2024-03-06T12:04:59.096-0300] {taskinstance.py:1979} INFO - Dependencies all met for dep_context=non-requeueable deps ti=<TaskInstance: get_stocks_dag.GOOG scheduled__2024-02-13T00:00:00+00:00 [queued]>
[2024-03-06T12:04:59.125-0300] {taskinstance.py:1979} INFO - Dependencies all met for dep_context=requeueable deps ti=<TaskInstance: get_stocks_dag.GOOG scheduled__2024-02-13T00:00:00+00:00 [queued]>
[2024-03-06T12:04:59.125-0300] {taskinstance.py:2193} INFO - Starting attempt 1 of 1
[2024-03-06T12:04:59.158-0300] {taskinstance.py:2214} INFO - Executing <Task(_PythonDecoratedOperator): GOOG> on 2024-02-13 00:00:00+00:00
[2024-03-06T12:04:59.174-0300] {standard_task_runner.py:60} INFO - Started process 42519 to run task
[2024-03-06T12:04:59.183-0300] {standard_task_runner.py:87} INFO - Running: ['airflow', 'tasks', 'run', 'get_stocks_dag', 'GOOG', 'scheduled__2024-02-13T00:00:00+00:00', '--job-id', '124', '--raw', '--subdir', 'DAGS_FOLDER/get_stoks.py', '--cfg-path', '/tmp/tmp91lotdjc']
[2024-03-06T12:04:59.186-0300] {standard_task_runner.py:88} INFO - Job 124: Subtask GOOG
[2024-03-06T12:04:59.385-0300] {task_command.py:423} INFO - Running <TaskInstance: get_stocks_dag.GOOG scheduled__2024-02-13T00:00:00+00:00 [running]> on host BITL0401.
[2024-03-06T12:04:59.681-0300] {taskinstance.py:2510} INFO - Exporting env vars: AIRFLOW_CTX_DAG_OWNER='airflow' AIRFLOW_CTX_DAG_ID='get_stocks_dag' AIRFLOW_CTX_TASK_ID='GOOG' AIRFLOW_CTX_EXECUTION_DATE='2024-02-13T00:00:00+00:00' AIRFLOW_CTX_TRY_NUMBER='1' AIRFLOW_CTX_DAG_RUN_ID='scheduled__2024-02-13T00:00:00+00:00'
[2024-03-06T12:05:00.520-0300] {python.py:202} INFO - Done. Returned value was: None
[2024-03-06T12:05:00.536-0300] {taskinstance.py:1149} INFO - Marking task as SUCCESS. dag_id=get_stocks_dag, task_id=GOOG, execution_date=20240213T000000, start_date=20240306T150459, end_date=20240306T150500
[2024-03-06T12:05:00.583-0300] {local_task_job_runner.py:234} INFO - Task exited with return code 0
[2024-03-06T12:05:00.604-0300] {taskinstance.py:3309} INFO - 0 downstream tasks scheduled from follow-on schedule check
