[2024-03-06T11:05:23.104-0300] {taskinstance.py:1979} INFO - Dependencies all met for dep_context=non-requeueable deps ti=<TaskInstance: get_stocks_dag.TSLA scheduled__2024-02-15T00:00:00+00:00 [queued]>
[2024-03-06T11:05:23.109-0300] {taskinstance.py:1979} INFO - Dependencies all met for dep_context=requeueable deps ti=<TaskInstance: get_stocks_dag.TSLA scheduled__2024-02-15T00:00:00+00:00 [queued]>
[2024-03-06T11:05:23.110-0300] {taskinstance.py:2193} INFO - Starting attempt 1 of 1
[2024-03-06T11:05:23.129-0300] {taskinstance.py:2214} INFO - Executing <Task(_PythonDecoratedOperator): TSLA> on 2024-02-15 00:00:00+00:00
[2024-03-06T11:05:23.134-0300] {standard_task_runner.py:60} INFO - Started process 21956 to run task
[2024-03-06T11:05:23.136-0300] {standard_task_runner.py:87} INFO - Running: ['airflow', 'tasks', 'run', 'get_stocks_dag', 'TSLA', 'scheduled__2024-02-15T00:00:00+00:00', '--job-id', '140', '--raw', '--subdir', 'DAGS_FOLDER/get_stoks.py', '--cfg-path', '/tmp/tmp5s8ffwbu']
[2024-03-06T11:05:23.138-0300] {standard_task_runner.py:88} INFO - Job 140: Subtask TSLA
[2024-03-06T11:05:23.171-0300] {task_command.py:423} INFO - Running <TaskInstance: get_stocks_dag.TSLA scheduled__2024-02-15T00:00:00+00:00 [running]> on host BITL0401.
[2024-03-06T11:05:23.236-0300] {taskinstance.py:2510} INFO - Exporting env vars: AIRFLOW_CTX_DAG_OWNER='airflow' AIRFLOW_CTX_DAG_ID='get_stocks_dag' AIRFLOW_CTX_TASK_ID='TSLA' AIRFLOW_CTX_EXECUTION_DATE='2024-02-15T00:00:00+00:00' AIRFLOW_CTX_TRY_NUMBER='1' AIRFLOW_CTX_DAG_RUN_ID='scheduled__2024-02-15T00:00:00+00:00'
[2024-03-06T11:05:23.865-0300] {python.py:202} INFO - Done. Returned value was: None
[2024-03-06T11:05:23.870-0300] {taskinstance.py:1149} INFO - Marking task as SUCCESS. dag_id=get_stocks_dag, task_id=TSLA, execution_date=20240215T000000, start_date=20240306T140523, end_date=20240306T140523
[2024-03-06T11:05:23.913-0300] {local_task_job_runner.py:234} INFO - Task exited with return code 0
[2024-03-06T11:05:23.926-0300] {taskinstance.py:3309} INFO - 0 downstream tasks scheduled from follow-on schedule check
[2024-03-06T12:05:04.542-0300] {taskinstance.py:1979} INFO - Dependencies all met for dep_context=non-requeueable deps ti=<TaskInstance: get_stocks_dag.TSLA scheduled__2024-02-15T00:00:00+00:00 [queued]>
[2024-03-06T12:05:04.611-0300] {taskinstance.py:1979} INFO - Dependencies all met for dep_context=requeueable deps ti=<TaskInstance: get_stocks_dag.TSLA scheduled__2024-02-15T00:00:00+00:00 [queued]>
[2024-03-06T12:05:04.612-0300] {taskinstance.py:2193} INFO - Starting attempt 1 of 1
[2024-03-06T12:05:04.662-0300] {taskinstance.py:2214} INFO - Executing <Task(_PythonDecoratedOperator): TSLA> on 2024-02-15 00:00:00+00:00
[2024-03-06T12:05:04.675-0300] {standard_task_runner.py:60} INFO - Started process 42979 to run task
[2024-03-06T12:05:04.687-0300] {standard_task_runner.py:87} INFO - Running: ['airflow', 'tasks', 'run', 'get_stocks_dag', 'TSLA', 'scheduled__2024-02-15T00:00:00+00:00', '--job-id', '138', '--raw', '--subdir', 'DAGS_FOLDER/get_stoks.py', '--cfg-path', '/tmp/tmpw_7lg8cf']
[2024-03-06T12:05:04.691-0300] {standard_task_runner.py:88} INFO - Job 138: Subtask TSLA
[2024-03-06T12:05:04.927-0300] {task_command.py:423} INFO - Running <TaskInstance: get_stocks_dag.TSLA scheduled__2024-02-15T00:00:00+00:00 [running]> on host BITL0401.
[2024-03-06T12:05:05.249-0300] {taskinstance.py:2510} INFO - Exporting env vars: AIRFLOW_CTX_DAG_OWNER='airflow' AIRFLOW_CTX_DAG_ID='get_stocks_dag' AIRFLOW_CTX_TASK_ID='TSLA' AIRFLOW_CTX_EXECUTION_DATE='2024-02-15T00:00:00+00:00' AIRFLOW_CTX_TRY_NUMBER='1' AIRFLOW_CTX_DAG_RUN_ID='scheduled__2024-02-15T00:00:00+00:00'
[2024-03-06T12:05:05.905-0300] {python.py:202} INFO - Done. Returned value was: None
[2024-03-06T12:05:05.926-0300] {taskinstance.py:1149} INFO - Marking task as SUCCESS. dag_id=get_stocks_dag, task_id=TSLA, execution_date=20240215T000000, start_date=20240306T150504, end_date=20240306T150505
[2024-03-06T12:05:05.984-0300] {local_task_job_runner.py:234} INFO - Task exited with return code 0
[2024-03-06T12:05:06.009-0300] {taskinstance.py:3309} INFO - 0 downstream tasks scheduled from follow-on schedule check
