[2024-03-06T11:04:33.766-0300] {taskinstance.py:1979} INFO - Dependencies all met for dep_context=non-requeueable deps ti=<TaskInstance: get_stocks_dag.MSFT scheduled__2024-02-10T00:00:00+00:00 [queued]>
[2024-03-06T11:04:33.773-0300] {taskinstance.py:1979} INFO - Dependencies all met for dep_context=requeueable deps ti=<TaskInstance: get_stocks_dag.MSFT scheduled__2024-02-10T00:00:00+00:00 [queued]>
[2024-03-06T11:04:33.773-0300] {taskinstance.py:2193} INFO - Starting attempt 1 of 1
[2024-03-06T11:04:33.790-0300] {taskinstance.py:2214} INFO - Executing <Task(_PythonDecoratedOperator): MSFT> on 2024-02-10 00:00:00+00:00
[2024-03-06T11:04:33.794-0300] {standard_task_runner.py:60} INFO - Started process 21595 to run task
[2024-03-06T11:04:33.798-0300] {standard_task_runner.py:87} INFO - Running: ['airflow', 'tasks', 'run', 'get_stocks_dag', 'MSFT', 'scheduled__2024-02-10T00:00:00+00:00', '--job-id', '126', '--raw', '--subdir', 'DAGS_FOLDER/get_stoks.py', '--cfg-path', '/tmp/tmptwymjiji']
[2024-03-06T11:04:33.799-0300] {standard_task_runner.py:88} INFO - Job 126: Subtask MSFT
[2024-03-06T11:04:33.832-0300] {task_command.py:423} INFO - Running <TaskInstance: get_stocks_dag.MSFT scheduled__2024-02-10T00:00:00+00:00 [running]> on host BITL0401.
[2024-03-06T11:04:33.883-0300] {taskinstance.py:2510} INFO - Exporting env vars: AIRFLOW_CTX_DAG_OWNER='airflow' AIRFLOW_CTX_DAG_ID='get_stocks_dag' AIRFLOW_CTX_TASK_ID='MSFT' AIRFLOW_CTX_EXECUTION_DATE='2024-02-10T00:00:00+00:00' AIRFLOW_CTX_TRY_NUMBER='1' AIRFLOW_CTX_DAG_RUN_ID='scheduled__2024-02-10T00:00:00+00:00'
[2024-03-06T11:04:34.408-0300] {python.py:202} INFO - Done. Returned value was: None
[2024-03-06T11:04:34.421-0300] {taskinstance.py:1149} INFO - Marking task as SUCCESS. dag_id=get_stocks_dag, task_id=MSFT, execution_date=20240210T000000, start_date=20240306T140433, end_date=20240306T140434
[2024-03-06T11:04:34.454-0300] {local_task_job_runner.py:234} INFO - Task exited with return code 0
[2024-03-06T11:04:34.465-0300] {taskinstance.py:3309} INFO - 0 downstream tasks scheduled from follow-on schedule check
[2024-03-06T12:04:58.754-0300] {taskinstance.py:1979} INFO - Dependencies all met for dep_context=non-requeueable deps ti=<TaskInstance: get_stocks_dag.MSFT scheduled__2024-02-10T00:00:00+00:00 [queued]>
[2024-03-06T12:04:58.806-0300] {taskinstance.py:1979} INFO - Dependencies all met for dep_context=requeueable deps ti=<TaskInstance: get_stocks_dag.MSFT scheduled__2024-02-10T00:00:00+00:00 [queued]>
[2024-03-06T12:04:58.807-0300] {taskinstance.py:2193} INFO - Starting attempt 1 of 1
[2024-03-06T12:04:58.871-0300] {taskinstance.py:2214} INFO - Executing <Task(_PythonDecoratedOperator): MSFT> on 2024-02-10 00:00:00+00:00
[2024-03-06T12:04:58.883-0300] {standard_task_runner.py:60} INFO - Started process 42492 to run task
[2024-03-06T12:04:58.900-0300] {standard_task_runner.py:87} INFO - Running: ['airflow', 'tasks', 'run', 'get_stocks_dag', 'MSFT', 'scheduled__2024-02-10T00:00:00+00:00', '--job-id', '121', '--raw', '--subdir', 'DAGS_FOLDER/get_stoks.py', '--cfg-path', '/tmp/tmpl52_2vls']
[2024-03-06T12:04:58.910-0300] {standard_task_runner.py:88} INFO - Job 121: Subtask MSFT
[2024-03-06T12:04:59.120-0300] {task_command.py:423} INFO - Running <TaskInstance: get_stocks_dag.MSFT scheduled__2024-02-10T00:00:00+00:00 [running]> on host BITL0401.
[2024-03-06T12:04:59.458-0300] {taskinstance.py:2510} INFO - Exporting env vars: AIRFLOW_CTX_DAG_OWNER='airflow' AIRFLOW_CTX_DAG_ID='get_stocks_dag' AIRFLOW_CTX_TASK_ID='MSFT' AIRFLOW_CTX_EXECUTION_DATE='2024-02-10T00:00:00+00:00' AIRFLOW_CTX_TRY_NUMBER='1' AIRFLOW_CTX_DAG_RUN_ID='scheduled__2024-02-10T00:00:00+00:00'
[2024-03-06T12:05:00.585-0300] {python.py:202} INFO - Done. Returned value was: None
[2024-03-06T12:05:00.601-0300] {taskinstance.py:1149} INFO - Marking task as SUCCESS. dag_id=get_stocks_dag, task_id=MSFT, execution_date=20240210T000000, start_date=20240306T150458, end_date=20240306T150500
[2024-03-06T12:05:00.644-0300] {local_task_job_runner.py:234} INFO - Task exited with return code 0
[2024-03-06T12:05:00.666-0300] {taskinstance.py:3309} INFO - 0 downstream tasks scheduled from follow-on schedule check
