[2024-03-06T10:59:45.383-0300] {taskinstance.py:1979} INFO - Dependencies all met for dep_context=non-requeueable deps ti=<TaskInstance: get_stocks_dag.TSLA scheduled__2024-01-06T00:00:00+00:00 [queued]>
[2024-03-06T10:59:45.388-0300] {taskinstance.py:1979} INFO - Dependencies all met for dep_context=requeueable deps ti=<TaskInstance: get_stocks_dag.TSLA scheduled__2024-01-06T00:00:00+00:00 [queued]>
[2024-03-06T10:59:45.389-0300] {taskinstance.py:2193} INFO - Starting attempt 1 of 1
[2024-03-06T10:59:45.404-0300] {taskinstance.py:2214} INFO - Executing <Task(_PythonDecoratedOperator): TSLA> on 2024-01-06 00:00:00+00:00
[2024-03-06T10:59:45.408-0300] {standard_task_runner.py:60} INFO - Started process 19276 to run task
[2024-03-06T10:59:45.410-0300] {standard_task_runner.py:87} INFO - Running: ['airflow', 'tasks', 'run', 'get_stocks_dag', 'TSLA', 'scheduled__2024-01-06T00:00:00+00:00', '--job-id', '28', '--raw', '--subdir', 'DAGS_FOLDER/get_stoks.py', '--cfg-path', '/tmp/tmp4cwlg6nn']
[2024-03-06T10:59:45.411-0300] {standard_task_runner.py:88} INFO - Job 28: Subtask TSLA
[2024-03-06T10:59:45.442-0300] {task_command.py:423} INFO - Running <TaskInstance: get_stocks_dag.TSLA scheduled__2024-01-06T00:00:00+00:00 [running]> on host BITL0401.
[2024-03-06T10:59:45.493-0300] {taskinstance.py:2510} INFO - Exporting env vars: AIRFLOW_CTX_DAG_OWNER='airflow' AIRFLOW_CTX_DAG_ID='get_stocks_dag' AIRFLOW_CTX_TASK_ID='TSLA' AIRFLOW_CTX_EXECUTION_DATE='2024-01-06T00:00:00+00:00' AIRFLOW_CTX_TRY_NUMBER='1' AIRFLOW_CTX_DAG_RUN_ID='scheduled__2024-01-06T00:00:00+00:00'
[2024-03-06T10:59:46.229-0300] {python.py:202} INFO - Done. Returned value was: None
[2024-03-06T10:59:46.233-0300] {taskinstance.py:1149} INFO - Marking task as SUCCESS. dag_id=get_stocks_dag, task_id=TSLA, execution_date=20240106T000000, start_date=20240306T135945, end_date=20240306T135946
[2024-03-06T10:59:46.271-0300] {local_task_job_runner.py:234} INFO - Task exited with return code 0
[2024-03-06T10:59:46.280-0300] {taskinstance.py:3309} INFO - 0 downstream tasks scheduled from follow-on schedule check
[2024-03-06T12:04:23.641-0300] {taskinstance.py:1979} INFO - Dependencies all met for dep_context=non-requeueable deps ti=<TaskInstance: get_stocks_dag.TSLA scheduled__2024-01-06T00:00:00+00:00 [queued]>
[2024-03-06T12:04:23.684-0300] {taskinstance.py:1979} INFO - Dependencies all met for dep_context=requeueable deps ti=<TaskInstance: get_stocks_dag.TSLA scheduled__2024-01-06T00:00:00+00:00 [queued]>
[2024-03-06T12:04:23.685-0300] {taskinstance.py:2193} INFO - Starting attempt 1 of 1
[2024-03-06T12:04:23.726-0300] {taskinstance.py:2214} INFO - Executing <Task(_PythonDecoratedOperator): TSLA> on 2024-01-06 00:00:00+00:00
[2024-03-06T12:04:23.743-0300] {standard_task_runner.py:60} INFO - Started process 39604 to run task
[2024-03-06T12:04:23.776-0300] {standard_task_runner.py:87} INFO - Running: ['airflow', 'tasks', 'run', 'get_stocks_dag', 'TSLA', 'scheduled__2024-01-06T00:00:00+00:00', '--job-id', '30', '--raw', '--subdir', 'DAGS_FOLDER/get_stoks.py', '--cfg-path', '/tmp/tmpvuj9zv5k']
[2024-03-06T12:04:23.804-0300] {standard_task_runner.py:88} INFO - Job 30: Subtask TSLA
[2024-03-06T12:04:24.043-0300] {task_command.py:423} INFO - Running <TaskInstance: get_stocks_dag.TSLA scheduled__2024-01-06T00:00:00+00:00 [running]> on host BITL0401.
[2024-03-06T12:04:24.361-0300] {taskinstance.py:2510} INFO - Exporting env vars: AIRFLOW_CTX_DAG_OWNER='airflow' AIRFLOW_CTX_DAG_ID='get_stocks_dag' AIRFLOW_CTX_TASK_ID='TSLA' AIRFLOW_CTX_EXECUTION_DATE='2024-01-06T00:00:00+00:00' AIRFLOW_CTX_TRY_NUMBER='1' AIRFLOW_CTX_DAG_RUN_ID='scheduled__2024-01-06T00:00:00+00:00'
[2024-03-06T12:04:25.041-0300] {python.py:202} INFO - Done. Returned value was: None
[2024-03-06T12:04:25.057-0300] {taskinstance.py:1149} INFO - Marking task as SUCCESS. dag_id=get_stocks_dag, task_id=TSLA, execution_date=20240106T000000, start_date=20240306T150423, end_date=20240306T150425
[2024-03-06T12:04:25.076-0300] {local_task_job_runner.py:234} INFO - Task exited with return code 0
[2024-03-06T12:04:25.101-0300] {taskinstance.py:3309} INFO - 0 downstream tasks scheduled from follow-on schedule check
[2024-03-06T12:15:44.084-0300] {taskinstance.py:1979} INFO - Dependencies all met for dep_context=non-requeueable deps ti=<TaskInstance: get_stocks_dag.TSLA scheduled__2024-01-06T00:00:00+00:00 [queued]>
[2024-03-06T12:15:44.142-0300] {taskinstance.py:1979} INFO - Dependencies all met for dep_context=requeueable deps ti=<TaskInstance: get_stocks_dag.TSLA scheduled__2024-01-06T00:00:00+00:00 [queued]>
[2024-03-06T12:15:44.143-0300] {taskinstance.py:2193} INFO - Starting attempt 1 of 1
[2024-03-06T12:15:44.196-0300] {taskinstance.py:2214} INFO - Executing <Task(_PythonDecoratedOperator): TSLA> on 2024-01-06 00:00:00+00:00
[2024-03-06T12:15:44.244-0300] {standard_task_runner.py:60} INFO - Started process 47008 to run task
[2024-03-06T12:15:44.266-0300] {standard_task_runner.py:87} INFO - Running: ['airflow', 'tasks', 'run', 'get_stocks_dag', 'TSLA', 'scheduled__2024-01-06T00:00:00+00:00', '--job-id', '159', '--raw', '--subdir', 'DAGS_FOLDER/get_stoks.py', '--cfg-path', '/tmp/tmpyujc_e5d']
[2024-03-06T12:15:44.271-0300] {standard_task_runner.py:88} INFO - Job 159: Subtask TSLA
[2024-03-06T12:15:44.549-0300] {task_command.py:423} INFO - Running <TaskInstance: get_stocks_dag.TSLA scheduled__2024-01-06T00:00:00+00:00 [running]> on host BITL0401.
[2024-03-06T12:15:45.045-0300] {taskinstance.py:2510} INFO - Exporting env vars: AIRFLOW_CTX_DAG_OWNER='airflow' AIRFLOW_CTX_DAG_ID='get_stocks_dag' AIRFLOW_CTX_TASK_ID='TSLA' AIRFLOW_CTX_EXECUTION_DATE='2024-01-06T00:00:00+00:00' AIRFLOW_CTX_TRY_NUMBER='1' AIRFLOW_CTX_DAG_RUN_ID='scheduled__2024-01-06T00:00:00+00:00'
[2024-03-06T12:15:46.075-0300] {python.py:202} INFO - Done. Returned value was: None
[2024-03-06T12:15:46.108-0300] {taskinstance.py:1149} INFO - Marking task as SUCCESS. dag_id=get_stocks_dag, task_id=TSLA, execution_date=20240106T000000, start_date=20240306T151544, end_date=20240306T151546
[2024-03-06T12:15:46.180-0300] {local_task_job_runner.py:234} INFO - Task exited with return code 0
[2024-03-06T12:15:46.223-0300] {taskinstance.py:3309} INFO - 0 downstream tasks scheduled from follow-on schedule check
[2024-03-06T12:17:14.427-0300] {taskinstance.py:1979} INFO - Dependencies all met for dep_context=non-requeueable deps ti=<TaskInstance: get_stocks_dag.TSLA scheduled__2024-01-06T00:00:00+00:00 [queued]>
[2024-03-06T12:17:14.437-0300] {taskinstance.py:1979} INFO - Dependencies all met for dep_context=requeueable deps ti=<TaskInstance: get_stocks_dag.TSLA scheduled__2024-01-06T00:00:00+00:00 [queued]>
[2024-03-06T12:17:14.438-0300] {taskinstance.py:2193} INFO - Starting attempt 1 of 1
[2024-03-06T12:17:14.451-0300] {taskinstance.py:2214} INFO - Executing <Task(_PythonDecoratedOperator): TSLA> on 2024-01-06 00:00:00+00:00
[2024-03-06T12:17:14.456-0300] {standard_task_runner.py:60} INFO - Started process 49062 to run task
[2024-03-06T12:17:14.458-0300] {standard_task_runner.py:87} INFO - Running: ['airflow', 'tasks', 'run', 'get_stocks_dag', 'TSLA', 'scheduled__2024-01-06T00:00:00+00:00', '--job-id', '217', '--raw', '--subdir', 'DAGS_FOLDER/get_stoks.py', '--cfg-path', '/tmp/tmp80q_yaxt']
[2024-03-06T12:17:14.459-0300] {standard_task_runner.py:88} INFO - Job 217: Subtask TSLA
[2024-03-06T12:17:14.540-0300] {task_command.py:423} INFO - Running <TaskInstance: get_stocks_dag.TSLA scheduled__2024-01-06T00:00:00+00:00 [running]> on host BITL0401.
[2024-03-06T12:17:14.649-0300] {taskinstance.py:2510} INFO - Exporting env vars: AIRFLOW_CTX_DAG_OWNER='airflow' AIRFLOW_CTX_DAG_ID='get_stocks_dag' AIRFLOW_CTX_TASK_ID='TSLA' AIRFLOW_CTX_EXECUTION_DATE='2024-01-06T00:00:00+00:00' AIRFLOW_CTX_TRY_NUMBER='1' AIRFLOW_CTX_DAG_RUN_ID='scheduled__2024-01-06T00:00:00+00:00'
[2024-03-06T12:17:15.208-0300] {python.py:202} INFO - Done. Returned value was: None
[2024-03-06T12:17:15.235-0300] {taskinstance.py:1149} INFO - Marking task as SUCCESS. dag_id=get_stocks_dag, task_id=TSLA, execution_date=20240106T000000, start_date=20240306T151714, end_date=20240306T151715
[2024-03-06T12:17:15.275-0300] {local_task_job_runner.py:234} INFO - Task exited with return code 0
[2024-03-06T12:17:15.297-0300] {taskinstance.py:3309} INFO - 0 downstream tasks scheduled from follow-on schedule check
