[2024-03-06T11:02:00.787-0300] {taskinstance.py:1979} INFO - Dependencies all met for dep_context=non-requeueable deps ti=<TaskInstance: get_stocks_dag.MSFT scheduled__2024-01-24T00:00:00+00:00 [queued]>
[2024-03-06T11:02:00.794-0300] {taskinstance.py:1979} INFO - Dependencies all met for dep_context=requeueable deps ti=<TaskInstance: get_stocks_dag.MSFT scheduled__2024-01-24T00:00:00+00:00 [queued]>
[2024-03-06T11:02:00.794-0300] {taskinstance.py:2193} INFO - Starting attempt 1 of 1
[2024-03-06T11:02:00.808-0300] {taskinstance.py:2214} INFO - Executing <Task(_PythonDecoratedOperator): MSFT> on 2024-01-24 00:00:00+00:00
[2024-03-06T11:02:00.813-0300] {standard_task_runner.py:60} INFO - Started process 20345 to run task
[2024-03-06T11:02:00.815-0300] {standard_task_runner.py:87} INFO - Running: ['airflow', 'tasks', 'run', 'get_stocks_dag', 'MSFT', 'scheduled__2024-01-24T00:00:00+00:00', '--job-id', '74', '--raw', '--subdir', 'DAGS_FOLDER/get_stoks.py', '--cfg-path', '/tmp/tmpzmbjyan3']
[2024-03-06T11:02:00.816-0300] {standard_task_runner.py:88} INFO - Job 74: Subtask MSFT
[2024-03-06T11:02:00.849-0300] {task_command.py:423} INFO - Running <TaskInstance: get_stocks_dag.MSFT scheduled__2024-01-24T00:00:00+00:00 [running]> on host BITL0401.
[2024-03-06T11:02:00.904-0300] {taskinstance.py:2510} INFO - Exporting env vars: AIRFLOW_CTX_DAG_OWNER='airflow' AIRFLOW_CTX_DAG_ID='get_stocks_dag' AIRFLOW_CTX_TASK_ID='MSFT' AIRFLOW_CTX_EXECUTION_DATE='2024-01-24T00:00:00+00:00' AIRFLOW_CTX_TRY_NUMBER='1' AIRFLOW_CTX_DAG_RUN_ID='scheduled__2024-01-24T00:00:00+00:00'
[2024-03-06T11:02:01.523-0300] {python.py:202} INFO - Done. Returned value was: None
[2024-03-06T11:02:01.526-0300] {taskinstance.py:1149} INFO - Marking task as SUCCESS. dag_id=get_stocks_dag, task_id=MSFT, execution_date=20240124T000000, start_date=20240306T140200, end_date=20240306T140201
[2024-03-06T11:02:01.554-0300] {local_task_job_runner.py:234} INFO - Task exited with return code 0
[2024-03-06T11:02:01.564-0300] {taskinstance.py:3309} INFO - 0 downstream tasks scheduled from follow-on schedule check
[2024-03-06T12:04:40.013-0300] {taskinstance.py:1979} INFO - Dependencies all met for dep_context=non-requeueable deps ti=<TaskInstance: get_stocks_dag.MSFT scheduled__2024-01-24T00:00:00+00:00 [queued]>
[2024-03-06T12:04:40.052-0300] {taskinstance.py:1979} INFO - Dependencies all met for dep_context=requeueable deps ti=<TaskInstance: get_stocks_dag.MSFT scheduled__2024-01-24T00:00:00+00:00 [queued]>
[2024-03-06T12:04:40.053-0300] {taskinstance.py:2193} INFO - Starting attempt 1 of 1
[2024-03-06T12:04:40.091-0300] {taskinstance.py:2214} INFO - Executing <Task(_PythonDecoratedOperator): MSFT> on 2024-01-24 00:00:00+00:00
[2024-03-06T12:04:40.111-0300] {standard_task_runner.py:60} INFO - Started process 40960 to run task
[2024-03-06T12:04:40.126-0300] {standard_task_runner.py:87} INFO - Running: ['airflow', 'tasks', 'run', 'get_stocks_dag', 'MSFT', 'scheduled__2024-01-24T00:00:00+00:00', '--job-id', '68', '--raw', '--subdir', 'DAGS_FOLDER/get_stoks.py', '--cfg-path', '/tmp/tmpek17ztyl']
[2024-03-06T12:04:40.129-0300] {standard_task_runner.py:88} INFO - Job 68: Subtask MSFT
[2024-03-06T12:04:40.356-0300] {task_command.py:423} INFO - Running <TaskInstance: get_stocks_dag.MSFT scheduled__2024-01-24T00:00:00+00:00 [running]> on host BITL0401.
[2024-03-06T12:04:40.672-0300] {taskinstance.py:2510} INFO - Exporting env vars: AIRFLOW_CTX_DAG_OWNER='airflow' AIRFLOW_CTX_DAG_ID='get_stocks_dag' AIRFLOW_CTX_TASK_ID='MSFT' AIRFLOW_CTX_EXECUTION_DATE='2024-01-24T00:00:00+00:00' AIRFLOW_CTX_TRY_NUMBER='1' AIRFLOW_CTX_DAG_RUN_ID='scheduled__2024-01-24T00:00:00+00:00'
[2024-03-06T12:04:41.393-0300] {python.py:202} INFO - Done. Returned value was: None
[2024-03-06T12:04:41.408-0300] {taskinstance.py:1149} INFO - Marking task as SUCCESS. dag_id=get_stocks_dag, task_id=MSFT, execution_date=20240124T000000, start_date=20240306T150440, end_date=20240306T150441
[2024-03-06T12:04:41.460-0300] {local_task_job_runner.py:234} INFO - Task exited with return code 0
[2024-03-06T12:04:41.493-0300] {taskinstance.py:3309} INFO - 0 downstream tasks scheduled from follow-on schedule check
