[2024-03-06T10:59:42.579-0300] {taskinstance.py:1979} INFO - Dependencies all met for dep_context=non-requeueable deps ti=<TaskInstance: get_stocks_dag.GOOG scheduled__2024-01-06T00:00:00+00:00 [queued]>
[2024-03-06T10:59:42.583-0300] {taskinstance.py:1979} INFO - Dependencies all met for dep_context=requeueable deps ti=<TaskInstance: get_stocks_dag.GOOG scheduled__2024-01-06T00:00:00+00:00 [queued]>
[2024-03-06T10:59:42.584-0300] {taskinstance.py:2193} INFO - Starting attempt 1 of 1
[2024-03-06T10:59:42.600-0300] {taskinstance.py:2214} INFO - Executing <Task(_PythonDecoratedOperator): GOOG> on 2024-01-06 00:00:00+00:00
[2024-03-06T10:59:42.604-0300] {standard_task_runner.py:60} INFO - Started process 19254 to run task
[2024-03-06T10:59:42.606-0300] {standard_task_runner.py:87} INFO - Running: ['airflow', 'tasks', 'run', 'get_stocks_dag', 'GOOG', 'scheduled__2024-01-06T00:00:00+00:00', '--job-id', '27', '--raw', '--subdir', 'DAGS_FOLDER/get_stoks.py', '--cfg-path', '/tmp/tmpr5djdd4s']
[2024-03-06T10:59:42.607-0300] {standard_task_runner.py:88} INFO - Job 27: Subtask GOOG
[2024-03-06T10:59:42.639-0300] {task_command.py:423} INFO - Running <TaskInstance: get_stocks_dag.GOOG scheduled__2024-01-06T00:00:00+00:00 [running]> on host BITL0401.
[2024-03-06T10:59:42.695-0300] {taskinstance.py:2510} INFO - Exporting env vars: AIRFLOW_CTX_DAG_OWNER='airflow' AIRFLOW_CTX_DAG_ID='get_stocks_dag' AIRFLOW_CTX_TASK_ID='GOOG' AIRFLOW_CTX_EXECUTION_DATE='2024-01-06T00:00:00+00:00' AIRFLOW_CTX_TRY_NUMBER='1' AIRFLOW_CTX_DAG_RUN_ID='scheduled__2024-01-06T00:00:00+00:00'
[2024-03-06T10:59:43.305-0300] {python.py:202} INFO - Done. Returned value was: None
[2024-03-06T10:59:43.308-0300] {taskinstance.py:1149} INFO - Marking task as SUCCESS. dag_id=get_stocks_dag, task_id=GOOG, execution_date=20240106T000000, start_date=20240306T135942, end_date=20240306T135943
[2024-03-06T10:59:43.343-0300] {local_task_job_runner.py:234} INFO - Task exited with return code 0
[2024-03-06T10:59:43.352-0300] {taskinstance.py:3309} INFO - 0 downstream tasks scheduled from follow-on schedule check
[2024-03-06T12:04:23.599-0300] {taskinstance.py:1979} INFO - Dependencies all met for dep_context=non-requeueable deps ti=<TaskInstance: get_stocks_dag.GOOG scheduled__2024-01-06T00:00:00+00:00 [queued]>
[2024-03-06T12:04:23.647-0300] {taskinstance.py:1979} INFO - Dependencies all met for dep_context=requeueable deps ti=<TaskInstance: get_stocks_dag.GOOG scheduled__2024-01-06T00:00:00+00:00 [queued]>
[2024-03-06T12:04:23.648-0300] {taskinstance.py:2193} INFO - Starting attempt 1 of 1
[2024-03-06T12:04:23.684-0300] {taskinstance.py:2214} INFO - Executing <Task(_PythonDecoratedOperator): GOOG> on 2024-01-06 00:00:00+00:00
[2024-03-06T12:04:23.696-0300] {standard_task_runner.py:60} INFO - Started process 39590 to run task
[2024-03-06T12:04:23.732-0300] {standard_task_runner.py:87} INFO - Running: ['airflow', 'tasks', 'run', 'get_stocks_dag', 'GOOG', 'scheduled__2024-01-06T00:00:00+00:00', '--job-id', '31', '--raw', '--subdir', 'DAGS_FOLDER/get_stoks.py', '--cfg-path', '/tmp/tmp_jnupqfm']
[2024-03-06T12:04:23.748-0300] {standard_task_runner.py:88} INFO - Job 31: Subtask GOOG
[2024-03-06T12:04:23.966-0300] {task_command.py:423} INFO - Running <TaskInstance: get_stocks_dag.GOOG scheduled__2024-01-06T00:00:00+00:00 [running]> on host BITL0401.
[2024-03-06T12:04:24.384-0300] {taskinstance.py:2510} INFO - Exporting env vars: AIRFLOW_CTX_DAG_OWNER='airflow' AIRFLOW_CTX_DAG_ID='get_stocks_dag' AIRFLOW_CTX_TASK_ID='GOOG' AIRFLOW_CTX_EXECUTION_DATE='2024-01-06T00:00:00+00:00' AIRFLOW_CTX_TRY_NUMBER='1' AIRFLOW_CTX_DAG_RUN_ID='scheduled__2024-01-06T00:00:00+00:00'
[2024-03-06T12:04:25.271-0300] {python.py:202} INFO - Done. Returned value was: None
[2024-03-06T12:04:25.288-0300] {taskinstance.py:1149} INFO - Marking task as SUCCESS. dag_id=get_stocks_dag, task_id=GOOG, execution_date=20240106T000000, start_date=20240306T150423, end_date=20240306T150425
[2024-03-06T12:04:25.337-0300] {local_task_job_runner.py:234} INFO - Task exited with return code 0
[2024-03-06T12:04:25.368-0300] {taskinstance.py:3309} INFO - 0 downstream tasks scheduled from follow-on schedule check
