[2024-03-06T10:59:36.982-0300] {taskinstance.py:1979} INFO - Dependencies all met for dep_context=non-requeueable deps ti=<TaskInstance: get_stocks_dag.AAPL scheduled__2024-01-06T00:00:00+00:00 [queued]>
[2024-03-06T10:59:36.986-0300] {taskinstance.py:1979} INFO - Dependencies all met for dep_context=requeueable deps ti=<TaskInstance: get_stocks_dag.AAPL scheduled__2024-01-06T00:00:00+00:00 [queued]>
[2024-03-06T10:59:36.986-0300] {taskinstance.py:2193} INFO - Starting attempt 1 of 1
[2024-03-06T10:59:37.002-0300] {taskinstance.py:2214} INFO - Executing <Task(_PythonDecoratedOperator): AAPL> on 2024-01-06 00:00:00+00:00
[2024-03-06T10:59:37.005-0300] {standard_task_runner.py:60} INFO - Started process 19209 to run task
[2024-03-06T10:59:37.009-0300] {standard_task_runner.py:87} INFO - Running: ['airflow', 'tasks', 'run', 'get_stocks_dag', 'AAPL', 'scheduled__2024-01-06T00:00:00+00:00', '--job-id', '25', '--raw', '--subdir', 'DAGS_FOLDER/get_stoks.py', '--cfg-path', '/tmp/tmpsvsvvcik']
[2024-03-06T10:59:37.010-0300] {standard_task_runner.py:88} INFO - Job 25: Subtask AAPL
[2024-03-06T10:59:37.045-0300] {task_command.py:423} INFO - Running <TaskInstance: get_stocks_dag.AAPL scheduled__2024-01-06T00:00:00+00:00 [running]> on host BITL0401.
[2024-03-06T10:59:37.101-0300] {taskinstance.py:2510} INFO - Exporting env vars: AIRFLOW_CTX_DAG_OWNER='airflow' AIRFLOW_CTX_DAG_ID='get_stocks_dag' AIRFLOW_CTX_TASK_ID='AAPL' AIRFLOW_CTX_EXECUTION_DATE='2024-01-06T00:00:00+00:00' AIRFLOW_CTX_TRY_NUMBER='1' AIRFLOW_CTX_DAG_RUN_ID='scheduled__2024-01-06T00:00:00+00:00'
[2024-03-06T10:59:37.763-0300] {python.py:202} INFO - Done. Returned value was: None
[2024-03-06T10:59:37.767-0300] {taskinstance.py:1149} INFO - Marking task as SUCCESS. dag_id=get_stocks_dag, task_id=AAPL, execution_date=20240106T000000, start_date=20240306T135936, end_date=20240306T135937
[2024-03-06T10:59:37.827-0300] {local_task_job_runner.py:234} INFO - Task exited with return code 0
[2024-03-06T10:59:37.839-0300] {taskinstance.py:3309} INFO - 0 downstream tasks scheduled from follow-on schedule check
[2024-03-06T12:04:23.481-0300] {taskinstance.py:1979} INFO - Dependencies all met for dep_context=non-requeueable deps ti=<TaskInstance: get_stocks_dag.AAPL scheduled__2024-01-06T00:00:00+00:00 [queued]>
[2024-03-06T12:04:23.518-0300] {taskinstance.py:1979} INFO - Dependencies all met for dep_context=requeueable deps ti=<TaskInstance: get_stocks_dag.AAPL scheduled__2024-01-06T00:00:00+00:00 [queued]>
[2024-03-06T12:04:23.519-0300] {taskinstance.py:2193} INFO - Starting attempt 1 of 1
[2024-03-06T12:04:23.552-0300] {taskinstance.py:2214} INFO - Executing <Task(_PythonDecoratedOperator): AAPL> on 2024-01-06 00:00:00+00:00
[2024-03-06T12:04:23.572-0300] {standard_task_runner.py:60} INFO - Started process 39566 to run task
[2024-03-06T12:04:23.605-0300] {standard_task_runner.py:87} INFO - Running: ['airflow', 'tasks', 'run', 'get_stocks_dag', 'AAPL', 'scheduled__2024-01-06T00:00:00+00:00', '--job-id', '22', '--raw', '--subdir', 'DAGS_FOLDER/get_stoks.py', '--cfg-path', '/tmp/tmp27iubk6h']
[2024-03-06T12:04:23.614-0300] {standard_task_runner.py:88} INFO - Job 22: Subtask AAPL
[2024-03-06T12:04:23.809-0300] {task_command.py:423} INFO - Running <TaskInstance: get_stocks_dag.AAPL scheduled__2024-01-06T00:00:00+00:00 [running]> on host BITL0401.
[2024-03-06T12:04:24.173-0300] {taskinstance.py:2510} INFO - Exporting env vars: AIRFLOW_CTX_DAG_OWNER='airflow' AIRFLOW_CTX_DAG_ID='get_stocks_dag' AIRFLOW_CTX_TASK_ID='AAPL' AIRFLOW_CTX_EXECUTION_DATE='2024-01-06T00:00:00+00:00' AIRFLOW_CTX_TRY_NUMBER='1' AIRFLOW_CTX_DAG_RUN_ID='scheduled__2024-01-06T00:00:00+00:00'
[2024-03-06T12:04:24.892-0300] {python.py:202} INFO - Done. Returned value was: None
[2024-03-06T12:04:24.911-0300] {taskinstance.py:1149} INFO - Marking task as SUCCESS. dag_id=get_stocks_dag, task_id=AAPL, execution_date=20240106T000000, start_date=20240306T150423, end_date=20240306T150424
[2024-03-06T12:04:24.968-0300] {local_task_job_runner.py:234} INFO - Task exited with return code 0
[2024-03-06T12:04:24.994-0300] {taskinstance.py:3309} INFO - 0 downstream tasks scheduled from follow-on schedule check
[2024-03-06T12:15:45.187-0300] {taskinstance.py:1979} INFO - Dependencies all met for dep_context=non-requeueable deps ti=<TaskInstance: get_stocks_dag.AAPL scheduled__2024-01-06T00:00:00+00:00 [queued]>
[2024-03-06T12:15:45.211-0300] {taskinstance.py:1979} INFO - Dependencies all met for dep_context=requeueable deps ti=<TaskInstance: get_stocks_dag.AAPL scheduled__2024-01-06T00:00:00+00:00 [queued]>
[2024-03-06T12:15:45.212-0300] {taskinstance.py:2193} INFO - Starting attempt 1 of 1
[2024-03-06T12:15:45.257-0300] {taskinstance.py:2214} INFO - Executing <Task(_PythonDecoratedOperator): AAPL> on 2024-01-06 00:00:00+00:00
[2024-03-06T12:15:45.274-0300] {standard_task_runner.py:60} INFO - Started process 47055 to run task
[2024-03-06T12:15:45.288-0300] {standard_task_runner.py:87} INFO - Running: ['airflow', 'tasks', 'run', 'get_stocks_dag', 'AAPL', 'scheduled__2024-01-06T00:00:00+00:00', '--job-id', '160', '--raw', '--subdir', 'DAGS_FOLDER/get_stoks.py', '--cfg-path', '/tmp/tmp04srhma9']
[2024-03-06T12:15:45.290-0300] {standard_task_runner.py:88} INFO - Job 160: Subtask AAPL
[2024-03-06T12:15:45.529-0300] {task_command.py:423} INFO - Running <TaskInstance: get_stocks_dag.AAPL scheduled__2024-01-06T00:00:00+00:00 [running]> on host BITL0401.
[2024-03-06T12:15:45.902-0300] {taskinstance.py:2510} INFO - Exporting env vars: AIRFLOW_CTX_DAG_OWNER='airflow' AIRFLOW_CTX_DAG_ID='get_stocks_dag' AIRFLOW_CTX_TASK_ID='AAPL' AIRFLOW_CTX_EXECUTION_DATE='2024-01-06T00:00:00+00:00' AIRFLOW_CTX_TRY_NUMBER='1' AIRFLOW_CTX_DAG_RUN_ID='scheduled__2024-01-06T00:00:00+00:00'
[2024-03-06T12:15:46.837-0300] {python.py:202} INFO - Done. Returned value was: None
[2024-03-06T12:15:46.858-0300] {taskinstance.py:1149} INFO - Marking task as SUCCESS. dag_id=get_stocks_dag, task_id=AAPL, execution_date=20240106T000000, start_date=20240306T151545, end_date=20240306T151546
[2024-03-06T12:15:46.904-0300] {local_task_job_runner.py:234} INFO - Task exited with return code 0
[2024-03-06T12:15:46.950-0300] {taskinstance.py:3309} INFO - 0 downstream tasks scheduled from follow-on schedule check
[2024-03-06T12:17:15.806-0300] {taskinstance.py:1979} INFO - Dependencies all met for dep_context=non-requeueable deps ti=<TaskInstance: get_stocks_dag.AAPL scheduled__2024-01-06T00:00:00+00:00 [queued]>
[2024-03-06T12:17:15.818-0300] {taskinstance.py:1979} INFO - Dependencies all met for dep_context=requeueable deps ti=<TaskInstance: get_stocks_dag.AAPL scheduled__2024-01-06T00:00:00+00:00 [queued]>
[2024-03-06T12:17:15.819-0300] {taskinstance.py:2193} INFO - Starting attempt 1 of 1
[2024-03-06T12:17:15.833-0300] {taskinstance.py:2214} INFO - Executing <Task(_PythonDecoratedOperator): AAPL> on 2024-01-06 00:00:00+00:00
[2024-03-06T12:17:15.841-0300] {standard_task_runner.py:60} INFO - Started process 49093 to run task
[2024-03-06T12:17:15.845-0300] {standard_task_runner.py:87} INFO - Running: ['airflow', 'tasks', 'run', 'get_stocks_dag', 'AAPL', 'scheduled__2024-01-06T00:00:00+00:00', '--job-id', '218', '--raw', '--subdir', 'DAGS_FOLDER/get_stoks.py', '--cfg-path', '/tmp/tmpmtcwrgof']
[2024-03-06T12:17:15.848-0300] {standard_task_runner.py:88} INFO - Job 218: Subtask AAPL
[2024-03-06T12:17:15.922-0300] {task_command.py:423} INFO - Running <TaskInstance: get_stocks_dag.AAPL scheduled__2024-01-06T00:00:00+00:00 [running]> on host BITL0401.
[2024-03-06T12:17:16.032-0300] {taskinstance.py:2510} INFO - Exporting env vars: AIRFLOW_CTX_DAG_OWNER='airflow' AIRFLOW_CTX_DAG_ID='get_stocks_dag' AIRFLOW_CTX_TASK_ID='AAPL' AIRFLOW_CTX_EXECUTION_DATE='2024-01-06T00:00:00+00:00' AIRFLOW_CTX_TRY_NUMBER='1' AIRFLOW_CTX_DAG_RUN_ID='scheduled__2024-01-06T00:00:00+00:00'
[2024-03-06T12:17:16.622-0300] {python.py:202} INFO - Done. Returned value was: None
[2024-03-06T12:17:16.636-0300] {taskinstance.py:1149} INFO - Marking task as SUCCESS. dag_id=get_stocks_dag, task_id=AAPL, execution_date=20240106T000000, start_date=20240306T151715, end_date=20240306T151716
[2024-03-06T12:17:16.662-0300] {local_task_job_runner.py:234} INFO - Task exited with return code 0
[2024-03-06T12:17:16.682-0300] {taskinstance.py:3309} INFO - 0 downstream tasks scheduled from follow-on schedule check
[2024-03-06T14:39:01.673-0300] {taskinstance.py:1979} INFO - Dependencies all met for dep_context=non-requeueable deps ti=<TaskInstance: get_stocks_dag.AAPL scheduled__2024-01-06T00:00:00+00:00 [queued]>
[2024-03-06T14:39:01.683-0300] {taskinstance.py:1979} INFO - Dependencies all met for dep_context=requeueable deps ti=<TaskInstance: get_stocks_dag.AAPL scheduled__2024-01-06T00:00:00+00:00 [queued]>
[2024-03-06T14:39:01.684-0300] {taskinstance.py:2193} INFO - Starting attempt 1 of 1
[2024-03-06T14:39:01.700-0300] {taskinstance.py:2214} INFO - Executing <Task(_PythonDecoratedOperator): AAPL> on 2024-01-06 00:00:00+00:00
[2024-03-06T14:39:01.707-0300] {standard_task_runner.py:60} INFO - Started process 83184 to run task
[2024-03-06T14:39:01.710-0300] {standard_task_runner.py:87} INFO - Running: ['airflow', 'tasks', 'run', 'get_stocks_dag', 'AAPL', 'scheduled__2024-01-06T00:00:00+00:00', '--job-id', '270', '--raw', '--subdir', 'DAGS_FOLDER/get_stoks.py', '--cfg-path', '/tmp/tmpwqfpwdi3']
[2024-03-06T14:39:01.712-0300] {standard_task_runner.py:88} INFO - Job 270: Subtask AAPL
[2024-03-06T14:39:01.777-0300] {task_command.py:423} INFO - Running <TaskInstance: get_stocks_dag.AAPL scheduled__2024-01-06T00:00:00+00:00 [running]> on host BITL0401.
[2024-03-06T14:39:01.882-0300] {taskinstance.py:2510} INFO - Exporting env vars: AIRFLOW_CTX_DAG_OWNER='airflow' AIRFLOW_CTX_DAG_ID='get_stocks_dag' AIRFLOW_CTX_TASK_ID='AAPL' AIRFLOW_CTX_EXECUTION_DATE='2024-01-06T00:00:00+00:00' AIRFLOW_CTX_TRY_NUMBER='1' AIRFLOW_CTX_DAG_RUN_ID='scheduled__2024-01-06T00:00:00+00:00'
[2024-03-06T14:39:02.399-0300] {python.py:202} INFO - Done. Returned value was: None
[2024-03-06T14:39:02.415-0300] {taskinstance.py:1149} INFO - Marking task as SUCCESS. dag_id=get_stocks_dag, task_id=AAPL, execution_date=20240106T000000, start_date=20240306T173901, end_date=20240306T173902
[2024-03-06T14:39:02.446-0300] {local_task_job_runner.py:234} INFO - Task exited with return code 0
[2024-03-06T14:39:02.468-0300] {taskinstance.py:3309} INFO - 0 downstream tasks scheduled from follow-on schedule check
[2024-03-06T14:49:21.166-0300] {taskinstance.py:1979} INFO - Dependencies all met for dep_context=non-requeueable deps ti=<TaskInstance: get_stocks_dag.AAPL scheduled__2024-01-06T00:00:00+00:00 [queued]>
[2024-03-06T14:49:21.177-0300] {taskinstance.py:1979} INFO - Dependencies all met for dep_context=requeueable deps ti=<TaskInstance: get_stocks_dag.AAPL scheduled__2024-01-06T00:00:00+00:00 [queued]>
[2024-03-06T14:49:21.177-0300] {taskinstance.py:2193} INFO - Starting attempt 1 of 1
[2024-03-06T14:49:21.195-0300] {taskinstance.py:2214} INFO - Executing <Task(_PythonDecoratedOperator): AAPL> on 2024-01-06 00:00:00+00:00
[2024-03-06T14:49:21.201-0300] {standard_task_runner.py:60} INFO - Started process 86917 to run task
[2024-03-06T14:49:21.203-0300] {standard_task_runner.py:87} INFO - Running: ['airflow', 'tasks', 'run', 'get_stocks_dag', 'AAPL', 'scheduled__2024-01-06T00:00:00+00:00', '--job-id', '296', '--raw', '--subdir', 'DAGS_FOLDER/get_stoks.py', '--cfg-path', '/tmp/tmpmas1ezk0']
[2024-03-06T14:49:21.204-0300] {standard_task_runner.py:88} INFO - Job 296: Subtask AAPL
[2024-03-06T14:49:21.269-0300] {task_command.py:423} INFO - Running <TaskInstance: get_stocks_dag.AAPL scheduled__2024-01-06T00:00:00+00:00 [running]> on host BITL0401.
[2024-03-06T14:49:21.375-0300] {taskinstance.py:2510} INFO - Exporting env vars: AIRFLOW_CTX_DAG_OWNER='airflow' AIRFLOW_CTX_DAG_ID='get_stocks_dag' AIRFLOW_CTX_TASK_ID='AAPL' AIRFLOW_CTX_EXECUTION_DATE='2024-01-06T00:00:00+00:00' AIRFLOW_CTX_TRY_NUMBER='1' AIRFLOW_CTX_DAG_RUN_ID='scheduled__2024-01-06T00:00:00+00:00'
[2024-03-06T14:49:21.860-0300] {python.py:202} INFO - Done. Returned value was: None
[2024-03-06T14:49:21.875-0300] {taskinstance.py:1149} INFO - Marking task as SUCCESS. dag_id=get_stocks_dag, task_id=AAPL, execution_date=20240106T000000, start_date=20240306T174921, end_date=20240306T174921
[2024-03-06T14:49:21.899-0300] {local_task_job_runner.py:234} INFO - Task exited with return code 0
[2024-03-06T14:49:21.923-0300] {taskinstance.py:3309} INFO - 0 downstream tasks scheduled from follow-on schedule check
[2024-03-06T15:10:09.774-0300] {taskinstance.py:1979} INFO - Dependencies all met for dep_context=non-requeueable deps ti=<TaskInstance: get_stocks_dag.AAPL scheduled__2024-01-06T00:00:00+00:00 [queued]>
[2024-03-06T15:10:09.787-0300] {taskinstance.py:1979} INFO - Dependencies all met for dep_context=requeueable deps ti=<TaskInstance: get_stocks_dag.AAPL scheduled__2024-01-06T00:00:00+00:00 [queued]>
[2024-03-06T15:10:09.788-0300] {taskinstance.py:2193} INFO - Starting attempt 1 of 1
[2024-03-06T15:10:09.803-0300] {taskinstance.py:2214} INFO - Executing <Task(_PythonDecoratedOperator): AAPL> on 2024-01-06 00:00:00+00:00
[2024-03-06T15:10:09.808-0300] {standard_task_runner.py:60} INFO - Started process 94233 to run task
[2024-03-06T15:10:09.810-0300] {standard_task_runner.py:87} INFO - Running: ['airflow', 'tasks', 'run', 'get_stocks_dag', 'AAPL', 'scheduled__2024-01-06T00:00:00+00:00', '--job-id', '341', '--raw', '--subdir', 'DAGS_FOLDER/get_stoks.py', '--cfg-path', '/tmp/tmpofqstuuk']
[2024-03-06T15:10:09.812-0300] {standard_task_runner.py:88} INFO - Job 341: Subtask AAPL
[2024-03-06T15:10:09.878-0300] {task_command.py:423} INFO - Running <TaskInstance: get_stocks_dag.AAPL scheduled__2024-01-06T00:00:00+00:00 [running]> on host BITL0401.
[2024-03-06T15:10:10.001-0300] {taskinstance.py:2510} INFO - Exporting env vars: AIRFLOW_CTX_DAG_OWNER='airflow' AIRFLOW_CTX_DAG_ID='get_stocks_dag' AIRFLOW_CTX_TASK_ID='AAPL' AIRFLOW_CTX_EXECUTION_DATE='2024-01-06T00:00:00+00:00' AIRFLOW_CTX_TRY_NUMBER='1' AIRFLOW_CTX_DAG_RUN_ID='scheduled__2024-01-06T00:00:00+00:00'
[2024-03-06T15:10:23.435-0300] {python.py:202} INFO - Done. Returned value was: None
[2024-03-06T15:10:23.450-0300] {taskinstance.py:1149} INFO - Marking task as SUCCESS. dag_id=get_stocks_dag, task_id=AAPL, execution_date=20240106T000000, start_date=20240306T181009, end_date=20240306T181023
[2024-03-06T15:10:23.479-0300] {local_task_job_runner.py:234} INFO - Task exited with return code 0
[2024-03-06T15:10:23.503-0300] {taskinstance.py:3309} INFO - 0 downstream tasks scheduled from follow-on schedule check
