[2024-03-06T14:56:01.925-0300] {processor.py:161} INFO - Started process (PID=89569) to work on /home/luan/Documents/airflow-executores-local-celery/dags/get_crypto.py
[2024-03-06T14:56:01.926-0300] {processor.py:830} INFO - Processing file /home/luan/Documents/airflow-executores-local-celery/dags/get_crypto.py for tasks to queue
[2024-03-06T14:56:01.928-0300] {logging_mixin.py:188} INFO - [2024-03-06T14:56:01.927-0300] {dagbag.py:540} INFO - Filling up the DagBag from /home/luan/Documents/airflow-executores-local-celery/dags/get_crypto.py
[2024-03-06T14:56:02.414-0300] {processor.py:840} INFO - DAG(s) 'get_crypto_dag' retrieved from /home/luan/Documents/airflow-executores-local-celery/dags/get_crypto.py
[2024-03-06T14:56:02.514-0300] {logging_mixin.py:188} INFO - [2024-03-06T14:56:02.514-0300] {override.py:1769} INFO - Created Permission View: can read on DAG:get_crypto_dag
[2024-03-06T14:56:02.527-0300] {logging_mixin.py:188} INFO - [2024-03-06T14:56:02.526-0300] {override.py:1769} INFO - Created Permission View: can delete on DAG:get_crypto_dag
[2024-03-06T14:56:02.537-0300] {logging_mixin.py:188} INFO - [2024-03-06T14:56:02.537-0300] {override.py:1769} INFO - Created Permission View: can edit on DAG:get_crypto_dag
[2024-03-06T14:56:02.538-0300] {logging_mixin.py:188} INFO - [2024-03-06T14:56:02.537-0300] {dag.py:3047} INFO - Sync 1 DAGs
[2024-03-06T14:56:02.547-0300] {logging_mixin.py:188} INFO - [2024-03-06T14:56:02.546-0300] {dag.py:3069} INFO - Creating ORM DAG for get_crypto_dag
[2024-03-06T14:56:02.557-0300] {logging_mixin.py:188} INFO - [2024-03-06T14:56:02.557-0300] {dag.py:3834} INFO - Setting next_dagrun for get_crypto_dag to 2024-01-01T00:00:00+00:00, run_after=2024-01-02T00:00:00+00:00
[2024-03-06T14:56:02.576-0300] {processor.py:183} INFO - Processing /home/luan/Documents/airflow-executores-local-celery/dags/get_crypto.py took 0.653 seconds
[2024-03-06T14:56:32.655-0300] {processor.py:161} INFO - Started process (PID=89737) to work on /home/luan/Documents/airflow-executores-local-celery/dags/get_crypto.py
[2024-03-06T14:56:32.656-0300] {processor.py:830} INFO - Processing file /home/luan/Documents/airflow-executores-local-celery/dags/get_crypto.py for tasks to queue
[2024-03-06T14:56:32.657-0300] {logging_mixin.py:188} INFO - [2024-03-06T14:56:32.657-0300] {dagbag.py:540} INFO - Filling up the DagBag from /home/luan/Documents/airflow-executores-local-celery/dags/get_crypto.py
[2024-03-06T14:56:33.190-0300] {processor.py:840} INFO - DAG(s) 'get_crypto_dag' retrieved from /home/luan/Documents/airflow-executores-local-celery/dags/get_crypto.py
[2024-03-06T14:56:33.219-0300] {logging_mixin.py:188} INFO - [2024-03-06T14:56:33.218-0300] {dag.py:3047} INFO - Sync 1 DAGs
[2024-03-06T14:56:33.239-0300] {logging_mixin.py:188} INFO - [2024-03-06T14:56:33.238-0300] {dag.py:3834} INFO - Setting next_dagrun for get_crypto_dag to 2024-01-01T00:00:00+00:00, run_after=2024-01-02T00:00:00+00:00
[2024-03-06T14:56:33.263-0300] {processor.py:183} INFO - Processing /home/luan/Documents/airflow-executores-local-celery/dags/get_crypto.py took 0.611 seconds
[2024-03-06T14:57:03.438-0300] {processor.py:161} INFO - Started process (PID=89854) to work on /home/luan/Documents/airflow-executores-local-celery/dags/get_crypto.py
[2024-03-06T14:57:03.439-0300] {processor.py:830} INFO - Processing file /home/luan/Documents/airflow-executores-local-celery/dags/get_crypto.py for tasks to queue
[2024-03-06T14:57:03.441-0300] {logging_mixin.py:188} INFO - [2024-03-06T14:57:03.441-0300] {dagbag.py:540} INFO - Filling up the DagBag from /home/luan/Documents/airflow-executores-local-celery/dags/get_crypto.py
[2024-03-06T14:57:03.962-0300] {processor.py:840} INFO - DAG(s) 'get_crypto_dag' retrieved from /home/luan/Documents/airflow-executores-local-celery/dags/get_crypto.py
[2024-03-06T14:57:03.991-0300] {logging_mixin.py:188} INFO - [2024-03-06T14:57:03.990-0300] {dag.py:3047} INFO - Sync 1 DAGs
[2024-03-06T14:57:04.013-0300] {logging_mixin.py:188} INFO - [2024-03-06T14:57:04.013-0300] {dag.py:3834} INFO - Setting next_dagrun for get_crypto_dag to 2024-01-01T00:00:00+00:00, run_after=2024-01-02T00:00:00+00:00
[2024-03-06T14:57:04.042-0300] {processor.py:183} INFO - Processing /home/luan/Documents/airflow-executores-local-celery/dags/get_crypto.py took 0.607 seconds
[2024-03-06T14:57:34.228-0300] {processor.py:161} INFO - Started process (PID=89985) to work on /home/luan/Documents/airflow-executores-local-celery/dags/get_crypto.py
[2024-03-06T14:57:34.230-0300] {processor.py:830} INFO - Processing file /home/luan/Documents/airflow-executores-local-celery/dags/get_crypto.py for tasks to queue
[2024-03-06T14:57:34.232-0300] {logging_mixin.py:188} INFO - [2024-03-06T14:57:34.231-0300] {dagbag.py:540} INFO - Filling up the DagBag from /home/luan/Documents/airflow-executores-local-celery/dags/get_crypto.py
[2024-03-06T14:57:34.773-0300] {processor.py:840} INFO - DAG(s) 'get_crypto_dag' retrieved from /home/luan/Documents/airflow-executores-local-celery/dags/get_crypto.py
[2024-03-06T14:57:34.801-0300] {logging_mixin.py:188} INFO - [2024-03-06T14:57:34.801-0300] {dag.py:3047} INFO - Sync 1 DAGs
[2024-03-06T14:57:34.824-0300] {logging_mixin.py:188} INFO - [2024-03-06T14:57:34.824-0300] {dag.py:3834} INFO - Setting next_dagrun for get_crypto_dag to 2024-01-01T00:00:00+00:00, run_after=2024-01-02T00:00:00+00:00
[2024-03-06T14:57:34.854-0300] {processor.py:183} INFO - Processing /home/luan/Documents/airflow-executores-local-celery/dags/get_crypto.py took 0.629 seconds
[2024-03-06T14:58:05.034-0300] {processor.py:161} INFO - Started process (PID=90101) to work on /home/luan/Documents/airflow-executores-local-celery/dags/get_crypto.py
[2024-03-06T14:58:05.035-0300] {processor.py:830} INFO - Processing file /home/luan/Documents/airflow-executores-local-celery/dags/get_crypto.py for tasks to queue
[2024-03-06T14:58:05.037-0300] {logging_mixin.py:188} INFO - [2024-03-06T14:58:05.036-0300] {dagbag.py:540} INFO - Filling up the DagBag from /home/luan/Documents/airflow-executores-local-celery/dags/get_crypto.py
[2024-03-06T14:58:05.582-0300] {processor.py:840} INFO - DAG(s) 'get_crypto_dag' retrieved from /home/luan/Documents/airflow-executores-local-celery/dags/get_crypto.py
[2024-03-06T14:58:05.615-0300] {logging_mixin.py:188} INFO - [2024-03-06T14:58:05.615-0300] {dag.py:3047} INFO - Sync 1 DAGs
[2024-03-06T14:58:05.635-0300] {logging_mixin.py:188} INFO - [2024-03-06T14:58:05.635-0300] {dag.py:3834} INFO - Setting next_dagrun for get_crypto_dag to 2024-01-01T00:00:00+00:00, run_after=2024-01-02T00:00:00+00:00
[2024-03-06T14:58:05.659-0300] {processor.py:183} INFO - Processing /home/luan/Documents/airflow-executores-local-celery/dags/get_crypto.py took 0.627 seconds
[2024-03-06T14:58:35.847-0300] {processor.py:161} INFO - Started process (PID=90219) to work on /home/luan/Documents/airflow-executores-local-celery/dags/get_crypto.py
[2024-03-06T14:58:35.848-0300] {processor.py:830} INFO - Processing file /home/luan/Documents/airflow-executores-local-celery/dags/get_crypto.py for tasks to queue
[2024-03-06T14:58:35.849-0300] {logging_mixin.py:188} INFO - [2024-03-06T14:58:35.849-0300] {dagbag.py:540} INFO - Filling up the DagBag from /home/luan/Documents/airflow-executores-local-celery/dags/get_crypto.py
[2024-03-06T14:58:36.419-0300] {processor.py:840} INFO - DAG(s) 'get_crypto_dag' retrieved from /home/luan/Documents/airflow-executores-local-celery/dags/get_crypto.py
[2024-03-06T14:58:36.448-0300] {logging_mixin.py:188} INFO - [2024-03-06T14:58:36.448-0300] {dag.py:3047} INFO - Sync 1 DAGs
[2024-03-06T14:58:36.468-0300] {logging_mixin.py:188} INFO - [2024-03-06T14:58:36.468-0300] {dag.py:3834} INFO - Setting next_dagrun for get_crypto_dag to 2024-01-01T00:00:00+00:00, run_after=2024-01-02T00:00:00+00:00
[2024-03-06T14:58:36.497-0300] {processor.py:183} INFO - Processing /home/luan/Documents/airflow-executores-local-celery/dags/get_crypto.py took 0.653 seconds
[2024-03-06T14:59:06.684-0300] {processor.py:161} INFO - Started process (PID=90337) to work on /home/luan/Documents/airflow-executores-local-celery/dags/get_crypto.py
[2024-03-06T14:59:06.686-0300] {processor.py:830} INFO - Processing file /home/luan/Documents/airflow-executores-local-celery/dags/get_crypto.py for tasks to queue
[2024-03-06T14:59:06.689-0300] {logging_mixin.py:188} INFO - [2024-03-06T14:59:06.688-0300] {dagbag.py:540} INFO - Filling up the DagBag from /home/luan/Documents/airflow-executores-local-celery/dags/get_crypto.py
[2024-03-06T14:59:07.204-0300] {processor.py:840} INFO - DAG(s) 'get_crypto_dag' retrieved from /home/luan/Documents/airflow-executores-local-celery/dags/get_crypto.py
[2024-03-06T14:59:07.234-0300] {logging_mixin.py:188} INFO - [2024-03-06T14:59:07.233-0300] {dag.py:3047} INFO - Sync 1 DAGs
[2024-03-06T14:59:07.255-0300] {logging_mixin.py:188} INFO - [2024-03-06T14:59:07.255-0300] {dag.py:3834} INFO - Setting next_dagrun for get_crypto_dag to 2024-01-01T00:00:00+00:00, run_after=2024-01-02T00:00:00+00:00
[2024-03-06T14:59:07.284-0300] {processor.py:183} INFO - Processing /home/luan/Documents/airflow-executores-local-celery/dags/get_crypto.py took 0.604 seconds
[2024-03-06T14:59:37.445-0300] {processor.py:161} INFO - Started process (PID=90472) to work on /home/luan/Documents/airflow-executores-local-celery/dags/get_crypto.py
[2024-03-06T14:59:37.446-0300] {processor.py:830} INFO - Processing file /home/luan/Documents/airflow-executores-local-celery/dags/get_crypto.py for tasks to queue
[2024-03-06T14:59:37.448-0300] {logging_mixin.py:188} INFO - [2024-03-06T14:59:37.448-0300] {dagbag.py:540} INFO - Filling up the DagBag from /home/luan/Documents/airflow-executores-local-celery/dags/get_crypto.py
[2024-03-06T14:59:38.211-0300] {processor.py:840} INFO - DAG(s) 'get_crypto_dag' retrieved from /home/luan/Documents/airflow-executores-local-celery/dags/get_crypto.py
[2024-03-06T14:59:38.245-0300] {logging_mixin.py:188} INFO - [2024-03-06T14:59:38.244-0300] {dag.py:3047} INFO - Sync 1 DAGs
[2024-03-06T14:59:38.271-0300] {logging_mixin.py:188} INFO - [2024-03-06T14:59:38.271-0300] {dag.py:3834} INFO - Setting next_dagrun for get_crypto_dag to 2024-01-01T00:00:00+00:00, run_after=2024-01-02T00:00:00+00:00
[2024-03-06T14:59:38.303-0300] {processor.py:183} INFO - Processing /home/luan/Documents/airflow-executores-local-celery/dags/get_crypto.py took 0.863 seconds
[2024-03-06T15:00:08.368-0300] {processor.py:161} INFO - Started process (PID=90849) to work on /home/luan/Documents/airflow-executores-local-celery/dags/get_crypto.py
[2024-03-06T15:00:08.369-0300] {processor.py:830} INFO - Processing file /home/luan/Documents/airflow-executores-local-celery/dags/get_crypto.py for tasks to queue
[2024-03-06T15:00:08.370-0300] {logging_mixin.py:188} INFO - [2024-03-06T15:00:08.370-0300] {dagbag.py:540} INFO - Filling up the DagBag from /home/luan/Documents/airflow-executores-local-celery/dags/get_crypto.py
[2024-03-06T15:00:08.952-0300] {processor.py:840} INFO - DAG(s) 'get_crypto_dag' retrieved from /home/luan/Documents/airflow-executores-local-celery/dags/get_crypto.py
[2024-03-06T15:00:08.982-0300] {logging_mixin.py:188} INFO - [2024-03-06T15:00:08.982-0300] {dag.py:3047} INFO - Sync 1 DAGs
[2024-03-06T15:00:09.032-0300] {processor.py:183} INFO - Processing /home/luan/Documents/airflow-executores-local-celery/dags/get_crypto.py took 0.666 seconds
[2024-03-06T15:00:39.195-0300] {processor.py:161} INFO - Started process (PID=91148) to work on /home/luan/Documents/airflow-executores-local-celery/dags/get_crypto.py
[2024-03-06T15:00:39.197-0300] {processor.py:830} INFO - Processing file /home/luan/Documents/airflow-executores-local-celery/dags/get_crypto.py for tasks to queue
[2024-03-06T15:00:39.199-0300] {logging_mixin.py:188} INFO - [2024-03-06T15:00:39.198-0300] {dagbag.py:540} INFO - Filling up the DagBag from /home/luan/Documents/airflow-executores-local-celery/dags/get_crypto.py
[2024-03-06T15:00:39.769-0300] {processor.py:840} INFO - DAG(s) 'get_crypto_dag' retrieved from /home/luan/Documents/airflow-executores-local-celery/dags/get_crypto.py
[2024-03-06T15:00:39.799-0300] {logging_mixin.py:188} INFO - [2024-03-06T15:00:39.799-0300] {dag.py:3047} INFO - Sync 1 DAGs
[2024-03-06T15:00:39.846-0300] {processor.py:183} INFO - Processing /home/luan/Documents/airflow-executores-local-celery/dags/get_crypto.py took 0.653 seconds
[2024-03-06T15:01:10.044-0300] {processor.py:161} INFO - Started process (PID=91648) to work on /home/luan/Documents/airflow-executores-local-celery/dags/get_crypto.py
[2024-03-06T15:01:10.046-0300] {processor.py:830} INFO - Processing file /home/luan/Documents/airflow-executores-local-celery/dags/get_crypto.py for tasks to queue
[2024-03-06T15:01:10.049-0300] {logging_mixin.py:188} INFO - [2024-03-06T15:01:10.048-0300] {dagbag.py:540} INFO - Filling up the DagBag from /home/luan/Documents/airflow-executores-local-celery/dags/get_crypto.py
[2024-03-06T15:01:10.659-0300] {processor.py:840} INFO - DAG(s) 'get_crypto_dag' retrieved from /home/luan/Documents/airflow-executores-local-celery/dags/get_crypto.py
[2024-03-06T15:01:10.693-0300] {logging_mixin.py:188} INFO - [2024-03-06T15:01:10.692-0300] {dag.py:3047} INFO - Sync 1 DAGs
[2024-03-06T15:01:10.741-0300] {processor.py:183} INFO - Processing /home/luan/Documents/airflow-executores-local-celery/dags/get_crypto.py took 0.701 seconds
[2024-03-06T15:01:40.923-0300] {processor.py:161} INFO - Started process (PID=92069) to work on /home/luan/Documents/airflow-executores-local-celery/dags/get_crypto.py
[2024-03-06T15:01:40.925-0300] {processor.py:830} INFO - Processing file /home/luan/Documents/airflow-executores-local-celery/dags/get_crypto.py for tasks to queue
[2024-03-06T15:01:40.928-0300] {logging_mixin.py:188} INFO - [2024-03-06T15:01:40.927-0300] {dagbag.py:540} INFO - Filling up the DagBag from /home/luan/Documents/airflow-executores-local-celery/dags/get_crypto.py
[2024-03-06T15:01:41.572-0300] {processor.py:840} INFO - DAG(s) 'get_crypto_dag' retrieved from /home/luan/Documents/airflow-executores-local-celery/dags/get_crypto.py
[2024-03-06T15:01:41.605-0300] {logging_mixin.py:188} INFO - [2024-03-06T15:01:41.605-0300] {dag.py:3047} INFO - Sync 1 DAGs
[2024-03-06T15:01:41.655-0300] {processor.py:183} INFO - Processing /home/luan/Documents/airflow-executores-local-celery/dags/get_crypto.py took 0.734 seconds
[2024-03-06T15:02:11.848-0300] {processor.py:161} INFO - Started process (PID=92252) to work on /home/luan/Documents/airflow-executores-local-celery/dags/get_crypto.py
[2024-03-06T15:02:11.849-0300] {processor.py:830} INFO - Processing file /home/luan/Documents/airflow-executores-local-celery/dags/get_crypto.py for tasks to queue
[2024-03-06T15:02:11.851-0300] {logging_mixin.py:188} INFO - [2024-03-06T15:02:11.851-0300] {dagbag.py:540} INFO - Filling up the DagBag from /home/luan/Documents/airflow-executores-local-celery/dags/get_crypto.py
[2024-03-06T15:02:12.346-0300] {processor.py:840} INFO - DAG(s) 'get_crypto_dag' retrieved from /home/luan/Documents/airflow-executores-local-celery/dags/get_crypto.py
[2024-03-06T15:02:12.372-0300] {logging_mixin.py:188} INFO - [2024-03-06T15:02:12.372-0300] {dag.py:3047} INFO - Sync 1 DAGs
[2024-03-06T15:02:12.391-0300] {logging_mixin.py:188} INFO - [2024-03-06T15:02:12.391-0300] {dag.py:3834} INFO - Setting next_dagrun for get_crypto_dag to 2024-01-07T00:00:00+00:00, run_after=2024-01-08T00:00:00+00:00
[2024-03-06T15:02:12.414-0300] {processor.py:183} INFO - Processing /home/luan/Documents/airflow-executores-local-celery/dags/get_crypto.py took 0.569 seconds
[2024-03-06T15:02:42.590-0300] {processor.py:161} INFO - Started process (PID=92364) to work on /home/luan/Documents/airflow-executores-local-celery/dags/get_crypto.py
[2024-03-06T15:02:42.591-0300] {processor.py:830} INFO - Processing file /home/luan/Documents/airflow-executores-local-celery/dags/get_crypto.py for tasks to queue
[2024-03-06T15:02:42.592-0300] {logging_mixin.py:188} INFO - [2024-03-06T15:02:42.592-0300] {dagbag.py:540} INFO - Filling up the DagBag from /home/luan/Documents/airflow-executores-local-celery/dags/get_crypto.py
[2024-03-06T15:02:43.175-0300] {processor.py:840} INFO - DAG(s) 'get_crypto_dag' retrieved from /home/luan/Documents/airflow-executores-local-celery/dags/get_crypto.py
[2024-03-06T15:02:43.200-0300] {logging_mixin.py:188} INFO - [2024-03-06T15:02:43.199-0300] {dag.py:3047} INFO - Sync 1 DAGs
[2024-03-06T15:02:43.220-0300] {logging_mixin.py:188} INFO - [2024-03-06T15:02:43.220-0300] {dag.py:3834} INFO - Setting next_dagrun for get_crypto_dag to 2024-01-07T00:00:00+00:00, run_after=2024-01-08T00:00:00+00:00
[2024-03-06T15:02:43.248-0300] {processor.py:183} INFO - Processing /home/luan/Documents/airflow-executores-local-celery/dags/get_crypto.py took 0.660 seconds
[2024-03-06T15:03:13.436-0300] {processor.py:161} INFO - Started process (PID=92482) to work on /home/luan/Documents/airflow-executores-local-celery/dags/get_crypto.py
[2024-03-06T15:03:13.437-0300] {processor.py:830} INFO - Processing file /home/luan/Documents/airflow-executores-local-celery/dags/get_crypto.py for tasks to queue
[2024-03-06T15:03:13.438-0300] {logging_mixin.py:188} INFO - [2024-03-06T15:03:13.438-0300] {dagbag.py:540} INFO - Filling up the DagBag from /home/luan/Documents/airflow-executores-local-celery/dags/get_crypto.py
[2024-03-06T15:03:13.924-0300] {processor.py:840} INFO - DAG(s) 'get_crypto_dag' retrieved from /home/luan/Documents/airflow-executores-local-celery/dags/get_crypto.py
[2024-03-06T15:03:13.951-0300] {logging_mixin.py:188} INFO - [2024-03-06T15:03:13.950-0300] {dag.py:3047} INFO - Sync 1 DAGs
[2024-03-06T15:03:13.971-0300] {logging_mixin.py:188} INFO - [2024-03-06T15:03:13.971-0300] {dag.py:3834} INFO - Setting next_dagrun for get_crypto_dag to 2024-01-07T00:00:00+00:00, run_after=2024-01-08T00:00:00+00:00
[2024-03-06T15:03:13.991-0300] {processor.py:183} INFO - Processing /home/luan/Documents/airflow-executores-local-celery/dags/get_crypto.py took 0.558 seconds
[2024-03-06T15:03:44.174-0300] {processor.py:161} INFO - Started process (PID=92599) to work on /home/luan/Documents/airflow-executores-local-celery/dags/get_crypto.py
[2024-03-06T15:03:44.175-0300] {processor.py:830} INFO - Processing file /home/luan/Documents/airflow-executores-local-celery/dags/get_crypto.py for tasks to queue
[2024-03-06T15:03:44.177-0300] {logging_mixin.py:188} INFO - [2024-03-06T15:03:44.177-0300] {dagbag.py:540} INFO - Filling up the DagBag from /home/luan/Documents/airflow-executores-local-celery/dags/get_crypto.py
[2024-03-06T15:03:44.655-0300] {processor.py:840} INFO - DAG(s) 'get_crypto_dag' retrieved from /home/luan/Documents/airflow-executores-local-celery/dags/get_crypto.py
[2024-03-06T15:03:44.685-0300] {logging_mixin.py:188} INFO - [2024-03-06T15:03:44.685-0300] {dag.py:3047} INFO - Sync 1 DAGs
[2024-03-06T15:03:44.704-0300] {logging_mixin.py:188} INFO - [2024-03-06T15:03:44.704-0300] {dag.py:3834} INFO - Setting next_dagrun for get_crypto_dag to 2024-01-07T00:00:00+00:00, run_after=2024-01-08T00:00:00+00:00
[2024-03-06T15:03:44.727-0300] {processor.py:183} INFO - Processing /home/luan/Documents/airflow-executores-local-celery/dags/get_crypto.py took 0.556 seconds
[2024-03-06T15:04:14.906-0300] {processor.py:161} INFO - Started process (PID=92711) to work on /home/luan/Documents/airflow-executores-local-celery/dags/get_crypto.py
[2024-03-06T15:04:14.907-0300] {processor.py:830} INFO - Processing file /home/luan/Documents/airflow-executores-local-celery/dags/get_crypto.py for tasks to queue
[2024-03-06T15:04:14.908-0300] {logging_mixin.py:188} INFO - [2024-03-06T15:04:14.908-0300] {dagbag.py:540} INFO - Filling up the DagBag from /home/luan/Documents/airflow-executores-local-celery/dags/get_crypto.py
[2024-03-06T15:04:15.388-0300] {processor.py:840} INFO - DAG(s) 'get_crypto_dag' retrieved from /home/luan/Documents/airflow-executores-local-celery/dags/get_crypto.py
[2024-03-06T15:04:15.414-0300] {logging_mixin.py:188} INFO - [2024-03-06T15:04:15.414-0300] {dag.py:3047} INFO - Sync 1 DAGs
[2024-03-06T15:04:15.434-0300] {logging_mixin.py:188} INFO - [2024-03-06T15:04:15.433-0300] {dag.py:3834} INFO - Setting next_dagrun for get_crypto_dag to 2024-01-07T00:00:00+00:00, run_after=2024-01-08T00:00:00+00:00
[2024-03-06T15:04:15.454-0300] {processor.py:183} INFO - Processing /home/luan/Documents/airflow-executores-local-celery/dags/get_crypto.py took 0.551 seconds
[2024-03-06T15:04:45.645-0300] {processor.py:161} INFO - Started process (PID=92828) to work on /home/luan/Documents/airflow-executores-local-celery/dags/get_crypto.py
[2024-03-06T15:04:45.646-0300] {processor.py:830} INFO - Processing file /home/luan/Documents/airflow-executores-local-celery/dags/get_crypto.py for tasks to queue
[2024-03-06T15:04:45.648-0300] {logging_mixin.py:188} INFO - [2024-03-06T15:04:45.648-0300] {dagbag.py:540} INFO - Filling up the DagBag from /home/luan/Documents/airflow-executores-local-celery/dags/get_crypto.py
[2024-03-06T15:04:46.135-0300] {processor.py:840} INFO - DAG(s) 'get_crypto_dag' retrieved from /home/luan/Documents/airflow-executores-local-celery/dags/get_crypto.py
[2024-03-06T15:04:46.161-0300] {logging_mixin.py:188} INFO - [2024-03-06T15:04:46.161-0300] {dag.py:3047} INFO - Sync 1 DAGs
[2024-03-06T15:04:46.181-0300] {logging_mixin.py:188} INFO - [2024-03-06T15:04:46.181-0300] {dag.py:3834} INFO - Setting next_dagrun for get_crypto_dag to 2024-01-07T00:00:00+00:00, run_after=2024-01-08T00:00:00+00:00
[2024-03-06T15:04:46.203-0300] {processor.py:183} INFO - Processing /home/luan/Documents/airflow-executores-local-celery/dags/get_crypto.py took 0.561 seconds
[2024-03-06T15:05:16.375-0300] {processor.py:161} INFO - Started process (PID=92943) to work on /home/luan/Documents/airflow-executores-local-celery/dags/get_crypto.py
[2024-03-06T15:05:16.376-0300] {processor.py:830} INFO - Processing file /home/luan/Documents/airflow-executores-local-celery/dags/get_crypto.py for tasks to queue
[2024-03-06T15:05:16.377-0300] {logging_mixin.py:188} INFO - [2024-03-06T15:05:16.377-0300] {dagbag.py:540} INFO - Filling up the DagBag from /home/luan/Documents/airflow-executores-local-celery/dags/get_crypto.py
[2024-03-06T15:05:16.862-0300] {processor.py:840} INFO - DAG(s) 'get_crypto_dag' retrieved from /home/luan/Documents/airflow-executores-local-celery/dags/get_crypto.py
[2024-03-06T15:05:16.889-0300] {logging_mixin.py:188} INFO - [2024-03-06T15:05:16.889-0300] {dag.py:3047} INFO - Sync 1 DAGs
[2024-03-06T15:05:16.908-0300] {logging_mixin.py:188} INFO - [2024-03-06T15:05:16.908-0300] {dag.py:3834} INFO - Setting next_dagrun for get_crypto_dag to 2024-01-07T00:00:00+00:00, run_after=2024-01-08T00:00:00+00:00
[2024-03-06T15:05:16.933-0300] {processor.py:183} INFO - Processing /home/luan/Documents/airflow-executores-local-celery/dags/get_crypto.py took 0.560 seconds
[2024-03-06T15:05:47.100-0300] {processor.py:161} INFO - Started process (PID=93060) to work on /home/luan/Documents/airflow-executores-local-celery/dags/get_crypto.py
[2024-03-06T15:05:47.102-0300] {processor.py:830} INFO - Processing file /home/luan/Documents/airflow-executores-local-celery/dags/get_crypto.py for tasks to queue
[2024-03-06T15:05:47.103-0300] {logging_mixin.py:188} INFO - [2024-03-06T15:05:47.103-0300] {dagbag.py:540} INFO - Filling up the DagBag from /home/luan/Documents/airflow-executores-local-celery/dags/get_crypto.py
[2024-03-06T15:05:47.596-0300] {processor.py:840} INFO - DAG(s) 'get_crypto_dag' retrieved from /home/luan/Documents/airflow-executores-local-celery/dags/get_crypto.py
[2024-03-06T15:05:47.622-0300] {logging_mixin.py:188} INFO - [2024-03-06T15:05:47.622-0300] {dag.py:3047} INFO - Sync 1 DAGs
[2024-03-06T15:05:47.643-0300] {logging_mixin.py:188} INFO - [2024-03-06T15:05:47.642-0300] {dag.py:3834} INFO - Setting next_dagrun for get_crypto_dag to 2024-01-07T00:00:00+00:00, run_after=2024-01-08T00:00:00+00:00
[2024-03-06T15:05:47.667-0300] {processor.py:183} INFO - Processing /home/luan/Documents/airflow-executores-local-celery/dags/get_crypto.py took 0.569 seconds
[2024-03-06T15:06:17.854-0300] {processor.py:161} INFO - Started process (PID=93173) to work on /home/luan/Documents/airflow-executores-local-celery/dags/get_crypto.py
[2024-03-06T15:06:17.855-0300] {processor.py:830} INFO - Processing file /home/luan/Documents/airflow-executores-local-celery/dags/get_crypto.py for tasks to queue
[2024-03-06T15:06:17.857-0300] {logging_mixin.py:188} INFO - [2024-03-06T15:06:17.857-0300] {dagbag.py:540} INFO - Filling up the DagBag from /home/luan/Documents/airflow-executores-local-celery/dags/get_crypto.py
[2024-03-06T15:06:18.375-0300] {processor.py:840} INFO - DAG(s) 'get_crypto_dag' retrieved from /home/luan/Documents/airflow-executores-local-celery/dags/get_crypto.py
[2024-03-06T15:06:18.402-0300] {logging_mixin.py:188} INFO - [2024-03-06T15:06:18.402-0300] {dag.py:3047} INFO - Sync 1 DAGs
[2024-03-06T15:06:18.424-0300] {logging_mixin.py:188} INFO - [2024-03-06T15:06:18.424-0300] {dag.py:3834} INFO - Setting next_dagrun for get_crypto_dag to 2024-01-07T00:00:00+00:00, run_after=2024-01-08T00:00:00+00:00
[2024-03-06T15:06:18.446-0300] {processor.py:183} INFO - Processing /home/luan/Documents/airflow-executores-local-celery/dags/get_crypto.py took 0.595 seconds
[2024-03-06T15:06:48.637-0300] {processor.py:161} INFO - Started process (PID=93290) to work on /home/luan/Documents/airflow-executores-local-celery/dags/get_crypto.py
[2024-03-06T15:06:48.639-0300] {processor.py:830} INFO - Processing file /home/luan/Documents/airflow-executores-local-celery/dags/get_crypto.py for tasks to queue
[2024-03-06T15:06:48.640-0300] {logging_mixin.py:188} INFO - [2024-03-06T15:06:48.640-0300] {dagbag.py:540} INFO - Filling up the DagBag from /home/luan/Documents/airflow-executores-local-celery/dags/get_crypto.py
[2024-03-06T15:06:49.100-0300] {processor.py:840} INFO - DAG(s) 'get_crypto_dag' retrieved from /home/luan/Documents/airflow-executores-local-celery/dags/get_crypto.py
[2024-03-06T15:06:49.128-0300] {logging_mixin.py:188} INFO - [2024-03-06T15:06:49.128-0300] {dag.py:3047} INFO - Sync 1 DAGs
[2024-03-06T15:06:49.150-0300] {logging_mixin.py:188} INFO - [2024-03-06T15:06:49.149-0300] {dag.py:3834} INFO - Setting next_dagrun for get_crypto_dag to 2024-01-07T00:00:00+00:00, run_after=2024-01-08T00:00:00+00:00
[2024-03-06T15:06:49.173-0300] {processor.py:183} INFO - Processing /home/luan/Documents/airflow-executores-local-celery/dags/get_crypto.py took 0.538 seconds
[2024-03-06T15:07:19.359-0300] {processor.py:161} INFO - Started process (PID=93408) to work on /home/luan/Documents/airflow-executores-local-celery/dags/get_crypto.py
[2024-03-06T15:07:19.360-0300] {processor.py:830} INFO - Processing file /home/luan/Documents/airflow-executores-local-celery/dags/get_crypto.py for tasks to queue
[2024-03-06T15:07:19.362-0300] {logging_mixin.py:188} INFO - [2024-03-06T15:07:19.362-0300] {dagbag.py:540} INFO - Filling up the DagBag from /home/luan/Documents/airflow-executores-local-celery/dags/get_crypto.py
[2024-03-06T15:07:19.834-0300] {processor.py:840} INFO - DAG(s) 'get_crypto_dag' retrieved from /home/luan/Documents/airflow-executores-local-celery/dags/get_crypto.py
[2024-03-06T15:07:19.860-0300] {logging_mixin.py:188} INFO - [2024-03-06T15:07:19.859-0300] {dag.py:3047} INFO - Sync 1 DAGs
[2024-03-06T15:07:19.880-0300] {logging_mixin.py:188} INFO - [2024-03-06T15:07:19.879-0300] {dag.py:3834} INFO - Setting next_dagrun for get_crypto_dag to 2024-01-07T00:00:00+00:00, run_after=2024-01-08T00:00:00+00:00
[2024-03-06T15:07:19.902-0300] {processor.py:183} INFO - Processing /home/luan/Documents/airflow-executores-local-celery/dags/get_crypto.py took 0.545 seconds
[2024-03-06T15:07:50.070-0300] {processor.py:161} INFO - Started process (PID=93519) to work on /home/luan/Documents/airflow-executores-local-celery/dags/get_crypto.py
[2024-03-06T15:07:50.071-0300] {processor.py:830} INFO - Processing file /home/luan/Documents/airflow-executores-local-celery/dags/get_crypto.py for tasks to queue
[2024-03-06T15:07:50.073-0300] {logging_mixin.py:188} INFO - [2024-03-06T15:07:50.073-0300] {dagbag.py:540} INFO - Filling up the DagBag from /home/luan/Documents/airflow-executores-local-celery/dags/get_crypto.py
[2024-03-06T15:07:50.549-0300] {processor.py:840} INFO - DAG(s) 'get_crypto_dag' retrieved from /home/luan/Documents/airflow-executores-local-celery/dags/get_crypto.py
[2024-03-06T15:07:50.576-0300] {logging_mixin.py:188} INFO - [2024-03-06T15:07:50.576-0300] {dag.py:3047} INFO - Sync 1 DAGs
[2024-03-06T15:07:50.596-0300] {logging_mixin.py:188} INFO - [2024-03-06T15:07:50.596-0300] {dag.py:3834} INFO - Setting next_dagrun for get_crypto_dag to 2024-01-07T00:00:00+00:00, run_after=2024-01-08T00:00:00+00:00
[2024-03-06T15:07:50.622-0300] {processor.py:183} INFO - Processing /home/luan/Documents/airflow-executores-local-celery/dags/get_crypto.py took 0.554 seconds
[2024-03-06T15:08:20.793-0300] {processor.py:161} INFO - Started process (PID=93637) to work on /home/luan/Documents/airflow-executores-local-celery/dags/get_crypto.py
[2024-03-06T15:08:20.795-0300] {processor.py:830} INFO - Processing file /home/luan/Documents/airflow-executores-local-celery/dags/get_crypto.py for tasks to queue
[2024-03-06T15:08:20.796-0300] {logging_mixin.py:188} INFO - [2024-03-06T15:08:20.796-0300] {dagbag.py:540} INFO - Filling up the DagBag from /home/luan/Documents/airflow-executores-local-celery/dags/get_crypto.py
[2024-03-06T15:08:21.272-0300] {processor.py:840} INFO - DAG(s) 'get_crypto_dag' retrieved from /home/luan/Documents/airflow-executores-local-celery/dags/get_crypto.py
[2024-03-06T15:08:21.298-0300] {logging_mixin.py:188} INFO - [2024-03-06T15:08:21.298-0300] {dag.py:3047} INFO - Sync 1 DAGs
[2024-03-06T15:08:21.320-0300] {logging_mixin.py:188} INFO - [2024-03-06T15:08:21.320-0300] {dag.py:3834} INFO - Setting next_dagrun for get_crypto_dag to 2024-01-07T00:00:00+00:00, run_after=2024-01-08T00:00:00+00:00
[2024-03-06T15:08:21.345-0300] {processor.py:183} INFO - Processing /home/luan/Documents/airflow-executores-local-celery/dags/get_crypto.py took 0.554 seconds
[2024-03-06T15:08:51.531-0300] {processor.py:161} INFO - Started process (PID=93748) to work on /home/luan/Documents/airflow-executores-local-celery/dags/get_crypto.py
[2024-03-06T15:08:51.532-0300] {processor.py:830} INFO - Processing file /home/luan/Documents/airflow-executores-local-celery/dags/get_crypto.py for tasks to queue
[2024-03-06T15:08:51.534-0300] {logging_mixin.py:188} INFO - [2024-03-06T15:08:51.534-0300] {dagbag.py:540} INFO - Filling up the DagBag from /home/luan/Documents/airflow-executores-local-celery/dags/get_crypto.py
[2024-03-06T15:08:52.026-0300] {processor.py:840} INFO - DAG(s) 'get_crypto_dag' retrieved from /home/luan/Documents/airflow-executores-local-celery/dags/get_crypto.py
[2024-03-06T15:08:52.053-0300] {logging_mixin.py:188} INFO - [2024-03-06T15:08:52.052-0300] {dag.py:3047} INFO - Sync 1 DAGs
[2024-03-06T15:08:52.073-0300] {logging_mixin.py:188} INFO - [2024-03-06T15:08:52.073-0300] {dag.py:3834} INFO - Setting next_dagrun for get_crypto_dag to 2024-01-07T00:00:00+00:00, run_after=2024-01-08T00:00:00+00:00
[2024-03-06T15:08:52.096-0300] {processor.py:183} INFO - Processing /home/luan/Documents/airflow-executores-local-celery/dags/get_crypto.py took 0.568 seconds
[2024-03-06T15:09:22.270-0300] {processor.py:161} INFO - Started process (PID=93868) to work on /home/luan/Documents/airflow-executores-local-celery/dags/get_crypto.py
[2024-03-06T15:09:22.271-0300] {processor.py:830} INFO - Processing file /home/luan/Documents/airflow-executores-local-celery/dags/get_crypto.py for tasks to queue
[2024-03-06T15:09:22.273-0300] {logging_mixin.py:188} INFO - [2024-03-06T15:09:22.272-0300] {dagbag.py:540} INFO - Filling up the DagBag from /home/luan/Documents/airflow-executores-local-celery/dags/get_crypto.py
[2024-03-06T15:09:22.787-0300] {processor.py:840} INFO - DAG(s) 'get_crypto_dag' retrieved from /home/luan/Documents/airflow-executores-local-celery/dags/get_crypto.py
[2024-03-06T15:09:22.817-0300] {logging_mixin.py:188} INFO - [2024-03-06T15:09:22.816-0300] {dag.py:3047} INFO - Sync 1 DAGs
[2024-03-06T15:09:22.840-0300] {logging_mixin.py:188} INFO - [2024-03-06T15:09:22.840-0300] {dag.py:3834} INFO - Setting next_dagrun for get_crypto_dag to 2024-01-07T00:00:00+00:00, run_after=2024-01-08T00:00:00+00:00
[2024-03-06T15:09:22.869-0300] {processor.py:183} INFO - Processing /home/luan/Documents/airflow-executores-local-celery/dags/get_crypto.py took 0.601 seconds
[2024-03-06T15:09:53.040-0300] {processor.py:161} INFO - Started process (PID=94053) to work on /home/luan/Documents/airflow-executores-local-celery/dags/get_crypto.py
[2024-03-06T15:09:53.042-0300] {processor.py:830} INFO - Processing file /home/luan/Documents/airflow-executores-local-celery/dags/get_crypto.py for tasks to queue
[2024-03-06T15:09:53.044-0300] {logging_mixin.py:188} INFO - [2024-03-06T15:09:53.043-0300] {dagbag.py:540} INFO - Filling up the DagBag from /home/luan/Documents/airflow-executores-local-celery/dags/get_crypto.py
[2024-03-06T15:09:53.783-0300] {processor.py:840} INFO - DAG(s) 'get_crypto_dag' retrieved from /home/luan/Documents/airflow-executores-local-celery/dags/get_crypto.py
[2024-03-06T15:09:53.811-0300] {logging_mixin.py:188} INFO - [2024-03-06T15:09:53.810-0300] {dag.py:3047} INFO - Sync 1 DAGs
[2024-03-06T15:09:53.853-0300] {processor.py:183} INFO - Processing /home/luan/Documents/airflow-executores-local-celery/dags/get_crypto.py took 0.818 seconds
[2024-03-06T15:10:24.042-0300] {processor.py:161} INFO - Started process (PID=94345) to work on /home/luan/Documents/airflow-executores-local-celery/dags/get_crypto.py
[2024-03-06T15:10:24.044-0300] {processor.py:830} INFO - Processing file /home/luan/Documents/airflow-executores-local-celery/dags/get_crypto.py for tasks to queue
[2024-03-06T15:10:24.048-0300] {logging_mixin.py:188} INFO - [2024-03-06T15:10:24.047-0300] {dagbag.py:540} INFO - Filling up the DagBag from /home/luan/Documents/airflow-executores-local-celery/dags/get_crypto.py
[2024-03-06T15:10:24.772-0300] {processor.py:840} INFO - DAG(s) 'get_crypto_dag' retrieved from /home/luan/Documents/airflow-executores-local-celery/dags/get_crypto.py
[2024-03-06T15:10:24.807-0300] {logging_mixin.py:188} INFO - [2024-03-06T15:10:24.807-0300] {dag.py:3047} INFO - Sync 1 DAGs
[2024-03-06T15:10:24.853-0300] {processor.py:183} INFO - Processing /home/luan/Documents/airflow-executores-local-celery/dags/get_crypto.py took 0.818 seconds
[2024-03-06T15:10:55.048-0300] {processor.py:161} INFO - Started process (PID=94807) to work on /home/luan/Documents/airflow-executores-local-celery/dags/get_crypto.py
[2024-03-06T15:10:55.050-0300] {processor.py:830} INFO - Processing file /home/luan/Documents/airflow-executores-local-celery/dags/get_crypto.py for tasks to queue
[2024-03-06T15:10:55.051-0300] {logging_mixin.py:188} INFO - [2024-03-06T15:10:55.051-0300] {dagbag.py:540} INFO - Filling up the DagBag from /home/luan/Documents/airflow-executores-local-celery/dags/get_crypto.py
[2024-03-06T15:10:55.638-0300] {processor.py:840} INFO - DAG(s) 'get_crypto_dag' retrieved from /home/luan/Documents/airflow-executores-local-celery/dags/get_crypto.py
[2024-03-06T15:10:55.670-0300] {logging_mixin.py:188} INFO - [2024-03-06T15:10:55.669-0300] {dag.py:3047} INFO - Sync 1 DAGs
[2024-03-06T15:10:55.747-0300] {processor.py:183} INFO - Processing /home/luan/Documents/airflow-executores-local-celery/dags/get_crypto.py took 0.697 seconds
[2024-03-06T15:11:25.946-0300] {processor.py:161} INFO - Started process (PID=95062) to work on /home/luan/Documents/airflow-executores-local-celery/dags/get_crypto.py
[2024-03-06T15:11:25.948-0300] {processor.py:830} INFO - Processing file /home/luan/Documents/airflow-executores-local-celery/dags/get_crypto.py for tasks to queue
[2024-03-06T15:11:25.951-0300] {logging_mixin.py:188} INFO - [2024-03-06T15:11:25.950-0300] {dagbag.py:540} INFO - Filling up the DagBag from /home/luan/Documents/airflow-executores-local-celery/dags/get_crypto.py
[2024-03-06T15:11:26.586-0300] {processor.py:840} INFO - DAG(s) 'get_crypto_dag' retrieved from /home/luan/Documents/airflow-executores-local-celery/dags/get_crypto.py
[2024-03-06T15:11:26.615-0300] {logging_mixin.py:188} INFO - [2024-03-06T15:11:26.614-0300] {dag.py:3047} INFO - Sync 1 DAGs
[2024-03-06T15:11:26.658-0300] {processor.py:183} INFO - Processing /home/luan/Documents/airflow-executores-local-celery/dags/get_crypto.py took 0.717 seconds
[2024-03-06T15:11:56.836-0300] {processor.py:161} INFO - Started process (PID=95250) to work on /home/luan/Documents/airflow-executores-local-celery/dags/get_crypto.py
[2024-03-06T15:11:56.837-0300] {processor.py:830} INFO - Processing file /home/luan/Documents/airflow-executores-local-celery/dags/get_crypto.py for tasks to queue
[2024-03-06T15:11:56.840-0300] {logging_mixin.py:188} INFO - [2024-03-06T15:11:56.840-0300] {dagbag.py:540} INFO - Filling up the DagBag from /home/luan/Documents/airflow-executores-local-celery/dags/get_crypto.py
[2024-03-06T15:11:57.389-0300] {processor.py:840} INFO - DAG(s) 'get_crypto_dag' retrieved from /home/luan/Documents/airflow-executores-local-celery/dags/get_crypto.py
[2024-03-06T15:11:57.418-0300] {logging_mixin.py:188} INFO - [2024-03-06T15:11:57.418-0300] {dag.py:3047} INFO - Sync 1 DAGs
[2024-03-06T15:11:57.463-0300] {processor.py:183} INFO - Processing /home/luan/Documents/airflow-executores-local-celery/dags/get_crypto.py took 0.630 seconds
[2024-03-06T15:12:27.646-0300] {processor.py:161} INFO - Started process (PID=95390) to work on /home/luan/Documents/airflow-executores-local-celery/dags/get_crypto.py
[2024-03-06T15:12:27.648-0300] {processor.py:830} INFO - Processing file /home/luan/Documents/airflow-executores-local-celery/dags/get_crypto.py for tasks to queue
[2024-03-06T15:12:27.649-0300] {logging_mixin.py:188} INFO - [2024-03-06T15:12:27.649-0300] {dagbag.py:540} INFO - Filling up the DagBag from /home/luan/Documents/airflow-executores-local-celery/dags/get_crypto.py
[2024-03-06T15:12:28.121-0300] {processor.py:840} INFO - DAG(s) 'get_crypto_dag' retrieved from /home/luan/Documents/airflow-executores-local-celery/dags/get_crypto.py
[2024-03-06T15:12:28.153-0300] {logging_mixin.py:188} INFO - [2024-03-06T15:12:28.153-0300] {dag.py:3047} INFO - Sync 1 DAGs
[2024-03-06T15:12:28.173-0300] {logging_mixin.py:188} INFO - [2024-03-06T15:12:28.173-0300] {dag.py:3834} INFO - Setting next_dagrun for get_crypto_dag to 2024-01-09T00:00:00+00:00, run_after=2024-01-10T00:00:00+00:00
[2024-03-06T15:12:28.199-0300] {processor.py:183} INFO - Processing /home/luan/Documents/airflow-executores-local-celery/dags/get_crypto.py took 0.555 seconds
[2024-03-06T15:12:58.393-0300] {processor.py:161} INFO - Started process (PID=95502) to work on /home/luan/Documents/airflow-executores-local-celery/dags/get_crypto.py
[2024-03-06T15:12:58.395-0300] {processor.py:830} INFO - Processing file /home/luan/Documents/airflow-executores-local-celery/dags/get_crypto.py for tasks to queue
[2024-03-06T15:12:58.396-0300] {logging_mixin.py:188} INFO - [2024-03-06T15:12:58.396-0300] {dagbag.py:540} INFO - Filling up the DagBag from /home/luan/Documents/airflow-executores-local-celery/dags/get_crypto.py
[2024-03-06T15:12:58.885-0300] {processor.py:840} INFO - DAG(s) 'get_crypto_dag' retrieved from /home/luan/Documents/airflow-executores-local-celery/dags/get_crypto.py
[2024-03-06T15:12:58.913-0300] {logging_mixin.py:188} INFO - [2024-03-06T15:12:58.912-0300] {dag.py:3047} INFO - Sync 1 DAGs
[2024-03-06T15:12:58.934-0300] {logging_mixin.py:188} INFO - [2024-03-06T15:12:58.934-0300] {dag.py:3834} INFO - Setting next_dagrun for get_crypto_dag to 2024-01-09T00:00:00+00:00, run_after=2024-01-10T00:00:00+00:00
[2024-03-06T15:12:58.957-0300] {processor.py:183} INFO - Processing /home/luan/Documents/airflow-executores-local-celery/dags/get_crypto.py took 0.566 seconds
[2024-03-06T15:13:29.109-0300] {processor.py:161} INFO - Started process (PID=95619) to work on /home/luan/Documents/airflow-executores-local-celery/dags/get_crypto.py
[2024-03-06T15:13:29.110-0300] {processor.py:830} INFO - Processing file /home/luan/Documents/airflow-executores-local-celery/dags/get_crypto.py for tasks to queue
[2024-03-06T15:13:29.112-0300] {logging_mixin.py:188} INFO - [2024-03-06T15:13:29.112-0300] {dagbag.py:540} INFO - Filling up the DagBag from /home/luan/Documents/airflow-executores-local-celery/dags/get_crypto.py
[2024-03-06T15:13:29.587-0300] {processor.py:840} INFO - DAG(s) 'get_crypto_dag' retrieved from /home/luan/Documents/airflow-executores-local-celery/dags/get_crypto.py
[2024-03-06T15:13:29.613-0300] {logging_mixin.py:188} INFO - [2024-03-06T15:13:29.613-0300] {dag.py:3047} INFO - Sync 1 DAGs
[2024-03-06T15:13:29.633-0300] {logging_mixin.py:188} INFO - [2024-03-06T15:13:29.633-0300] {dag.py:3834} INFO - Setting next_dagrun for get_crypto_dag to 2024-01-09T00:00:00+00:00, run_after=2024-01-10T00:00:00+00:00
[2024-03-06T15:13:29.660-0300] {processor.py:183} INFO - Processing /home/luan/Documents/airflow-executores-local-celery/dags/get_crypto.py took 0.553 seconds
[2024-03-06T15:13:59.835-0300] {processor.py:161} INFO - Started process (PID=95731) to work on /home/luan/Documents/airflow-executores-local-celery/dags/get_crypto.py
[2024-03-06T15:13:59.836-0300] {processor.py:830} INFO - Processing file /home/luan/Documents/airflow-executores-local-celery/dags/get_crypto.py for tasks to queue
[2024-03-06T15:13:59.837-0300] {logging_mixin.py:188} INFO - [2024-03-06T15:13:59.837-0300] {dagbag.py:540} INFO - Filling up the DagBag from /home/luan/Documents/airflow-executores-local-celery/dags/get_crypto.py
[2024-03-06T15:14:00.338-0300] {processor.py:840} INFO - DAG(s) 'get_crypto_dag' retrieved from /home/luan/Documents/airflow-executores-local-celery/dags/get_crypto.py
[2024-03-06T15:14:00.366-0300] {logging_mixin.py:188} INFO - [2024-03-06T15:14:00.365-0300] {dag.py:3047} INFO - Sync 1 DAGs
[2024-03-06T15:14:00.385-0300] {logging_mixin.py:188} INFO - [2024-03-06T15:14:00.384-0300] {dag.py:3834} INFO - Setting next_dagrun for get_crypto_dag to 2024-01-09T00:00:00+00:00, run_after=2024-01-10T00:00:00+00:00
[2024-03-06T15:14:00.410-0300] {processor.py:183} INFO - Processing /home/luan/Documents/airflow-executores-local-celery/dags/get_crypto.py took 0.578 seconds
[2024-03-06T15:14:30.583-0300] {processor.py:161} INFO - Started process (PID=95876) to work on /home/luan/Documents/airflow-executores-local-celery/dags/get_crypto.py
[2024-03-06T15:14:30.585-0300] {processor.py:830} INFO - Processing file /home/luan/Documents/airflow-executores-local-celery/dags/get_crypto.py for tasks to queue
[2024-03-06T15:14:30.586-0300] {logging_mixin.py:188} INFO - [2024-03-06T15:14:30.586-0300] {dagbag.py:540} INFO - Filling up the DagBag from /home/luan/Documents/airflow-executores-local-celery/dags/get_crypto.py
[2024-03-06T15:14:31.106-0300] {processor.py:840} INFO - DAG(s) 'get_crypto_dag' retrieved from /home/luan/Documents/airflow-executores-local-celery/dags/get_crypto.py
[2024-03-06T15:14:31.139-0300] {logging_mixin.py:188} INFO - [2024-03-06T15:14:31.138-0300] {dag.py:3047} INFO - Sync 1 DAGs
[2024-03-06T15:14:31.160-0300] {logging_mixin.py:188} INFO - [2024-03-06T15:14:31.159-0300] {dag.py:3834} INFO - Setting next_dagrun for get_crypto_dag to 2024-01-09T00:00:00+00:00, run_after=2024-01-10T00:00:00+00:00
[2024-03-06T15:14:31.183-0300] {processor.py:183} INFO - Processing /home/luan/Documents/airflow-executores-local-celery/dags/get_crypto.py took 0.602 seconds
