[2024-03-06T11:03:51.566-0300] {taskinstance.py:1979} INFO - Dependencies all met for dep_context=non-requeueable deps ti=<TaskInstance: get_stocks_dag.GOOG scheduled__2024-02-06T00:00:00+00:00 [queued]>
[2024-03-06T11:03:51.572-0300] {taskinstance.py:1979} INFO - Dependencies all met for dep_context=requeueable deps ti=<TaskInstance: get_stocks_dag.GOOG scheduled__2024-02-06T00:00:00+00:00 [queued]>
[2024-03-06T11:03:51.572-0300] {taskinstance.py:2193} INFO - Starting attempt 1 of 1
[2024-03-06T11:03:51.586-0300] {taskinstance.py:2214} INFO - Executing <Task(_PythonDecoratedOperator): GOOG> on 2024-02-06 00:00:00+00:00
[2024-03-06T11:03:51.590-0300] {standard_task_runner.py:60} INFO - Started process 21262 to run task
[2024-03-06T11:03:51.592-0300] {standard_task_runner.py:87} INFO - Running: ['airflow', 'tasks', 'run', 'get_stocks_dag', 'GOOG', 'scheduled__2024-02-06T00:00:00+00:00', '--job-id', '111', '--raw', '--subdir', 'DAGS_FOLDER/get_stoks.py', '--cfg-path', '/tmp/tmpxwmym8y5']
[2024-03-06T11:03:51.593-0300] {standard_task_runner.py:88} INFO - Job 111: Subtask GOOG
[2024-03-06T11:03:51.623-0300] {task_command.py:423} INFO - Running <TaskInstance: get_stocks_dag.GOOG scheduled__2024-02-06T00:00:00+00:00 [running]> on host BITL0401.
[2024-03-06T11:03:51.678-0300] {taskinstance.py:2510} INFO - Exporting env vars: AIRFLOW_CTX_DAG_OWNER='airflow' AIRFLOW_CTX_DAG_ID='get_stocks_dag' AIRFLOW_CTX_TASK_ID='GOOG' AIRFLOW_CTX_EXECUTION_DATE='2024-02-06T00:00:00+00:00' AIRFLOW_CTX_TRY_NUMBER='1' AIRFLOW_CTX_DAG_RUN_ID='scheduled__2024-02-06T00:00:00+00:00'
[2024-03-06T11:03:52.442-0300] {python.py:202} INFO - Done. Returned value was: None
[2024-03-06T11:03:52.446-0300] {taskinstance.py:1149} INFO - Marking task as SUCCESS. dag_id=get_stocks_dag, task_id=GOOG, execution_date=20240206T000000, start_date=20240306T140351, end_date=20240306T140352
[2024-03-06T11:03:52.491-0300] {local_task_job_runner.py:234} INFO - Task exited with return code 0
[2024-03-06T11:03:52.501-0300] {taskinstance.py:3309} INFO - 0 downstream tasks scheduled from follow-on schedule check
[2024-03-06T12:04:53.054-0300] {taskinstance.py:1979} INFO - Dependencies all met for dep_context=non-requeueable deps ti=<TaskInstance: get_stocks_dag.GOOG scheduled__2024-02-06T00:00:00+00:00 [queued]>
[2024-03-06T12:04:53.229-0300] {taskinstance.py:1979} INFO - Dependencies all met for dep_context=requeueable deps ti=<TaskInstance: get_stocks_dag.GOOG scheduled__2024-02-06T00:00:00+00:00 [queued]>
[2024-03-06T12:04:53.230-0300] {taskinstance.py:2193} INFO - Starting attempt 1 of 1
[2024-03-06T12:04:54.096-0300] {taskinstance.py:2214} INFO - Executing <Task(_PythonDecoratedOperator): GOOG> on 2024-02-06 00:00:00+00:00
[2024-03-06T12:04:54.120-0300] {standard_task_runner.py:60} INFO - Started process 42056 to run task
[2024-03-06T12:04:54.144-0300] {standard_task_runner.py:87} INFO - Running: ['airflow', 'tasks', 'run', 'get_stocks_dag', 'GOOG', 'scheduled__2024-02-06T00:00:00+00:00', '--job-id', '106', '--raw', '--subdir', 'DAGS_FOLDER/get_stoks.py', '--cfg-path', '/tmp/tmpa_ohq476']
[2024-03-06T12:04:54.148-0300] {standard_task_runner.py:88} INFO - Job 106: Subtask GOOG
[2024-03-06T12:04:54.442-0300] {task_command.py:423} INFO - Running <TaskInstance: get_stocks_dag.GOOG scheduled__2024-02-06T00:00:00+00:00 [running]> on host BITL0401.
[2024-03-06T12:04:54.768-0300] {taskinstance.py:2510} INFO - Exporting env vars: AIRFLOW_CTX_DAG_OWNER='airflow' AIRFLOW_CTX_DAG_ID='get_stocks_dag' AIRFLOW_CTX_TASK_ID='GOOG' AIRFLOW_CTX_EXECUTION_DATE='2024-02-06T00:00:00+00:00' AIRFLOW_CTX_TRY_NUMBER='1' AIRFLOW_CTX_DAG_RUN_ID='scheduled__2024-02-06T00:00:00+00:00'
[2024-03-06T12:04:55.546-0300] {python.py:202} INFO - Done. Returned value was: None
[2024-03-06T12:04:55.592-0300] {taskinstance.py:1149} INFO - Marking task as SUCCESS. dag_id=get_stocks_dag, task_id=GOOG, execution_date=20240206T000000, start_date=20240306T150453, end_date=20240306T150455
[2024-03-06T12:04:55.731-0300] {local_task_job_runner.py:234} INFO - Task exited with return code 0
[2024-03-06T12:04:55.950-0300] {taskinstance.py:3309} INFO - 0 downstream tasks scheduled from follow-on schedule check
