[2024-03-06T11:04:38.973-0300] {taskinstance.py:1979} INFO - Dependencies all met for dep_context=non-requeueable deps ti=<TaskInstance: get_stocks_dag.TSLA scheduled__2024-02-10T00:00:00+00:00 [queued]>
[2024-03-06T11:04:38.978-0300] {taskinstance.py:1979} INFO - Dependencies all met for dep_context=requeueable deps ti=<TaskInstance: get_stocks_dag.TSLA scheduled__2024-02-10T00:00:00+00:00 [queued]>
[2024-03-06T11:04:38.979-0300] {taskinstance.py:2193} INFO - Starting attempt 1 of 1
[2024-03-06T11:04:38.993-0300] {taskinstance.py:2214} INFO - Executing <Task(_PythonDecoratedOperator): TSLA> on 2024-02-10 00:00:00+00:00
[2024-03-06T11:04:38.997-0300] {standard_task_runner.py:60} INFO - Started process 21633 to run task
[2024-03-06T11:04:39.000-0300] {standard_task_runner.py:87} INFO - Running: ['airflow', 'tasks', 'run', 'get_stocks_dag', 'TSLA', 'scheduled__2024-02-10T00:00:00+00:00', '--job-id', '128', '--raw', '--subdir', 'DAGS_FOLDER/get_stoks.py', '--cfg-path', '/tmp/tmp29s61vya']
[2024-03-06T11:04:39.001-0300] {standard_task_runner.py:88} INFO - Job 128: Subtask TSLA
[2024-03-06T11:04:39.033-0300] {task_command.py:423} INFO - Running <TaskInstance: get_stocks_dag.TSLA scheduled__2024-02-10T00:00:00+00:00 [running]> on host BITL0401.
[2024-03-06T11:04:39.086-0300] {taskinstance.py:2510} INFO - Exporting env vars: AIRFLOW_CTX_DAG_OWNER='airflow' AIRFLOW_CTX_DAG_ID='get_stocks_dag' AIRFLOW_CTX_TASK_ID='TSLA' AIRFLOW_CTX_EXECUTION_DATE='2024-02-10T00:00:00+00:00' AIRFLOW_CTX_TRY_NUMBER='1' AIRFLOW_CTX_DAG_RUN_ID='scheduled__2024-02-10T00:00:00+00:00'
[2024-03-06T11:04:39.745-0300] {python.py:202} INFO - Done. Returned value was: None
[2024-03-06T11:04:39.749-0300] {taskinstance.py:1149} INFO - Marking task as SUCCESS. dag_id=get_stocks_dag, task_id=TSLA, execution_date=20240210T000000, start_date=20240306T140438, end_date=20240306T140439
[2024-03-06T11:04:39.779-0300] {local_task_job_runner.py:234} INFO - Task exited with return code 0
[2024-03-06T11:04:39.789-0300] {taskinstance.py:3309} INFO - 0 downstream tasks scheduled from follow-on schedule check
[2024-03-06T12:04:59.186-0300] {taskinstance.py:1979} INFO - Dependencies all met for dep_context=non-requeueable deps ti=<TaskInstance: get_stocks_dag.TSLA scheduled__2024-02-10T00:00:00+00:00 [queued]>
[2024-03-06T12:04:59.211-0300] {taskinstance.py:1979} INFO - Dependencies all met for dep_context=requeueable deps ti=<TaskInstance: get_stocks_dag.TSLA scheduled__2024-02-10T00:00:00+00:00 [queued]>
[2024-03-06T12:04:59.212-0300] {taskinstance.py:2193} INFO - Starting attempt 1 of 1
[2024-03-06T12:04:59.258-0300] {taskinstance.py:2214} INFO - Executing <Task(_PythonDecoratedOperator): TSLA> on 2024-02-10 00:00:00+00:00
[2024-03-06T12:04:59.278-0300] {standard_task_runner.py:60} INFO - Started process 42529 to run task
[2024-03-06T12:04:59.282-0300] {standard_task_runner.py:87} INFO - Running: ['airflow', 'tasks', 'run', 'get_stocks_dag', 'TSLA', 'scheduled__2024-02-10T00:00:00+00:00', '--job-id', '125', '--raw', '--subdir', 'DAGS_FOLDER/get_stoks.py', '--cfg-path', '/tmp/tmpffdf89t8']
[2024-03-06T12:04:59.297-0300] {standard_task_runner.py:88} INFO - Job 125: Subtask TSLA
[2024-03-06T12:04:59.495-0300] {task_command.py:423} INFO - Running <TaskInstance: get_stocks_dag.TSLA scheduled__2024-02-10T00:00:00+00:00 [running]> on host BITL0401.
[2024-03-06T12:04:59.775-0300] {taskinstance.py:2510} INFO - Exporting env vars: AIRFLOW_CTX_DAG_OWNER='airflow' AIRFLOW_CTX_DAG_ID='get_stocks_dag' AIRFLOW_CTX_TASK_ID='TSLA' AIRFLOW_CTX_EXECUTION_DATE='2024-02-10T00:00:00+00:00' AIRFLOW_CTX_TRY_NUMBER='1' AIRFLOW_CTX_DAG_RUN_ID='scheduled__2024-02-10T00:00:00+00:00'
[2024-03-06T12:05:00.500-0300] {python.py:202} INFO - Done. Returned value was: None
[2024-03-06T12:05:00.516-0300] {taskinstance.py:1149} INFO - Marking task as SUCCESS. dag_id=get_stocks_dag, task_id=TSLA, execution_date=20240210T000000, start_date=20240306T150459, end_date=20240306T150500
[2024-03-06T12:05:00.564-0300] {local_task_job_runner.py:234} INFO - Task exited with return code 0
[2024-03-06T12:05:00.585-0300] {taskinstance.py:3309} INFO - 0 downstream tasks scheduled from follow-on schedule check
