[2024-03-06T11:03:15.076-0300] {taskinstance.py:1979} INFO - Dependencies all met for dep_context=non-requeueable deps ti=<TaskInstance: get_stocks_dag.GOOG scheduled__2024-02-01T00:00:00+00:00 [queued]>
[2024-03-06T11:03:15.084-0300] {taskinstance.py:1979} INFO - Dependencies all met for dep_context=requeueable deps ti=<TaskInstance: get_stocks_dag.GOOG scheduled__2024-02-01T00:00:00+00:00 [queued]>
[2024-03-06T11:03:15.085-0300] {taskinstance.py:2193} INFO - Starting attempt 1 of 1
[2024-03-06T11:03:15.100-0300] {taskinstance.py:2214} INFO - Executing <Task(_PythonDecoratedOperator): GOOG> on 2024-02-01 00:00:00+00:00
[2024-03-06T11:03:15.104-0300] {standard_task_runner.py:60} INFO - Started process 20907 to run task
[2024-03-06T11:03:15.107-0300] {standard_task_runner.py:87} INFO - Running: ['airflow', 'tasks', 'run', 'get_stocks_dag', 'GOOG', 'scheduled__2024-02-01T00:00:00+00:00', '--job-id', '99', '--raw', '--subdir', 'DAGS_FOLDER/get_stoks.py', '--cfg-path', '/tmp/tmpkn0prkp4']
[2024-03-06T11:03:15.108-0300] {standard_task_runner.py:88} INFO - Job 99: Subtask GOOG
[2024-03-06T11:03:15.140-0300] {task_command.py:423} INFO - Running <TaskInstance: get_stocks_dag.GOOG scheduled__2024-02-01T00:00:00+00:00 [running]> on host BITL0401.
[2024-03-06T11:03:15.195-0300] {taskinstance.py:2510} INFO - Exporting env vars: AIRFLOW_CTX_DAG_OWNER='airflow' AIRFLOW_CTX_DAG_ID='get_stocks_dag' AIRFLOW_CTX_TASK_ID='GOOG' AIRFLOW_CTX_EXECUTION_DATE='2024-02-01T00:00:00+00:00' AIRFLOW_CTX_TRY_NUMBER='1' AIRFLOW_CTX_DAG_RUN_ID='scheduled__2024-02-01T00:00:00+00:00'
[2024-03-06T11:03:15.754-0300] {python.py:202} INFO - Done. Returned value was: None
[2024-03-06T11:03:15.757-0300] {taskinstance.py:1149} INFO - Marking task as SUCCESS. dag_id=get_stocks_dag, task_id=GOOG, execution_date=20240201T000000, start_date=20240306T140315, end_date=20240306T140315
[2024-03-06T11:03:15.805-0300] {local_task_job_runner.py:234} INFO - Task exited with return code 0
[2024-03-06T11:03:15.817-0300] {taskinstance.py:3309} INFO - 0 downstream tasks scheduled from follow-on schedule check
[2024-03-06T12:04:45.802-0300] {taskinstance.py:1979} INFO - Dependencies all met for dep_context=non-requeueable deps ti=<TaskInstance: get_stocks_dag.GOOG scheduled__2024-02-01T00:00:00+00:00 [queued]>
[2024-03-06T12:04:45.846-0300] {taskinstance.py:1979} INFO - Dependencies all met for dep_context=requeueable deps ti=<TaskInstance: get_stocks_dag.GOOG scheduled__2024-02-01T00:00:00+00:00 [queued]>
[2024-03-06T12:04:45.847-0300] {taskinstance.py:2193} INFO - Starting attempt 1 of 1
[2024-03-06T12:04:45.884-0300] {taskinstance.py:2214} INFO - Executing <Task(_PythonDecoratedOperator): GOOG> on 2024-02-01 00:00:00+00:00
[2024-03-06T12:04:45.904-0300] {standard_task_runner.py:60} INFO - Started process 41518 to run task
[2024-03-06T12:04:45.917-0300] {standard_task_runner.py:87} INFO - Running: ['airflow', 'tasks', 'run', 'get_stocks_dag', 'GOOG', 'scheduled__2024-02-01T00:00:00+00:00', '--job-id', '93', '--raw', '--subdir', 'DAGS_FOLDER/get_stoks.py', '--cfg-path', '/tmp/tmpj6dsnx0m']
[2024-03-06T12:04:45.921-0300] {standard_task_runner.py:88} INFO - Job 93: Subtask GOOG
[2024-03-06T12:04:46.146-0300] {task_command.py:423} INFO - Running <TaskInstance: get_stocks_dag.GOOG scheduled__2024-02-01T00:00:00+00:00 [running]> on host BITL0401.
[2024-03-06T12:04:46.473-0300] {taskinstance.py:2510} INFO - Exporting env vars: AIRFLOW_CTX_DAG_OWNER='airflow' AIRFLOW_CTX_DAG_ID='get_stocks_dag' AIRFLOW_CTX_TASK_ID='GOOG' AIRFLOW_CTX_EXECUTION_DATE='2024-02-01T00:00:00+00:00' AIRFLOW_CTX_TRY_NUMBER='1' AIRFLOW_CTX_DAG_RUN_ID='scheduled__2024-02-01T00:00:00+00:00'
[2024-03-06T12:04:47.424-0300] {python.py:202} INFO - Done. Returned value was: None
[2024-03-06T12:04:47.452-0300] {taskinstance.py:1149} INFO - Marking task as SUCCESS. dag_id=get_stocks_dag, task_id=GOOG, execution_date=20240201T000000, start_date=20240306T150445, end_date=20240306T150447
[2024-03-06T12:04:47.547-0300] {local_task_job_runner.py:234} INFO - Task exited with return code 0
[2024-03-06T12:04:47.619-0300] {taskinstance.py:3309} INFO - 0 downstream tasks scheduled from follow-on schedule check
