[2024-03-06T10:59:19.596-0300] {taskinstance.py:1979} INFO - Dependencies all met for dep_context=non-requeueable deps ti=<TaskInstance: get_stocks_dag.GOOG scheduled__2024-01-04T00:00:00+00:00 [queued]>
[2024-03-06T10:59:19.601-0300] {taskinstance.py:1979} INFO - Dependencies all met for dep_context=requeueable deps ti=<TaskInstance: get_stocks_dag.GOOG scheduled__2024-01-04T00:00:00+00:00 [queued]>
[2024-03-06T10:59:19.601-0300] {taskinstance.py:2193} INFO - Starting attempt 1 of 1
[2024-03-06T10:59:19.615-0300] {taskinstance.py:2214} INFO - Executing <Task(_PythonDecoratedOperator): GOOG> on 2024-01-04 00:00:00+00:00
[2024-03-06T10:59:19.619-0300] {standard_task_runner.py:60} INFO - Started process 19058 to run task
[2024-03-06T10:59:19.621-0300] {standard_task_runner.py:87} INFO - Running: ['airflow', 'tasks', 'run', 'get_stocks_dag', 'GOOG', 'scheduled__2024-01-04T00:00:00+00:00', '--job-id', '19', '--raw', '--subdir', 'DAGS_FOLDER/get_stoks.py', '--cfg-path', '/tmp/tmpbksketxi']
[2024-03-06T10:59:19.622-0300] {standard_task_runner.py:88} INFO - Job 19: Subtask GOOG
[2024-03-06T10:59:19.655-0300] {task_command.py:423} INFO - Running <TaskInstance: get_stocks_dag.GOOG scheduled__2024-01-04T00:00:00+00:00 [running]> on host BITL0401.
[2024-03-06T10:59:19.710-0300] {taskinstance.py:2510} INFO - Exporting env vars: AIRFLOW_CTX_DAG_OWNER='airflow' AIRFLOW_CTX_DAG_ID='get_stocks_dag' AIRFLOW_CTX_TASK_ID='GOOG' AIRFLOW_CTX_EXECUTION_DATE='2024-01-04T00:00:00+00:00' AIRFLOW_CTX_TRY_NUMBER='1' AIRFLOW_CTX_DAG_RUN_ID='scheduled__2024-01-04T00:00:00+00:00'
[2024-03-06T10:59:20.356-0300] {python.py:202} INFO - Done. Returned value was: None
[2024-03-06T10:59:20.361-0300] {taskinstance.py:1149} INFO - Marking task as SUCCESS. dag_id=get_stocks_dag, task_id=GOOG, execution_date=20240104T000000, start_date=20240306T135919, end_date=20240306T135920
[2024-03-06T10:59:20.399-0300] {local_task_job_runner.py:234} INFO - Task exited with return code 0
[2024-03-06T10:59:20.410-0300] {taskinstance.py:3309} INFO - 0 downstream tasks scheduled from follow-on schedule check
[2024-03-06T12:04:08.466-0300] {taskinstance.py:1979} INFO - Dependencies all met for dep_context=non-requeueable deps ti=<TaskInstance: get_stocks_dag.GOOG scheduled__2024-01-04T00:00:00+00:00 [queued]>
[2024-03-06T12:04:08.512-0300] {taskinstance.py:1979} INFO - Dependencies all met for dep_context=requeueable deps ti=<TaskInstance: get_stocks_dag.GOOG scheduled__2024-01-04T00:00:00+00:00 [queued]>
[2024-03-06T12:04:08.513-0300] {taskinstance.py:2193} INFO - Starting attempt 1 of 1
[2024-03-06T12:04:08.564-0300] {taskinstance.py:2214} INFO - Executing <Task(_PythonDecoratedOperator): GOOG> on 2024-01-04 00:00:00+00:00
[2024-03-06T12:04:08.582-0300] {standard_task_runner.py:60} INFO - Started process 39022 to run task
[2024-03-06T12:04:08.602-0300] {standard_task_runner.py:87} INFO - Running: ['airflow', 'tasks', 'run', 'get_stocks_dag', 'GOOG', 'scheduled__2024-01-04T00:00:00+00:00', '--job-id', '17', '--raw', '--subdir', 'DAGS_FOLDER/get_stoks.py', '--cfg-path', '/tmp/tmp0rj9_pvb']
[2024-03-06T12:04:08.637-0300] {standard_task_runner.py:88} INFO - Job 17: Subtask GOOG
[2024-03-06T12:04:09.346-0300] {task_command.py:423} INFO - Running <TaskInstance: get_stocks_dag.GOOG scheduled__2024-01-04T00:00:00+00:00 [running]> on host BITL0401.
[2024-03-06T12:04:09.981-0300] {taskinstance.py:2510} INFO - Exporting env vars: AIRFLOW_CTX_DAG_OWNER='airflow' AIRFLOW_CTX_DAG_ID='get_stocks_dag' AIRFLOW_CTX_TASK_ID='GOOG' AIRFLOW_CTX_EXECUTION_DATE='2024-01-04T00:00:00+00:00' AIRFLOW_CTX_TRY_NUMBER='1' AIRFLOW_CTX_DAG_RUN_ID='scheduled__2024-01-04T00:00:00+00:00'
[2024-03-06T12:04:12.207-0300] {python.py:202} INFO - Done. Returned value was: None
[2024-03-06T12:04:13.607-0300] {taskinstance.py:1149} INFO - Marking task as SUCCESS. dag_id=get_stocks_dag, task_id=GOOG, execution_date=20240104T000000, start_date=20240306T150408, end_date=20240306T150413
[2024-03-06T12:04:15.368-0300] {local_task_job_runner.py:234} INFO - Task exited with return code 0
[2024-03-06T12:04:15.450-0300] {taskinstance.py:3309} INFO - 0 downstream tasks scheduled from follow-on schedule check
[2024-03-06T12:15:34.349-0300] {taskinstance.py:1979} INFO - Dependencies all met for dep_context=non-requeueable deps ti=<TaskInstance: get_stocks_dag.GOOG scheduled__2024-01-04T00:00:00+00:00 [queued]>
[2024-03-06T12:15:34.387-0300] {taskinstance.py:1979} INFO - Dependencies all met for dep_context=requeueable deps ti=<TaskInstance: get_stocks_dag.GOOG scheduled__2024-01-04T00:00:00+00:00 [queued]>
[2024-03-06T12:15:34.388-0300] {taskinstance.py:2193} INFO - Starting attempt 1 of 1
[2024-03-06T12:15:34.475-0300] {taskinstance.py:2214} INFO - Executing <Task(_PythonDecoratedOperator): GOOG> on 2024-01-04 00:00:00+00:00
[2024-03-06T12:15:34.498-0300] {standard_task_runner.py:60} INFO - Started process 46501 to run task
[2024-03-06T12:15:34.507-0300] {standard_task_runner.py:87} INFO - Running: ['airflow', 'tasks', 'run', 'get_stocks_dag', 'GOOG', 'scheduled__2024-01-04T00:00:00+00:00', '--job-id', '143', '--raw', '--subdir', 'DAGS_FOLDER/get_stoks.py', '--cfg-path', '/tmp/tmpfzesnxx5']
[2024-03-06T12:15:34.531-0300] {standard_task_runner.py:88} INFO - Job 143: Subtask GOOG
[2024-03-06T12:15:34.748-0300] {task_command.py:423} INFO - Running <TaskInstance: get_stocks_dag.GOOG scheduled__2024-01-04T00:00:00+00:00 [running]> on host BITL0401.
[2024-03-06T12:15:35.070-0300] {taskinstance.py:2510} INFO - Exporting env vars: AIRFLOW_CTX_DAG_OWNER='airflow' AIRFLOW_CTX_DAG_ID='get_stocks_dag' AIRFLOW_CTX_TASK_ID='GOOG' AIRFLOW_CTX_EXECUTION_DATE='2024-01-04T00:00:00+00:00' AIRFLOW_CTX_TRY_NUMBER='1' AIRFLOW_CTX_DAG_RUN_ID='scheduled__2024-01-04T00:00:00+00:00'
[2024-03-06T12:15:37.459-0300] {python.py:202} INFO - Done. Returned value was: None
[2024-03-06T12:15:40.995-0300] {taskinstance.py:1149} INFO - Marking task as SUCCESS. dag_id=get_stocks_dag, task_id=GOOG, execution_date=20240104T000000, start_date=20240306T151534, end_date=20240306T151540
[2024-03-06T12:15:41.201-0300] {local_task_job_runner.py:234} INFO - Task exited with return code 0
[2024-03-06T12:15:41.283-0300] {taskinstance.py:3309} INFO - 0 downstream tasks scheduled from follow-on schedule check
[2024-03-06T12:17:07.921-0300] {taskinstance.py:1979} INFO - Dependencies all met for dep_context=non-requeueable deps ti=<TaskInstance: get_stocks_dag.GOOG scheduled__2024-01-04T00:00:00+00:00 [queued]>
[2024-03-06T12:17:07.936-0300] {taskinstance.py:1979} INFO - Dependencies all met for dep_context=requeueable deps ti=<TaskInstance: get_stocks_dag.GOOG scheduled__2024-01-04T00:00:00+00:00 [queued]>
[2024-03-06T12:17:07.936-0300] {taskinstance.py:2193} INFO - Starting attempt 1 of 1
[2024-03-06T12:17:07.950-0300] {taskinstance.py:2214} INFO - Executing <Task(_PythonDecoratedOperator): GOOG> on 2024-01-04 00:00:00+00:00
[2024-03-06T12:17:07.955-0300] {standard_task_runner.py:60} INFO - Started process 48869 to run task
[2024-03-06T12:17:07.957-0300] {standard_task_runner.py:87} INFO - Running: ['airflow', 'tasks', 'run', 'get_stocks_dag', 'GOOG', 'scheduled__2024-01-04T00:00:00+00:00', '--job-id', '211', '--raw', '--subdir', 'DAGS_FOLDER/get_stoks.py', '--cfg-path', '/tmp/tmpigf6u83n']
[2024-03-06T12:17:07.959-0300] {standard_task_runner.py:88} INFO - Job 211: Subtask GOOG
[2024-03-06T12:17:08.022-0300] {task_command.py:423} INFO - Running <TaskInstance: get_stocks_dag.GOOG scheduled__2024-01-04T00:00:00+00:00 [running]> on host BITL0401.
[2024-03-06T12:17:08.130-0300] {taskinstance.py:2510} INFO - Exporting env vars: AIRFLOW_CTX_DAG_OWNER='airflow' AIRFLOW_CTX_DAG_ID='get_stocks_dag' AIRFLOW_CTX_TASK_ID='GOOG' AIRFLOW_CTX_EXECUTION_DATE='2024-01-04T00:00:00+00:00' AIRFLOW_CTX_TRY_NUMBER='1' AIRFLOW_CTX_DAG_RUN_ID='scheduled__2024-01-04T00:00:00+00:00'
[2024-03-06T12:17:08.650-0300] {python.py:202} INFO - Done. Returned value was: None
[2024-03-06T12:17:08.667-0300] {taskinstance.py:1149} INFO - Marking task as SUCCESS. dag_id=get_stocks_dag, task_id=GOOG, execution_date=20240104T000000, start_date=20240306T151707, end_date=20240306T151708
[2024-03-06T12:17:08.694-0300] {local_task_job_runner.py:234} INFO - Task exited with return code 0
[2024-03-06T12:17:08.719-0300] {taskinstance.py:3309} INFO - 0 downstream tasks scheduled from follow-on schedule check
[2024-03-06T14:38:48.945-0300] {taskinstance.py:1979} INFO - Dependencies all met for dep_context=non-requeueable deps ti=<TaskInstance: get_stocks_dag.GOOG scheduled__2024-01-04T00:00:00+00:00 [queued]>
[2024-03-06T14:38:48.960-0300] {taskinstance.py:1979} INFO - Dependencies all met for dep_context=requeueable deps ti=<TaskInstance: get_stocks_dag.GOOG scheduled__2024-01-04T00:00:00+00:00 [queued]>
[2024-03-06T14:38:48.960-0300] {taskinstance.py:2193} INFO - Starting attempt 1 of 1
[2024-03-06T14:38:48.979-0300] {taskinstance.py:2214} INFO - Executing <Task(_PythonDecoratedOperator): GOOG> on 2024-01-04 00:00:00+00:00
[2024-03-06T14:38:48.984-0300] {standard_task_runner.py:60} INFO - Started process 82888 to run task
[2024-03-06T14:38:48.988-0300] {standard_task_runner.py:87} INFO - Running: ['airflow', 'tasks', 'run', 'get_stocks_dag', 'GOOG', 'scheduled__2024-01-04T00:00:00+00:00', '--job-id', '263', '--raw', '--subdir', 'DAGS_FOLDER/get_stoks.py', '--cfg-path', '/tmp/tmpp9uzr0mc']
[2024-03-06T14:38:48.990-0300] {standard_task_runner.py:88} INFO - Job 263: Subtask GOOG
[2024-03-06T14:38:49.068-0300] {task_command.py:423} INFO - Running <TaskInstance: get_stocks_dag.GOOG scheduled__2024-01-04T00:00:00+00:00 [running]> on host BITL0401.
[2024-03-06T14:38:49.199-0300] {taskinstance.py:2510} INFO - Exporting env vars: AIRFLOW_CTX_DAG_OWNER='airflow' AIRFLOW_CTX_DAG_ID='get_stocks_dag' AIRFLOW_CTX_TASK_ID='GOOG' AIRFLOW_CTX_EXECUTION_DATE='2024-01-04T00:00:00+00:00' AIRFLOW_CTX_TRY_NUMBER='1' AIRFLOW_CTX_DAG_RUN_ID='scheduled__2024-01-04T00:00:00+00:00'
[2024-03-06T14:38:50.115-0300] {python.py:202} INFO - Done. Returned value was: None
[2024-03-06T14:38:50.130-0300] {taskinstance.py:1149} INFO - Marking task as SUCCESS. dag_id=get_stocks_dag, task_id=GOOG, execution_date=20240104T000000, start_date=20240306T173848, end_date=20240306T173850
[2024-03-06T14:38:50.166-0300] {local_task_job_runner.py:234} INFO - Task exited with return code 0
[2024-03-06T14:38:50.190-0300] {taskinstance.py:3309} INFO - 0 downstream tasks scheduled from follow-on schedule check
