[2024-03-06T15:00:41.550-0300] {taskinstance.py:1979} INFO - Dependencies all met for dep_context=non-requeueable deps ti=<TaskInstance: get_crypto_dag.DOGE scheduled__2024-01-02T00:00:00+00:00 [queued]>
[2024-03-06T15:00:41.563-0300] {taskinstance.py:1979} INFO - Dependencies all met for dep_context=requeueable deps ti=<TaskInstance: get_crypto_dag.DOGE scheduled__2024-01-02T00:00:00+00:00 [queued]>
[2024-03-06T15:00:41.563-0300] {taskinstance.py:2193} INFO - Starting attempt 1 of 1
[2024-03-06T15:00:41.579-0300] {taskinstance.py:2214} INFO - Executing <Task(_PythonDecoratedOperator): DOGE> on 2024-01-02 00:00:00+00:00
[2024-03-06T15:00:41.583-0300] {standard_task_runner.py:60} INFO - Started process 91229 to run task
[2024-03-06T15:00:41.585-0300] {standard_task_runner.py:87} INFO - Running: ['airflow', 'tasks', 'run', 'get_crypto_dag', 'DOGE', 'scheduled__2024-01-02T00:00:00+00:00', '--job-id', '323', '--raw', '--subdir', 'DAGS_FOLDER/get_crypto.py', '--cfg-path', '/tmp/tmpayt1vxp6']
[2024-03-06T15:00:41.587-0300] {standard_task_runner.py:88} INFO - Job 323: Subtask DOGE
[2024-03-06T15:00:41.653-0300] {task_command.py:423} INFO - Running <TaskInstance: get_crypto_dag.DOGE scheduled__2024-01-02T00:00:00+00:00 [running]> on host BITL0401.
[2024-03-06T15:00:41.757-0300] {taskinstance.py:2510} INFO - Exporting env vars: AIRFLOW_CTX_DAG_OWNER='airflow' AIRFLOW_CTX_DAG_ID='get_crypto_dag' AIRFLOW_CTX_TASK_ID='DOGE' AIRFLOW_CTX_EXECUTION_DATE='2024-01-02T00:00:00+00:00' AIRFLOW_CTX_TRY_NUMBER='1' AIRFLOW_CTX_DAG_RUN_ID='scheduled__2024-01-02T00:00:00+00:00'
[2024-03-06T15:00:45.806-0300] {history.py:90} ERROR - DOGE: No timezone found, symbol may be delisted
[2024-03-06T15:00:55.820-0300] {python.py:202} INFO - Done. Returned value was: None
[2024-03-06T15:00:55.836-0300] {taskinstance.py:1149} INFO - Marking task as SUCCESS. dag_id=get_crypto_dag, task_id=DOGE, execution_date=20240102T000000, start_date=20240306T180041, end_date=20240306T180055
[2024-03-06T15:00:55.902-0300] {local_task_job_runner.py:234} INFO - Task exited with return code 0
[2024-03-06T15:00:55.923-0300] {taskinstance.py:3309} INFO - 0 downstream tasks scheduled from follow-on schedule check
[2024-03-06T15:48:42.712-0300] {taskinstance.py:1979} INFO - Dependencies all met for dep_context=non-requeueable deps ti=<TaskInstance: get_crypto_dag.DOGE scheduled__2024-01-02T00:00:00+00:00 [queued]>
[2024-03-06T15:48:42.731-0300] {taskinstance.py:1979} INFO - Dependencies all met for dep_context=requeueable deps ti=<TaskInstance: get_crypto_dag.DOGE scheduled__2024-01-02T00:00:00+00:00 [queued]>
[2024-03-06T15:48:42.732-0300] {taskinstance.py:2193} INFO - Starting attempt 1 of 1
[2024-03-06T15:48:42.747-0300] {taskinstance.py:2214} INFO - Executing <Task(_PythonDecoratedOperator): DOGE> on 2024-01-02 00:00:00+00:00
[2024-03-06T15:48:42.754-0300] {standard_task_runner.py:60} INFO - Started process 104547 to run task
[2024-03-06T15:48:42.756-0300] {standard_task_runner.py:87} INFO - Running: ['airflow', 'tasks', 'run', 'get_crypto_dag', 'DOGE', 'scheduled__2024-01-02T00:00:00+00:00', '--job-id', '363', '--raw', '--subdir', 'DAGS_FOLDER/get_crypto.py', '--cfg-path', '/tmp/tmp9uey4epf']
[2024-03-06T15:48:42.757-0300] {standard_task_runner.py:88} INFO - Job 363: Subtask DOGE
[2024-03-06T15:48:42.824-0300] {task_command.py:423} INFO - Running <TaskInstance: get_crypto_dag.DOGE scheduled__2024-01-02T00:00:00+00:00 [running]> on host BITL0401.
[2024-03-06T15:48:42.932-0300] {taskinstance.py:2510} INFO - Exporting env vars: AIRFLOW_CTX_DAG_OWNER='airflow' AIRFLOW_CTX_DAG_ID='get_crypto_dag' AIRFLOW_CTX_TASK_ID='DOGE' AIRFLOW_CTX_EXECUTION_DATE='2024-01-02T00:00:00+00:00' AIRFLOW_CTX_TRY_NUMBER='1' AIRFLOW_CTX_DAG_RUN_ID='scheduled__2024-01-02T00:00:00+00:00'
[2024-03-06T15:48:51.609-0300] {history.py:90} ERROR - DOGE: No timezone found, symbol may be delisted
[2024-03-06T15:49:01.622-0300] {python.py:202} INFO - Done. Returned value was: None
[2024-03-06T15:49:01.638-0300] {taskinstance.py:1149} INFO - Marking task as SUCCESS. dag_id=get_crypto_dag, task_id=DOGE, execution_date=20240102T000000, start_date=20240306T184842, end_date=20240306T184901
[2024-03-06T15:49:01.669-0300] {local_task_job_runner.py:234} INFO - Task exited with return code 0
[2024-03-06T15:49:01.691-0300] {taskinstance.py:3309} INFO - 0 downstream tasks scheduled from follow-on schedule check
