[2024-03-06T11:05:09.621-0300] {taskinstance.py:1979} INFO - Dependencies all met for dep_context=non-requeueable deps ti=<TaskInstance: get_stocks_dag.TSLA scheduled__2024-02-14T00:00:00+00:00 [queued]>
[2024-03-06T11:05:09.626-0300] {taskinstance.py:1979} INFO - Dependencies all met for dep_context=requeueable deps ti=<TaskInstance: get_stocks_dag.TSLA scheduled__2024-02-14T00:00:00+00:00 [queued]>
[2024-03-06T11:05:09.627-0300] {taskinstance.py:2193} INFO - Starting attempt 1 of 1
[2024-03-06T11:05:09.643-0300] {taskinstance.py:2214} INFO - Executing <Task(_PythonDecoratedOperator): TSLA> on 2024-02-14 00:00:00+00:00
[2024-03-06T11:05:09.647-0300] {standard_task_runner.py:60} INFO - Started process 21839 to run task
[2024-03-06T11:05:09.650-0300] {standard_task_runner.py:87} INFO - Running: ['airflow', 'tasks', 'run', 'get_stocks_dag', 'TSLA', 'scheduled__2024-02-14T00:00:00+00:00', '--job-id', '136', '--raw', '--subdir', 'DAGS_FOLDER/get_stoks.py', '--cfg-path', '/tmp/tmpygspdv57']
[2024-03-06T11:05:09.651-0300] {standard_task_runner.py:88} INFO - Job 136: Subtask TSLA
[2024-03-06T11:05:09.693-0300] {task_command.py:423} INFO - Running <TaskInstance: get_stocks_dag.TSLA scheduled__2024-02-14T00:00:00+00:00 [running]> on host BITL0401.
[2024-03-06T11:05:09.767-0300] {taskinstance.py:2510} INFO - Exporting env vars: AIRFLOW_CTX_DAG_OWNER='airflow' AIRFLOW_CTX_DAG_ID='get_stocks_dag' AIRFLOW_CTX_TASK_ID='TSLA' AIRFLOW_CTX_EXECUTION_DATE='2024-02-14T00:00:00+00:00' AIRFLOW_CTX_TRY_NUMBER='1' AIRFLOW_CTX_DAG_RUN_ID='scheduled__2024-02-14T00:00:00+00:00'
[2024-03-06T11:05:10.224-0300] {python.py:202} INFO - Done. Returned value was: None
[2024-03-06T11:05:10.227-0300] {taskinstance.py:1149} INFO - Marking task as SUCCESS. dag_id=get_stocks_dag, task_id=TSLA, execution_date=20240214T000000, start_date=20240306T140509, end_date=20240306T140510
[2024-03-06T11:05:10.266-0300] {local_task_job_runner.py:234} INFO - Task exited with return code 0
[2024-03-06T11:05:10.280-0300] {taskinstance.py:3309} INFO - 0 downstream tasks scheduled from follow-on schedule check
[2024-03-06T12:05:03.696-0300] {taskinstance.py:1979} INFO - Dependencies all met for dep_context=non-requeueable deps ti=<TaskInstance: get_stocks_dag.TSLA scheduled__2024-02-14T00:00:00+00:00 [queued]>
[2024-03-06T12:05:03.726-0300] {taskinstance.py:1979} INFO - Dependencies all met for dep_context=requeueable deps ti=<TaskInstance: get_stocks_dag.TSLA scheduled__2024-02-14T00:00:00+00:00 [queued]>
[2024-03-06T12:05:03.728-0300] {taskinstance.py:2193} INFO - Starting attempt 1 of 1
[2024-03-06T12:05:03.802-0300] {taskinstance.py:2214} INFO - Executing <Task(_PythonDecoratedOperator): TSLA> on 2024-02-14 00:00:00+00:00
[2024-03-06T12:05:03.819-0300] {standard_task_runner.py:60} INFO - Started process 42872 to run task
[2024-03-06T12:05:03.832-0300] {standard_task_runner.py:87} INFO - Running: ['airflow', 'tasks', 'run', 'get_stocks_dag', 'TSLA', 'scheduled__2024-02-14T00:00:00+00:00', '--job-id', '127', '--raw', '--subdir', 'DAGS_FOLDER/get_stoks.py', '--cfg-path', '/tmp/tmpeacih52c']
[2024-03-06T12:05:03.866-0300] {standard_task_runner.py:88} INFO - Job 127: Subtask TSLA
[2024-03-06T12:05:04.032-0300] {task_command.py:423} INFO - Running <TaskInstance: get_stocks_dag.TSLA scheduled__2024-02-14T00:00:00+00:00 [running]> on host BITL0401.
[2024-03-06T12:05:04.386-0300] {taskinstance.py:2510} INFO - Exporting env vars: AIRFLOW_CTX_DAG_OWNER='airflow' AIRFLOW_CTX_DAG_ID='get_stocks_dag' AIRFLOW_CTX_TASK_ID='TSLA' AIRFLOW_CTX_EXECUTION_DATE='2024-02-14T00:00:00+00:00' AIRFLOW_CTX_TRY_NUMBER='1' AIRFLOW_CTX_DAG_RUN_ID='scheduled__2024-02-14T00:00:00+00:00'
[2024-03-06T12:05:05.252-0300] {python.py:202} INFO - Done. Returned value was: None
[2024-03-06T12:05:05.289-0300] {taskinstance.py:1149} INFO - Marking task as SUCCESS. dag_id=get_stocks_dag, task_id=TSLA, execution_date=20240214T000000, start_date=20240306T150503, end_date=20240306T150505
[2024-03-06T12:05:05.351-0300] {local_task_job_runner.py:234} INFO - Task exited with return code 0
[2024-03-06T12:05:05.391-0300] {taskinstance.py:3309} INFO - 0 downstream tasks scheduled from follow-on schedule check
