[2024-03-06T15:10:15.068-0300] {taskinstance.py:1979} INFO - Dependencies all met for dep_context=non-requeueable deps ti=<TaskInstance: get_crypto_dag.DOGE scheduled__2024-01-04T00:00:00+00:00 [queued]>
[2024-03-06T15:10:15.087-0300] {taskinstance.py:1979} INFO - Dependencies all met for dep_context=requeueable deps ti=<TaskInstance: get_crypto_dag.DOGE scheduled__2024-01-04T00:00:00+00:00 [queued]>
[2024-03-06T15:10:15.088-0300] {taskinstance.py:2193} INFO - Starting attempt 1 of 1
[2024-03-06T15:10:15.114-0300] {taskinstance.py:2214} INFO - Executing <Task(_PythonDecoratedOperator): DOGE> on 2024-01-04 00:00:00+00:00
[2024-03-06T15:10:15.119-0300] {standard_task_runner.py:60} INFO - Started process 94284 to run task
[2024-03-06T15:10:15.123-0300] {standard_task_runner.py:87} INFO - Running: ['airflow', 'tasks', 'run', 'get_crypto_dag', 'DOGE', 'scheduled__2024-01-04T00:00:00+00:00', '--job-id', '342', '--raw', '--subdir', 'DAGS_FOLDER/get_crypto.py', '--cfg-path', '/tmp/tmpino81lmc']
[2024-03-06T15:10:15.125-0300] {standard_task_runner.py:88} INFO - Job 342: Subtask DOGE
[2024-03-06T15:10:15.195-0300] {task_command.py:423} INFO - Running <TaskInstance: get_crypto_dag.DOGE scheduled__2024-01-04T00:00:00+00:00 [running]> on host BITL0401.
[2024-03-06T15:10:15.309-0300] {taskinstance.py:2510} INFO - Exporting env vars: AIRFLOW_CTX_DAG_OWNER='airflow' AIRFLOW_CTX_DAG_ID='get_crypto_dag' AIRFLOW_CTX_TASK_ID='DOGE' AIRFLOW_CTX_EXECUTION_DATE='2024-01-04T00:00:00+00:00' AIRFLOW_CTX_TRY_NUMBER='1' AIRFLOW_CTX_DAG_RUN_ID='scheduled__2024-01-04T00:00:00+00:00'
[2024-03-06T15:10:21.794-0300] {history.py:90} ERROR - DOGE: No timezone found, symbol may be delisted
[2024-03-06T15:10:31.807-0300] {python.py:202} INFO - Done. Returned value was: None
[2024-03-06T15:10:31.823-0300] {taskinstance.py:1149} INFO - Marking task as SUCCESS. dag_id=get_crypto_dag, task_id=DOGE, execution_date=20240104T000000, start_date=20240306T181015, end_date=20240306T181031
[2024-03-06T15:10:31.878-0300] {local_task_job_runner.py:234} INFO - Task exited with return code 0
[2024-03-06T15:10:31.898-0300] {taskinstance.py:3309} INFO - 0 downstream tasks scheduled from follow-on schedule check
[2024-03-06T15:50:19.275-0300] {taskinstance.py:1979} INFO - Dependencies all met for dep_context=non-requeueable deps ti=<TaskInstance: get_crypto_dag.DOGE scheduled__2024-01-04T00:00:00+00:00 [queued]>
[2024-03-06T15:50:19.286-0300] {taskinstance.py:1979} INFO - Dependencies all met for dep_context=requeueable deps ti=<TaskInstance: get_crypto_dag.DOGE scheduled__2024-01-04T00:00:00+00:00 [queued]>
[2024-03-06T15:50:19.287-0300] {taskinstance.py:2193} INFO - Starting attempt 1 of 1
[2024-03-06T15:50:19.301-0300] {taskinstance.py:2214} INFO - Executing <Task(_PythonDecoratedOperator): DOGE> on 2024-01-04 00:00:00+00:00
[2024-03-06T15:50:19.307-0300] {standard_task_runner.py:60} INFO - Started process 105465 to run task
[2024-03-06T15:50:19.310-0300] {standard_task_runner.py:87} INFO - Running: ['airflow', 'tasks', 'run', 'get_crypto_dag', 'DOGE', 'scheduled__2024-01-04T00:00:00+00:00', '--job-id', '376', '--raw', '--subdir', 'DAGS_FOLDER/get_crypto.py', '--cfg-path', '/tmp/tmpshpd824j']
[2024-03-06T15:50:19.311-0300] {standard_task_runner.py:88} INFO - Job 376: Subtask DOGE
[2024-03-06T15:50:19.378-0300] {task_command.py:423} INFO - Running <TaskInstance: get_crypto_dag.DOGE scheduled__2024-01-04T00:00:00+00:00 [running]> on host BITL0401.
[2024-03-06T15:50:19.487-0300] {taskinstance.py:2510} INFO - Exporting env vars: AIRFLOW_CTX_DAG_OWNER='airflow' AIRFLOW_CTX_DAG_ID='get_crypto_dag' AIRFLOW_CTX_TASK_ID='DOGE' AIRFLOW_CTX_EXECUTION_DATE='2024-01-04T00:00:00+00:00' AIRFLOW_CTX_TRY_NUMBER='1' AIRFLOW_CTX_DAG_RUN_ID='scheduled__2024-01-04T00:00:00+00:00'
[2024-03-06T15:50:27.392-0300] {history.py:90} ERROR - DOGE: No timezone found, symbol may be delisted
[2024-03-06T15:50:37.403-0300] {python.py:202} INFO - Done. Returned value was: None
[2024-03-06T15:50:37.420-0300] {taskinstance.py:1149} INFO - Marking task as SUCCESS. dag_id=get_crypto_dag, task_id=DOGE, execution_date=20240104T000000, start_date=20240306T185019, end_date=20240306T185037
[2024-03-06T15:50:37.450-0300] {local_task_job_runner.py:234} INFO - Task exited with return code 0
[2024-03-06T15:50:37.474-0300] {taskinstance.py:3309} INFO - 0 downstream tasks scheduled from follow-on schedule check
