[2024-03-06T14:59:40.000-0300] {taskinstance.py:1979} INFO - Dependencies all met for dep_context=non-requeueable deps ti=<TaskInstance: get_crypto_dag.BTC scheduled__2024-01-01T00:00:00+00:00 [queued]>
[2024-03-06T14:59:40.010-0300] {taskinstance.py:1979} INFO - Dependencies all met for dep_context=requeueable deps ti=<TaskInstance: get_crypto_dag.BTC scheduled__2024-01-01T00:00:00+00:00 [queued]>
[2024-03-06T14:59:40.011-0300] {taskinstance.py:2193} INFO - Starting attempt 1 of 1
[2024-03-06T14:59:40.028-0300] {taskinstance.py:2214} INFO - Executing <Task(_PythonDecoratedOperator): BTC> on 2024-01-01 00:00:00+00:00
[2024-03-06T14:59:40.031-0300] {standard_task_runner.py:60} INFO - Started process 90556 to run task
[2024-03-06T14:59:40.034-0300] {standard_task_runner.py:87} INFO - Running: ['airflow', 'tasks', 'run', 'get_crypto_dag', 'BTC', 'scheduled__2024-01-01T00:00:00+00:00', '--job-id', '310', '--raw', '--subdir', 'DAGS_FOLDER/get_crypto.py', '--cfg-path', '/tmp/tmposzrqysa']
[2024-03-06T14:59:40.036-0300] {standard_task_runner.py:88} INFO - Job 310: Subtask BTC
[2024-03-06T14:59:40.108-0300] {task_command.py:423} INFO - Running <TaskInstance: get_crypto_dag.BTC scheduled__2024-01-01T00:00:00+00:00 [running]> on host BITL0401.
[2024-03-06T14:59:40.213-0300] {taskinstance.py:2510} INFO - Exporting env vars: AIRFLOW_CTX_DAG_OWNER='airflow' AIRFLOW_CTX_DAG_ID='get_crypto_dag' AIRFLOW_CTX_TASK_ID='BTC' AIRFLOW_CTX_EXECUTION_DATE='2024-01-01T00:00:00+00:00' AIRFLOW_CTX_TRY_NUMBER='1' AIRFLOW_CTX_DAG_RUN_ID='scheduled__2024-01-01T00:00:00+00:00'
[2024-03-06T14:59:40.912-0300] {history.py:222} ERROR - BTC: No price data found, symbol may be delisted (1h 2023-12-31 -> 2024-01-01)
[2024-03-06T14:59:50.925-0300] {python.py:202} INFO - Done. Returned value was: None
[2024-03-06T14:59:50.945-0300] {taskinstance.py:1149} INFO - Marking task as SUCCESS. dag_id=get_crypto_dag, task_id=BTC, execution_date=20240101T000000, start_date=20240306T175940, end_date=20240306T175950
[2024-03-06T14:59:51.008-0300] {local_task_job_runner.py:234} INFO - Task exited with return code 0
[2024-03-06T14:59:51.031-0300] {taskinstance.py:3309} INFO - 0 downstream tasks scheduled from follow-on schedule check
[2024-03-06T15:47:33.142-0300] {taskinstance.py:1979} INFO - Dependencies all met for dep_context=non-requeueable deps ti=<TaskInstance: get_crypto_dag.BTC scheduled__2024-01-01T00:00:00+00:00 [queued]>
[2024-03-06T15:47:33.153-0300] {taskinstance.py:1979} INFO - Dependencies all met for dep_context=requeueable deps ti=<TaskInstance: get_crypto_dag.BTC scheduled__2024-01-01T00:00:00+00:00 [queued]>
[2024-03-06T15:47:33.154-0300] {taskinstance.py:2193} INFO - Starting attempt 1 of 1
[2024-03-06T15:47:33.171-0300] {taskinstance.py:2214} INFO - Executing <Task(_PythonDecoratedOperator): BTC> on 2024-01-01 00:00:00+00:00
[2024-03-06T15:47:33.176-0300] {standard_task_runner.py:60} INFO - Started process 103860 to run task
[2024-03-06T15:47:33.179-0300] {standard_task_runner.py:87} INFO - Running: ['airflow', 'tasks', 'run', 'get_crypto_dag', 'BTC', 'scheduled__2024-01-01T00:00:00+00:00', '--job-id', '354', '--raw', '--subdir', 'DAGS_FOLDER/get_crypto.py', '--cfg-path', '/tmp/tmppw35zu85']
[2024-03-06T15:47:33.182-0300] {standard_task_runner.py:88} INFO - Job 354: Subtask BTC
[2024-03-06T15:47:33.253-0300] {task_command.py:423} INFO - Running <TaskInstance: get_crypto_dag.BTC scheduled__2024-01-01T00:00:00+00:00 [running]> on host BITL0401.
[2024-03-06T15:47:33.366-0300] {taskinstance.py:2510} INFO - Exporting env vars: AIRFLOW_CTX_DAG_OWNER='airflow' AIRFLOW_CTX_DAG_ID='get_crypto_dag' AIRFLOW_CTX_TASK_ID='BTC' AIRFLOW_CTX_EXECUTION_DATE='2024-01-01T00:00:00+00:00' AIRFLOW_CTX_TRY_NUMBER='1' AIRFLOW_CTX_DAG_RUN_ID='scheduled__2024-01-01T00:00:00+00:00'
[2024-03-06T15:47:35.059-0300] {history.py:222} ERROR - BTC: No price data found, symbol may be delisted (1h 2023-12-31 -> 2024-01-01)
[2024-03-06T15:47:45.063-0300] {python.py:202} INFO - Done. Returned value was: None
[2024-03-06T15:47:45.077-0300] {taskinstance.py:1149} INFO - Marking task as SUCCESS. dag_id=get_crypto_dag, task_id=BTC, execution_date=20240101T000000, start_date=20240306T184733, end_date=20240306T184745
[2024-03-06T15:47:45.127-0300] {local_task_job_runner.py:234} INFO - Task exited with return code 0
[2024-03-06T15:47:45.146-0300] {taskinstance.py:3309} INFO - 0 downstream tasks scheduled from follow-on schedule check
