[2024-03-06T11:03:37.178-0300] {taskinstance.py:1979} INFO - Dependencies all met for dep_context=non-requeueable deps ti=<TaskInstance: get_stocks_dag.MSFT scheduled__2024-02-03T00:00:00+00:00 [queued]>
[2024-03-06T11:03:37.184-0300] {taskinstance.py:1979} INFO - Dependencies all met for dep_context=requeueable deps ti=<TaskInstance: get_stocks_dag.MSFT scheduled__2024-02-03T00:00:00+00:00 [queued]>
[2024-03-06T11:03:37.184-0300] {taskinstance.py:2193} INFO - Starting attempt 1 of 1
[2024-03-06T11:03:37.199-0300] {taskinstance.py:2214} INFO - Executing <Task(_PythonDecoratedOperator): MSFT> on 2024-02-03 00:00:00+00:00
[2024-03-06T11:03:37.203-0300] {standard_task_runner.py:60} INFO - Started process 21143 to run task
[2024-03-06T11:03:37.205-0300] {standard_task_runner.py:87} INFO - Running: ['airflow', 'tasks', 'run', 'get_stocks_dag', 'MSFT', 'scheduled__2024-02-03T00:00:00+00:00', '--job-id', '106', '--raw', '--subdir', 'DAGS_FOLDER/get_stoks.py', '--cfg-path', '/tmp/tmpivwxr_74']
[2024-03-06T11:03:37.206-0300] {standard_task_runner.py:88} INFO - Job 106: Subtask MSFT
[2024-03-06T11:03:37.242-0300] {task_command.py:423} INFO - Running <TaskInstance: get_stocks_dag.MSFT scheduled__2024-02-03T00:00:00+00:00 [running]> on host BITL0401.
[2024-03-06T11:03:37.309-0300] {taskinstance.py:2510} INFO - Exporting env vars: AIRFLOW_CTX_DAG_OWNER='airflow' AIRFLOW_CTX_DAG_ID='get_stocks_dag' AIRFLOW_CTX_TASK_ID='MSFT' AIRFLOW_CTX_EXECUTION_DATE='2024-02-03T00:00:00+00:00' AIRFLOW_CTX_TRY_NUMBER='1' AIRFLOW_CTX_DAG_RUN_ID='scheduled__2024-02-03T00:00:00+00:00'
[2024-03-06T11:03:37.881-0300] {python.py:202} INFO - Done. Returned value was: None
[2024-03-06T11:03:37.886-0300] {taskinstance.py:1149} INFO - Marking task as SUCCESS. dag_id=get_stocks_dag, task_id=MSFT, execution_date=20240203T000000, start_date=20240306T140337, end_date=20240306T140337
[2024-03-06T11:03:37.903-0300] {local_task_job_runner.py:234} INFO - Task exited with return code 0
[2024-03-06T11:03:37.913-0300] {taskinstance.py:3309} INFO - 0 downstream tasks scheduled from follow-on schedule check
[2024-03-06T12:04:52.770-0300] {taskinstance.py:1979} INFO - Dependencies all met for dep_context=non-requeueable deps ti=<TaskInstance: get_stocks_dag.MSFT scheduled__2024-02-03T00:00:00+00:00 [queued]>
[2024-03-06T12:04:52.847-0300] {taskinstance.py:1979} INFO - Dependencies all met for dep_context=requeueable deps ti=<TaskInstance: get_stocks_dag.MSFT scheduled__2024-02-03T00:00:00+00:00 [queued]>
[2024-03-06T12:04:52.849-0300] {taskinstance.py:2193} INFO - Starting attempt 1 of 1
[2024-03-06T12:04:52.945-0300] {taskinstance.py:2214} INFO - Executing <Task(_PythonDecoratedOperator): MSFT> on 2024-02-03 00:00:00+00:00
[2024-03-06T12:04:52.955-0300] {standard_task_runner.py:60} INFO - Started process 41952 to run task
[2024-03-06T12:04:52.971-0300] {standard_task_runner.py:87} INFO - Running: ['airflow', 'tasks', 'run', 'get_stocks_dag', 'MSFT', 'scheduled__2024-02-03T00:00:00+00:00', '--job-id', '99', '--raw', '--subdir', 'DAGS_FOLDER/get_stoks.py', '--cfg-path', '/tmp/tmpcg3659di']
[2024-03-06T12:04:52.991-0300] {standard_task_runner.py:88} INFO - Job 99: Subtask MSFT
[2024-03-06T12:04:53.286-0300] {task_command.py:423} INFO - Running <TaskInstance: get_stocks_dag.MSFT scheduled__2024-02-03T00:00:00+00:00 [running]> on host BITL0401.
[2024-03-06T12:04:53.673-0300] {taskinstance.py:2510} INFO - Exporting env vars: AIRFLOW_CTX_DAG_OWNER='airflow' AIRFLOW_CTX_DAG_ID='get_stocks_dag' AIRFLOW_CTX_TASK_ID='MSFT' AIRFLOW_CTX_EXECUTION_DATE='2024-02-03T00:00:00+00:00' AIRFLOW_CTX_TRY_NUMBER='1' AIRFLOW_CTX_DAG_RUN_ID='scheduled__2024-02-03T00:00:00+00:00'
[2024-03-06T12:04:54.561-0300] {python.py:202} INFO - Done. Returned value was: None
[2024-03-06T12:04:54.607-0300] {taskinstance.py:1149} INFO - Marking task as SUCCESS. dag_id=get_stocks_dag, task_id=MSFT, execution_date=20240203T000000, start_date=20240306T150452, end_date=20240306T150454
[2024-03-06T12:04:54.682-0300] {local_task_job_runner.py:234} INFO - Task exited with return code 0
[2024-03-06T12:04:54.745-0300] {taskinstance.py:3309} INFO - 0 downstream tasks scheduled from follow-on schedule check
