[2024-03-06T10:59:10.154-0300] {taskinstance.py:1979} INFO - Dependencies all met for dep_context=non-requeueable deps ti=<TaskInstance: get_stocks_dag.TSLA scheduled__2024-01-03T00:00:00+00:00 [queued]>
[2024-03-06T10:59:10.161-0300] {taskinstance.py:1979} INFO - Dependencies all met for dep_context=requeueable deps ti=<TaskInstance: get_stocks_dag.TSLA scheduled__2024-01-03T00:00:00+00:00 [queued]>
[2024-03-06T10:59:10.162-0300] {taskinstance.py:2193} INFO - Starting attempt 1 of 1
[2024-03-06T10:59:10.179-0300] {taskinstance.py:2214} INFO - Executing <Task(_PythonDecoratedOperator): TSLA> on 2024-01-03 00:00:00+00:00
[2024-03-06T10:59:10.183-0300] {standard_task_runner.py:60} INFO - Started process 18978 to run task
[2024-03-06T10:59:10.185-0300] {standard_task_runner.py:87} INFO - Running: ['airflow', 'tasks', 'run', 'get_stocks_dag', 'TSLA', 'scheduled__2024-01-03T00:00:00+00:00', '--job-id', '16', '--raw', '--subdir', 'DAGS_FOLDER/get_stoks.py', '--cfg-path', '/tmp/tmpphc4_52i']
[2024-03-06T10:59:10.187-0300] {standard_task_runner.py:88} INFO - Job 16: Subtask TSLA
[2024-03-06T10:59:10.219-0300] {task_command.py:423} INFO - Running <TaskInstance: get_stocks_dag.TSLA scheduled__2024-01-03T00:00:00+00:00 [running]> on host BITL0401.
[2024-03-06T10:59:10.271-0300] {taskinstance.py:2510} INFO - Exporting env vars: AIRFLOW_CTX_DAG_OWNER='airflow' AIRFLOW_CTX_DAG_ID='get_stocks_dag' AIRFLOW_CTX_TASK_ID='TSLA' AIRFLOW_CTX_EXECUTION_DATE='2024-01-03T00:00:00+00:00' AIRFLOW_CTX_TRY_NUMBER='1' AIRFLOW_CTX_DAG_RUN_ID='scheduled__2024-01-03T00:00:00+00:00'
[2024-03-06T10:59:10.718-0300] {python.py:202} INFO - Done. Returned value was: None
[2024-03-06T10:59:10.721-0300] {taskinstance.py:1149} INFO - Marking task as SUCCESS. dag_id=get_stocks_dag, task_id=TSLA, execution_date=20240103T000000, start_date=20240306T135910, end_date=20240306T135910
[2024-03-06T10:59:10.761-0300] {local_task_job_runner.py:234} INFO - Task exited with return code 0
[2024-03-06T10:59:10.771-0300] {taskinstance.py:3309} INFO - 0 downstream tasks scheduled from follow-on schedule check
[2024-03-06T12:04:08.318-0300] {taskinstance.py:1979} INFO - Dependencies all met for dep_context=non-requeueable deps ti=<TaskInstance: get_stocks_dag.TSLA scheduled__2024-01-03T00:00:00+00:00 [queued]>
[2024-03-06T12:04:08.360-0300] {taskinstance.py:1979} INFO - Dependencies all met for dep_context=requeueable deps ti=<TaskInstance: get_stocks_dag.TSLA scheduled__2024-01-03T00:00:00+00:00 [queued]>
[2024-03-06T12:04:08.361-0300] {taskinstance.py:2193} INFO - Starting attempt 1 of 1
[2024-03-06T12:04:08.455-0300] {taskinstance.py:2214} INFO - Executing <Task(_PythonDecoratedOperator): TSLA> on 2024-01-03 00:00:00+00:00
[2024-03-06T12:04:08.477-0300] {standard_task_runner.py:60} INFO - Started process 39010 to run task
[2024-03-06T12:04:08.516-0300] {standard_task_runner.py:87} INFO - Running: ['airflow', 'tasks', 'run', 'get_stocks_dag', 'TSLA', 'scheduled__2024-01-03T00:00:00+00:00', '--job-id', '12', '--raw', '--subdir', 'DAGS_FOLDER/get_stoks.py', '--cfg-path', '/tmp/tmp98voywbp']
[2024-03-06T12:04:08.528-0300] {standard_task_runner.py:88} INFO - Job 12: Subtask TSLA
[2024-03-06T12:04:09.113-0300] {task_command.py:423} INFO - Running <TaskInstance: get_stocks_dag.TSLA scheduled__2024-01-03T00:00:00+00:00 [running]> on host BITL0401.
[2024-03-06T12:04:09.901-0300] {taskinstance.py:2510} INFO - Exporting env vars: AIRFLOW_CTX_DAG_OWNER='airflow' AIRFLOW_CTX_DAG_ID='get_stocks_dag' AIRFLOW_CTX_TASK_ID='TSLA' AIRFLOW_CTX_EXECUTION_DATE='2024-01-03T00:00:00+00:00' AIRFLOW_CTX_TRY_NUMBER='1' AIRFLOW_CTX_DAG_RUN_ID='scheduled__2024-01-03T00:00:00+00:00'
[2024-03-06T12:04:11.867-0300] {python.py:202} INFO - Done. Returned value was: None
[2024-03-06T12:04:13.940-0300] {taskinstance.py:1149} INFO - Marking task as SUCCESS. dag_id=get_stocks_dag, task_id=TSLA, execution_date=20240103T000000, start_date=20240306T150408, end_date=20240306T150413
[2024-03-06T12:04:15.369-0300] {local_task_job_runner.py:234} INFO - Task exited with return code 0
[2024-03-06T12:04:15.442-0300] {taskinstance.py:3309} INFO - 0 downstream tasks scheduled from follow-on schedule check
